<RBTestCollection platform="Linux" compiler="GCC 11.4.0" timeUnit="ns">
	<RBTest implementation="LLRB" nodeSize="32">
		<SmallSetRandomOps>
			<Sample nodeCount="1" insertCount="62" extractCount="61" duration="4000"/>
			<Sample nodeCount="2" insertCount="123" extractCount="123" duration="9000"/>
			<Sample nodeCount="3" insertCount="185" extractCount="184" duration="15000"/>
			<Sample nodeCount="4" insertCount="247" extractCount="245" duration="24000"/>
			<Sample nodeCount="5" insertCount="308" extractCount="307" duration="31000"/>
			<Sample nodeCount="6" insertCount="371" extractCount="367" duration="39000"/>
			<Sample nodeCount="7" insertCount="433" extractCount="428" duration="53000"/>
			<Sample nodeCount="8" insertCount="493" extractCount="491" duration="60000"/>
			<Sample nodeCount="9" insertCount="557" extractCount="550" duration="73000"/>
			<Sample nodeCount="10" insertCount="617" extractCount="613" duration="83000"/>
			<Sample nodeCount="11" insertCount="680" extractCount="673" duration="96000"/>
			<Sample nodeCount="12" insertCount="741" extractCount="735" duration="112000"/>
			<Sample nodeCount="13" insertCount="802" extractCount="797" duration="123000"/>
			<Sample nodeCount="14" insertCount="866" extractCount="856" duration="137000"/>
			<Sample nodeCount="15" insertCount="926" extractCount="919" duration="148000"/>
			<Sample nodeCount="16" insertCount="989" extractCount="979" duration="164000"/>
			<Sample nodeCount="17" insertCount="1049" extractCount="1042" duration="184000"/>
			<Sample nodeCount="18" insertCount="1112" extractCount="1102" duration="211000"/>
			<Sample nodeCount="19" insertCount="1171" extractCount="1166" duration="209000"/>
			<Sample nodeCount="20" insertCount="1235" extractCount="1225" duration="234000"/>
			<Sample nodeCount="21" insertCount="1296" extractCount="1287" duration="243000"/>
			<Sample nodeCount="22" insertCount="1359" extractCount="1347" duration="255000"/>
			<Sample nodeCount="23" insertCount="1420" extractCount="1409" duration="277000"/>
			<Sample nodeCount="24" insertCount="1482" extractCount="1470" duration="288000"/>
			<Sample nodeCount="25" insertCount="1546" extractCount="1529" duration="305000"/>
			<Sample nodeCount="26" insertCount="1604" extractCount="1594" duration="315000"/>
			<Sample nodeCount="27" insertCount="1666" extractCount="1655" duration="340000"/>
			<Sample nodeCount="28" insertCount="1728" extractCount="1716" duration="355000"/>
			<Sample nodeCount="29" insertCount="1791" extractCount="1776" duration="371000"/>
			<Sample nodeCount="30" insertCount="1852" extractCount="1838" duration="390000"/>
			<Sample nodeCount="31" insertCount="1914" extractCount="1899" duration="431000"/>
			<Sample nodeCount="32" insertCount="1976" extractCount="1960" duration="407000"/>
			<Sample nodeCount="33" insertCount="2039" extractCount="2020" duration="421000"/>
			<Sample nodeCount="34" insertCount="2099" extractCount="2083" duration="437000"/>
			<Sample nodeCount="35" insertCount="2163" extractCount="2142" duration="461000"/>
			<Sample nodeCount="36" insertCount="2224" extractCount="2204" duration="472000"/>
			<Sample nodeCount="37" insertCount="2285" extractCount="2266" duration="490000"/>
			<Sample nodeCount="38" insertCount="2346" extractCount="2328" duration="521000"/>
			<Sample nodeCount="39" insertCount="2409" extractCount="2388" duration="527000"/>
			<Sample nodeCount="40" insertCount="2470" extractCount="2450" duration="560000"/>
			<Sample nodeCount="41" insertCount="2532" extractCount="2511" duration="546000"/>
			<Sample nodeCount="42" insertCount="2589" extractCount="2577" duration="566000"/>
			<Sample nodeCount="43" insertCount="2655" extractCount="2634" duration="583000"/>
			<Sample nodeCount="44" insertCount="2714" extractCount="2698" duration="595000"/>
			<Sample nodeCount="45" insertCount="2781" extractCount="2754" duration="615000"/>
			<Sample nodeCount="46" insertCount="2842" extractCount="2816" duration="642000"/>
			<Sample nodeCount="47" insertCount="2903" extractCount="2878" duration="636000"/>
			<Sample nodeCount="48" insertCount="2962" extractCount="2942" duration="632000"/>
			<Sample nodeCount="49" insertCount="3022" extractCount="3005" duration="648000"/>
			<Sample nodeCount="50" insertCount="3090" extractCount="3060" duration="662000"/>
			<Sample nodeCount="51" insertCount="3150" extractCount="3123" duration="683000"/>
			<Sample nodeCount="52" insertCount="3209" extractCount="3187" duration="693000"/>
			<Sample nodeCount="53" insertCount="3275" extractCount="3244" duration="731000"/>
			<Sample nodeCount="54" insertCount="3334" extractCount="3308" duration="711000"/>
			<Sample nodeCount="55" insertCount="3397" extractCount="3368" duration="728000"/>
			<Sample nodeCount="56" insertCount="3456" extractCount="3432" duration="746000"/>
			<Sample nodeCount="57" insertCount="3517" extractCount="3494" duration="764000"/>
			<Sample nodeCount="58" insertCount="3584" extractCount="3550" duration="777000"/>
			<Sample nodeCount="59" insertCount="3645" extractCount="3612" duration="761000"/>
			<Sample nodeCount="60" insertCount="3706" extractCount="3674" duration="783000"/>
			<Sample nodeCount="61" insertCount="3770" extractCount="3733" duration="795000"/>
			<Sample nodeCount="62" insertCount="3826" extractCount="3800" duration="814000"/>
			<Sample nodeCount="63" insertCount="3891" extractCount="3858" duration="836000"/>
			<Sample nodeCount="64" insertCount="3953" extractCount="3919" duration="812000"/>
			<Sample nodeCount="65" insertCount="4013" extractCount="3982" duration="834000"/>
			<Sample nodeCount="66" insertCount="4075" extractCount="4043" duration="847000"/>
			<Sample nodeCount="67" insertCount="4141" extractCount="4100" duration="869000"/>
			<Sample nodeCount="68" insertCount="4198" extractCount="4166" duration="885000"/>
			<Sample nodeCount="69" insertCount="4258" extractCount="4229" duration="871000"/>
			<Sample nodeCount="70" insertCount="4325" extractCount="4285" duration="877000"/>
			<Sample nodeCount="71" insertCount="4383" extractCount="4350" duration="893000"/>
			<Sample nodeCount="72" insertCount="4447" extractCount="4409" duration="916000"/>
			<Sample nodeCount="73" insertCount="4506" extractCount="4473" duration="895000"/>
			<Sample nodeCount="74" insertCount="4570" extractCount="4532" duration="906000"/>
			<Sample nodeCount="75" insertCount="4634" extractCount="4591" duration="934000"/>
			<Sample nodeCount="76" insertCount="4692" extractCount="4656" duration="947000"/>
			<Sample nodeCount="77" insertCount="4753" extractCount="4718" duration="956000"/>
			<Sample nodeCount="78" insertCount="4817" extractCount="4777" duration="952000"/>
			<Sample nodeCount="79" insertCount="4878" extractCount="4839" duration="969000"/>
			<Sample nodeCount="80" insertCount="4936" extractCount="4904" duration="981000"/>
			<Sample nodeCount="81" insertCount="5003" extractCount="4960" duration="983000"/>
			<Sample nodeCount="82" insertCount="5062" extractCount="5024" duration="973000"/>
			<Sample nodeCount="83" insertCount="5123" extractCount="5086" duration="1003000"/>
			<Sample nodeCount="84" insertCount="5189" extractCount="5143" duration="1018000"/>
			<Sample nodeCount="85" insertCount="5251" extractCount="5204" duration="1021000"/>
			<Sample nodeCount="86" insertCount="5312" extractCount="5266" duration="1012000"/>
			<Sample nodeCount="87" insertCount="5375" extractCount="5326" duration="1012000"/>
			<Sample nodeCount="88" insertCount="5434" extractCount="5390" duration="1034000"/>
			<Sample nodeCount="89" insertCount="5496" extractCount="5451" duration="1044000"/>
			<Sample nodeCount="90" insertCount="5556" extractCount="5514" duration="1035000"/>
			<Sample nodeCount="91" insertCount="5621" extractCount="5572" duration="1046000"/>
			<Sample nodeCount="92" insertCount="5676" extractCount="5640" duration="1095000"/>
			<Sample nodeCount="93" insertCount="5739" extractCount="5700" duration="1153000"/>
			<Sample nodeCount="94" insertCount="5803" extractCount="5759" duration="1095000"/>
			<Sample nodeCount="95" insertCount="5862" extractCount="5823" duration="1109000"/>
			<Sample nodeCount="96" insertCount="5928" extractCount="5880" duration="1136000"/>
			<Sample nodeCount="97" insertCount="5987" extractCount="5944" duration="1298000"/>
			<Sample nodeCount="98" insertCount="6051" extractCount="6003" duration="1154000"/>
			<Sample nodeCount="99" insertCount="6112" extractCount="6065" duration="1198000"/>
			<Sample nodeCount="100" insertCount="6180" extractCount="6120" duration="1185000"/>
			<Sample nodeCount="101" insertCount="6237" extractCount="6186" duration="1206000"/>
			<Sample nodeCount="102" insertCount="6298" extractCount="6248" duration="1226000"/>
			<Sample nodeCount="103" insertCount="6365" extractCount="6304" duration="1244000"/>
			<Sample nodeCount="104" insertCount="6422" extractCount="6370" duration="1258000"/>
			<Sample nodeCount="105" insertCount="6484" extractCount="6431" duration="1261000"/>
			<Sample nodeCount="106" insertCount="6544" extractCount="6494" duration="1565000"/>
			<Sample nodeCount="107" insertCount="6607" extractCount="6554" duration="1440000"/>
			<Sample nodeCount="108" insertCount="6667" extractCount="6617" duration="1406000"/>
			<Sample nodeCount="109" insertCount="6727" extractCount="6680" duration="1491000"/>
			<Sample nodeCount="110" insertCount="6793" extractCount="6737" duration="1517000"/>
			<Sample nodeCount="111" insertCount="6855" extractCount="6798" duration="1421000"/>
			<Sample nodeCount="112" insertCount="6917" extractCount="6859" duration="1445000"/>
			<Sample nodeCount="113" insertCount="6977" extractCount="6922" duration="1387000"/>
			<Sample nodeCount="114" insertCount="7044" extractCount="6978" duration="1446000"/>
			<Sample nodeCount="115" insertCount="7101" extractCount="7044" duration="1425000"/>
			<Sample nodeCount="116" insertCount="7163" extractCount="7105" duration="1439000"/>
			<Sample nodeCount="117" insertCount="7228" extractCount="7163" duration="1486000"/>
			<Sample nodeCount="118" insertCount="7287" extractCount="7227" duration="1534000"/>
			<Sample nodeCount="119" insertCount="7351" extractCount="7286" duration="1537000"/>
			<Sample nodeCount="120" insertCount="7412" extractCount="7348" duration="1510000"/>
			<Sample nodeCount="121" insertCount="7474" extractCount="7409" duration="1653000"/>
			<Sample nodeCount="122" insertCount="7532" extractCount="7474" duration="1559000"/>
			<Sample nodeCount="123" insertCount="7598" extractCount="7531" duration="1567000"/>
			<Sample nodeCount="124" insertCount="7657" extractCount="7595" duration="1570000"/>
			<Sample nodeCount="125" insertCount="7715" extractCount="7660" duration="1591000"/>
			<Sample nodeCount="126" insertCount="7781" extractCount="7717" duration="1604000"/>
			<Sample nodeCount="127" insertCount="7845" extractCount="7776" duration="1621000"/>
			<Sample nodeCount="128" insertCount="7904" extractCount="7840" duration="1629000"/>
			<Sample nodeCount="129" insertCount="7970" extractCount="7897" duration="1640000"/>
			<Sample nodeCount="130" insertCount="8029" extractCount="7961" duration="1665000"/>
			<Sample nodeCount="131" insertCount="8091" extractCount="8022" duration="1806000"/>
			<Sample nodeCount="132" insertCount="8154" extractCount="8082" duration="1716000"/>
			<Sample nodeCount="133" insertCount="8208" extractCount="8151" duration="1691000"/>
			<Sample nodeCount="134" insertCount="8272" extractCount="8210" duration="1751000"/>
			<Sample nodeCount="135" insertCount="8340" extractCount="8265" duration="1723000"/>
			<Sample nodeCount="136" insertCount="8399" extractCount="8329" duration="1762000"/>
			<Sample nodeCount="137" insertCount="8459" extractCount="8392" duration="1759000"/>
			<Sample nodeCount="138" insertCount="8522" extractCount="8452" duration="1762000"/>
			<Sample nodeCount="139" insertCount="8578" extractCount="8519" duration="1800000"/>
			<Sample nodeCount="140" insertCount="8643" extractCount="8577" duration="1881000"/>
			<Sample nodeCount="141" insertCount="8707" extractCount="8636" duration="1919000"/>
			<Sample nodeCount="142" insertCount="8768" extractCount="8698" duration="1827000"/>
			<Sample nodeCount="143" insertCount="8829" extractCount="8760" duration="1839000"/>
			<Sample nodeCount="144" insertCount="8892" extractCount="8820" duration="1858000"/>
			<Sample nodeCount="145" insertCount="8955" extractCount="8880" duration="1867000"/>
			<Sample nodeCount="146" insertCount="9014" extractCount="8944" duration="1881000"/>
			<Sample nodeCount="147" insertCount="9079" extractCount="9002" duration="1924000"/>
			<Sample nodeCount="148" insertCount="9139" extractCount="9065" duration="1924000"/>
			<Sample nodeCount="149" insertCount="9198" extractCount="9129" duration="1983000"/>
			<Sample nodeCount="150" insertCount="9263" extractCount="9187" duration="2074000"/>
			<Sample nodeCount="151" insertCount="9329" extractCount="9244" duration="1990000"/>
			<Sample nodeCount="152" insertCount="9388" extractCount="9308" duration="1979000"/>
			<Sample nodeCount="153" insertCount="9450" extractCount="9369" duration="2009000"/>
			<Sample nodeCount="154" insertCount="9516" extractCount="9426" duration="2008000"/>
			<Sample nodeCount="155" insertCount="9572" extractCount="9493" duration="2061000"/>
			<Sample nodeCount="156" insertCount="9633" extractCount="9555" duration="2037000"/>
			<Sample nodeCount="157" insertCount="9693" extractCount="9618" duration="2068000"/>
			<Sample nodeCount="158" insertCount="9760" extractCount="9674" duration="2194000"/>
			<Sample nodeCount="159" insertCount="9817" extractCount="9740" duration="2109000"/>
			<Sample nodeCount="160" insertCount="9881" extractCount="9799" duration="2122000"/>
			<Sample nodeCount="161" insertCount="9941" extractCount="9862" duration="2113000"/>
			<Sample nodeCount="162" insertCount="10005" extractCount="9921" duration="2132000"/>
			<Sample nodeCount="163" insertCount="10066" extractCount="9983" duration="2140000"/>
			<Sample nodeCount="164" insertCount="10121" extractCount="10051" duration="2140000"/>
			<Sample nodeCount="165" insertCount="10187" extractCount="10108" duration="2289000"/>
			<Sample nodeCount="166" insertCount="10249" extractCount="10169" duration="2228000"/>
			<Sample nodeCount="167" insertCount="10314" extractCount="10227" duration="2195000"/>
			<Sample nodeCount="168" insertCount="10374" extractCount="10290" duration="2211000"/>
			<Sample nodeCount="169" insertCount="10435" extractCount="10352" duration="2226000"/>
			<Sample nodeCount="170" insertCount="10492" extractCount="10418" duration="2237000"/>
			<Sample nodeCount="171" insertCount="10561" extractCount="10472" duration="2259000"/>
			<Sample nodeCount="172" insertCount="10620" extractCount="10536" duration="2277000"/>
			<Sample nodeCount="173" insertCount="10679" extractCount="10600" duration="2398000"/>
			<Sample nodeCount="174" insertCount="10748" extractCount="10654" duration="2315000"/>
			<Sample nodeCount="175" insertCount="10806" extractCount="10719" duration="2327000"/>
			<Sample nodeCount="176" insertCount="10869" extractCount="10779" duration="2340000"/>
			<Sample nodeCount="177" insertCount="10930" extractCount="10841" duration="2389000"/>
			<Sample nodeCount="178" insertCount="10990" extractCount="10904" duration="2376000"/>
			<Sample nodeCount="179" insertCount="11054" extractCount="10963" duration="2394000"/>
			<Sample nodeCount="180" insertCount="11112" extractCount="11028" duration="2505000"/>
			<Sample nodeCount="181" insertCount="11178" extractCount="11085" duration="2410000"/>
			<Sample nodeCount="182" insertCount="11233" extractCount="11153" duration="2436000"/>
			<Sample nodeCount="183" insertCount="11299" extractCount="11210" duration="2438000"/>
			<Sample nodeCount="184" insertCount="11365" extractCount="11267" duration="2458000"/>
			<Sample nodeCount="185" insertCount="11419" extractCount="11336" duration="2468000"/>
			<Sample nodeCount="186" insertCount="11486" extractCount="11392" duration="2483000"/>
			<Sample nodeCount="187" insertCount="11546" extractCount="11455" duration="2810000"/>
			<Sample nodeCount="188" insertCount="11607" extractCount="11517" duration="2576000"/>
			<Sample nodeCount="189" insertCount="11670" extractCount="11577" duration="2536000"/>
			<Sample nodeCount="190" insertCount="11736" extractCount="11634" duration="2601000"/>
			<Sample nodeCount="191" insertCount="11799" extractCount="11694" duration="2599000"/>
			<Sample nodeCount="192" insertCount="11854" extractCount="11762" duration="2573000"/>
			<Sample nodeCount="193" insertCount="11918" extractCount="11821" duration="2713000"/>
			<Sample nodeCount="194" insertCount="11985" extractCount="11877" duration="2627000"/>
			<Sample nodeCount="195" insertCount="12041" extractCount="11944" duration="2656000"/>
			<Sample nodeCount="196" insertCount="12104" extractCount="12004" duration="2737000"/>
			<Sample nodeCount="197" insertCount="12165" extractCount="12066" duration="2710000"/>
			<Sample nodeCount="198" insertCount="12222" extractCount="12132" duration="2692000"/>
			<Sample nodeCount="199" insertCount="12280" extractCount="12197" duration="2855000"/>
			<Sample nodeCount="200" insertCount="12352" extractCount="12248" duration="2757000"/>
			<Sample nodeCount="201" insertCount="12410" extractCount="12313" duration="2712000"/>
			<Sample nodeCount="202" insertCount="12482" extractCount="12364" duration="2786000"/>
			<Sample nodeCount="203" insertCount="12530" extractCount="12439" duration="2805000"/>
			<Sample nodeCount="204" insertCount="12600" extractCount="12492" duration="2769000"/>
			<Sample nodeCount="205" insertCount="12658" extractCount="12557" duration="2940000"/>
			<Sample nodeCount="206" insertCount="12723" extractCount="12615" duration="2831000"/>
			<Sample nodeCount="207" insertCount="12785" extractCount="12676" duration="2873000"/>
			<Sample nodeCount="208" insertCount="12841" extractCount="12743" duration="2833000"/>
			<Sample nodeCount="209" insertCount="12904" extractCount="12803" duration="2888000"/>
			<Sample nodeCount="210" insertCount="12972" extractCount="12858" duration="2871000"/>
			<Sample nodeCount="211" insertCount="13027" extractCount="12926" duration="3047000"/>
			<Sample nodeCount="212" insertCount="13089" extractCount="12987" duration="2908000"/>
			<Sample nodeCount="213" insertCount="13150" extractCount="13049" duration="2959000"/>
			<Sample nodeCount="214" insertCount="13214" extractCount="13108" duration="2951000"/>
			<Sample nodeCount="215" insertCount="13274" extractCount="13171" duration="2937000"/>
			<Sample nodeCount="216" insertCount="13337" extractCount="13231" duration="2967000"/>
			<Sample nodeCount="217" insertCount="13402" extractCount="13289" duration="3159000"/>
			<Sample nodeCount="218" insertCount="13461" extractCount="13353" duration="3198000"/>
			<Sample nodeCount="219" insertCount="13527" extractCount="13410" duration="3109000"/>
			<Sample nodeCount="220" insertCount="13585" extractCount="13475" duration="3044000"/>
			<Sample nodeCount="221" insertCount="13648" extractCount="13535" duration="3084000"/>
			<Sample nodeCount="222" insertCount="13708" extractCount="13598" duration="3218000"/>
			<Sample nodeCount="223" insertCount="13768" extractCount="13661" duration="3189000"/>
			<Sample nodeCount="224" insertCount="13836" extractCount="13716" duration="3119000"/>
			<Sample nodeCount="225" insertCount="13896" extractCount="13779" duration="3112000"/>
			<Sample nodeCount="226" insertCount="13953" extractCount="13845" duration="3139000"/>
			<Sample nodeCount="227" insertCount="14015" extractCount="13906" duration="3297000"/>
			<Sample nodeCount="228" insertCount="14081" extractCount="13963" duration="3209000"/>
			<Sample nodeCount="229" insertCount="14139" extractCount="14028" duration="3214000"/>
			<Sample nodeCount="230" insertCount="14198" extractCount="14092" duration="3203000"/>
			<Sample nodeCount="231" insertCount="14256" extractCount="14157" duration="3231000"/>
			<Sample nodeCount="232" insertCount="14324" extractCount="14212" duration="3347000"/>
			<Sample nodeCount="233" insertCount="14388" extractCount="14271" duration="3326000"/>
			<Sample nodeCount="234" insertCount="14449" extractCount="14333" duration="3289000"/>
			<Sample nodeCount="235" insertCount="14513" extractCount="14392" duration="3288000"/>
			<Sample nodeCount="236" insertCount="14569" extractCount="14459" duration="3308000"/>
			<Sample nodeCount="237" insertCount="14634" extractCount="14517" duration="3456000"/>
			<Sample nodeCount="238" insertCount="14698" extractCount="14576" duration="3367000"/>
			<Sample nodeCount="239" insertCount="14756" extractCount="14641" duration="3360000"/>
			<Sample nodeCount="240" insertCount="14822" extractCount="14698" duration="3386000"/>
			<Sample nodeCount="241" insertCount="14883" extractCount="14760" duration="3396000"/>
			<Sample nodeCount="242" insertCount="14941" extractCount="14825" duration="3552000"/>
			<Sample nodeCount="243" insertCount="15009" extractCount="14880" duration="3473000"/>
			<Sample nodeCount="244" insertCount="15067" extractCount="14945" duration="3519000"/>
			<Sample nodeCount="245" insertCount="15129" extractCount="15006" duration="3477000"/>
			<Sample nodeCount="246" insertCount="15190" extractCount="15068" duration="3510000"/>
			<Sample nodeCount="247" insertCount="15255" extractCount="15126" duration="3684000"/>
			<Sample nodeCount="248" insertCount="15315" extractCount="15189" duration="3528000"/>
			<Sample nodeCount="249" insertCount="15379" extractCount="15248" duration="3597000"/>
			<Sample nodeCount="250" insertCount="15438" extractCount="15312" duration="3556000"/>
			<Sample nodeCount="251" insertCount="15500" extractCount="15373" duration="3728000"/>
			<Sample nodeCount="252" insertCount="15556" extractCount="15440" duration="3673000"/>
			<Sample nodeCount="253" insertCount="15618" extractCount="15501" duration="3639000"/>
			<Sample nodeCount="254" insertCount="15685" extractCount="15557" duration="3662000"/>
			<Sample nodeCount="255" insertCount="15747" extractCount="15618" duration="3670000"/>
		</SmallSetRandomOps>
		<LargeSetRandomOps>
		</LargeSetRandomOps>
		<SmallSetLinear>
			<Sample nodeCount="1" insertCount="10000" extractCount="10000" duration="61000"/>
			<Sample nodeCount="2" insertCount="10000" extractCount="10000" duration="223000"/>
			<Sample nodeCount="3" insertCount="10000" extractCount="10000" duration="455000"/>
			<Sample nodeCount="4" insertCount="10000" extractCount="10000" duration="699000"/>
			<Sample nodeCount="5" insertCount="10000" extractCount="10000" duration="1178000"/>
			<Sample nodeCount="6" insertCount="10000" extractCount="10000" duration="1312000"/>
			<Sample nodeCount="7" insertCount="10000" extractCount="10000" duration="1750000"/>
			<Sample nodeCount="8" insertCount="10000" extractCount="10000" duration="1991000"/>
			<Sample nodeCount="9" insertCount="10000" extractCount="10000" duration="2430000"/>
			<Sample nodeCount="10" insertCount="10000" extractCount="10000" duration="2669000"/>
			<Sample nodeCount="11" insertCount="10000" extractCount="10000" duration="3297000"/>
			<Sample nodeCount="12" insertCount="10000" extractCount="10000" duration="3646000"/>
			<Sample nodeCount="13" insertCount="10000" extractCount="10000" duration="4140000"/>
			<Sample nodeCount="14" insertCount="10000" extractCount="10000" duration="4339000"/>
			<Sample nodeCount="15" insertCount="10000" extractCount="10000" duration="5097000"/>
			<Sample nodeCount="16" insertCount="10000" extractCount="10000" duration="5493000"/>
			<Sample nodeCount="17" insertCount="10000" extractCount="10000" duration="5912000"/>
			<Sample nodeCount="18" insertCount="10000" extractCount="10000" duration="6153000"/>
			<Sample nodeCount="19" insertCount="10000" extractCount="10000" duration="7380000"/>
			<Sample nodeCount="20" insertCount="10000" extractCount="10000" duration="7516000"/>
			<Sample nodeCount="21" insertCount="10000" extractCount="10000" duration="8223000"/>
			<Sample nodeCount="22" insertCount="10000" extractCount="10000" duration="8299000"/>
			<Sample nodeCount="23" insertCount="10000" extractCount="10000" duration="9702000"/>
			<Sample nodeCount="24" insertCount="10000" extractCount="10000" duration="9503000"/>
			<Sample nodeCount="25" insertCount="10000" extractCount="10000" duration="10227000"/>
			<Sample nodeCount="26" insertCount="10000" extractCount="10000" duration="10449000"/>
			<Sample nodeCount="27" insertCount="10000" extractCount="10000" duration="11667000"/>
			<Sample nodeCount="28" insertCount="10000" extractCount="10000" duration="12104000"/>
			<Sample nodeCount="29" insertCount="10000" extractCount="10000" duration="12615000"/>
			<Sample nodeCount="30" insertCount="10000" extractCount="10000" duration="13295000"/>
			<Sample nodeCount="31" insertCount="10000" extractCount="10000" duration="14795000"/>
			<Sample nodeCount="32" insertCount="10000" extractCount="10000" duration="14809000"/>
			<Sample nodeCount="33" insertCount="10000" extractCount="10000" duration="15185000"/>
			<Sample nodeCount="34" insertCount="10000" extractCount="10000" duration="15434000"/>
			<Sample nodeCount="35" insertCount="10000" extractCount="10000" duration="16572000"/>
			<Sample nodeCount="36" insertCount="10000" extractCount="10000" duration="16862000"/>
			<Sample nodeCount="37" insertCount="10000" extractCount="10000" duration="17351000"/>
			<Sample nodeCount="38" insertCount="10000" extractCount="10000" duration="17854000"/>
			<Sample nodeCount="39" insertCount="10000" extractCount="10000" duration="19420000"/>
			<Sample nodeCount="40" insertCount="10000" extractCount="10000" duration="19527000"/>
			<Sample nodeCount="41" insertCount="10000" extractCount="10000" duration="20796000"/>
			<Sample nodeCount="42" insertCount="10000" extractCount="10000" duration="20555000"/>
			<Sample nodeCount="43" insertCount="10000" extractCount="10000" duration="21793000"/>
			<Sample nodeCount="44" insertCount="10000" extractCount="10000" duration="21617000"/>
			<Sample nodeCount="45" insertCount="10000" extractCount="10000" duration="22289000"/>
			<Sample nodeCount="46" insertCount="10000" extractCount="10000" duration="22592000"/>
			<Sample nodeCount="47" insertCount="10000" extractCount="10000" duration="26240000"/>
			<Sample nodeCount="48" insertCount="10000" extractCount="10000" duration="26559000"/>
			<Sample nodeCount="49" insertCount="10000" extractCount="10000" duration="26788000"/>
			<Sample nodeCount="50" insertCount="10000" extractCount="10000" duration="27928000"/>
			<Sample nodeCount="51" insertCount="10000" extractCount="10000" duration="28613000"/>
			<Sample nodeCount="52" insertCount="10000" extractCount="10000" duration="28943000"/>
			<Sample nodeCount="53" insertCount="10000" extractCount="10000" duration="29632000"/>
			<Sample nodeCount="54" insertCount="10000" extractCount="10000" duration="30156000"/>
			<Sample nodeCount="55" insertCount="10000" extractCount="10000" duration="32370000"/>
			<Sample nodeCount="56" insertCount="10000" extractCount="10000" duration="32258000"/>
			<Sample nodeCount="57" insertCount="10000" extractCount="10000" duration="32957000"/>
			<Sample nodeCount="58" insertCount="10000" extractCount="10000" duration="34684000"/>
			<Sample nodeCount="59" insertCount="10000" extractCount="10000" duration="35235000"/>
			<Sample nodeCount="60" insertCount="10000" extractCount="10000" duration="35156000"/>
			<Sample nodeCount="61" insertCount="10000" extractCount="10000" duration="35592000"/>
			<Sample nodeCount="62" insertCount="10000" extractCount="10000" duration="35406000"/>
			<Sample nodeCount="63" insertCount="10000" extractCount="10000" duration="37795000"/>
			<Sample nodeCount="64" insertCount="10000" extractCount="10000" duration="37509000"/>
			<Sample nodeCount="65" insertCount="10000" extractCount="10000" duration="38174000"/>
			<Sample nodeCount="66" insertCount="10000" extractCount="10000" duration="38875000"/>
			<Sample nodeCount="67" insertCount="10000" extractCount="10000" duration="40299000"/>
			<Sample nodeCount="68" insertCount="10000" extractCount="10000" duration="41367000"/>
			<Sample nodeCount="69" insertCount="10000" extractCount="10000" duration="42962000"/>
			<Sample nodeCount="70" insertCount="10000" extractCount="10000" duration="43211000"/>
			<Sample nodeCount="71" insertCount="10000" extractCount="10000" duration="45348000"/>
			<Sample nodeCount="72" insertCount="10000" extractCount="10000" duration="45238000"/>
			<Sample nodeCount="73" insertCount="10000" extractCount="10000" duration="46069000"/>
			<Sample nodeCount="74" insertCount="10000" extractCount="10000" duration="46217000"/>
			<Sample nodeCount="75" insertCount="10000" extractCount="10000" duration="47811000"/>
			<Sample nodeCount="76" insertCount="10000" extractCount="10000" duration="46063000"/>
			<Sample nodeCount="77" insertCount="10000" extractCount="10000" duration="46602000"/>
			<Sample nodeCount="78" insertCount="10000" extractCount="10000" duration="47466000"/>
			<Sample nodeCount="79" insertCount="10000" extractCount="10000" duration="53058000"/>
			<Sample nodeCount="80" insertCount="10000" extractCount="10000" duration="52707000"/>
			<Sample nodeCount="81" insertCount="10000" extractCount="10000" duration="52905000"/>
			<Sample nodeCount="82" insertCount="10000" extractCount="10000" duration="52745000"/>
			<Sample nodeCount="83" insertCount="10000" extractCount="10000" duration="55609000"/>
			<Sample nodeCount="84" insertCount="10000" extractCount="10000" duration="55020000"/>
			<Sample nodeCount="85" insertCount="10000" extractCount="10000" duration="55908000"/>
			<Sample nodeCount="86" insertCount="10000" extractCount="10000" duration="54630000"/>
			<Sample nodeCount="87" insertCount="10000" extractCount="10000" duration="54755000"/>
			<Sample nodeCount="88" insertCount="10000" extractCount="10000" duration="55430000"/>
			<Sample nodeCount="89" insertCount="10000" extractCount="10000" duration="55365000"/>
			<Sample nodeCount="90" insertCount="10000" extractCount="10000" duration="56748000"/>
			<Sample nodeCount="91" insertCount="10000" extractCount="10000" duration="60139000"/>
			<Sample nodeCount="92" insertCount="10000" extractCount="10000" duration="61427000"/>
			<Sample nodeCount="93" insertCount="10000" extractCount="10000" duration="62102000"/>
			<Sample nodeCount="94" insertCount="10000" extractCount="10000" duration="62018000"/>
			<Sample nodeCount="95" insertCount="10000" extractCount="10000" duration="65974000"/>
			<Sample nodeCount="96" insertCount="10000" extractCount="10000" duration="63114000"/>
			<Sample nodeCount="97" insertCount="10000" extractCount="10000" duration="63729000"/>
			<Sample nodeCount="98" insertCount="10000" extractCount="10000" duration="64754000"/>
			<Sample nodeCount="99" insertCount="10000" extractCount="10000" duration="67658000"/>
			<Sample nodeCount="100" insertCount="10000" extractCount="10000" duration="68422000"/>
			<Sample nodeCount="101" insertCount="10000" extractCount="10000" duration="67775000"/>
			<Sample nodeCount="102" insertCount="10000" extractCount="10000" duration="70120000"/>
			<Sample nodeCount="103" insertCount="10000" extractCount="10000" duration="73274000"/>
			<Sample nodeCount="104" insertCount="10000" extractCount="10000" duration="73743000"/>
			<Sample nodeCount="105" insertCount="10000" extractCount="10000" duration="72403000"/>
			<Sample nodeCount="106" insertCount="10000" extractCount="10000" duration="71559000"/>
			<Sample nodeCount="107" insertCount="10000" extractCount="10000" duration="72057000"/>
			<Sample nodeCount="108" insertCount="10000" extractCount="10000" duration="74488000"/>
			<Sample nodeCount="109" insertCount="10000" extractCount="10000" duration="77581000"/>
			<Sample nodeCount="110" insertCount="10000" extractCount="10000" duration="74709000"/>
			<Sample nodeCount="111" insertCount="10000" extractCount="10000" duration="75604000"/>
			<Sample nodeCount="112" insertCount="10000" extractCount="10000" duration="77112000"/>
			<Sample nodeCount="113" insertCount="10000" extractCount="10000" duration="80326000"/>
			<Sample nodeCount="114" insertCount="10000" extractCount="10000" duration="81003000"/>
			<Sample nodeCount="115" insertCount="10000" extractCount="10000" duration="79611000"/>
			<Sample nodeCount="116" insertCount="10000" extractCount="10000" duration="80174000"/>
			<Sample nodeCount="117" insertCount="10000" extractCount="10000" duration="79787000"/>
			<Sample nodeCount="118" insertCount="10000" extractCount="10000" duration="80182000"/>
			<Sample nodeCount="119" insertCount="10000" extractCount="10000" duration="82099000"/>
			<Sample nodeCount="120" insertCount="10000" extractCount="10000" duration="83242000"/>
			<Sample nodeCount="121" insertCount="10000" extractCount="10000" duration="84219000"/>
			<Sample nodeCount="122" insertCount="10000" extractCount="10000" duration="85293000"/>
			<Sample nodeCount="123" insertCount="10000" extractCount="10000" duration="84907000"/>
			<Sample nodeCount="124" insertCount="10000" extractCount="10000" duration="89150000"/>
			<Sample nodeCount="125" insertCount="10000" extractCount="10000" duration="92022000"/>
			<Sample nodeCount="126" insertCount="10000" extractCount="10000" duration="90030000"/>
			<Sample nodeCount="127" insertCount="10000" extractCount="10000" duration="100009000"/>
			<Sample nodeCount="128" insertCount="10000" extractCount="10000" duration="97860000"/>
			<Sample nodeCount="129" insertCount="10000" extractCount="10000" duration="96253000"/>
			<Sample nodeCount="130" insertCount="10000" extractCount="10000" duration="96839000"/>
			<Sample nodeCount="131" insertCount="10000" extractCount="10000" duration="105033000"/>
			<Sample nodeCount="132" insertCount="10000" extractCount="10000" duration="107288000"/>
			<Sample nodeCount="133" insertCount="10000" extractCount="10000" duration="107273000"/>
			<Sample nodeCount="134" insertCount="10000" extractCount="10000" duration="107288000"/>
			<Sample nodeCount="135" insertCount="10000" extractCount="10000" duration="106547000"/>
			<Sample nodeCount="136" insertCount="10000" extractCount="10000" duration="109674000"/>
			<Sample nodeCount="137" insertCount="10000" extractCount="10000" duration="108222000"/>
			<Sample nodeCount="138" insertCount="10000" extractCount="10000" duration="106025000"/>
			<Sample nodeCount="139" insertCount="10000" extractCount="10000" duration="108405000"/>
			<Sample nodeCount="140" insertCount="10000" extractCount="10000" duration="108153000"/>
			<Sample nodeCount="141" insertCount="10000" extractCount="10000" duration="109118000"/>
			<Sample nodeCount="142" insertCount="10000" extractCount="10000" duration="110469000"/>
			<Sample nodeCount="143" insertCount="10000" extractCount="10000" duration="113136000"/>
			<Sample nodeCount="144" insertCount="10000" extractCount="10000" duration="116692000"/>
			<Sample nodeCount="145" insertCount="10000" extractCount="10000" duration="116522000"/>
			<Sample nodeCount="146" insertCount="10000" extractCount="10000" duration="116225000"/>
			<Sample nodeCount="147" insertCount="10000" extractCount="10000" duration="118187000"/>
			<Sample nodeCount="148" insertCount="10000" extractCount="10000" duration="118005000"/>
			<Sample nodeCount="149" insertCount="10000" extractCount="10000" duration="118064000"/>
			<Sample nodeCount="150" insertCount="10000" extractCount="10000" duration="115082000"/>
			<Sample nodeCount="151" insertCount="10000" extractCount="10000" duration="114626000"/>
			<Sample nodeCount="152" insertCount="10000" extractCount="10000" duration="115375000"/>
			<Sample nodeCount="153" insertCount="10000" extractCount="10000" duration="115458000"/>
			<Sample nodeCount="154" insertCount="10000" extractCount="10000" duration="115466000"/>
			<Sample nodeCount="155" insertCount="10000" extractCount="10000" duration="116625000"/>
			<Sample nodeCount="156" insertCount="10000" extractCount="10000" duration="117261000"/>
			<Sample nodeCount="157" insertCount="10000" extractCount="10000" duration="122613000"/>
			<Sample nodeCount="158" insertCount="10000" extractCount="10000" duration="123538000"/>
			<Sample nodeCount="159" insertCount="10000" extractCount="10000" duration="130245000"/>
			<Sample nodeCount="160" insertCount="10000" extractCount="10000" duration="129169000"/>
			<Sample nodeCount="161" insertCount="10000" extractCount="10000" duration="129796000"/>
			<Sample nodeCount="162" insertCount="10000" extractCount="10000" duration="137381000"/>
			<Sample nodeCount="163" insertCount="10000" extractCount="10000" duration="138620000"/>
			<Sample nodeCount="164" insertCount="10000" extractCount="10000" duration="139740000"/>
			<Sample nodeCount="165" insertCount="10000" extractCount="10000" duration="144156000"/>
			<Sample nodeCount="166" insertCount="10000" extractCount="10000" duration="139907000"/>
			<Sample nodeCount="167" insertCount="10000" extractCount="10000" duration="138348000"/>
			<Sample nodeCount="168" insertCount="10000" extractCount="10000" duration="140550000"/>
			<Sample nodeCount="169" insertCount="10000" extractCount="10000" duration="136267000"/>
			<Sample nodeCount="170" insertCount="10000" extractCount="10000" duration="137945000"/>
			<Sample nodeCount="171" insertCount="10000" extractCount="10000" duration="139649000"/>
			<Sample nodeCount="172" insertCount="10000" extractCount="10000" duration="139333000"/>
			<Sample nodeCount="173" insertCount="10000" extractCount="10000" duration="137905000"/>
			<Sample nodeCount="174" insertCount="10000" extractCount="10000" duration="138617000"/>
			<Sample nodeCount="175" insertCount="10000" extractCount="10000" duration="144547000"/>
			<Sample nodeCount="176" insertCount="10000" extractCount="10000" duration="144308000"/>
			<Sample nodeCount="177" insertCount="10000" extractCount="10000" duration="143499000"/>
			<Sample nodeCount="178" insertCount="10000" extractCount="10000" duration="150911000"/>
			<Sample nodeCount="179" insertCount="10000" extractCount="10000" duration="150880000"/>
			<Sample nodeCount="180" insertCount="10000" extractCount="10000" duration="145650000"/>
			<Sample nodeCount="181" insertCount="10000" extractCount="10000" duration="144963000"/>
			<Sample nodeCount="182" insertCount="10000" extractCount="10000" duration="146863000"/>
			<Sample nodeCount="183" insertCount="10000" extractCount="10000" duration="146514000"/>
			<Sample nodeCount="184" insertCount="10000" extractCount="10000" duration="148777000"/>
			<Sample nodeCount="185" insertCount="10000" extractCount="10000" duration="151622000"/>
			<Sample nodeCount="186" insertCount="10000" extractCount="10000" duration="150713000"/>
			<Sample nodeCount="187" insertCount="10000" extractCount="10000" duration="150702000"/>
			<Sample nodeCount="188" insertCount="10000" extractCount="10000" duration="151711000"/>
			<Sample nodeCount="189" insertCount="10000" extractCount="10000" duration="153160000"/>
			<Sample nodeCount="190" insertCount="10000" extractCount="10000" duration="151443000"/>
			<Sample nodeCount="191" insertCount="10000" extractCount="10000" duration="174261000"/>
			<Sample nodeCount="192" insertCount="10000" extractCount="10000" duration="172920000"/>
			<Sample nodeCount="193" insertCount="10000" extractCount="10000" duration="170883000"/>
			<Sample nodeCount="194" insertCount="10000" extractCount="10000" duration="170547000"/>
			<Sample nodeCount="195" insertCount="10000" extractCount="10000" duration="173454000"/>
			<Sample nodeCount="196" insertCount="10000" extractCount="10000" duration="173267000"/>
			<Sample nodeCount="197" insertCount="10000" extractCount="10000" duration="175083000"/>
			<Sample nodeCount="198" insertCount="10000" extractCount="10000" duration="186317000"/>
			<Sample nodeCount="199" insertCount="10000" extractCount="10000" duration="181036000"/>
			<Sample nodeCount="200" insertCount="10000" extractCount="10000" duration="178211000"/>
			<Sample nodeCount="201" insertCount="10000" extractCount="10000" duration="180898000"/>
			<Sample nodeCount="202" insertCount="10000" extractCount="10000" duration="183910000"/>
			<Sample nodeCount="203" insertCount="10000" extractCount="10000" duration="185073000"/>
			<Sample nodeCount="204" insertCount="10000" extractCount="10000" duration="180983000"/>
			<Sample nodeCount="205" insertCount="10000" extractCount="10000" duration="191674000"/>
			<Sample nodeCount="206" insertCount="10000" extractCount="10000" duration="194503000"/>
			<Sample nodeCount="207" insertCount="10000" extractCount="10000" duration="197814000"/>
			<Sample nodeCount="208" insertCount="10000" extractCount="10000" duration="196079000"/>
			<Sample nodeCount="209" insertCount="10000" extractCount="10000" duration="194595000"/>
			<Sample nodeCount="210" insertCount="10000" extractCount="10000" duration="186838000"/>
			<Sample nodeCount="211" insertCount="10000" extractCount="10000" duration="186422000"/>
			<Sample nodeCount="212" insertCount="10000" extractCount="10000" duration="187125000"/>
			<Sample nodeCount="213" insertCount="10000" extractCount="10000" duration="204075000"/>
			<Sample nodeCount="214" insertCount="10000" extractCount="10000" duration="202629000"/>
			<Sample nodeCount="215" insertCount="10000" extractCount="10000" duration="196803000"/>
			<Sample nodeCount="216" insertCount="10000" extractCount="10000" duration="194171000"/>
			<Sample nodeCount="217" insertCount="10000" extractCount="10000" duration="190101000"/>
			<Sample nodeCount="218" insertCount="10000" extractCount="10000" duration="190578000"/>
			<Sample nodeCount="219" insertCount="10000" extractCount="10000" duration="196666000"/>
			<Sample nodeCount="220" insertCount="10000" extractCount="10000" duration="196643000"/>
			<Sample nodeCount="221" insertCount="10000" extractCount="10000" duration="192158000"/>
			<Sample nodeCount="222" insertCount="10000" extractCount="10000" duration="199023000"/>
			<Sample nodeCount="223" insertCount="10000" extractCount="10000" duration="209417000"/>
			<Sample nodeCount="224" insertCount="10000" extractCount="10000" duration="199386000"/>
			<Sample nodeCount="225" insertCount="10000" extractCount="10000" duration="199599000"/>
			<Sample nodeCount="226" insertCount="10000" extractCount="10000" duration="204675000"/>
			<Sample nodeCount="227" insertCount="10000" extractCount="10000" duration="209006000"/>
			<Sample nodeCount="228" insertCount="10000" extractCount="10000" duration="216516000"/>
			<Sample nodeCount="229" insertCount="10000" extractCount="10000" duration="205881000"/>
			<Sample nodeCount="230" insertCount="10000" extractCount="10000" duration="217202000"/>
			<Sample nodeCount="231" insertCount="10000" extractCount="10000" duration="208012000"/>
			<Sample nodeCount="232" insertCount="10000" extractCount="10000" duration="207776000"/>
			<Sample nodeCount="233" insertCount="10000" extractCount="10000" duration="207282000"/>
			<Sample nodeCount="234" insertCount="10000" extractCount="10000" duration="208366000"/>
			<Sample nodeCount="235" insertCount="10000" extractCount="10000" duration="208562000"/>
			<Sample nodeCount="236" insertCount="10000" extractCount="10000" duration="209710000"/>
			<Sample nodeCount="237" insertCount="10000" extractCount="10000" duration="211342000"/>
			<Sample nodeCount="238" insertCount="10000" extractCount="10000" duration="210948000"/>
			<Sample nodeCount="239" insertCount="10000" extractCount="10000" duration="215176000"/>
			<Sample nodeCount="240" insertCount="10000" extractCount="10000" duration="214068000"/>
			<Sample nodeCount="241" insertCount="10000" extractCount="10000" duration="218225000"/>
			<Sample nodeCount="242" insertCount="10000" extractCount="10000" duration="218085000"/>
			<Sample nodeCount="243" insertCount="10000" extractCount="10000" duration="218184000"/>
			<Sample nodeCount="244" insertCount="10000" extractCount="10000" duration="218548000"/>
			<Sample nodeCount="245" insertCount="10000" extractCount="10000" duration="219068000"/>
			<Sample nodeCount="246" insertCount="10000" extractCount="10000" duration="219960000"/>
			<Sample nodeCount="247" insertCount="10000" extractCount="10000" duration="225081000"/>
			<Sample nodeCount="248" insertCount="10000" extractCount="10000" duration="220934000"/>
			<Sample nodeCount="249" insertCount="10000" extractCount="10000" duration="221773000"/>
			<Sample nodeCount="250" insertCount="10000" extractCount="10000" duration="222935000"/>
			<Sample nodeCount="251" insertCount="10000" extractCount="10000" duration="224798000"/>
			<Sample nodeCount="252" insertCount="10000" extractCount="10000" duration="225892000"/>
			<Sample nodeCount="253" insertCount="10000" extractCount="10000" duration="227237000"/>
			<Sample nodeCount="254" insertCount="10000" extractCount="10000" duration="227895000"/>
			<Sample nodeCount="255" insertCount="10000" extractCount="10000" duration="272171000"/>
		</SmallSetLinear>
		<LargeSetLinear>
		</LargeSetLinear>
	</RBTest>
	<RBTest implementation="Eternally Confuzzled" nodeSize="24">
		<SmallSetRandomOps>
			<Sample nodeCount="1" insertCount="62" extractCount="61" duration="2000"/>
			<Sample nodeCount="2" insertCount="123" extractCount="123" duration="6000"/>
			<Sample nodeCount="3" insertCount="186" extractCount="183" duration="10000"/>
			<Sample nodeCount="4" insertCount="247" extractCount="245" duration="14000"/>
			<Sample nodeCount="5" insertCount="309" extractCount="306" duration="19000"/>
			<Sample nodeCount="6" insertCount="371" extractCount="367" duration="31000"/>
			<Sample nodeCount="7" insertCount="432" extractCount="429" duration="27000"/>
			<Sample nodeCount="8" insertCount="493" extractCount="491" duration="34000"/>
			<Sample nodeCount="9" insertCount="556" extractCount="551" duration="39000"/>
			<Sample nodeCount="10" insertCount="618" extractCount="612" duration="44000"/>
			<Sample nodeCount="11" insertCount="679" extractCount="674" duration="53000"/>
			<Sample nodeCount="12" insertCount="741" extractCount="735" duration="56000"/>
			<Sample nodeCount="13" insertCount="804" extractCount="795" duration="104000"/>
			<Sample nodeCount="14" insertCount="865" extractCount="857" duration="69000"/>
			<Sample nodeCount="15" insertCount="926" extractCount="919" duration="77000"/>
			<Sample nodeCount="16" insertCount="989" extractCount="979" duration="80000"/>
			<Sample nodeCount="17" insertCount="1049" extractCount="1042" duration="87000"/>
			<Sample nodeCount="18" insertCount="1112" extractCount="1102" duration="96000"/>
			<Sample nodeCount="19" insertCount="1172" extractCount="1165" duration="101000"/>
			<Sample nodeCount="20" insertCount="1235" extractCount="1225" duration="107000"/>
			<Sample nodeCount="21" insertCount="1297" extractCount="1286" duration="123000"/>
			<Sample nodeCount="22" insertCount="1356" extractCount="1350" duration="130000"/>
			<Sample nodeCount="23" insertCount="1419" extractCount="1410" duration="126000"/>
			<Sample nodeCount="24" insertCount="1483" extractCount="1469" duration="134000"/>
			<Sample nodeCount="25" insertCount="1543" extractCount="1532" duration="144000"/>
			<Sample nodeCount="26" insertCount="1604" extractCount="1594" duration="151000"/>
			<Sample nodeCount="27" insertCount="1668" extractCount="1653" duration="158000"/>
			<Sample nodeCount="28" insertCount="1730" extractCount="1714" duration="167000"/>
			<Sample nodeCount="29" insertCount="1789" extractCount="1778" duration="176000"/>
			<Sample nodeCount="30" insertCount="1854" extractCount="1836" duration="181000"/>
			<Sample nodeCount="31" insertCount="1916" extractCount="1897" duration="190000"/>
			<Sample nodeCount="32" insertCount="1975" extractCount="1961" duration="195000"/>
			<Sample nodeCount="33" insertCount="2041" extractCount="2018" duration="209000"/>
			<Sample nodeCount="34" insertCount="2098" extractCount="2084" duration="218000"/>
			<Sample nodeCount="35" insertCount="2161" extractCount="2144" duration="227000"/>
			<Sample nodeCount="36" insertCount="2224" extractCount="2204" duration="237000"/>
			<Sample nodeCount="37" insertCount="2283" extractCount="2268" duration="243000"/>
			<Sample nodeCount="38" insertCount="2346" extractCount="2328" duration="249000"/>
			<Sample nodeCount="39" insertCount="2411" extractCount="2386" duration="289000"/>
			<Sample nodeCount="40" insertCount="2471" extractCount="2449" duration="267000"/>
			<Sample nodeCount="41" insertCount="2531" extractCount="2512" duration="272000"/>
			<Sample nodeCount="42" insertCount="2591" extractCount="2575" duration="283000"/>
			<Sample nodeCount="43" insertCount="2656" extractCount="2633" duration="288000"/>
			<Sample nodeCount="44" insertCount="2719" extractCount="2693" duration="295000"/>
			<Sample nodeCount="45" insertCount="2778" extractCount="2757" duration="304000"/>
			<Sample nodeCount="46" insertCount="2843" extractCount="2815" duration="328000"/>
			<Sample nodeCount="47" insertCount="2901" extractCount="2880" duration="317000"/>
			<Sample nodeCount="48" insertCount="2965" extractCount="2939" duration="328000"/>
			<Sample nodeCount="49" insertCount="3029" extractCount="2998" duration="333000"/>
			<Sample nodeCount="50" insertCount="3090" extractCount="3060" duration="354000"/>
			<Sample nodeCount="51" insertCount="3151" extractCount="3122" duration="423000"/>
			<Sample nodeCount="52" insertCount="3210" extractCount="3186" duration="364000"/>
			<Sample nodeCount="53" insertCount="3272" extractCount="3247" duration="364000"/>
			<Sample nodeCount="54" insertCount="3334" extractCount="3308" duration="371000"/>
			<Sample nodeCount="55" insertCount="3395" extractCount="3370" duration="382000"/>
			<Sample nodeCount="56" insertCount="3458" extractCount="3430" duration="390000"/>
			<Sample nodeCount="57" insertCount="3522" extractCount="3489" duration="397000"/>
			<Sample nodeCount="58" insertCount="3579" extractCount="3555" duration="405000"/>
			<Sample nodeCount="59" insertCount="3643" extractCount="3614" duration="418000"/>
			<Sample nodeCount="60" insertCount="3707" extractCount="3673" duration="423000"/>
			<Sample nodeCount="61" insertCount="3766" extractCount="3737" duration="467000"/>
			<Sample nodeCount="62" insertCount="3831" extractCount="3795" duration="444000"/>
			<Sample nodeCount="63" insertCount="3890" extractCount="3859" duration="451000"/>
			<Sample nodeCount="64" insertCount="3948" extractCount="3924" duration="465000"/>
			<Sample nodeCount="65" insertCount="4016" extractCount="3979" duration="472000"/>
			<Sample nodeCount="66" insertCount="4072" extractCount="4046" duration="479000"/>
			<Sample nodeCount="67" insertCount="4138" extractCount="4103" duration="487000"/>
			<Sample nodeCount="68" insertCount="4200" extractCount="4164" duration="501000"/>
			<Sample nodeCount="69" insertCount="4258" extractCount="4229" duration="536000"/>
			<Sample nodeCount="70" insertCount="4325" extractCount="4285" duration="681000"/>
			<Sample nodeCount="71" insertCount="4384" extractCount="4349" duration="622000"/>
			<Sample nodeCount="72" insertCount="4446" extractCount="4410" duration="644000"/>
			<Sample nodeCount="73" insertCount="4507" extractCount="4472" duration="594000"/>
			<Sample nodeCount="74" insertCount="4569" extractCount="4533" duration="558000"/>
			<Sample nodeCount="75" insertCount="4627" extractCount="4598" duration="569000"/>
			<Sample nodeCount="76" insertCount="4694" extractCount="4654" duration="610000"/>
			<Sample nodeCount="77" insertCount="4754" extractCount="4717" duration="581000"/>
			<Sample nodeCount="78" insertCount="4816" extractCount="4778" duration="593000"/>
			<Sample nodeCount="79" insertCount="4879" extractCount="4838" duration="619000"/>
			<Sample nodeCount="80" insertCount="4940" extractCount="4900" duration="612000"/>
			<Sample nodeCount="81" insertCount="5004" extractCount="4959" duration="615000"/>
			<Sample nodeCount="82" insertCount="5063" extractCount="5023" duration="669000"/>
			<Sample nodeCount="83" insertCount="5126" extractCount="5083" duration="694000"/>
			<Sample nodeCount="84" insertCount="5188" extractCount="5144" duration="716000"/>
			<Sample nodeCount="85" insertCount="5248" extractCount="5207" duration="712000"/>
			<Sample nodeCount="86" insertCount="5311" extractCount="5267" duration="768000"/>
			<Sample nodeCount="87" insertCount="5373" extractCount="5328" duration="749000"/>
			<Sample nodeCount="88" insertCount="5433" extractCount="5391" duration="758000"/>
			<Sample nodeCount="89" insertCount="5495" extractCount="5452" duration="708000"/>
			<Sample nodeCount="90" insertCount="5558" extractCount="5512" duration="746000"/>
			<Sample nodeCount="91" insertCount="5616" extractCount="5577" duration="736000"/>
			<Sample nodeCount="92" insertCount="5683" extractCount="5633" duration="734000"/>
			<Sample nodeCount="93" insertCount="5742" extractCount="5697" duration="784000"/>
			<Sample nodeCount="94" insertCount="5805" extractCount="5757" duration="812000"/>
			<Sample nodeCount="95" insertCount="5868" extractCount="5817" duration="781000"/>
			<Sample nodeCount="96" insertCount="5926" extractCount="5882" duration="780000"/>
			<Sample nodeCount="97" insertCount="5988" extractCount="5943" duration="788000"/>
			<Sample nodeCount="98" insertCount="6053" extractCount="6001" duration="836000"/>
			<Sample nodeCount="99" insertCount="6112" extractCount="6065" duration="810000"/>
			<Sample nodeCount="100" insertCount="6177" extractCount="6123" duration="897000"/>
			<Sample nodeCount="101" insertCount="6238" extractCount="6185" duration="833000"/>
			<Sample nodeCount="102" insertCount="6297" extractCount="6249" duration="846000"/>
			<Sample nodeCount="103" insertCount="6360" extractCount="6309" duration="877000"/>
			<Sample nodeCount="104" insertCount="6424" extractCount="6368" duration="864000"/>
			<Sample nodeCount="105" insertCount="6484" extractCount="6431" duration="874000"/>
			<Sample nodeCount="106" insertCount="6545" extractCount="6493" duration="893000"/>
			<Sample nodeCount="107" insertCount="6603" extractCount="6558" duration="900000"/>
			<Sample nodeCount="108" insertCount="6670" extractCount="6614" duration="929000"/>
			<Sample nodeCount="109" insertCount="6729" extractCount="6678" duration="919000"/>
			<Sample nodeCount="110" insertCount="6794" extractCount="6736" duration="923000"/>
			<Sample nodeCount="111" insertCount="6852" extractCount="6801" duration="933000"/>
			<Sample nodeCount="112" insertCount="6918" extractCount="6858" duration="952000"/>
			<Sample nodeCount="113" insertCount="6978" extractCount="6921" duration="955000"/>
			<Sample nodeCount="114" insertCount="7041" extractCount="6981" duration="969000"/>
			<Sample nodeCount="115" insertCount="7098" extractCount="7047" duration="980000"/>
			<Sample nodeCount="116" insertCount="7167" extractCount="7101" duration="987000"/>
			<Sample nodeCount="117" insertCount="7227" extractCount="7164" duration="996000"/>
			<Sample nodeCount="118" insertCount="7286" extractCount="7228" duration="1005000"/>
			<Sample nodeCount="119" insertCount="7347" extractCount="7290" duration="1014000"/>
			<Sample nodeCount="120" insertCount="7412" extractCount="7348" duration="1065000"/>
			<Sample nodeCount="121" insertCount="7469" extractCount="7414" duration="1028000"/>
			<Sample nodeCount="122" insertCount="7534" extractCount="7472" duration="1044000"/>
			<Sample nodeCount="123" insertCount="7595" extractCount="7534" duration="1056000"/>
			<Sample nodeCount="124" insertCount="7657" extractCount="7595" duration="1060000"/>
			<Sample nodeCount="125" insertCount="7718" extractCount="7657" duration="1066000"/>
			<Sample nodeCount="126" insertCount="7781" extractCount="7717" duration="1076000"/>
			<Sample nodeCount="127" insertCount="7838" extractCount="7783" duration="1088000"/>
			<Sample nodeCount="128" insertCount="7904" extractCount="7840" duration="1097000"/>
			<Sample nodeCount="129" insertCount="7967" extractCount="7900" duration="1103000"/>
			<Sample nodeCount="130" insertCount="8033" extractCount="7957" duration="1118000"/>
			<Sample nodeCount="131" insertCount="8088" extractCount="8025" duration="1128000"/>
			<Sample nodeCount="132" insertCount="8149" extractCount="8087" duration="1133000"/>
			<Sample nodeCount="133" insertCount="8215" extractCount="8144" duration="1144000"/>
			<Sample nodeCount="134" insertCount="8271" extractCount="8211" duration="1147000"/>
			<Sample nodeCount="135" insertCount="8331" extractCount="8274" duration="1156000"/>
			<Sample nodeCount="136" insertCount="8395" extractCount="8333" duration="1164000"/>
			<Sample nodeCount="137" insertCount="8458" extractCount="8393" duration="1180000"/>
			<Sample nodeCount="138" insertCount="8522" extractCount="8452" duration="1185000"/>
			<Sample nodeCount="139" insertCount="8585" extractCount="8512" duration="1192000"/>
			<Sample nodeCount="140" insertCount="8648" extractCount="8572" duration="1207000"/>
			<Sample nodeCount="141" insertCount="8714" extractCount="8629" duration="1234000"/>
			<Sample nodeCount="142" insertCount="8766" extractCount="8700" duration="1217000"/>
			<Sample nodeCount="143" insertCount="8829" extractCount="8760" duration="1231000"/>
			<Sample nodeCount="144" insertCount="8888" extractCount="8824" duration="1234000"/>
			<Sample nodeCount="145" insertCount="8957" extractCount="8878" duration="1253000"/>
			<Sample nodeCount="146" insertCount="9011" extractCount="8947" duration="1255000"/>
			<Sample nodeCount="147" insertCount="9080" extractCount="9001" duration="1359000"/>
			<Sample nodeCount="148" insertCount="9145" extractCount="9059" duration="1553000"/>
			<Sample nodeCount="149" insertCount="9203" extractCount="9124" duration="1428000"/>
			<Sample nodeCount="150" insertCount="9260" extractCount="9190" duration="1381000"/>
			<Sample nodeCount="151" insertCount="9321" extractCount="9252" duration="1426000"/>
			<Sample nodeCount="152" insertCount="9387" extractCount="9309" duration="1360000"/>
			<Sample nodeCount="153" insertCount="9446" extractCount="9373" duration="1430000"/>
			<Sample nodeCount="154" insertCount="9509" extractCount="9433" duration="1413000"/>
			<Sample nodeCount="155" insertCount="9576" extractCount="9489" duration="1350000"/>
			<Sample nodeCount="156" insertCount="9635" extractCount="9553" duration="1390000"/>
			<Sample nodeCount="157" insertCount="9693" extractCount="9618" duration="1354000"/>
			<Sample nodeCount="158" insertCount="9756" extractCount="9678" duration="1391000"/>
			<Sample nodeCount="159" insertCount="9820" extractCount="9737" duration="1438000"/>
			<Sample nodeCount="160" insertCount="9876" extractCount="9804" duration="1401000"/>
			<Sample nodeCount="161" insertCount="9940" extractCount="9863" duration="1409000"/>
			<Sample nodeCount="162" insertCount="9997" extractCount="9929" duration="1468000"/>
			<Sample nodeCount="163" insertCount="10062" extractCount="9987" duration="1433000"/>
			<Sample nodeCount="164" insertCount="10129" extractCount="10043" duration="1461000"/>
			<Sample nodeCount="165" insertCount="10188" extractCount="10107" duration="1502000"/>
			<Sample nodeCount="166" insertCount="10246" extractCount="10172" duration="1500000"/>
			<Sample nodeCount="167" insertCount="10312" extractCount="10229" duration="1509000"/>
			<Sample nodeCount="168" insertCount="10368" extractCount="10296" duration="1503000"/>
			<Sample nodeCount="169" insertCount="10428" extractCount="10359" duration="1573000"/>
			<Sample nodeCount="170" insertCount="10496" extractCount="10414" duration="1560000"/>
			<Sample nodeCount="171" insertCount="10554" extractCount="10479" duration="1536000"/>
			<Sample nodeCount="172" insertCount="10618" extractCount="10538" duration="1594000"/>
			<Sample nodeCount="173" insertCount="10684" extractCount="10595" duration="1561000"/>
			<Sample nodeCount="174" insertCount="10748" extractCount="10654" duration="1568000"/>
			<Sample nodeCount="175" insertCount="10802" extractCount="10723" duration="1611000"/>
			<Sample nodeCount="176" insertCount="10872" extractCount="10776" duration="1597000"/>
			<Sample nodeCount="177" insertCount="10926" extractCount="10845" duration="1613000"/>
			<Sample nodeCount="178" insertCount="10990" extractCount="10904" duration="1624000"/>
			<Sample nodeCount="179" insertCount="11053" extractCount="10964" duration="1640000"/>
			<Sample nodeCount="180" insertCount="11109" extractCount="11031" duration="1678000"/>
			<Sample nodeCount="181" insertCount="11179" extractCount="11084" duration="1683000"/>
			<Sample nodeCount="182" insertCount="11242" extractCount="11144" duration="1701000"/>
			<Sample nodeCount="183" insertCount="11300" extractCount="11209" duration="1787000"/>
			<Sample nodeCount="184" insertCount="11364" extractCount="11268" duration="1701000"/>
			<Sample nodeCount="185" insertCount="11423" extractCount="11332" duration="1709000"/>
			<Sample nodeCount="186" insertCount="11488" extractCount="11390" duration="1717000"/>
			<Sample nodeCount="187" insertCount="11547" extractCount="11454" duration="1721000"/>
			<Sample nodeCount="188" insertCount="11612" extractCount="11512" duration="1740000"/>
			<Sample nodeCount="189" insertCount="11676" extractCount="11571" duration="1789000"/>
			<Sample nodeCount="190" insertCount="11730" extractCount="11640" duration="1757000"/>
			<Sample nodeCount="191" insertCount="11791" extractCount="11702" duration="1816000"/>
			<Sample nodeCount="192" insertCount="11856" extractCount="11760" duration="1787000"/>
			<Sample nodeCount="193" insertCount="11919" extractCount="11820" duration="1792000"/>
			<Sample nodeCount="194" insertCount="11978" extractCount="11884" duration="1829000"/>
			<Sample nodeCount="195" insertCount="12047" extractCount="11938" duration="1822000"/>
			<Sample nodeCount="196" insertCount="12100" extractCount="12008" duration="1850000"/>
			<Sample nodeCount="197" insertCount="12158" extractCount="12073" duration="1845000"/>
			<Sample nodeCount="198" insertCount="12224" extractCount="12130" duration="1863000"/>
			<Sample nodeCount="199" insertCount="12290" extractCount="12187" duration="1869000"/>
			<Sample nodeCount="200" insertCount="12352" extractCount="12248" duration="1893000"/>
			<Sample nodeCount="201" insertCount="12410" extractCount="12313" duration="1890000"/>
			<Sample nodeCount="202" insertCount="12475" extractCount="12371" duration="1929000"/>
			<Sample nodeCount="203" insertCount="12532" extractCount="12437" duration="1913000"/>
			<Sample nodeCount="204" insertCount="12595" extractCount="12497" duration="1958000"/>
			<Sample nodeCount="205" insertCount="12657" extractCount="12558" duration="1937000"/>
			<Sample nodeCount="206" insertCount="12730" extractCount="12608" duration="1984000"/>
			<Sample nodeCount="207" insertCount="12784" extractCount="12677" duration="1950000"/>
			<Sample nodeCount="208" insertCount="12845" extractCount="12739" duration="1999000"/>
			<Sample nodeCount="209" insertCount="12909" extractCount="12798" duration="2027000"/>
			<Sample nodeCount="210" insertCount="12970" extractCount="12860" duration="2033000"/>
			<Sample nodeCount="211" insertCount="13027" extractCount="12926" duration="2004000"/>
			<Sample nodeCount="212" insertCount="13095" extractCount="12981" duration="2048000"/>
			<Sample nodeCount="213" insertCount="13153" extractCount="13046" duration="2027000"/>
			<Sample nodeCount="214" insertCount="13221" extractCount="13101" duration="2066000"/>
			<Sample nodeCount="215" insertCount="13277" extractCount="13168" duration="2052000"/>
			<Sample nodeCount="216" insertCount="13336" extractCount="13232" duration="2100000"/>
			<Sample nodeCount="217" insertCount="13394" extractCount="13297" duration="2067000"/>
			<Sample nodeCount="218" insertCount="13460" extractCount="13354" duration="2104000"/>
			<Sample nodeCount="219" insertCount="13522" extractCount="13415" duration="2085000"/>
			<Sample nodeCount="220" insertCount="13588" extractCount="13472" duration="2143000"/>
			<Sample nodeCount="221" insertCount="13649" extractCount="13534" duration="2114000"/>
			<Sample nodeCount="222" insertCount="13709" extractCount="13597" duration="2171000"/>
			<Sample nodeCount="223" insertCount="13776" extractCount="13653" duration="2138000"/>
			<Sample nodeCount="224" insertCount="13832" extractCount="13720" duration="2172000"/>
			<Sample nodeCount="225" insertCount="13892" extractCount="13783" duration="2154000"/>
			<Sample nodeCount="226" insertCount="13950" extractCount="13848" duration="2200000"/>
			<Sample nodeCount="227" insertCount="14015" extractCount="13906" duration="2196000"/>
			<Sample nodeCount="228" insertCount="14071" extractCount="13973" duration="2186000"/>
			<Sample nodeCount="229" insertCount="14142" extractCount="14025" duration="2227000"/>
			<Sample nodeCount="230" insertCount="14202" extractCount="14088" duration="2210000"/>
			<Sample nodeCount="231" insertCount="14267" extractCount="14146" duration="2241000"/>
			<Sample nodeCount="232" insertCount="14329" extractCount="14207" duration="2224000"/>
			<Sample nodeCount="233" insertCount="14392" extractCount="14267" duration="2240000"/>
			<Sample nodeCount="234" insertCount="14448" extractCount="14334" duration="2249000"/>
			<Sample nodeCount="235" insertCount="14511" extractCount="14394" duration="2269000"/>
			<Sample nodeCount="236" insertCount="14580" extractCount="14448" duration="2270000"/>
			<Sample nodeCount="237" insertCount="14637" extractCount="14514" duration="2286000"/>
			<Sample nodeCount="238" insertCount="14696" extractCount="14578" duration="2306000"/>
			<Sample nodeCount="239" insertCount="14755" extractCount="14642" duration="2315000"/>
			<Sample nodeCount="240" insertCount="14821" extractCount="14699" duration="2380000"/>
			<Sample nodeCount="241" insertCount="14880" extractCount="14763" duration="2404000"/>
			<Sample nodeCount="242" insertCount="14949" extractCount="14817" duration="2349000"/>
			<Sample nodeCount="243" insertCount="15005" extractCount="14884" duration="2376000"/>
			<Sample nodeCount="244" insertCount="15064" extractCount="14948" duration="2372000"/>
			<Sample nodeCount="245" insertCount="15128" extractCount="15007" duration="2419000"/>
			<Sample nodeCount="246" insertCount="15199" extractCount="15059" duration="2412000"/>
			<Sample nodeCount="247" insertCount="15254" extractCount="15127" duration="2422000"/>
			<Sample nodeCount="248" insertCount="15315" extractCount="15189" duration="2443000"/>
			<Sample nodeCount="249" insertCount="15379" extractCount="15248" duration="2432000"/>
			<Sample nodeCount="250" insertCount="15444" extractCount="15306" duration="2464000"/>
			<Sample nodeCount="251" insertCount="15501" extractCount="15372" duration="2467000"/>
			<Sample nodeCount="252" insertCount="15555" extractCount="15441" duration="2473000"/>
			<Sample nodeCount="253" insertCount="15616" extractCount="15503" duration="2487000"/>
			<Sample nodeCount="254" insertCount="15675" extractCount="15567" duration="2488000"/>
			<Sample nodeCount="255" insertCount="15751" extractCount="15614" duration="2501000"/>
		</SmallSetRandomOps>
		<LargeSetRandomOps>
		</LargeSetRandomOps>
		<SmallSetLinear>
			<Sample nodeCount="1" insertCount="10000" extractCount="10000" duration="101000"/>
			<Sample nodeCount="2" insertCount="10000" extractCount="10000" duration="247000"/>
			<Sample nodeCount="3" insertCount="10000" extractCount="10000" duration="511000"/>
			<Sample nodeCount="4" insertCount="10000" extractCount="10000" duration="742000"/>
			<Sample nodeCount="5" insertCount="10000" extractCount="10000" duration="1087000"/>
			<Sample nodeCount="6" insertCount="10000" extractCount="10000" duration="1122000"/>
			<Sample nodeCount="7" insertCount="10000" extractCount="10000" duration="1776000"/>
			<Sample nodeCount="8" insertCount="10000" extractCount="10000" duration="1775000"/>
			<Sample nodeCount="9" insertCount="10000" extractCount="10000" duration="2274000"/>
			<Sample nodeCount="10" insertCount="10000" extractCount="10000" duration="2607000"/>
			<Sample nodeCount="11" insertCount="10000" extractCount="10000" duration="2940000"/>
			<Sample nodeCount="12" insertCount="10000" extractCount="10000" duration="3455000"/>
			<Sample nodeCount="13" insertCount="10000" extractCount="10000" duration="3349000"/>
			<Sample nodeCount="14" insertCount="10000" extractCount="10000" duration="4253000"/>
			<Sample nodeCount="15" insertCount="10000" extractCount="10000" duration="6240000"/>
			<Sample nodeCount="16" insertCount="10000" extractCount="10000" duration="5397000"/>
			<Sample nodeCount="17" insertCount="10000" extractCount="10000" duration="7190000"/>
			<Sample nodeCount="18" insertCount="10000" extractCount="10000" duration="7412000"/>
			<Sample nodeCount="19" insertCount="10000" extractCount="10000" duration="6566000"/>
			<Sample nodeCount="20" insertCount="10000" extractCount="10000" duration="7359000"/>
			<Sample nodeCount="21" insertCount="10000" extractCount="10000" duration="8025000"/>
			<Sample nodeCount="22" insertCount="10000" extractCount="10000" duration="8728000"/>
			<Sample nodeCount="23" insertCount="10000" extractCount="10000" duration="9926000"/>
			<Sample nodeCount="24" insertCount="10000" extractCount="10000" duration="9496000"/>
			<Sample nodeCount="25" insertCount="10000" extractCount="10000" duration="11869000"/>
			<Sample nodeCount="26" insertCount="10000" extractCount="10000" duration="11356000"/>
			<Sample nodeCount="27" insertCount="10000" extractCount="10000" duration="12993000"/>
			<Sample nodeCount="28" insertCount="10000" extractCount="10000" duration="13721000"/>
			<Sample nodeCount="29" insertCount="10000" extractCount="10000" duration="14472000"/>
			<Sample nodeCount="30" insertCount="10000" extractCount="10000" duration="18936000"/>
			<Sample nodeCount="31" insertCount="10000" extractCount="10000" duration="19843000"/>
			<Sample nodeCount="32" insertCount="10000" extractCount="10000" duration="21915000"/>
			<Sample nodeCount="33" insertCount="10000" extractCount="10000" duration="22480000"/>
			<Sample nodeCount="34" insertCount="10000" extractCount="10000" duration="24598000"/>
			<Sample nodeCount="35" insertCount="10000" extractCount="10000" duration="24674000"/>
			<Sample nodeCount="36" insertCount="10000" extractCount="10000" duration="25857000"/>
			<Sample nodeCount="37" insertCount="10000" extractCount="10000" duration="26795000"/>
			<Sample nodeCount="38" insertCount="10000" extractCount="10000" duration="25662000"/>
			<Sample nodeCount="39" insertCount="10000" extractCount="10000" duration="26836000"/>
			<Sample nodeCount="40" insertCount="10000" extractCount="10000" duration="29376000"/>
			<Sample nodeCount="41" insertCount="10000" extractCount="10000" duration="31406000"/>
			<Sample nodeCount="42" insertCount="10000" extractCount="10000" duration="32065000"/>
			<Sample nodeCount="43" insertCount="10000" extractCount="10000" duration="33333000"/>
			<Sample nodeCount="44" insertCount="10000" extractCount="10000" duration="34137000"/>
			<Sample nodeCount="45" insertCount="10000" extractCount="10000" duration="35149000"/>
			<Sample nodeCount="46" insertCount="10000" extractCount="10000" duration="36815000"/>
			<Sample nodeCount="47" insertCount="10000" extractCount="10000" duration="36686000"/>
			<Sample nodeCount="48" insertCount="10000" extractCount="10000" duration="38173000"/>
			<Sample nodeCount="49" insertCount="10000" extractCount="10000" duration="40337000"/>
			<Sample nodeCount="50" insertCount="10000" extractCount="10000" duration="40826000"/>
			<Sample nodeCount="51" insertCount="10000" extractCount="10000" duration="41077000"/>
			<Sample nodeCount="52" insertCount="10000" extractCount="10000" duration="42417000"/>
			<Sample nodeCount="53" insertCount="10000" extractCount="10000" duration="44474000"/>
			<Sample nodeCount="54" insertCount="10000" extractCount="10000" duration="45221000"/>
			<Sample nodeCount="55" insertCount="10000" extractCount="10000" duration="45880000"/>
			<Sample nodeCount="56" insertCount="10000" extractCount="10000" duration="47116000"/>
			<Sample nodeCount="57" insertCount="10000" extractCount="10000" duration="48896000"/>
			<Sample nodeCount="58" insertCount="10000" extractCount="10000" duration="49665000"/>
			<Sample nodeCount="59" insertCount="10000" extractCount="10000" duration="50310000"/>
			<Sample nodeCount="60" insertCount="10000" extractCount="10000" duration="52621000"/>
			<Sample nodeCount="61" insertCount="10000" extractCount="10000" duration="53116000"/>
			<Sample nodeCount="62" insertCount="10000" extractCount="10000" duration="54559000"/>
			<Sample nodeCount="63" insertCount="10000" extractCount="10000" duration="55206000"/>
			<Sample nodeCount="64" insertCount="10000" extractCount="10000" duration="56127000"/>
			<Sample nodeCount="65" insertCount="10000" extractCount="10000" duration="57799000"/>
			<Sample nodeCount="66" insertCount="10000" extractCount="10000" duration="58352000"/>
			<Sample nodeCount="67" insertCount="10000" extractCount="10000" duration="61204000"/>
			<Sample nodeCount="68" insertCount="10000" extractCount="10000" duration="63975000"/>
			<Sample nodeCount="69" insertCount="10000" extractCount="10000" duration="62974000"/>
			<Sample nodeCount="70" insertCount="10000" extractCount="10000" duration="63844000"/>
			<Sample nodeCount="71" insertCount="10000" extractCount="10000" duration="64489000"/>
			<Sample nodeCount="72" insertCount="10000" extractCount="10000" duration="66312000"/>
			<Sample nodeCount="73" insertCount="10000" extractCount="10000" duration="66839000"/>
			<Sample nodeCount="74" insertCount="10000" extractCount="10000" duration="68606000"/>
			<Sample nodeCount="75" insertCount="10000" extractCount="10000" duration="69757000"/>
			<Sample nodeCount="76" insertCount="10000" extractCount="10000" duration="74932000"/>
			<Sample nodeCount="77" insertCount="10000" extractCount="10000" duration="72976000"/>
			<Sample nodeCount="78" insertCount="10000" extractCount="10000" duration="73238000"/>
			<Sample nodeCount="79" insertCount="10000" extractCount="10000" duration="74964000"/>
			<Sample nodeCount="80" insertCount="10000" extractCount="10000" duration="75712000"/>
			<Sample nodeCount="81" insertCount="10000" extractCount="10000" duration="76767000"/>
			<Sample nodeCount="82" insertCount="10000" extractCount="10000" duration="78608000"/>
			<Sample nodeCount="83" insertCount="10000" extractCount="10000" duration="78893000"/>
			<Sample nodeCount="84" insertCount="10000" extractCount="10000" duration="80431000"/>
			<Sample nodeCount="85" insertCount="10000" extractCount="10000" duration="81552000"/>
			<Sample nodeCount="86" insertCount="10000" extractCount="10000" duration="82854000"/>
			<Sample nodeCount="87" insertCount="10000" extractCount="10000" duration="83932000"/>
			<Sample nodeCount="88" insertCount="10000" extractCount="10000" duration="85563000"/>
			<Sample nodeCount="89" insertCount="10000" extractCount="10000" duration="90041000"/>
			<Sample nodeCount="90" insertCount="10000" extractCount="10000" duration="91157000"/>
			<Sample nodeCount="91" insertCount="10000" extractCount="10000" duration="91040000"/>
			<Sample nodeCount="92" insertCount="10000" extractCount="10000" duration="92045000"/>
			<Sample nodeCount="93" insertCount="10000" extractCount="10000" duration="91445000"/>
			<Sample nodeCount="94" insertCount="10000" extractCount="10000" duration="94495000"/>
			<Sample nodeCount="95" insertCount="10000" extractCount="10000" duration="96777000"/>
			<Sample nodeCount="96" insertCount="10000" extractCount="10000" duration="100487000"/>
			<Sample nodeCount="97" insertCount="10000" extractCount="10000" duration="101387000"/>
			<Sample nodeCount="98" insertCount="10000" extractCount="10000" duration="101345000"/>
			<Sample nodeCount="99" insertCount="10000" extractCount="10000" duration="102060000"/>
			<Sample nodeCount="100" insertCount="10000" extractCount="10000" duration="99366000"/>
			<Sample nodeCount="101" insertCount="10000" extractCount="10000" duration="101053000"/>
			<Sample nodeCount="102" insertCount="10000" extractCount="10000" duration="102474000"/>
			<Sample nodeCount="103" insertCount="10000" extractCount="10000" duration="103778000"/>
			<Sample nodeCount="104" insertCount="10000" extractCount="10000" duration="105066000"/>
			<Sample nodeCount="105" insertCount="10000" extractCount="10000" duration="106366000"/>
			<Sample nodeCount="106" insertCount="10000" extractCount="10000" duration="112798000"/>
			<Sample nodeCount="107" insertCount="10000" extractCount="10000" duration="113353000"/>
			<Sample nodeCount="108" insertCount="10000" extractCount="10000" duration="114516000"/>
			<Sample nodeCount="109" insertCount="10000" extractCount="10000" duration="112869000"/>
			<Sample nodeCount="110" insertCount="10000" extractCount="10000" duration="111749000"/>
			<Sample nodeCount="111" insertCount="10000" extractCount="10000" duration="114680000"/>
			<Sample nodeCount="112" insertCount="10000" extractCount="10000" duration="118305000"/>
			<Sample nodeCount="113" insertCount="10000" extractCount="10000" duration="124096000"/>
			<Sample nodeCount="114" insertCount="10000" extractCount="10000" duration="124423000"/>
			<Sample nodeCount="115" insertCount="10000" extractCount="10000" duration="123742000"/>
			<Sample nodeCount="116" insertCount="10000" extractCount="10000" duration="121543000"/>
			<Sample nodeCount="117" insertCount="10000" extractCount="10000" duration="124409000"/>
			<Sample nodeCount="118" insertCount="10000" extractCount="10000" duration="129145000"/>
			<Sample nodeCount="119" insertCount="10000" extractCount="10000" duration="129651000"/>
			<Sample nodeCount="120" insertCount="10000" extractCount="10000" duration="130486000"/>
			<Sample nodeCount="121" insertCount="10000" extractCount="10000" duration="131454000"/>
			<Sample nodeCount="122" insertCount="10000" extractCount="10000" duration="131826000"/>
			<Sample nodeCount="123" insertCount="10000" extractCount="10000" duration="127778000"/>
			<Sample nodeCount="124" insertCount="10000" extractCount="10000" duration="129798000"/>
			<Sample nodeCount="125" insertCount="10000" extractCount="10000" duration="140462000"/>
			<Sample nodeCount="126" insertCount="10000" extractCount="10000" duration="137926000"/>
			<Sample nodeCount="127" insertCount="10000" extractCount="10000" duration="139472000"/>
			<Sample nodeCount="128" insertCount="10000" extractCount="10000" duration="136828000"/>
			<Sample nodeCount="129" insertCount="10000" extractCount="10000" duration="145053000"/>
			<Sample nodeCount="130" insertCount="10000" extractCount="10000" duration="138404000"/>
			<Sample nodeCount="131" insertCount="10000" extractCount="10000" duration="139072000"/>
			<Sample nodeCount="132" insertCount="10000" extractCount="10000" duration="142075000"/>
			<Sample nodeCount="133" insertCount="10000" extractCount="10000" duration="142475000"/>
			<Sample nodeCount="134" insertCount="10000" extractCount="10000" duration="144828000"/>
			<Sample nodeCount="135" insertCount="10000" extractCount="10000" duration="146658000"/>
			<Sample nodeCount="136" insertCount="10000" extractCount="10000" duration="156061000"/>
			<Sample nodeCount="137" insertCount="10000" extractCount="10000" duration="152310000"/>
			<Sample nodeCount="138" insertCount="10000" extractCount="10000" duration="151874000"/>
			<Sample nodeCount="139" insertCount="10000" extractCount="10000" duration="157911000"/>
			<Sample nodeCount="140" insertCount="10000" extractCount="10000" duration="157927000"/>
			<Sample nodeCount="141" insertCount="10000" extractCount="10000" duration="156093000"/>
			<Sample nodeCount="142" insertCount="10000" extractCount="10000" duration="154264000"/>
			<Sample nodeCount="143" insertCount="10000" extractCount="10000" duration="156122000"/>
			<Sample nodeCount="144" insertCount="10000" extractCount="10000" duration="156072000"/>
			<Sample nodeCount="145" insertCount="10000" extractCount="10000" duration="157218000"/>
			<Sample nodeCount="146" insertCount="10000" extractCount="10000" duration="159057000"/>
			<Sample nodeCount="147" insertCount="10000" extractCount="10000" duration="159575000"/>
			<Sample nodeCount="148" insertCount="10000" extractCount="10000" duration="161539000"/>
			<Sample nodeCount="149" insertCount="10000" extractCount="10000" duration="161870000"/>
			<Sample nodeCount="150" insertCount="10000" extractCount="10000" duration="166531000"/>
			<Sample nodeCount="151" insertCount="10000" extractCount="10000" duration="165014000"/>
			<Sample nodeCount="152" insertCount="10000" extractCount="10000" duration="166411000"/>
			<Sample nodeCount="153" insertCount="10000" extractCount="10000" duration="168987000"/>
			<Sample nodeCount="154" insertCount="10000" extractCount="10000" duration="169174000"/>
			<Sample nodeCount="155" insertCount="10000" extractCount="10000" duration="169749000"/>
			<Sample nodeCount="156" insertCount="10000" extractCount="10000" duration="173791000"/>
			<Sample nodeCount="157" insertCount="10000" extractCount="10000" duration="173752000"/>
			<Sample nodeCount="158" insertCount="10000" extractCount="10000" duration="174324000"/>
			<Sample nodeCount="159" insertCount="10000" extractCount="10000" duration="178617000"/>
			<Sample nodeCount="160" insertCount="10000" extractCount="10000" duration="178347000"/>
			<Sample nodeCount="161" insertCount="10000" extractCount="10000" duration="178236000"/>
			<Sample nodeCount="162" insertCount="10000" extractCount="10000" duration="180594000"/>
			<Sample nodeCount="163" insertCount="10000" extractCount="10000" duration="190502000"/>
			<Sample nodeCount="164" insertCount="10000" extractCount="10000" duration="182599000"/>
			<Sample nodeCount="165" insertCount="10000" extractCount="10000" duration="179208000"/>
			<Sample nodeCount="166" insertCount="10000" extractCount="10000" duration="184443000"/>
			<Sample nodeCount="167" insertCount="10000" extractCount="10000" duration="184997000"/>
			<Sample nodeCount="168" insertCount="10000" extractCount="10000" duration="187915000"/>
			<Sample nodeCount="169" insertCount="10000" extractCount="10000" duration="199838000"/>
			<Sample nodeCount="170" insertCount="10000" extractCount="10000" duration="198757000"/>
			<Sample nodeCount="171" insertCount="10000" extractCount="10000" duration="191772000"/>
			<Sample nodeCount="172" insertCount="10000" extractCount="10000" duration="193192000"/>
			<Sample nodeCount="173" insertCount="10000" extractCount="10000" duration="207078000"/>
			<Sample nodeCount="174" insertCount="10000" extractCount="10000" duration="197325000"/>
			<Sample nodeCount="175" insertCount="10000" extractCount="10000" duration="197561000"/>
			<Sample nodeCount="176" insertCount="10000" extractCount="10000" duration="199928000"/>
			<Sample nodeCount="177" insertCount="10000" extractCount="10000" duration="206491000"/>
			<Sample nodeCount="178" insertCount="10000" extractCount="10000" duration="207758000"/>
			<Sample nodeCount="179" insertCount="10000" extractCount="10000" duration="201710000"/>
			<Sample nodeCount="180" insertCount="10000" extractCount="10000" duration="208640000"/>
			<Sample nodeCount="181" insertCount="10000" extractCount="10000" duration="219464000"/>
			<Sample nodeCount="182" insertCount="10000" extractCount="10000" duration="211636000"/>
			<Sample nodeCount="183" insertCount="10000" extractCount="10000" duration="219867000"/>
			<Sample nodeCount="184" insertCount="10000" extractCount="10000" duration="220049000"/>
			<Sample nodeCount="185" insertCount="10000" extractCount="10000" duration="222436000"/>
			<Sample nodeCount="186" insertCount="10000" extractCount="10000" duration="217037000"/>
			<Sample nodeCount="187" insertCount="10000" extractCount="10000" duration="213175000"/>
			<Sample nodeCount="188" insertCount="10000" extractCount="10000" duration="213953000"/>
			<Sample nodeCount="189" insertCount="10000" extractCount="10000" duration="216119000"/>
			<Sample nodeCount="190" insertCount="10000" extractCount="10000" duration="217809000"/>
			<Sample nodeCount="191" insertCount="10000" extractCount="10000" duration="217556000"/>
			<Sample nodeCount="192" insertCount="10000" extractCount="10000" duration="219758000"/>
			<Sample nodeCount="193" insertCount="10000" extractCount="10000" duration="219684000"/>
			<Sample nodeCount="194" insertCount="10000" extractCount="10000" duration="223315000"/>
			<Sample nodeCount="195" insertCount="10000" extractCount="10000" duration="224546000"/>
			<Sample nodeCount="196" insertCount="10000" extractCount="10000" duration="224406000"/>
			<Sample nodeCount="197" insertCount="10000" extractCount="10000" duration="227566000"/>
			<Sample nodeCount="198" insertCount="10000" extractCount="10000" duration="227711000"/>
			<Sample nodeCount="199" insertCount="10000" extractCount="10000" duration="229718000"/>
			<Sample nodeCount="200" insertCount="10000" extractCount="10000" duration="229873000"/>
			<Sample nodeCount="201" insertCount="10000" extractCount="10000" duration="231597000"/>
			<Sample nodeCount="202" insertCount="10000" extractCount="10000" duration="234437000"/>
			<Sample nodeCount="203" insertCount="10000" extractCount="10000" duration="233911000"/>
			<Sample nodeCount="204" insertCount="10000" extractCount="10000" duration="236740000"/>
			<Sample nodeCount="205" insertCount="10000" extractCount="10000" duration="237022000"/>
			<Sample nodeCount="206" insertCount="10000" extractCount="10000" duration="238939000"/>
			<Sample nodeCount="207" insertCount="10000" extractCount="10000" duration="240442000"/>
			<Sample nodeCount="208" insertCount="10000" extractCount="10000" duration="241253000"/>
			<Sample nodeCount="209" insertCount="10000" extractCount="10000" duration="241693000"/>
			<Sample nodeCount="210" insertCount="10000" extractCount="10000" duration="244918000"/>
			<Sample nodeCount="211" insertCount="10000" extractCount="10000" duration="246008000"/>
			<Sample nodeCount="212" insertCount="10000" extractCount="10000" duration="245671000"/>
			<Sample nodeCount="213" insertCount="10000" extractCount="10000" duration="249374000"/>
			<Sample nodeCount="214" insertCount="10000" extractCount="10000" duration="250496000"/>
			<Sample nodeCount="215" insertCount="10000" extractCount="10000" duration="252331000"/>
			<Sample nodeCount="216" insertCount="10000" extractCount="10000" duration="250386000"/>
			<Sample nodeCount="217" insertCount="10000" extractCount="10000" duration="254977000"/>
			<Sample nodeCount="218" insertCount="10000" extractCount="10000" duration="255037000"/>
			<Sample nodeCount="219" insertCount="10000" extractCount="10000" duration="257576000"/>
			<Sample nodeCount="220" insertCount="10000" extractCount="10000" duration="256169000"/>
			<Sample nodeCount="221" insertCount="10000" extractCount="10000" duration="260600000"/>
			<Sample nodeCount="222" insertCount="10000" extractCount="10000" duration="260246000"/>
			<Sample nodeCount="223" insertCount="10000" extractCount="10000" duration="266406000"/>
			<Sample nodeCount="224" insertCount="10000" extractCount="10000" duration="264131000"/>
			<Sample nodeCount="225" insertCount="10000" extractCount="10000" duration="275431000"/>
			<Sample nodeCount="226" insertCount="10000" extractCount="10000" duration="273861000"/>
			<Sample nodeCount="227" insertCount="10000" extractCount="10000" duration="273052000"/>
			<Sample nodeCount="228" insertCount="10000" extractCount="10000" duration="273785000"/>
			<Sample nodeCount="229" insertCount="10000" extractCount="10000" duration="273900000"/>
			<Sample nodeCount="230" insertCount="10000" extractCount="10000" duration="279885000"/>
			<Sample nodeCount="231" insertCount="10000" extractCount="10000" duration="285024000"/>
			<Sample nodeCount="232" insertCount="10000" extractCount="10000" duration="281153000"/>
			<Sample nodeCount="233" insertCount="10000" extractCount="10000" duration="278828000"/>
			<Sample nodeCount="234" insertCount="10000" extractCount="10000" duration="283419000"/>
			<Sample nodeCount="235" insertCount="10000" extractCount="10000" duration="285790000"/>
			<Sample nodeCount="236" insertCount="10000" extractCount="10000" duration="288060000"/>
			<Sample nodeCount="237" insertCount="10000" extractCount="10000" duration="287975000"/>
			<Sample nodeCount="238" insertCount="10000" extractCount="10000" duration="286755000"/>
			<Sample nodeCount="239" insertCount="10000" extractCount="10000" duration="292396000"/>
			<Sample nodeCount="240" insertCount="10000" extractCount="10000" duration="295782000"/>
			<Sample nodeCount="241" insertCount="10000" extractCount="10000" duration="296571000"/>
			<Sample nodeCount="242" insertCount="10000" extractCount="10000" duration="299650000"/>
			<Sample nodeCount="243" insertCount="10000" extractCount="10000" duration="299923000"/>
			<Sample nodeCount="244" insertCount="10000" extractCount="10000" duration="300556000"/>
			<Sample nodeCount="245" insertCount="10000" extractCount="10000" duration="295562000"/>
			<Sample nodeCount="246" insertCount="10000" extractCount="10000" duration="300892000"/>
			<Sample nodeCount="247" insertCount="10000" extractCount="10000" duration="303123000"/>
			<Sample nodeCount="248" insertCount="10000" extractCount="10000" duration="305938000"/>
			<Sample nodeCount="249" insertCount="10000" extractCount="10000" duration="305156000"/>
			<Sample nodeCount="250" insertCount="10000" extractCount="10000" duration="311039000"/>
			<Sample nodeCount="251" insertCount="10000" extractCount="10000" duration="306776000"/>
			<Sample nodeCount="252" insertCount="10000" extractCount="10000" duration="312733000"/>
			<Sample nodeCount="253" insertCount="10000" extractCount="10000" duration="311129000"/>
			<Sample nodeCount="254" insertCount="10000" extractCount="10000" duration="307650000"/>
			<Sample nodeCount="255" insertCount="10000" extractCount="10000" duration="307907000"/>
		</SmallSetLinear>
		<LargeSetLinear>
		</LargeSetLinear>
	</RBTest>
	<RBTest implementation="jemalloc" nodeSize="16">
		<SmallSetRandomOps>
			<Sample nodeCount="1" insertCount="62" extractCount="61" duration="2000"/>
			<Sample nodeCount="2" insertCount="123" extractCount="123" duration="5000"/>
			<Sample nodeCount="3" insertCount="185" extractCount="184" duration="10000"/>
			<Sample nodeCount="4" insertCount="247" extractCount="245" duration="14000"/>
			<Sample nodeCount="5" insertCount="308" extractCount="307" duration="19000"/>
			<Sample nodeCount="6" insertCount="371" extractCount="367" duration="24000"/>
			<Sample nodeCount="7" insertCount="433" extractCount="428" duration="31000"/>
			<Sample nodeCount="8" insertCount="493" extractCount="491" duration="35000"/>
			<Sample nodeCount="9" insertCount="557" extractCount="550" duration="41000"/>
			<Sample nodeCount="10" insertCount="617" extractCount="613" duration="47000"/>
			<Sample nodeCount="11" insertCount="680" extractCount="673" duration="53000"/>
			<Sample nodeCount="12" insertCount="741" extractCount="735" duration="62000"/>
			<Sample nodeCount="13" insertCount="802" extractCount="797" duration="66000"/>
			<Sample nodeCount="14" insertCount="866" extractCount="856" duration="73000"/>
			<Sample nodeCount="15" insertCount="926" extractCount="919" duration="79000"/>
			<Sample nodeCount="16" insertCount="989" extractCount="979" duration="85000"/>
			<Sample nodeCount="17" insertCount="1049" extractCount="1042" duration="94000"/>
			<Sample nodeCount="18" insertCount="1112" extractCount="1102" duration="100000"/>
			<Sample nodeCount="19" insertCount="1171" extractCount="1166" duration="109000"/>
			<Sample nodeCount="20" insertCount="1235" extractCount="1225" duration="117000"/>
			<Sample nodeCount="21" insertCount="1296" extractCount="1287" duration="122000"/>
			<Sample nodeCount="22" insertCount="1359" extractCount="1347" duration="128000"/>
			<Sample nodeCount="23" insertCount="1420" extractCount="1409" duration="173000"/>
			<Sample nodeCount="24" insertCount="1482" extractCount="1470" duration="143000"/>
			<Sample nodeCount="25" insertCount="1546" extractCount="1529" duration="146000"/>
			<Sample nodeCount="26" insertCount="1604" extractCount="1594" duration="155000"/>
			<Sample nodeCount="27" insertCount="1666" extractCount="1655" duration="160000"/>
			<Sample nodeCount="28" insertCount="1728" extractCount="1716" duration="168000"/>
			<Sample nodeCount="29" insertCount="1791" extractCount="1776" duration="177000"/>
			<Sample nodeCount="30" insertCount="1852" extractCount="1838" duration="182000"/>
			<Sample nodeCount="31" insertCount="1914" extractCount="1899" duration="191000"/>
			<Sample nodeCount="32" insertCount="1976" extractCount="1960" duration="196000"/>
			<Sample nodeCount="33" insertCount="2039" extractCount="2020" duration="202000"/>
			<Sample nodeCount="34" insertCount="2099" extractCount="2083" duration="209000"/>
			<Sample nodeCount="35" insertCount="2163" extractCount="2142" duration="217000"/>
			<Sample nodeCount="36" insertCount="2224" extractCount="2204" duration="224000"/>
			<Sample nodeCount="37" insertCount="2285" extractCount="2266" duration="232000"/>
			<Sample nodeCount="38" insertCount="2346" extractCount="2328" duration="240000"/>
			<Sample nodeCount="39" insertCount="2409" extractCount="2388" duration="247000"/>
			<Sample nodeCount="40" insertCount="2470" extractCount="2450" duration="256000"/>
			<Sample nodeCount="41" insertCount="2532" extractCount="2511" duration="262000"/>
			<Sample nodeCount="42" insertCount="2589" extractCount="2577" duration="267000"/>
			<Sample nodeCount="43" insertCount="2655" extractCount="2634" duration="0"/>
			<Sample nodeCount="44" insertCount="2714" extractCount="2698" duration="0"/>
			<Sample nodeCount="45" insertCount="2781" extractCount="2754" duration="0"/>
			<Sample nodeCount="46" insertCount="2842" extractCount="2816" duration="0"/>
			<Sample nodeCount="47" insertCount="2903" extractCount="2878" duration="0"/>
			<Sample nodeCount="48" insertCount="2962" extractCount="2942" duration="0"/>
			<Sample nodeCount="49" insertCount="3022" extractCount="3005" duration="0"/>
			<Sample nodeCount="50" insertCount="3090" extractCount="3060" duration="0"/>
			<Sample nodeCount="51" insertCount="3150" extractCount="3123" duration="0"/>
			<Sample nodeCount="52" insertCount="3209" extractCount="3187" duration="0"/>
			<Sample nodeCount="53" insertCount="3275" extractCount="3244" duration="0"/>
			<Sample nodeCount="54" insertCount="3334" extractCount="3308" duration="0"/>
			<Sample nodeCount="55" insertCount="3397" extractCount="3368" duration="307000"/>
			<Sample nodeCount="56" insertCount="3456" extractCount="3432" duration="374000"/>
			<Sample nodeCount="57" insertCount="3517" extractCount="3494" duration="383000"/>
			<Sample nodeCount="58" insertCount="3584" extractCount="3550" duration="392000"/>
			<Sample nodeCount="59" insertCount="3645" extractCount="3612" duration="399000"/>
			<Sample nodeCount="60" insertCount="3706" extractCount="3674" duration="405000"/>
			<Sample nodeCount="61" insertCount="3770" extractCount="3733" duration="414000"/>
			<Sample nodeCount="62" insertCount="3826" extractCount="3800" duration="421000"/>
			<Sample nodeCount="63" insertCount="3891" extractCount="3858" duration="430000"/>
			<Sample nodeCount="64" insertCount="3953" extractCount="3919" duration="435000"/>
			<Sample nodeCount="65" insertCount="4013" extractCount="3982" duration="468000"/>
			<Sample nodeCount="66" insertCount="4075" extractCount="4043" duration="450000"/>
			<Sample nodeCount="67" insertCount="4141" extractCount="4100" duration="460000"/>
			<Sample nodeCount="68" insertCount="4198" extractCount="4166" duration="469000"/>
			<Sample nodeCount="69" insertCount="4258" extractCount="4229" duration="474000"/>
			<Sample nodeCount="70" insertCount="4325" extractCount="4285" duration="482000"/>
			<Sample nodeCount="71" insertCount="4383" extractCount="4350" duration="492000"/>
			<Sample nodeCount="72" insertCount="4447" extractCount="4409" duration="496000"/>
			<Sample nodeCount="73" insertCount="4506" extractCount="4473" duration="531000"/>
			<Sample nodeCount="74" insertCount="4570" extractCount="4532" duration="516000"/>
			<Sample nodeCount="75" insertCount="4634" extractCount="4591" duration="522000"/>
			<Sample nodeCount="76" insertCount="4692" extractCount="4656" duration="533000"/>
			<Sample nodeCount="77" insertCount="4753" extractCount="4718" duration="542000"/>
			<Sample nodeCount="78" insertCount="4817" extractCount="4777" duration="550000"/>
			<Sample nodeCount="79" insertCount="4878" extractCount="4839" duration="566000"/>
			<Sample nodeCount="80" insertCount="4936" extractCount="4904" duration="591000"/>
			<Sample nodeCount="81" insertCount="5003" extractCount="4960" duration="575000"/>
			<Sample nodeCount="82" insertCount="5062" extractCount="5024" duration="580000"/>
			<Sample nodeCount="83" insertCount="5123" extractCount="5086" duration="594000"/>
			<Sample nodeCount="84" insertCount="5189" extractCount="5143" duration="603000"/>
			<Sample nodeCount="85" insertCount="5251" extractCount="5204" duration="607000"/>
			<Sample nodeCount="86" insertCount="5312" extractCount="5266" duration="621000"/>
			<Sample nodeCount="87" insertCount="5375" extractCount="5326" duration="626000"/>
			<Sample nodeCount="88" insertCount="5434" extractCount="5390" duration="634000"/>
			<Sample nodeCount="89" insertCount="5496" extractCount="5451" duration="641000"/>
			<Sample nodeCount="90" insertCount="5556" extractCount="5514" duration="648000"/>
			<Sample nodeCount="91" insertCount="5621" extractCount="5572" duration="657000"/>
			<Sample nodeCount="92" insertCount="5676" extractCount="5640" duration="723000"/>
			<Sample nodeCount="93" insertCount="5739" extractCount="5700" duration="676000"/>
			<Sample nodeCount="94" insertCount="5803" extractCount="5759" duration="686000"/>
			<Sample nodeCount="95" insertCount="5862" extractCount="5823" duration="694000"/>
			<Sample nodeCount="96" insertCount="5928" extractCount="5880" duration="697000"/>
			<Sample nodeCount="97" insertCount="5987" extractCount="5944" duration="712000"/>
			<Sample nodeCount="98" insertCount="6051" extractCount="6003" duration="716000"/>
			<Sample nodeCount="99" insertCount="6112" extractCount="6065" duration="727000"/>
			<Sample nodeCount="100" insertCount="6180" extractCount="6120" duration="732000"/>
			<Sample nodeCount="101" insertCount="6237" extractCount="6186" duration="743000"/>
			<Sample nodeCount="102" insertCount="6298" extractCount="6248" duration="745000"/>
			<Sample nodeCount="103" insertCount="6365" extractCount="6304" duration="758000"/>
			<Sample nodeCount="104" insertCount="6422" extractCount="6370" duration="798000"/>
			<Sample nodeCount="105" insertCount="6484" extractCount="6431" duration="771000"/>
			<Sample nodeCount="106" insertCount="6544" extractCount="6494" duration="788000"/>
			<Sample nodeCount="107" insertCount="6607" extractCount="6554" duration="792000"/>
			<Sample nodeCount="108" insertCount="6667" extractCount="6617" duration="800000"/>
			<Sample nodeCount="109" insertCount="6727" extractCount="6680" duration="842000"/>
			<Sample nodeCount="110" insertCount="6793" extractCount="6737" duration="818000"/>
			<Sample nodeCount="111" insertCount="6855" extractCount="6798" duration="826000"/>
			<Sample nodeCount="112" insertCount="6917" extractCount="6859" duration="831000"/>
			<Sample nodeCount="113" insertCount="6977" extractCount="6922" duration="840000"/>
			<Sample nodeCount="114" insertCount="7044" extractCount="6978" duration="880000"/>
			<Sample nodeCount="115" insertCount="7101" extractCount="7044" duration="856000"/>
			<Sample nodeCount="116" insertCount="7163" extractCount="7105" duration="871000"/>
			<Sample nodeCount="117" insertCount="7228" extractCount="7163" duration="875000"/>
			<Sample nodeCount="118" insertCount="7287" extractCount="7227" duration="904000"/>
			<Sample nodeCount="119" insertCount="7351" extractCount="7286" duration="895000"/>
			<Sample nodeCount="120" insertCount="7412" extractCount="7348" duration="903000"/>
			<Sample nodeCount="121" insertCount="7474" extractCount="7409" duration="911000"/>
			<Sample nodeCount="122" insertCount="7532" extractCount="7474" duration="914000"/>
			<Sample nodeCount="123" insertCount="7598" extractCount="7531" duration="973000"/>
			<Sample nodeCount="124" insertCount="7657" extractCount="7595" duration="934000"/>
			<Sample nodeCount="125" insertCount="7715" extractCount="7660" duration="949000"/>
			<Sample nodeCount="126" insertCount="7781" extractCount="7717" duration="954000"/>
			<Sample nodeCount="127" insertCount="7845" extractCount="7776" duration="1002000"/>
			<Sample nodeCount="128" insertCount="7904" extractCount="7840" duration="970000"/>
			<Sample nodeCount="129" insertCount="7970" extractCount="7897" duration="975000"/>
			<Sample nodeCount="130" insertCount="8029" extractCount="7961" duration="988000"/>
			<Sample nodeCount="131" insertCount="8091" extractCount="8022" duration="1027000"/>
			<Sample nodeCount="132" insertCount="8154" extractCount="8082" duration="1000000"/>
			<Sample nodeCount="133" insertCount="8208" extractCount="8151" duration="1014000"/>
			<Sample nodeCount="134" insertCount="8272" extractCount="8210" duration="1024000"/>
			<Sample nodeCount="135" insertCount="8340" extractCount="8265" duration="1063000"/>
			<Sample nodeCount="136" insertCount="8399" extractCount="8329" duration="1040000"/>
			<Sample nodeCount="137" insertCount="8459" extractCount="8392" duration="1050000"/>
			<Sample nodeCount="138" insertCount="8522" extractCount="8452" duration="1058000"/>
			<Sample nodeCount="139" insertCount="8578" extractCount="8519" duration="1110000"/>
			<Sample nodeCount="140" insertCount="8643" extractCount="8577" duration="1076000"/>
			<Sample nodeCount="141" insertCount="8707" extractCount="8636" duration="1086000"/>
			<Sample nodeCount="142" insertCount="8768" extractCount="8698" duration="1130000"/>
			<Sample nodeCount="143" insertCount="8829" extractCount="8760" duration="1099000"/>
			<Sample nodeCount="144" insertCount="8892" extractCount="8820" duration="1108000"/>
			<Sample nodeCount="145" insertCount="8955" extractCount="8880" duration="1115000"/>
			<Sample nodeCount="146" insertCount="9014" extractCount="8944" duration="1161000"/>
			<Sample nodeCount="147" insertCount="9079" extractCount="9002" duration="1141000"/>
			<Sample nodeCount="148" insertCount="9139" extractCount="9065" duration="1141000"/>
			<Sample nodeCount="149" insertCount="9198" extractCount="9129" duration="1179000"/>
			<Sample nodeCount="150" insertCount="9263" extractCount="9187" duration="1162000"/>
			<Sample nodeCount="151" insertCount="9329" extractCount="9244" duration="1167000"/>
			<Sample nodeCount="152" insertCount="9388" extractCount="9308" duration="1178000"/>
			<Sample nodeCount="153" insertCount="9450" extractCount="9369" duration="1190000"/>
			<Sample nodeCount="154" insertCount="9516" extractCount="9426" duration="1200000"/>
			<Sample nodeCount="155" insertCount="9572" extractCount="9493" duration="1210000"/>
			<Sample nodeCount="156" insertCount="9633" extractCount="9555" duration="1209000"/>
			<Sample nodeCount="157" insertCount="9693" extractCount="9618" duration="1223000"/>
			<Sample nodeCount="158" insertCount="9760" extractCount="9674" duration="1231000"/>
			<Sample nodeCount="159" insertCount="9817" extractCount="9740" duration="1241000"/>
			<Sample nodeCount="160" insertCount="9881" extractCount="9799" duration="1259000"/>
			<Sample nodeCount="161" insertCount="9941" extractCount="9862" duration="1253000"/>
			<Sample nodeCount="162" insertCount="10005" extractCount="9921" duration="1265000"/>
			<Sample nodeCount="163" insertCount="10066" extractCount="9983" duration="1268000"/>
			<Sample nodeCount="164" insertCount="10121" extractCount="10051" duration="1277000"/>
			<Sample nodeCount="165" insertCount="10187" extractCount="10108" duration="1296000"/>
			<Sample nodeCount="166" insertCount="10249" extractCount="10169" duration="1301000"/>
			<Sample nodeCount="167" insertCount="10314" extractCount="10227" duration="1312000"/>
			<Sample nodeCount="168" insertCount="10374" extractCount="10290" duration="1390000"/>
			<Sample nodeCount="169" insertCount="10435" extractCount="10352" duration="1366000"/>
			<Sample nodeCount="170" insertCount="10492" extractCount="10418" duration="1334000"/>
			<Sample nodeCount="171" insertCount="10561" extractCount="10472" duration="1339000"/>
			<Sample nodeCount="172" insertCount="10620" extractCount="10536" duration="1411000"/>
			<Sample nodeCount="173" insertCount="10679" extractCount="10600" duration="1364000"/>
			<Sample nodeCount="174" insertCount="10748" extractCount="10654" duration="1368000"/>
			<Sample nodeCount="175" insertCount="10806" extractCount="10719" duration="1572000"/>
			<Sample nodeCount="176" insertCount="10869" extractCount="10779" duration="1429000"/>
			<Sample nodeCount="177" insertCount="10930" extractCount="10841" duration="1440000"/>
			<Sample nodeCount="178" insertCount="10990" extractCount="10904" duration="1413000"/>
			<Sample nodeCount="179" insertCount="11054" extractCount="10963" duration="1441000"/>
			<Sample nodeCount="180" insertCount="11112" extractCount="11028" duration="1598000"/>
			<Sample nodeCount="181" insertCount="11178" extractCount="11085" duration="1433000"/>
			<Sample nodeCount="182" insertCount="11233" extractCount="11153" duration="1456000"/>
			<Sample nodeCount="183" insertCount="11299" extractCount="11210" duration="1608000"/>
			<Sample nodeCount="184" insertCount="11365" extractCount="11267" duration="1462000"/>
			<Sample nodeCount="185" insertCount="11419" extractCount="11336" duration="1518000"/>
			<Sample nodeCount="186" insertCount="11486" extractCount="11392" duration="1480000"/>
			<Sample nodeCount="187" insertCount="11546" extractCount="11455" duration="1488000"/>
			<Sample nodeCount="188" insertCount="11607" extractCount="11517" duration="1532000"/>
			<Sample nodeCount="189" insertCount="11670" extractCount="11577" duration="1503000"/>
			<Sample nodeCount="190" insertCount="11736" extractCount="11634" duration="1520000"/>
			<Sample nodeCount="191" insertCount="11799" extractCount="11694" duration="1577000"/>
			<Sample nodeCount="192" insertCount="11854" extractCount="11762" duration="1539000"/>
			<Sample nodeCount="193" insertCount="11918" extractCount="11821" duration="1580000"/>
			<Sample nodeCount="194" insertCount="11985" extractCount="11877" duration="1596000"/>
			<Sample nodeCount="195" insertCount="12041" extractCount="11944" duration="1561000"/>
			<Sample nodeCount="196" insertCount="12104" extractCount="12004" duration="1579000"/>
			<Sample nodeCount="197" insertCount="12165" extractCount="12066" duration="1588000"/>
			<Sample nodeCount="198" insertCount="12222" extractCount="12132" duration="1589000"/>
			<Sample nodeCount="199" insertCount="12280" extractCount="12197" duration="1601000"/>
			<Sample nodeCount="200" insertCount="12352" extractCount="12248" duration="1611000"/>
			<Sample nodeCount="201" insertCount="12410" extractCount="12313" duration="1615000"/>
			<Sample nodeCount="202" insertCount="12482" extractCount="12364" duration="1628000"/>
			<Sample nodeCount="203" insertCount="12530" extractCount="12439" duration="1641000"/>
			<Sample nodeCount="204" insertCount="12600" extractCount="12492" duration="1654000"/>
			<Sample nodeCount="205" insertCount="12658" extractCount="12557" duration="1664000"/>
			<Sample nodeCount="206" insertCount="12723" extractCount="12615" duration="1692000"/>
			<Sample nodeCount="207" insertCount="12785" extractCount="12676" duration="1675000"/>
			<Sample nodeCount="208" insertCount="12841" extractCount="12743" duration="1717000"/>
			<Sample nodeCount="209" insertCount="12904" extractCount="12803" duration="1704000"/>
			<Sample nodeCount="210" insertCount="12972" extractCount="12858" duration="1711000"/>
			<Sample nodeCount="211" insertCount="13027" extractCount="12926" duration="1716000"/>
			<Sample nodeCount="212" insertCount="13089" extractCount="12987" duration="1724000"/>
			<Sample nodeCount="213" insertCount="13150" extractCount="13049" duration="1733000"/>
			<Sample nodeCount="214" insertCount="13214" extractCount="13108" duration="1741000"/>
			<Sample nodeCount="215" insertCount="13274" extractCount="13171" duration="1760000"/>
			<Sample nodeCount="216" insertCount="13337" extractCount="13231" duration="1764000"/>
			<Sample nodeCount="217" insertCount="13402" extractCount="13289" duration="1822000"/>
			<Sample nodeCount="218" insertCount="13461" extractCount="13353" duration="1856000"/>
			<Sample nodeCount="219" insertCount="13527" extractCount="13410" duration="1923000"/>
			<Sample nodeCount="220" insertCount="13585" extractCount="13475" duration="1993000"/>
			<Sample nodeCount="221" insertCount="13648" extractCount="13535" duration="1843000"/>
			<Sample nodeCount="222" insertCount="13708" extractCount="13598" duration="1818000"/>
			<Sample nodeCount="223" insertCount="13768" extractCount="13661" duration="2044000"/>
			<Sample nodeCount="224" insertCount="13836" extractCount="13716" duration="2027000"/>
			<Sample nodeCount="225" insertCount="13896" extractCount="13779" duration="1895000"/>
			<Sample nodeCount="226" insertCount="13953" extractCount="13845" duration="1887000"/>
			<Sample nodeCount="227" insertCount="14015" extractCount="13906" duration="1869000"/>
			<Sample nodeCount="228" insertCount="14081" extractCount="13963" duration="1923000"/>
			<Sample nodeCount="229" insertCount="14139" extractCount="14028" duration="1878000"/>
			<Sample nodeCount="230" insertCount="14198" extractCount="14092" duration="1921000"/>
			<Sample nodeCount="231" insertCount="14256" extractCount="14157" duration="1932000"/>
			<Sample nodeCount="232" insertCount="14324" extractCount="14212" duration="2239000"/>
			<Sample nodeCount="233" insertCount="14388" extractCount="14271" duration="2039000"/>
			<Sample nodeCount="234" insertCount="14449" extractCount="14333" duration="2008000"/>
			<Sample nodeCount="235" insertCount="14513" extractCount="14392" duration="1968000"/>
			<Sample nodeCount="236" insertCount="14569" extractCount="14459" duration="1988000"/>
			<Sample nodeCount="237" insertCount="14634" extractCount="14517" duration="1960000"/>
			<Sample nodeCount="238" insertCount="14698" extractCount="14576" duration="2001000"/>
			<Sample nodeCount="239" insertCount="14756" extractCount="14641" duration="2060000"/>
			<Sample nodeCount="240" insertCount="14822" extractCount="14698" duration="2177000"/>
			<Sample nodeCount="241" insertCount="14883" extractCount="14760" duration="2030000"/>
			<Sample nodeCount="242" insertCount="14941" extractCount="14825" duration="2002000"/>
			<Sample nodeCount="243" insertCount="15009" extractCount="14880" duration="2037000"/>
			<Sample nodeCount="244" insertCount="15067" extractCount="14945" duration="2039000"/>
			<Sample nodeCount="245" insertCount="15129" extractCount="15006" duration="2076000"/>
			<Sample nodeCount="246" insertCount="15190" extractCount="15068" duration="2084000"/>
			<Sample nodeCount="247" insertCount="15255" extractCount="15126" duration="2120000"/>
			<Sample nodeCount="248" insertCount="15315" extractCount="15189" duration="2124000"/>
			<Sample nodeCount="249" insertCount="15379" extractCount="15248" duration="2078000"/>
			<Sample nodeCount="250" insertCount="15438" extractCount="15312" duration="2080000"/>
			<Sample nodeCount="251" insertCount="15500" extractCount="15373" duration="2094000"/>
			<Sample nodeCount="252" insertCount="15556" extractCount="15440" duration="2094000"/>
			<Sample nodeCount="253" insertCount="15618" extractCount="15501" duration="2149000"/>
			<Sample nodeCount="254" insertCount="15685" extractCount="15557" duration="2112000"/>
			<Sample nodeCount="255" insertCount="15747" extractCount="15618" duration="2196000"/>
		</SmallSetRandomOps>
		<LargeSetRandomOps>
		</LargeSetRandomOps>
		<SmallSetLinear>
			<Sample nodeCount="1" insertCount="10000" extractCount="10000" duration="76000"/>
			<Sample nodeCount="2" insertCount="10000" extractCount="10000" duration="220000"/>
			<Sample nodeCount="3" insertCount="10000" extractCount="10000" duration="344000"/>
			<Sample nodeCount="4" insertCount="10000" extractCount="10000" duration="518000"/>
			<Sample nodeCount="5" insertCount="10000" extractCount="10000" duration="885000"/>
			<Sample nodeCount="6" insertCount="10000" extractCount="10000" duration="920000"/>
			<Sample nodeCount="7" insertCount="10000" extractCount="10000" duration="1094000"/>
			<Sample nodeCount="8" insertCount="10000" extractCount="10000" duration="1275000"/>
			<Sample nodeCount="9" insertCount="10000" extractCount="10000" duration="1539000"/>
			<Sample nodeCount="10" insertCount="10000" extractCount="10000" duration="1830000"/>
			<Sample nodeCount="11" insertCount="10000" extractCount="10000" duration="1999000"/>
			<Sample nodeCount="12" insertCount="10000" extractCount="10000" duration="2168000"/>
			<Sample nodeCount="13" insertCount="10000" extractCount="10000" duration="2439000"/>
			<Sample nodeCount="14" insertCount="10000" extractCount="10000" duration="2581000"/>
			<Sample nodeCount="15" insertCount="10000" extractCount="10000" duration="2888000"/>
			<Sample nodeCount="16" insertCount="10000" extractCount="10000" duration="3194000"/>
			<Sample nodeCount="17" insertCount="10000" extractCount="10000" duration="3403000"/>
			<Sample nodeCount="18" insertCount="10000" extractCount="10000" duration="3563000"/>
			<Sample nodeCount="19" insertCount="10000" extractCount="10000" duration="3998000"/>
			<Sample nodeCount="20" insertCount="10000" extractCount="10000" duration="4073000"/>
			<Sample nodeCount="21" insertCount="10000" extractCount="10000" duration="4966000"/>
			<Sample nodeCount="22" insertCount="10000" extractCount="10000" duration="4575000"/>
			<Sample nodeCount="23" insertCount="10000" extractCount="10000" duration="4994000"/>
			<Sample nodeCount="24" insertCount="10000" extractCount="10000" duration="5163000"/>
			<Sample nodeCount="25" insertCount="10000" extractCount="10000" duration="5523000"/>
			<Sample nodeCount="26" insertCount="10000" extractCount="10000" duration="5643000"/>
			<Sample nodeCount="27" insertCount="10000" extractCount="10000" duration="5925000"/>
			<Sample nodeCount="28" insertCount="10000" extractCount="10000" duration="6138000"/>
			<Sample nodeCount="29" insertCount="10000" extractCount="10000" duration="6493000"/>
			<Sample nodeCount="30" insertCount="10000" extractCount="10000" duration="6778000"/>
			<Sample nodeCount="31" insertCount="10000" extractCount="10000" duration="7416000"/>
			<Sample nodeCount="32" insertCount="10000" extractCount="10000" duration="7302000"/>
			<Sample nodeCount="33" insertCount="10000" extractCount="10000" duration="7765000"/>
			<Sample nodeCount="34" insertCount="10000" extractCount="10000" duration="7850000"/>
			<Sample nodeCount="35" insertCount="10000" extractCount="10000" duration="8116000"/>
			<Sample nodeCount="36" insertCount="10000" extractCount="10000" duration="8848000"/>
			<Sample nodeCount="37" insertCount="10000" extractCount="10000" duration="8790000"/>
			<Sample nodeCount="38" insertCount="10000" extractCount="10000" duration="9114000"/>
			<Sample nodeCount="39" insertCount="10000" extractCount="10000" duration="9675000"/>
			<Sample nodeCount="40" insertCount="10000" extractCount="10000" duration="10348000"/>
			<Sample nodeCount="41" insertCount="10000" extractCount="10000" duration="9919000"/>
			<Sample nodeCount="42" insertCount="10000" extractCount="10000" duration="10327000"/>
			<Sample nodeCount="43" insertCount="10000" extractCount="10000" duration="10854000"/>
			<Sample nodeCount="44" insertCount="10000" extractCount="10000" duration="10812000"/>
			<Sample nodeCount="45" insertCount="10000" extractCount="10000" duration="11204000"/>
			<Sample nodeCount="46" insertCount="10000" extractCount="10000" duration="11323000"/>
			<Sample nodeCount="47" insertCount="10000" extractCount="10000" duration="12093000"/>
			<Sample nodeCount="48" insertCount="10000" extractCount="10000" duration="12338000"/>
			<Sample nodeCount="49" insertCount="10000" extractCount="10000" duration="12796000"/>
			<Sample nodeCount="50" insertCount="10000" extractCount="10000" duration="12887000"/>
			<Sample nodeCount="51" insertCount="10000" extractCount="10000" duration="13381000"/>
			<Sample nodeCount="52" insertCount="10000" extractCount="10000" duration="13296000"/>
			<Sample nodeCount="53" insertCount="10000" extractCount="10000" duration="13706000"/>
			<Sample nodeCount="54" insertCount="10000" extractCount="10000" duration="13943000"/>
			<Sample nodeCount="55" insertCount="10000" extractCount="10000" duration="14439000"/>
			<Sample nodeCount="56" insertCount="10000" extractCount="10000" duration="14816000"/>
			<Sample nodeCount="57" insertCount="10000" extractCount="10000" duration="14988000"/>
			<Sample nodeCount="58" insertCount="10000" extractCount="10000" duration="15416000"/>
			<Sample nodeCount="59" insertCount="10000" extractCount="10000" duration="15645000"/>
			<Sample nodeCount="60" insertCount="10000" extractCount="10000" duration="15716000"/>
			<Sample nodeCount="61" insertCount="10000" extractCount="10000" duration="16587000"/>
			<Sample nodeCount="62" insertCount="10000" extractCount="10000" duration="16954000"/>
			<Sample nodeCount="63" insertCount="10000" extractCount="10000" duration="17279000"/>
			<Sample nodeCount="64" insertCount="10000" extractCount="10000" duration="17514000"/>
			<Sample nodeCount="65" insertCount="10000" extractCount="10000" duration="17562000"/>
			<Sample nodeCount="66" insertCount="10000" extractCount="10000" duration="17719000"/>
			<Sample nodeCount="67" insertCount="10000" extractCount="10000" duration="18761000"/>
			<Sample nodeCount="68" insertCount="10000" extractCount="10000" duration="19050000"/>
			<Sample nodeCount="69" insertCount="10000" extractCount="10000" duration="18939000"/>
			<Sample nodeCount="70" insertCount="10000" extractCount="10000" duration="18893000"/>
			<Sample nodeCount="71" insertCount="10000" extractCount="10000" duration="19417000"/>
			<Sample nodeCount="72" insertCount="10000" extractCount="10000" duration="19642000"/>
			<Sample nodeCount="73" insertCount="10000" extractCount="10000" duration="20289000"/>
			<Sample nodeCount="74" insertCount="10000" extractCount="10000" duration="20303000"/>
			<Sample nodeCount="75" insertCount="10000" extractCount="10000" duration="20804000"/>
			<Sample nodeCount="76" insertCount="10000" extractCount="10000" duration="20916000"/>
			<Sample nodeCount="77" insertCount="10000" extractCount="10000" duration="21165000"/>
			<Sample nodeCount="78" insertCount="10000" extractCount="10000" duration="21475000"/>
			<Sample nodeCount="79" insertCount="10000" extractCount="10000" duration="22372000"/>
			<Sample nodeCount="80" insertCount="10000" extractCount="10000" duration="22452000"/>
			<Sample nodeCount="81" insertCount="10000" extractCount="10000" duration="22757000"/>
			<Sample nodeCount="82" insertCount="10000" extractCount="10000" duration="23899000"/>
			<Sample nodeCount="83" insertCount="10000" extractCount="10000" duration="24289000"/>
			<Sample nodeCount="84" insertCount="10000" extractCount="10000" duration="24520000"/>
			<Sample nodeCount="85" insertCount="10000" extractCount="10000" duration="25077000"/>
			<Sample nodeCount="86" insertCount="10000" extractCount="10000" duration="25786000"/>
			<Sample nodeCount="87" insertCount="10000" extractCount="10000" duration="25489000"/>
			<Sample nodeCount="88" insertCount="10000" extractCount="10000" duration="26096000"/>
			<Sample nodeCount="89" insertCount="10000" extractCount="10000" duration="26973000"/>
			<Sample nodeCount="90" insertCount="10000" extractCount="10000" duration="26658000"/>
			<Sample nodeCount="91" insertCount="10000" extractCount="10000" duration="26948000"/>
			<Sample nodeCount="92" insertCount="10000" extractCount="10000" duration="26897000"/>
			<Sample nodeCount="93" insertCount="10000" extractCount="10000" duration="27038000"/>
			<Sample nodeCount="94" insertCount="10000" extractCount="10000" duration="26876000"/>
			<Sample nodeCount="95" insertCount="10000" extractCount="10000" duration="27968000"/>
			<Sample nodeCount="96" insertCount="10000" extractCount="10000" duration="27871000"/>
			<Sample nodeCount="97" insertCount="10000" extractCount="10000" duration="28086000"/>
			<Sample nodeCount="98" insertCount="10000" extractCount="10000" duration="30459000"/>
			<Sample nodeCount="99" insertCount="10000" extractCount="10000" duration="29518000"/>
			<Sample nodeCount="100" insertCount="10000" extractCount="10000" duration="28842000"/>
			<Sample nodeCount="101" insertCount="10000" extractCount="10000" duration="30362000"/>
			<Sample nodeCount="102" insertCount="10000" extractCount="10000" duration="30568000"/>
			<Sample nodeCount="103" insertCount="10000" extractCount="10000" duration="32228000"/>
			<Sample nodeCount="104" insertCount="10000" extractCount="10000" duration="30617000"/>
			<Sample nodeCount="105" insertCount="10000" extractCount="10000" duration="32201000"/>
			<Sample nodeCount="106" insertCount="10000" extractCount="10000" duration="32488000"/>
			<Sample nodeCount="107" insertCount="10000" extractCount="10000" duration="31829000"/>
			<Sample nodeCount="108" insertCount="10000" extractCount="10000" duration="32276000"/>
			<Sample nodeCount="109" insertCount="10000" extractCount="10000" duration="32813000"/>
			<Sample nodeCount="110" insertCount="10000" extractCount="10000" duration="31993000"/>
			<Sample nodeCount="111" insertCount="10000" extractCount="10000" duration="32981000"/>
			<Sample nodeCount="112" insertCount="10000" extractCount="10000" duration="33650000"/>
			<Sample nodeCount="113" insertCount="10000" extractCount="10000" duration="33262000"/>
			<Sample nodeCount="114" insertCount="10000" extractCount="10000" duration="33655000"/>
			<Sample nodeCount="115" insertCount="10000" extractCount="10000" duration="34227000"/>
			<Sample nodeCount="116" insertCount="10000" extractCount="10000" duration="34318000"/>
			<Sample nodeCount="117" insertCount="10000" extractCount="10000" duration="34665000"/>
			<Sample nodeCount="118" insertCount="10000" extractCount="10000" duration="34699000"/>
			<Sample nodeCount="119" insertCount="10000" extractCount="10000" duration="35885000"/>
			<Sample nodeCount="120" insertCount="10000" extractCount="10000" duration="35991000"/>
			<Sample nodeCount="121" insertCount="10000" extractCount="10000" duration="36745000"/>
			<Sample nodeCount="122" insertCount="10000" extractCount="10000" duration="37673000"/>
			<Sample nodeCount="123" insertCount="10000" extractCount="10000" duration="37602000"/>
			<Sample nodeCount="124" insertCount="10000" extractCount="10000" duration="37304000"/>
			<Sample nodeCount="125" insertCount="10000" extractCount="10000" duration="37547000"/>
			<Sample nodeCount="126" insertCount="10000" extractCount="10000" duration="39862000"/>
			<Sample nodeCount="127" insertCount="10000" extractCount="10000" duration="41435000"/>
			<Sample nodeCount="128" insertCount="10000" extractCount="10000" duration="41881000"/>
			<Sample nodeCount="129" insertCount="10000" extractCount="10000" duration="40893000"/>
			<Sample nodeCount="130" insertCount="10000" extractCount="10000" duration="40493000"/>
			<Sample nodeCount="131" insertCount="10000" extractCount="10000" duration="41467000"/>
			<Sample nodeCount="132" insertCount="10000" extractCount="10000" duration="41139000"/>
			<Sample nodeCount="133" insertCount="10000" extractCount="10000" duration="41781000"/>
			<Sample nodeCount="134" insertCount="10000" extractCount="10000" duration="41652000"/>
			<Sample nodeCount="135" insertCount="10000" extractCount="10000" duration="43495000"/>
			<Sample nodeCount="136" insertCount="10000" extractCount="10000" duration="42783000"/>
			<Sample nodeCount="137" insertCount="10000" extractCount="10000" duration="43010000"/>
			<Sample nodeCount="138" insertCount="10000" extractCount="10000" duration="44053000"/>
			<Sample nodeCount="139" insertCount="10000" extractCount="10000" duration="45561000"/>
			<Sample nodeCount="140" insertCount="10000" extractCount="10000" duration="44744000"/>
			<Sample nodeCount="141" insertCount="10000" extractCount="10000" duration="44622000"/>
			<Sample nodeCount="142" insertCount="10000" extractCount="10000" duration="44888000"/>
			<Sample nodeCount="143" insertCount="10000" extractCount="10000" duration="44827000"/>
			<Sample nodeCount="144" insertCount="10000" extractCount="10000" duration="45477000"/>
			<Sample nodeCount="145" insertCount="10000" extractCount="10000" duration="45798000"/>
			<Sample nodeCount="146" insertCount="10000" extractCount="10000" duration="45908000"/>
			<Sample nodeCount="147" insertCount="10000" extractCount="10000" duration="49606000"/>
			<Sample nodeCount="148" insertCount="10000" extractCount="10000" duration="49969000"/>
			<Sample nodeCount="149" insertCount="10000" extractCount="10000" duration="49749000"/>
			<Sample nodeCount="150" insertCount="10000" extractCount="10000" duration="49322000"/>
			<Sample nodeCount="151" insertCount="10000" extractCount="10000" duration="52252000"/>
			<Sample nodeCount="152" insertCount="10000" extractCount="10000" duration="50340000"/>
			<Sample nodeCount="153" insertCount="10000" extractCount="10000" duration="48891000"/>
			<Sample nodeCount="154" insertCount="10000" extractCount="10000" duration="48660000"/>
			<Sample nodeCount="155" insertCount="10000" extractCount="10000" duration="49379000"/>
			<Sample nodeCount="156" insertCount="10000" extractCount="10000" duration="49276000"/>
			<Sample nodeCount="157" insertCount="10000" extractCount="10000" duration="49458000"/>
			<Sample nodeCount="158" insertCount="10000" extractCount="10000" duration="53356000"/>
			<Sample nodeCount="159" insertCount="10000" extractCount="10000" duration="54895000"/>
			<Sample nodeCount="160" insertCount="10000" extractCount="10000" duration="53793000"/>
			<Sample nodeCount="161" insertCount="10000" extractCount="10000" duration="54357000"/>
			<Sample nodeCount="162" insertCount="10000" extractCount="10000" duration="53884000"/>
			<Sample nodeCount="163" insertCount="10000" extractCount="10000" duration="55872000"/>
			<Sample nodeCount="164" insertCount="10000" extractCount="10000" duration="57190000"/>
			<Sample nodeCount="165" insertCount="10000" extractCount="10000" duration="56485000"/>
			<Sample nodeCount="166" insertCount="10000" extractCount="10000" duration="56400000"/>
			<Sample nodeCount="167" insertCount="10000" extractCount="10000" duration="55576000"/>
			<Sample nodeCount="168" insertCount="10000" extractCount="10000" duration="54916000"/>
			<Sample nodeCount="169" insertCount="10000" extractCount="10000" duration="54981000"/>
			<Sample nodeCount="170" insertCount="10000" extractCount="10000" duration="56417000"/>
			<Sample nodeCount="171" insertCount="10000" extractCount="10000" duration="55706000"/>
			<Sample nodeCount="172" insertCount="10000" extractCount="10000" duration="55093000"/>
			<Sample nodeCount="173" insertCount="10000" extractCount="10000" duration="56154000"/>
			<Sample nodeCount="174" insertCount="10000" extractCount="10000" duration="57815000"/>
			<Sample nodeCount="175" insertCount="10000" extractCount="10000" duration="59732000"/>
			<Sample nodeCount="176" insertCount="10000" extractCount="10000" duration="61449000"/>
			<Sample nodeCount="177" insertCount="10000" extractCount="10000" duration="61204000"/>
			<Sample nodeCount="178" insertCount="10000" extractCount="10000" duration="61643000"/>
			<Sample nodeCount="179" insertCount="10000" extractCount="10000" duration="64340000"/>
			<Sample nodeCount="180" insertCount="10000" extractCount="10000" duration="62913000"/>
			<Sample nodeCount="181" insertCount="10000" extractCount="10000" duration="62169000"/>
			<Sample nodeCount="182" insertCount="10000" extractCount="10000" duration="61691000"/>
			<Sample nodeCount="183" insertCount="10000" extractCount="10000" duration="61569000"/>
			<Sample nodeCount="184" insertCount="10000" extractCount="10000" duration="62581000"/>
			<Sample nodeCount="185" insertCount="10000" extractCount="10000" duration="62702000"/>
			<Sample nodeCount="186" insertCount="10000" extractCount="10000" duration="60405000"/>
			<Sample nodeCount="187" insertCount="10000" extractCount="10000" duration="60423000"/>
			<Sample nodeCount="188" insertCount="10000" extractCount="10000" duration="62089000"/>
			<Sample nodeCount="189" insertCount="10000" extractCount="10000" duration="61068000"/>
			<Sample nodeCount="190" insertCount="10000" extractCount="10000" duration="61323000"/>
			<Sample nodeCount="191" insertCount="10000" extractCount="10000" duration="63543000"/>
			<Sample nodeCount="192" insertCount="10000" extractCount="10000" duration="64091000"/>
			<Sample nodeCount="193" insertCount="10000" extractCount="10000" duration="64097000"/>
			<Sample nodeCount="194" insertCount="10000" extractCount="10000" duration="63978000"/>
			<Sample nodeCount="195" insertCount="10000" extractCount="10000" duration="65405000"/>
			<Sample nodeCount="196" insertCount="10000" extractCount="10000" duration="66475000"/>
			<Sample nodeCount="197" insertCount="10000" extractCount="10000" duration="65414000"/>
			<Sample nodeCount="198" insertCount="10000" extractCount="10000" duration="65166000"/>
			<Sample nodeCount="199" insertCount="10000" extractCount="10000" duration="66348000"/>
			<Sample nodeCount="200" insertCount="10000" extractCount="10000" duration="66528000"/>
			<Sample nodeCount="201" insertCount="10000" extractCount="10000" duration="66749000"/>
			<Sample nodeCount="202" insertCount="10000" extractCount="10000" duration="67359000"/>
			<Sample nodeCount="203" insertCount="10000" extractCount="10000" duration="67713000"/>
			<Sample nodeCount="204" insertCount="10000" extractCount="10000" duration="68691000"/>
			<Sample nodeCount="205" insertCount="10000" extractCount="10000" duration="67705000"/>
			<Sample nodeCount="206" insertCount="10000" extractCount="10000" duration="68216000"/>
			<Sample nodeCount="207" insertCount="10000" extractCount="10000" duration="69145000"/>
			<Sample nodeCount="208" insertCount="10000" extractCount="10000" duration="69448000"/>
			<Sample nodeCount="209" insertCount="10000" extractCount="10000" duration="69828000"/>
			<Sample nodeCount="210" insertCount="10000" extractCount="10000" duration="70082000"/>
			<Sample nodeCount="211" insertCount="10000" extractCount="10000" duration="70802000"/>
			<Sample nodeCount="212" insertCount="10000" extractCount="10000" duration="75339000"/>
			<Sample nodeCount="213" insertCount="10000" extractCount="10000" duration="72928000"/>
			<Sample nodeCount="214" insertCount="10000" extractCount="10000" duration="72439000"/>
			<Sample nodeCount="215" insertCount="10000" extractCount="10000" duration="76486000"/>
			<Sample nodeCount="216" insertCount="10000" extractCount="10000" duration="74023000"/>
			<Sample nodeCount="217" insertCount="10000" extractCount="10000" duration="76629000"/>
			<Sample nodeCount="218" insertCount="10000" extractCount="10000" duration="74232000"/>
			<Sample nodeCount="219" insertCount="10000" extractCount="10000" duration="73362000"/>
			<Sample nodeCount="220" insertCount="10000" extractCount="10000" duration="73466000"/>
			<Sample nodeCount="221" insertCount="10000" extractCount="10000" duration="73876000"/>
			<Sample nodeCount="222" insertCount="10000" extractCount="10000" duration="74968000"/>
			<Sample nodeCount="223" insertCount="10000" extractCount="10000" duration="75345000"/>
			<Sample nodeCount="224" insertCount="10000" extractCount="10000" duration="79364000"/>
			<Sample nodeCount="225" insertCount="10000" extractCount="10000" duration="77386000"/>
			<Sample nodeCount="226" insertCount="10000" extractCount="10000" duration="77166000"/>
			<Sample nodeCount="227" insertCount="10000" extractCount="10000" duration="77183000"/>
			<Sample nodeCount="228" insertCount="10000" extractCount="10000" duration="79465000"/>
			<Sample nodeCount="229" insertCount="10000" extractCount="10000" duration="79522000"/>
			<Sample nodeCount="230" insertCount="10000" extractCount="10000" duration="80932000"/>
			<Sample nodeCount="231" insertCount="10000" extractCount="10000" duration="81513000"/>
			<Sample nodeCount="232" insertCount="10000" extractCount="10000" duration="80402000"/>
			<Sample nodeCount="233" insertCount="10000" extractCount="10000" duration="79325000"/>
			<Sample nodeCount="234" insertCount="10000" extractCount="10000" duration="79337000"/>
			<Sample nodeCount="235" insertCount="10000" extractCount="10000" duration="80161000"/>
			<Sample nodeCount="236" insertCount="10000" extractCount="10000" duration="81656000"/>
			<Sample nodeCount="237" insertCount="10000" extractCount="10000" duration="81453000"/>
			<Sample nodeCount="238" insertCount="10000" extractCount="10000" duration="80792000"/>
			<Sample nodeCount="239" insertCount="10000" extractCount="10000" duration="80997000"/>
			<Sample nodeCount="240" insertCount="10000" extractCount="10000" duration="85487000"/>
			<Sample nodeCount="241" insertCount="10000" extractCount="10000" duration="84247000"/>
			<Sample nodeCount="242" insertCount="10000" extractCount="10000" duration="84381000"/>
			<Sample nodeCount="243" insertCount="10000" extractCount="10000" duration="83691000"/>
			<Sample nodeCount="244" insertCount="10000" extractCount="10000" duration="81950000"/>
			<Sample nodeCount="245" insertCount="10000" extractCount="10000" duration="82833000"/>
			<Sample nodeCount="246" insertCount="10000" extractCount="10000" duration="82590000"/>
			<Sample nodeCount="247" insertCount="10000" extractCount="10000" duration="83142000"/>
			<Sample nodeCount="248" insertCount="10000" extractCount="10000" duration="85154000"/>
			<Sample nodeCount="249" insertCount="10000" extractCount="10000" duration="84407000"/>
			<Sample nodeCount="250" insertCount="10000" extractCount="10000" duration="84495000"/>
			<Sample nodeCount="251" insertCount="10000" extractCount="10000" duration="81216000"/>
			<Sample nodeCount="252" insertCount="10000" extractCount="10000" duration="84641000"/>
			<Sample nodeCount="253" insertCount="10000" extractCount="10000" duration="84593000"/>
			<Sample nodeCount="254" insertCount="10000" extractCount="10000" duration="86950000"/>
			<Sample nodeCount="255" insertCount="10000" extractCount="10000" duration="88981000"/>
		</SmallSetLinear>
		<LargeSetLinear>
		</LargeSetLinear>
	</RBTest>
	<RBTest implementation="bheap" nodeSize="24">
		<SmallSetRandomOps>
			<Sample nodeCount="1" insertCount="62" extractCount="61" duration="2000"/>
			<Sample nodeCount="2" insertCount="123" extractCount="123" duration="4000"/>
			<Sample nodeCount="3" insertCount="185" extractCount="184" duration="8000"/>
			<Sample nodeCount="4" insertCount="247" extractCount="245" duration="10000"/>
			<Sample nodeCount="5" insertCount="308" extractCount="307" duration="14000"/>
			<Sample nodeCount="6" insertCount="371" extractCount="367" duration="18000"/>
			<Sample nodeCount="7" insertCount="433" extractCount="428" duration="22000"/>
			<Sample nodeCount="8" insertCount="493" extractCount="491" duration="25000"/>
			<Sample nodeCount="9" insertCount="557" extractCount="550" duration="29000"/>
			<Sample nodeCount="10" insertCount="617" extractCount="613" duration="32000"/>
			<Sample nodeCount="11" insertCount="680" extractCount="673" duration="36000"/>
			<Sample nodeCount="12" insertCount="741" extractCount="735" duration="40000"/>
			<Sample nodeCount="13" insertCount="802" extractCount="797" duration="44000"/>
			<Sample nodeCount="14" insertCount="866" extractCount="856" duration="48000"/>
			<Sample nodeCount="15" insertCount="926" extractCount="919" duration="51000"/>
			<Sample nodeCount="16" insertCount="989" extractCount="979" duration="55000"/>
			<Sample nodeCount="17" insertCount="1049" extractCount="1042" duration="59000"/>
			<Sample nodeCount="18" insertCount="1112" extractCount="1102" duration="62000"/>
			<Sample nodeCount="19" insertCount="1171" extractCount="1166" duration="66000"/>
			<Sample nodeCount="20" insertCount="1235" extractCount="1225" duration="69000"/>
			<Sample nodeCount="21" insertCount="1296" extractCount="1287" duration="73000"/>
			<Sample nodeCount="22" insertCount="1359" extractCount="1347" duration="88000"/>
			<Sample nodeCount="23" insertCount="1420" extractCount="1409" duration="91000"/>
			<Sample nodeCount="24" insertCount="1482" extractCount="1470" duration="84000"/>
			<Sample nodeCount="25" insertCount="1546" extractCount="1529" duration="89000"/>
			<Sample nodeCount="26" insertCount="1604" extractCount="1594" duration="94000"/>
			<Sample nodeCount="27" insertCount="1666" extractCount="1655" duration="99000"/>
			<Sample nodeCount="28" insertCount="1728" extractCount="1716" duration="102000"/>
			<Sample nodeCount="29" insertCount="1791" extractCount="1776" duration="151000"/>
			<Sample nodeCount="30" insertCount="1852" extractCount="1838" duration="109000"/>
			<Sample nodeCount="31" insertCount="1914" extractCount="1899" duration="114000"/>
			<Sample nodeCount="32" insertCount="1976" extractCount="1960" duration="118000"/>
			<Sample nodeCount="33" insertCount="2039" extractCount="2020" duration="120000"/>
			<Sample nodeCount="34" insertCount="2099" extractCount="2083" duration="123000"/>
			<Sample nodeCount="35" insertCount="2163" extractCount="2142" duration="128000"/>
			<Sample nodeCount="36" insertCount="2224" extractCount="2204" duration="131000"/>
			<Sample nodeCount="37" insertCount="2285" extractCount="2266" duration="135000"/>
			<Sample nodeCount="38" insertCount="2346" extractCount="2328" duration="136000"/>
			<Sample nodeCount="39" insertCount="2409" extractCount="2388" duration="142000"/>
			<Sample nodeCount="40" insertCount="2470" extractCount="2450" duration="145000"/>
			<Sample nodeCount="41" insertCount="2532" extractCount="2511" duration="148000"/>
			<Sample nodeCount="42" insertCount="2589" extractCount="2577" duration="152000"/>
			<Sample nodeCount="43" insertCount="2655" extractCount="2634" duration="176000"/>
			<Sample nodeCount="44" insertCount="2714" extractCount="2698" duration="161000"/>
			<Sample nodeCount="45" insertCount="2781" extractCount="2754" duration="165000"/>
			<Sample nodeCount="46" insertCount="2842" extractCount="2816" duration="167000"/>
			<Sample nodeCount="47" insertCount="2903" extractCount="2878" duration="172000"/>
			<Sample nodeCount="48" insertCount="2962" extractCount="2942" duration="176000"/>
			<Sample nodeCount="49" insertCount="3022" extractCount="3005" duration="180000"/>
			<Sample nodeCount="50" insertCount="3090" extractCount="3060" duration="185000"/>
			<Sample nodeCount="51" insertCount="3150" extractCount="3123" duration="188000"/>
			<Sample nodeCount="52" insertCount="3209" extractCount="3187" duration="193000"/>
			<Sample nodeCount="53" insertCount="3275" extractCount="3244" duration="198000"/>
			<Sample nodeCount="54" insertCount="3334" extractCount="3308" duration="203000"/>
			<Sample nodeCount="55" insertCount="3397" extractCount="3368" duration="249000"/>
			<Sample nodeCount="56" insertCount="3456" extractCount="3432" duration="210000"/>
			<Sample nodeCount="57" insertCount="3517" extractCount="3494" duration="214000"/>
			<Sample nodeCount="58" insertCount="3584" extractCount="3550" duration="217000"/>
			<Sample nodeCount="59" insertCount="3645" extractCount="3612" duration="224000"/>
			<Sample nodeCount="60" insertCount="3706" extractCount="3674" duration="226000"/>
			<Sample nodeCount="61" insertCount="3770" extractCount="3733" duration="233000"/>
			<Sample nodeCount="62" insertCount="3826" extractCount="3800" duration="235000"/>
			<Sample nodeCount="63" insertCount="3891" extractCount="3858" duration="239000"/>
			<Sample nodeCount="64" insertCount="3953" extractCount="3919" duration="245000"/>
			<Sample nodeCount="65" insertCount="4013" extractCount="3982" duration="247000"/>
			<Sample nodeCount="66" insertCount="4075" extractCount="4043" duration="252000"/>
			<Sample nodeCount="67" insertCount="4141" extractCount="4100" duration="254000"/>
			<Sample nodeCount="68" insertCount="4198" extractCount="4166" duration="259000"/>
			<Sample nodeCount="69" insertCount="4258" extractCount="4229" duration="263000"/>
			<Sample nodeCount="70" insertCount="4325" extractCount="4285" duration="291000"/>
			<Sample nodeCount="71" insertCount="4383" extractCount="4350" duration="301000"/>
			<Sample nodeCount="72" insertCount="4447" extractCount="4409" duration="276000"/>
			<Sample nodeCount="73" insertCount="4506" extractCount="4473" duration="276000"/>
			<Sample nodeCount="74" insertCount="4570" extractCount="4532" duration="282000"/>
			<Sample nodeCount="75" insertCount="4634" extractCount="4591" duration="285000"/>
			<Sample nodeCount="76" insertCount="4692" extractCount="4656" duration="291000"/>
			<Sample nodeCount="77" insertCount="4753" extractCount="4718" duration="293000"/>
			<Sample nodeCount="78" insertCount="4817" extractCount="4777" duration="297000"/>
			<Sample nodeCount="79" insertCount="4878" extractCount="4839" duration="300000"/>
			<Sample nodeCount="80" insertCount="4936" extractCount="4904" duration="305000"/>
			<Sample nodeCount="81" insertCount="5003" extractCount="4960" duration="308000"/>
			<Sample nodeCount="82" insertCount="5062" extractCount="5024" duration="310000"/>
			<Sample nodeCount="83" insertCount="5123" extractCount="5086" duration="316000"/>
			<Sample nodeCount="84" insertCount="5189" extractCount="5143" duration="355000"/>
			<Sample nodeCount="85" insertCount="5251" extractCount="5204" duration="326000"/>
			<Sample nodeCount="86" insertCount="5312" extractCount="5266" duration="330000"/>
			<Sample nodeCount="87" insertCount="5375" extractCount="5326" duration="333000"/>
			<Sample nodeCount="88" insertCount="5434" extractCount="5390" duration="337000"/>
			<Sample nodeCount="89" insertCount="5496" extractCount="5451" duration="342000"/>
			<Sample nodeCount="90" insertCount="5556" extractCount="5514" duration="348000"/>
			<Sample nodeCount="91" insertCount="5621" extractCount="5572" duration="353000"/>
			<Sample nodeCount="92" insertCount="5676" extractCount="5640" duration="358000"/>
			<Sample nodeCount="93" insertCount="5739" extractCount="5700" duration="357000"/>
			<Sample nodeCount="94" insertCount="5803" extractCount="5759" duration="365000"/>
			<Sample nodeCount="95" insertCount="5862" extractCount="5823" duration="365000"/>
			<Sample nodeCount="96" insertCount="5928" extractCount="5880" duration="405000"/>
			<Sample nodeCount="97" insertCount="5987" extractCount="5944" duration="373000"/>
			<Sample nodeCount="98" insertCount="6051" extractCount="6003" duration="378000"/>
			<Sample nodeCount="99" insertCount="6112" extractCount="6065" duration="382000"/>
			<Sample nodeCount="100" insertCount="6180" extractCount="6120" duration="485000"/>
			<Sample nodeCount="101" insertCount="6237" extractCount="6186" duration="393000"/>
			<Sample nodeCount="102" insertCount="6298" extractCount="6248" duration="411000"/>
			<Sample nodeCount="103" insertCount="6365" extractCount="6304" duration="399000"/>
			<Sample nodeCount="104" insertCount="6422" extractCount="6370" duration="403000"/>
			<Sample nodeCount="105" insertCount="6484" extractCount="6431" duration="429000"/>
			<Sample nodeCount="106" insertCount="6544" extractCount="6494" duration="431000"/>
			<Sample nodeCount="107" insertCount="6607" extractCount="6554" duration="415000"/>
			<Sample nodeCount="108" insertCount="6667" extractCount="6617" duration="418000"/>
			<Sample nodeCount="109" insertCount="6727" extractCount="6680" duration="420000"/>
			<Sample nodeCount="110" insertCount="6793" extractCount="6737" duration="427000"/>
			<Sample nodeCount="111" insertCount="6855" extractCount="6798" duration="430000"/>
			<Sample nodeCount="112" insertCount="6917" extractCount="6859" duration="432000"/>
			<Sample nodeCount="113" insertCount="6977" extractCount="6922" duration="437000"/>
			<Sample nodeCount="114" insertCount="7044" extractCount="6978" duration="443000"/>
			<Sample nodeCount="115" insertCount="7101" extractCount="7044" duration="480000"/>
			<Sample nodeCount="116" insertCount="7163" extractCount="7105" duration="445000"/>
			<Sample nodeCount="117" insertCount="7228" extractCount="7163" duration="457000"/>
			<Sample nodeCount="118" insertCount="7287" extractCount="7227" duration="475000"/>
			<Sample nodeCount="119" insertCount="7351" extractCount="7286" duration="461000"/>
			<Sample nodeCount="120" insertCount="7412" extractCount="7348" duration="471000"/>
			<Sample nodeCount="121" insertCount="7474" extractCount="7409" duration="472000"/>
			<Sample nodeCount="122" insertCount="7532" extractCount="7474" duration="482000"/>
			<Sample nodeCount="123" insertCount="7598" extractCount="7531" duration="536000"/>
			<Sample nodeCount="124" insertCount="7657" extractCount="7595" duration="485000"/>
			<Sample nodeCount="125" insertCount="7715" extractCount="7660" duration="497000"/>
			<Sample nodeCount="126" insertCount="7781" extractCount="7717" duration="499000"/>
			<Sample nodeCount="127" insertCount="7845" extractCount="7776" duration="500000"/>
			<Sample nodeCount="128" insertCount="7904" extractCount="7840" duration="504000"/>
			<Sample nodeCount="129" insertCount="7970" extractCount="7897" duration="605000"/>
			<Sample nodeCount="130" insertCount="8029" extractCount="7961" duration="576000"/>
			<Sample nodeCount="131" insertCount="8091" extractCount="8022" duration="548000"/>
			<Sample nodeCount="132" insertCount="8154" extractCount="8082" duration="523000"/>
			<Sample nodeCount="133" insertCount="8208" extractCount="8151" duration="522000"/>
			<Sample nodeCount="134" insertCount="8272" extractCount="8210" duration="531000"/>
			<Sample nodeCount="135" insertCount="8340" extractCount="8265" duration="537000"/>
			<Sample nodeCount="136" insertCount="8399" extractCount="8329" duration="542000"/>
			<Sample nodeCount="137" insertCount="8459" extractCount="8392" duration="543000"/>
			<Sample nodeCount="138" insertCount="8522" extractCount="8452" duration="566000"/>
			<Sample nodeCount="139" insertCount="8578" extractCount="8519" duration="551000"/>
			<Sample nodeCount="140" insertCount="8643" extractCount="8577" duration="551000"/>
			<Sample nodeCount="141" insertCount="8707" extractCount="8636" duration="556000"/>
			<Sample nodeCount="142" insertCount="8768" extractCount="8698" duration="560000"/>
			<Sample nodeCount="143" insertCount="8829" extractCount="8760" duration="568000"/>
			<Sample nodeCount="144" insertCount="8892" extractCount="8820" duration="573000"/>
			<Sample nodeCount="145" insertCount="8955" extractCount="8880" duration="598000"/>
			<Sample nodeCount="146" insertCount="9014" extractCount="8944" duration="580000"/>
			<Sample nodeCount="147" insertCount="9079" extractCount="9002" duration="586000"/>
			<Sample nodeCount="148" insertCount="9139" extractCount="9065" duration="588000"/>
			<Sample nodeCount="149" insertCount="9198" extractCount="9129" duration="591000"/>
			<Sample nodeCount="150" insertCount="9263" extractCount="9187" duration="594000"/>
			<Sample nodeCount="151" insertCount="9329" extractCount="9244" duration="690000"/>
			<Sample nodeCount="152" insertCount="9388" extractCount="9308" duration="649000"/>
			<Sample nodeCount="153" insertCount="9450" extractCount="9369" duration="605000"/>
			<Sample nodeCount="154" insertCount="9516" extractCount="9426" duration="610000"/>
			<Sample nodeCount="155" insertCount="9572" extractCount="9493" duration="612000"/>
			<Sample nodeCount="156" insertCount="9633" extractCount="9555" duration="620000"/>
			<Sample nodeCount="157" insertCount="9693" extractCount="9618" duration="623000"/>
			<Sample nodeCount="158" insertCount="9760" extractCount="9674" duration="629000"/>
			<Sample nodeCount="159" insertCount="9817" extractCount="9740" duration="631000"/>
			<Sample nodeCount="160" insertCount="9881" extractCount="9799" duration="633000"/>
			<Sample nodeCount="161" insertCount="9941" extractCount="9862" duration="638000"/>
			<Sample nodeCount="162" insertCount="10005" extractCount="9921" duration="638000"/>
			<Sample nodeCount="163" insertCount="10066" extractCount="9983" duration="649000"/>
			<Sample nodeCount="164" insertCount="10121" extractCount="10051" duration="651000"/>
			<Sample nodeCount="165" insertCount="10187" extractCount="10108" duration="689000"/>
			<Sample nodeCount="166" insertCount="10249" extractCount="10169" duration="656000"/>
			<Sample nodeCount="167" insertCount="10314" extractCount="10227" duration="662000"/>
			<Sample nodeCount="168" insertCount="10374" extractCount="10290" duration="675000"/>
			<Sample nodeCount="169" insertCount="10435" extractCount="10352" duration="679000"/>
			<Sample nodeCount="170" insertCount="10492" extractCount="10418" duration="683000"/>
			<Sample nodeCount="171" insertCount="10561" extractCount="10472" duration="678000"/>
			<Sample nodeCount="172" insertCount="10620" extractCount="10536" duration="691000"/>
			<Sample nodeCount="173" insertCount="10679" extractCount="10600" duration="689000"/>
			<Sample nodeCount="174" insertCount="10748" extractCount="10654" duration="696000"/>
			<Sample nodeCount="175" insertCount="10806" extractCount="10719" duration="703000"/>
			<Sample nodeCount="176" insertCount="10869" extractCount="10779" duration="756000"/>
			<Sample nodeCount="177" insertCount="10930" extractCount="10841" duration="715000"/>
			<Sample nodeCount="178" insertCount="10990" extractCount="10904" duration="714000"/>
			<Sample nodeCount="179" insertCount="11054" extractCount="10963" duration="721000"/>
			<Sample nodeCount="180" insertCount="11112" extractCount="11028" duration="728000"/>
			<Sample nodeCount="181" insertCount="11178" extractCount="11085" duration="724000"/>
			<Sample nodeCount="182" insertCount="11233" extractCount="11153" duration="733000"/>
			<Sample nodeCount="183" insertCount="11299" extractCount="11210" duration="731000"/>
			<Sample nodeCount="184" insertCount="11365" extractCount="11267" duration="738000"/>
			<Sample nodeCount="185" insertCount="11419" extractCount="11336" duration="743000"/>
			<Sample nodeCount="186" insertCount="11486" extractCount="11392" duration="749000"/>
			<Sample nodeCount="187" insertCount="11546" extractCount="11455" duration="781000"/>
			<Sample nodeCount="188" insertCount="11607" extractCount="11517" duration="763000"/>
			<Sample nodeCount="189" insertCount="11670" extractCount="11577" duration="762000"/>
			<Sample nodeCount="190" insertCount="11736" extractCount="11634" duration="763000"/>
			<Sample nodeCount="191" insertCount="11799" extractCount="11694" duration="774000"/>
			<Sample nodeCount="192" insertCount="11854" extractCount="11762" duration="783000"/>
			<Sample nodeCount="193" insertCount="11918" extractCount="11821" duration="777000"/>
			<Sample nodeCount="194" insertCount="11985" extractCount="11877" duration="783000"/>
			<Sample nodeCount="195" insertCount="12041" extractCount="11944" duration="788000"/>
			<Sample nodeCount="196" insertCount="12104" extractCount="12004" duration="797000"/>
			<Sample nodeCount="197" insertCount="12165" extractCount="12066" duration="799000"/>
			<Sample nodeCount="198" insertCount="12222" extractCount="12132" duration="802000"/>
			<Sample nodeCount="199" insertCount="12280" extractCount="12197" duration="802000"/>
			<Sample nodeCount="200" insertCount="12352" extractCount="12248" duration="800000"/>
			<Sample nodeCount="201" insertCount="12410" extractCount="12313" duration="809000"/>
			<Sample nodeCount="202" insertCount="12482" extractCount="12364" duration="819000"/>
			<Sample nodeCount="203" insertCount="12530" extractCount="12439" duration="817000"/>
			<Sample nodeCount="204" insertCount="12600" extractCount="12492" duration="822000"/>
			<Sample nodeCount="205" insertCount="12658" extractCount="12557" duration="827000"/>
			<Sample nodeCount="206" insertCount="12723" extractCount="12615" duration="829000"/>
			<Sample nodeCount="207" insertCount="12785" extractCount="12676" duration="835000"/>
			<Sample nodeCount="208" insertCount="12841" extractCount="12743" duration="840000"/>
			<Sample nodeCount="209" insertCount="12904" extractCount="12803" duration="857000"/>
			<Sample nodeCount="210" insertCount="12972" extractCount="12858" duration="863000"/>
			<Sample nodeCount="211" insertCount="13027" extractCount="12926" duration="845000"/>
			<Sample nodeCount="212" insertCount="13089" extractCount="12987" duration="871000"/>
			<Sample nodeCount="213" insertCount="13150" extractCount="13049" duration="862000"/>
			<Sample nodeCount="214" insertCount="13214" extractCount="13108" duration="855000"/>
			<Sample nodeCount="215" insertCount="13274" extractCount="13171" duration="861000"/>
			<Sample nodeCount="216" insertCount="13337" extractCount="13231" duration="873000"/>
			<Sample nodeCount="217" insertCount="13402" extractCount="13289" duration="872000"/>
			<Sample nodeCount="218" insertCount="13461" extractCount="13353" duration="880000"/>
			<Sample nodeCount="219" insertCount="13527" extractCount="13410" duration="885000"/>
			<Sample nodeCount="220" insertCount="13585" extractCount="13475" duration="885000"/>
			<Sample nodeCount="221" insertCount="13648" extractCount="13535" duration="890000"/>
			<Sample nodeCount="222" insertCount="13708" extractCount="13598" duration="892000"/>
			<Sample nodeCount="223" insertCount="13768" extractCount="13661" duration="892000"/>
			<Sample nodeCount="224" insertCount="13836" extractCount="13716" duration="907000"/>
			<Sample nodeCount="225" insertCount="13896" extractCount="13779" duration="903000"/>
			<Sample nodeCount="226" insertCount="13953" extractCount="13845" duration="910000"/>
			<Sample nodeCount="227" insertCount="14015" extractCount="13906" duration="916000"/>
			<Sample nodeCount="228" insertCount="14081" extractCount="13963" duration="916000"/>
			<Sample nodeCount="229" insertCount="14139" extractCount="14028" duration="946000"/>
			<Sample nodeCount="230" insertCount="14198" extractCount="14092" duration="985000"/>
			<Sample nodeCount="231" insertCount="14256" extractCount="14157" duration="934000"/>
			<Sample nodeCount="232" insertCount="14324" extractCount="14212" duration="937000"/>
			<Sample nodeCount="233" insertCount="14388" extractCount="14271" duration="937000"/>
			<Sample nodeCount="234" insertCount="14449" extractCount="14333" duration="992000"/>
			<Sample nodeCount="235" insertCount="14513" extractCount="14392" duration="950000"/>
			<Sample nodeCount="236" insertCount="14569" extractCount="14459" duration="1031000"/>
			<Sample nodeCount="237" insertCount="14634" extractCount="14517" duration="960000"/>
			<Sample nodeCount="238" insertCount="14698" extractCount="14576" duration="987000"/>
			<Sample nodeCount="239" insertCount="14756" extractCount="14641" duration="974000"/>
			<Sample nodeCount="240" insertCount="14822" extractCount="14698" duration="967000"/>
			<Sample nodeCount="241" insertCount="14883" extractCount="14760" duration="980000"/>
			<Sample nodeCount="242" insertCount="14941" extractCount="14825" duration="1009000"/>
			<Sample nodeCount="243" insertCount="15009" extractCount="14880" duration="981000"/>
			<Sample nodeCount="244" insertCount="15067" extractCount="14945" duration="989000"/>
			<Sample nodeCount="245" insertCount="15129" extractCount="15006" duration="1095000"/>
			<Sample nodeCount="246" insertCount="15190" extractCount="15068" duration="1028000"/>
			<Sample nodeCount="247" insertCount="15255" extractCount="15126" duration="1009000"/>
			<Sample nodeCount="248" insertCount="15315" extractCount="15189" duration="1017000"/>
			<Sample nodeCount="249" insertCount="15379" extractCount="15248" duration="1014000"/>
			<Sample nodeCount="250" insertCount="15438" extractCount="15312" duration="1044000"/>
			<Sample nodeCount="251" insertCount="15500" extractCount="15373" duration="1020000"/>
			<Sample nodeCount="252" insertCount="15556" extractCount="15440" duration="1037000"/>
			<Sample nodeCount="253" insertCount="15618" extractCount="15501" duration="1042000"/>
			<Sample nodeCount="254" insertCount="15685" extractCount="15557" duration="1063000"/>
			<Sample nodeCount="255" insertCount="15747" extractCount="15618" duration="1042000"/>
		</SmallSetRandomOps>
		<LargeSetRandomOps>
		</LargeSetRandomOps>
		<SmallSetLinear>
			<Sample nodeCount="1" insertCount="10000" extractCount="10000" duration="29000"/>
			<Sample nodeCount="2" insertCount="10000" extractCount="10000" duration="91000"/>
			<Sample nodeCount="3" insertCount="10000" extractCount="10000" duration="199000"/>
			<Sample nodeCount="4" insertCount="10000" extractCount="10000" duration="292000"/>
			<Sample nodeCount="5" insertCount="10000" extractCount="10000" duration="478000"/>
			<Sample nodeCount="6" insertCount="10000" extractCount="10000" duration="653000"/>
			<Sample nodeCount="7" insertCount="10000" extractCount="10000" duration="821000"/>
			<Sample nodeCount="8" insertCount="10000" extractCount="10000" duration="1118000"/>
			<Sample nodeCount="9" insertCount="10000" extractCount="10000" duration="1411000"/>
			<Sample nodeCount="10" insertCount="10000" extractCount="10000" duration="1614000"/>
			<Sample nodeCount="11" insertCount="10000" extractCount="10000" duration="1812000"/>
			<Sample nodeCount="12" insertCount="10000" extractCount="10000" duration="2121000"/>
			<Sample nodeCount="13" insertCount="10000" extractCount="10000" duration="2512000"/>
			<Sample nodeCount="14" insertCount="10000" extractCount="10000" duration="2693000"/>
			<Sample nodeCount="15" insertCount="10000" extractCount="10000" duration="3109000"/>
			<Sample nodeCount="16" insertCount="10000" extractCount="10000" duration="3334000"/>
			<Sample nodeCount="17" insertCount="10000" extractCount="10000" duration="3809000"/>
			<Sample nodeCount="18" insertCount="10000" extractCount="10000" duration="4212000"/>
			<Sample nodeCount="19" insertCount="10000" extractCount="10000" duration="4669000"/>
			<Sample nodeCount="20" insertCount="10000" extractCount="10000" duration="5314000"/>
			<Sample nodeCount="21" insertCount="10000" extractCount="10000" duration="5577000"/>
			<Sample nodeCount="22" insertCount="10000" extractCount="10000" duration="5977000"/>
			<Sample nodeCount="23" insertCount="10000" extractCount="10000" duration="6246000"/>
			<Sample nodeCount="24" insertCount="10000" extractCount="10000" duration="6577000"/>
			<Sample nodeCount="25" insertCount="10000" extractCount="10000" duration="6693000"/>
			<Sample nodeCount="26" insertCount="10000" extractCount="10000" duration="7037000"/>
			<Sample nodeCount="27" insertCount="10000" extractCount="10000" duration="7860000"/>
			<Sample nodeCount="28" insertCount="10000" extractCount="10000" duration="8331000"/>
			<Sample nodeCount="29" insertCount="10000" extractCount="10000" duration="8546000"/>
			<Sample nodeCount="30" insertCount="10000" extractCount="10000" duration="8997000"/>
			<Sample nodeCount="31" insertCount="10000" extractCount="10000" duration="9453000"/>
			<Sample nodeCount="32" insertCount="10000" extractCount="10000" duration="9374000"/>
			<Sample nodeCount="33" insertCount="10000" extractCount="10000" duration="10072000"/>
			<Sample nodeCount="34" insertCount="10000" extractCount="10000" duration="10729000"/>
			<Sample nodeCount="35" insertCount="10000" extractCount="10000" duration="12010000"/>
			<Sample nodeCount="36" insertCount="10000" extractCount="10000" duration="12016000"/>
			<Sample nodeCount="37" insertCount="10000" extractCount="10000" duration="13200000"/>
			<Sample nodeCount="38" insertCount="10000" extractCount="10000" duration="13397000"/>
			<Sample nodeCount="39" insertCount="10000" extractCount="10000" duration="12857000"/>
			<Sample nodeCount="40" insertCount="10000" extractCount="10000" duration="13118000"/>
			<Sample nodeCount="41" insertCount="10000" extractCount="10000" duration="13724000"/>
			<Sample nodeCount="42" insertCount="10000" extractCount="10000" duration="14365000"/>
			<Sample nodeCount="43" insertCount="10000" extractCount="10000" duration="15238000"/>
			<Sample nodeCount="44" insertCount="10000" extractCount="10000" duration="15370000"/>
			<Sample nodeCount="45" insertCount="10000" extractCount="10000" duration="15874000"/>
			<Sample nodeCount="46" insertCount="10000" extractCount="10000" duration="15929000"/>
			<Sample nodeCount="47" insertCount="10000" extractCount="10000" duration="16456000"/>
			<Sample nodeCount="48" insertCount="10000" extractCount="10000" duration="16726000"/>
			<Sample nodeCount="49" insertCount="10000" extractCount="10000" duration="17269000"/>
			<Sample nodeCount="50" insertCount="10000" extractCount="10000" duration="17682000"/>
			<Sample nodeCount="51" insertCount="10000" extractCount="10000" duration="18275000"/>
			<Sample nodeCount="52" insertCount="10000" extractCount="10000" duration="18866000"/>
			<Sample nodeCount="53" insertCount="10000" extractCount="10000" duration="19421000"/>
			<Sample nodeCount="54" insertCount="10000" extractCount="10000" duration="19910000"/>
			<Sample nodeCount="55" insertCount="10000" extractCount="10000" duration="20510000"/>
			<Sample nodeCount="56" insertCount="10000" extractCount="10000" duration="20635000"/>
			<Sample nodeCount="57" insertCount="10000" extractCount="10000" duration="21234000"/>
			<Sample nodeCount="58" insertCount="10000" extractCount="10000" duration="22059000"/>
			<Sample nodeCount="59" insertCount="10000" extractCount="10000" duration="22473000"/>
			<Sample nodeCount="60" insertCount="10000" extractCount="10000" duration="23036000"/>
			<Sample nodeCount="61" insertCount="10000" extractCount="10000" duration="23298000"/>
			<Sample nodeCount="62" insertCount="10000" extractCount="10000" duration="23518000"/>
			<Sample nodeCount="63" insertCount="10000" extractCount="10000" duration="24447000"/>
			<Sample nodeCount="64" insertCount="10000" extractCount="10000" duration="24522000"/>
			<Sample nodeCount="65" insertCount="10000" extractCount="10000" duration="26409000"/>
			<Sample nodeCount="66" insertCount="10000" extractCount="10000" duration="26852000"/>
			<Sample nodeCount="67" insertCount="10000" extractCount="10000" duration="26397000"/>
			<Sample nodeCount="68" insertCount="10000" extractCount="10000" duration="27440000"/>
			<Sample nodeCount="69" insertCount="10000" extractCount="10000" duration="27393000"/>
			<Sample nodeCount="70" insertCount="10000" extractCount="10000" duration="28029000"/>
			<Sample nodeCount="71" insertCount="10000" extractCount="10000" duration="28019000"/>
			<Sample nodeCount="72" insertCount="10000" extractCount="10000" duration="28815000"/>
			<Sample nodeCount="73" insertCount="10000" extractCount="10000" duration="29195000"/>
			<Sample nodeCount="74" insertCount="10000" extractCount="10000" duration="29676000"/>
			<Sample nodeCount="75" insertCount="10000" extractCount="10000" duration="30402000"/>
			<Sample nodeCount="76" insertCount="10000" extractCount="10000" duration="31398000"/>
			<Sample nodeCount="77" insertCount="10000" extractCount="10000" duration="31639000"/>
			<Sample nodeCount="78" insertCount="10000" extractCount="10000" duration="32512000"/>
			<Sample nodeCount="79" insertCount="10000" extractCount="10000" duration="32696000"/>
			<Sample nodeCount="80" insertCount="10000" extractCount="10000" duration="33495000"/>
			<Sample nodeCount="81" insertCount="10000" extractCount="10000" duration="33645000"/>
			<Sample nodeCount="82" insertCount="10000" extractCount="10000" duration="34346000"/>
			<Sample nodeCount="83" insertCount="10000" extractCount="10000" duration="35979000"/>
			<Sample nodeCount="84" insertCount="10000" extractCount="10000" duration="35444000"/>
			<Sample nodeCount="85" insertCount="10000" extractCount="10000" duration="36187000"/>
			<Sample nodeCount="86" insertCount="10000" extractCount="10000" duration="36779000"/>
			<Sample nodeCount="87" insertCount="10000" extractCount="10000" duration="37222000"/>
			<Sample nodeCount="88" insertCount="10000" extractCount="10000" duration="37687000"/>
			<Sample nodeCount="89" insertCount="10000" extractCount="10000" duration="38192000"/>
			<Sample nodeCount="90" insertCount="10000" extractCount="10000" duration="38551000"/>
			<Sample nodeCount="91" insertCount="10000" extractCount="10000" duration="41055000"/>
			<Sample nodeCount="92" insertCount="10000" extractCount="10000" duration="40932000"/>
			<Sample nodeCount="93" insertCount="10000" extractCount="10000" duration="40374000"/>
			<Sample nodeCount="94" insertCount="10000" extractCount="10000" duration="40962000"/>
			<Sample nodeCount="95" insertCount="10000" extractCount="10000" duration="42011000"/>
			<Sample nodeCount="96" insertCount="10000" extractCount="10000" duration="42885000"/>
			<Sample nodeCount="97" insertCount="10000" extractCount="10000" duration="43432000"/>
			<Sample nodeCount="98" insertCount="10000" extractCount="10000" duration="43279000"/>
			<Sample nodeCount="99" insertCount="10000" extractCount="10000" duration="43952000"/>
			<Sample nodeCount="100" insertCount="10000" extractCount="10000" duration="44142000"/>
			<Sample nodeCount="101" insertCount="10000" extractCount="10000" duration="44660000"/>
			<Sample nodeCount="102" insertCount="10000" extractCount="10000" duration="46439000"/>
			<Sample nodeCount="103" insertCount="10000" extractCount="10000" duration="45410000"/>
			<Sample nodeCount="104" insertCount="10000" extractCount="10000" duration="47006000"/>
			<Sample nodeCount="105" insertCount="10000" extractCount="10000" duration="47129000"/>
			<Sample nodeCount="106" insertCount="10000" extractCount="10000" duration="47578000"/>
			<Sample nodeCount="107" insertCount="10000" extractCount="10000" duration="47783000"/>
			<Sample nodeCount="108" insertCount="10000" extractCount="10000" duration="50513000"/>
			<Sample nodeCount="109" insertCount="10000" extractCount="10000" duration="49804000"/>
			<Sample nodeCount="110" insertCount="10000" extractCount="10000" duration="50045000"/>
			<Sample nodeCount="111" insertCount="10000" extractCount="10000" duration="50274000"/>
			<Sample nodeCount="112" insertCount="10000" extractCount="10000" duration="51400000"/>
			<Sample nodeCount="113" insertCount="10000" extractCount="10000" duration="54492000"/>
			<Sample nodeCount="114" insertCount="10000" extractCount="10000" duration="53070000"/>
			<Sample nodeCount="115" insertCount="10000" extractCount="10000" duration="53162000"/>
			<Sample nodeCount="116" insertCount="10000" extractCount="10000" duration="53127000"/>
			<Sample nodeCount="117" insertCount="10000" extractCount="10000" duration="54643000"/>
			<Sample nodeCount="118" insertCount="10000" extractCount="10000" duration="56229000"/>
			<Sample nodeCount="119" insertCount="10000" extractCount="10000" duration="56263000"/>
			<Sample nodeCount="120" insertCount="10000" extractCount="10000" duration="55223000"/>
			<Sample nodeCount="121" insertCount="10000" extractCount="10000" duration="58255000"/>
			<Sample nodeCount="122" insertCount="10000" extractCount="10000" duration="57471000"/>
			<Sample nodeCount="123" insertCount="10000" extractCount="10000" duration="59194000"/>
			<Sample nodeCount="124" insertCount="10000" extractCount="10000" duration="58615000"/>
			<Sample nodeCount="125" insertCount="10000" extractCount="10000" duration="58794000"/>
			<Sample nodeCount="126" insertCount="10000" extractCount="10000" duration="61261000"/>
			<Sample nodeCount="127" insertCount="10000" extractCount="10000" duration="59853000"/>
			<Sample nodeCount="128" insertCount="10000" extractCount="10000" duration="61995000"/>
			<Sample nodeCount="129" insertCount="10000" extractCount="10000" duration="63636000"/>
			<Sample nodeCount="130" insertCount="10000" extractCount="10000" duration="63568000"/>
			<Sample nodeCount="131" insertCount="10000" extractCount="10000" duration="64835000"/>
			<Sample nodeCount="132" insertCount="10000" extractCount="10000" duration="64761000"/>
			<Sample nodeCount="133" insertCount="10000" extractCount="10000" duration="64206000"/>
			<Sample nodeCount="134" insertCount="10000" extractCount="10000" duration="63951000"/>
			<Sample nodeCount="135" insertCount="10000" extractCount="10000" duration="65363000"/>
			<Sample nodeCount="136" insertCount="10000" extractCount="10000" duration="68522000"/>
			<Sample nodeCount="137" insertCount="10000" extractCount="10000" duration="66553000"/>
			<Sample nodeCount="138" insertCount="10000" extractCount="10000" duration="67813000"/>
			<Sample nodeCount="139" insertCount="10000" extractCount="10000" duration="68395000"/>
			<Sample nodeCount="140" insertCount="10000" extractCount="10000" duration="70570000"/>
			<Sample nodeCount="141" insertCount="10000" extractCount="10000" duration="70593000"/>
			<Sample nodeCount="142" insertCount="10000" extractCount="10000" duration="71253000"/>
			<Sample nodeCount="143" insertCount="10000" extractCount="10000" duration="73812000"/>
			<Sample nodeCount="144" insertCount="10000" extractCount="10000" duration="72231000"/>
			<Sample nodeCount="145" insertCount="10000" extractCount="10000" duration="75199000"/>
			<Sample nodeCount="146" insertCount="10000" extractCount="10000" duration="72582000"/>
			<Sample nodeCount="147" insertCount="10000" extractCount="10000" duration="74435000"/>
			<Sample nodeCount="148" insertCount="10000" extractCount="10000" duration="73725000"/>
			<Sample nodeCount="149" insertCount="10000" extractCount="10000" duration="73633000"/>
			<Sample nodeCount="150" insertCount="10000" extractCount="10000" duration="77509000"/>
			<Sample nodeCount="151" insertCount="10000" extractCount="10000" duration="75850000"/>
			<Sample nodeCount="152" insertCount="10000" extractCount="10000" duration="76709000"/>
			<Sample nodeCount="153" insertCount="10000" extractCount="10000" duration="76775000"/>
			<Sample nodeCount="154" insertCount="10000" extractCount="10000" duration="80066000"/>
			<Sample nodeCount="155" insertCount="10000" extractCount="10000" duration="79732000"/>
			<Sample nodeCount="156" insertCount="10000" extractCount="10000" duration="80197000"/>
			<Sample nodeCount="157" insertCount="10000" extractCount="10000" duration="79455000"/>
			<Sample nodeCount="158" insertCount="10000" extractCount="10000" duration="79639000"/>
			<Sample nodeCount="159" insertCount="10000" extractCount="10000" duration="80504000"/>
			<Sample nodeCount="160" insertCount="10000" extractCount="10000" duration="81243000"/>
			<Sample nodeCount="161" insertCount="10000" extractCount="10000" duration="81147000"/>
			<Sample nodeCount="162" insertCount="10000" extractCount="10000" duration="81932000"/>
			<Sample nodeCount="163" insertCount="10000" extractCount="10000" duration="84675000"/>
			<Sample nodeCount="164" insertCount="10000" extractCount="10000" duration="84154000"/>
			<Sample nodeCount="165" insertCount="10000" extractCount="10000" duration="86900000"/>
			<Sample nodeCount="166" insertCount="10000" extractCount="10000" duration="85602000"/>
			<Sample nodeCount="167" insertCount="10000" extractCount="10000" duration="85938000"/>
			<Sample nodeCount="168" insertCount="10000" extractCount="10000" duration="86935000"/>
			<Sample nodeCount="169" insertCount="10000" extractCount="10000" duration="89584000"/>
			<Sample nodeCount="170" insertCount="10000" extractCount="10000" duration="91721000"/>
			<Sample nodeCount="171" insertCount="10000" extractCount="10000" duration="90098000"/>
			<Sample nodeCount="172" insertCount="10000" extractCount="10000" duration="89868000"/>
			<Sample nodeCount="173" insertCount="10000" extractCount="10000" duration="91444000"/>
			<Sample nodeCount="174" insertCount="10000" extractCount="10000" duration="92012000"/>
			<Sample nodeCount="175" insertCount="10000" extractCount="10000" duration="93789000"/>
			<Sample nodeCount="176" insertCount="10000" extractCount="10000" duration="92436000"/>
			<Sample nodeCount="177" insertCount="10000" extractCount="10000" duration="91527000"/>
			<Sample nodeCount="178" insertCount="10000" extractCount="10000" duration="95129000"/>
			<Sample nodeCount="179" insertCount="10000" extractCount="10000" duration="97814000"/>
			<Sample nodeCount="180" insertCount="10000" extractCount="10000" duration="95690000"/>
			<Sample nodeCount="181" insertCount="10000" extractCount="10000" duration="96205000"/>
			<Sample nodeCount="182" insertCount="10000" extractCount="10000" duration="97831000"/>
			<Sample nodeCount="183" insertCount="10000" extractCount="10000" duration="98273000"/>
			<Sample nodeCount="184" insertCount="10000" extractCount="10000" duration="97621000"/>
			<Sample nodeCount="185" insertCount="10000" extractCount="10000" duration="98536000"/>
			<Sample nodeCount="186" insertCount="10000" extractCount="10000" duration="97264000"/>
			<Sample nodeCount="187" insertCount="10000" extractCount="10000" duration="99845000"/>
			<Sample nodeCount="188" insertCount="10000" extractCount="10000" duration="99553000"/>
			<Sample nodeCount="189" insertCount="10000" extractCount="10000" duration="101625000"/>
			<Sample nodeCount="190" insertCount="10000" extractCount="10000" duration="101342000"/>
			<Sample nodeCount="191" insertCount="10000" extractCount="10000" duration="102504000"/>
			<Sample nodeCount="192" insertCount="10000" extractCount="10000" duration="102586000"/>
			<Sample nodeCount="193" insertCount="10000" extractCount="10000" duration="101826000"/>
			<Sample nodeCount="194" insertCount="10000" extractCount="10000" duration="105571000"/>
			<Sample nodeCount="195" insertCount="10000" extractCount="10000" duration="105004000"/>
			<Sample nodeCount="196" insertCount="10000" extractCount="10000" duration="105379000"/>
			<Sample nodeCount="197" insertCount="10000" extractCount="10000" duration="104918000"/>
			<Sample nodeCount="198" insertCount="10000" extractCount="10000" duration="105565000"/>
			<Sample nodeCount="199" insertCount="10000" extractCount="10000" duration="107639000"/>
			<Sample nodeCount="200" insertCount="10000" extractCount="10000" duration="107595000"/>
			<Sample nodeCount="201" insertCount="10000" extractCount="10000" duration="108180000"/>
			<Sample nodeCount="202" insertCount="10000" extractCount="10000" duration="107189000"/>
			<Sample nodeCount="203" insertCount="10000" extractCount="10000" duration="109406000"/>
			<Sample nodeCount="204" insertCount="10000" extractCount="10000" duration="111203000"/>
			<Sample nodeCount="205" insertCount="10000" extractCount="10000" duration="110322000"/>
			<Sample nodeCount="206" insertCount="10000" extractCount="10000" duration="110636000"/>
			<Sample nodeCount="207" insertCount="10000" extractCount="10000" duration="111489000"/>
			<Sample nodeCount="208" insertCount="10000" extractCount="10000" duration="111659000"/>
			<Sample nodeCount="209" insertCount="10000" extractCount="10000" duration="116964000"/>
			<Sample nodeCount="210" insertCount="10000" extractCount="10000" duration="113897000"/>
			<Sample nodeCount="211" insertCount="10000" extractCount="10000" duration="114755000"/>
			<Sample nodeCount="212" insertCount="10000" extractCount="10000" duration="115045000"/>
			<Sample nodeCount="213" insertCount="10000" extractCount="10000" duration="116412000"/>
			<Sample nodeCount="214" insertCount="10000" extractCount="10000" duration="118029000"/>
			<Sample nodeCount="215" insertCount="10000" extractCount="10000" duration="116812000"/>
			<Sample nodeCount="216" insertCount="10000" extractCount="10000" duration="117451000"/>
			<Sample nodeCount="217" insertCount="10000" extractCount="10000" duration="119202000"/>
			<Sample nodeCount="218" insertCount="10000" extractCount="10000" duration="120014000"/>
			<Sample nodeCount="219" insertCount="10000" extractCount="10000" duration="121700000"/>
			<Sample nodeCount="220" insertCount="10000" extractCount="10000" duration="124846000"/>
			<Sample nodeCount="221" insertCount="10000" extractCount="10000" duration="126752000"/>
			<Sample nodeCount="222" insertCount="10000" extractCount="10000" duration="126298000"/>
			<Sample nodeCount="223" insertCount="10000" extractCount="10000" duration="124922000"/>
			<Sample nodeCount="224" insertCount="10000" extractCount="10000" duration="123099000"/>
			<Sample nodeCount="225" insertCount="10000" extractCount="10000" duration="124269000"/>
			<Sample nodeCount="226" insertCount="10000" extractCount="10000" duration="125993000"/>
			<Sample nodeCount="227" insertCount="10000" extractCount="10000" duration="125639000"/>
			<Sample nodeCount="228" insertCount="10000" extractCount="10000" duration="126799000"/>
			<Sample nodeCount="229" insertCount="10000" extractCount="10000" duration="127302000"/>
			<Sample nodeCount="230" insertCount="10000" extractCount="10000" duration="128947000"/>
			<Sample nodeCount="231" insertCount="10000" extractCount="10000" duration="128370000"/>
			<Sample nodeCount="232" insertCount="10000" extractCount="10000" duration="128534000"/>
			<Sample nodeCount="233" insertCount="10000" extractCount="10000" duration="129652000"/>
			<Sample nodeCount="234" insertCount="10000" extractCount="10000" duration="136169000"/>
			<Sample nodeCount="235" insertCount="10000" extractCount="10000" duration="133245000"/>
			<Sample nodeCount="236" insertCount="10000" extractCount="10000" duration="131943000"/>
			<Sample nodeCount="237" insertCount="10000" extractCount="10000" duration="131067000"/>
			<Sample nodeCount="238" insertCount="10000" extractCount="10000" duration="134656000"/>
			<Sample nodeCount="239" insertCount="10000" extractCount="10000" duration="134171000"/>
			<Sample nodeCount="240" insertCount="10000" extractCount="10000" duration="136287000"/>
			<Sample nodeCount="241" insertCount="10000" extractCount="10000" duration="134229000"/>
			<Sample nodeCount="242" insertCount="10000" extractCount="10000" duration="136996000"/>
			<Sample nodeCount="243" insertCount="10000" extractCount="10000" duration="139669000"/>
			<Sample nodeCount="244" insertCount="10000" extractCount="10000" duration="135924000"/>
			<Sample nodeCount="245" insertCount="10000" extractCount="10000" duration="137043000"/>
			<Sample nodeCount="246" insertCount="10000" extractCount="10000" duration="141010000"/>
			<Sample nodeCount="247" insertCount="10000" extractCount="10000" duration="149304000"/>
			<Sample nodeCount="248" insertCount="10000" extractCount="10000" duration="149877000"/>
			<Sample nodeCount="249" insertCount="10000" extractCount="10000" duration="139366000"/>
			<Sample nodeCount="250" insertCount="10000" extractCount="10000" duration="140188000"/>
			<Sample nodeCount="251" insertCount="10000" extractCount="10000" duration="141959000"/>
			<Sample nodeCount="252" insertCount="10000" extractCount="10000" duration="146546000"/>
			<Sample nodeCount="253" insertCount="10000" extractCount="10000" duration="145806000"/>
			<Sample nodeCount="254" insertCount="10000" extractCount="10000" duration="145447000"/>
			<Sample nodeCount="255" insertCount="10000" extractCount="10000" duration="147176000"/>
		</SmallSetLinear>
		<LargeSetLinear>
		</LargeSetLinear>
	</RBTest>
	<RBTest implementation="FreeBSD" nodeSize="24">
		<SmallSetRandomOps>
			<Sample nodeCount="1" insertCount="62" extractCount="61" duration="2000"/>
			<Sample nodeCount="2" insertCount="123" extractCount="123" duration="5000"/>
			<Sample nodeCount="3" insertCount="185" extractCount="184" duration="8000"/>
			<Sample nodeCount="4" insertCount="247" extractCount="245" duration="13000"/>
			<Sample nodeCount="5" insertCount="308" extractCount="307" duration="17000"/>
			<Sample nodeCount="6" insertCount="371" extractCount="367" duration="21000"/>
			<Sample nodeCount="7" insertCount="433" extractCount="428" duration="28000"/>
			<Sample nodeCount="8" insertCount="493" extractCount="491" duration="32000"/>
			<Sample nodeCount="9" insertCount="557" extractCount="550" duration="40000"/>
			<Sample nodeCount="10" insertCount="617" extractCount="613" duration="44000"/>
			<Sample nodeCount="11" insertCount="680" extractCount="673" duration="50000"/>
			<Sample nodeCount="12" insertCount="741" extractCount="735" duration="57000"/>
			<Sample nodeCount="13" insertCount="802" extractCount="797" duration="62000"/>
			<Sample nodeCount="14" insertCount="866" extractCount="856" duration="67000"/>
			<Sample nodeCount="15" insertCount="926" extractCount="919" duration="73000"/>
			<Sample nodeCount="16" insertCount="989" extractCount="979" duration="78000"/>
			<Sample nodeCount="17" insertCount="1049" extractCount="1042" duration="86000"/>
			<Sample nodeCount="18" insertCount="1112" extractCount="1102" duration="92000"/>
			<Sample nodeCount="19" insertCount="1171" extractCount="1166" duration="98000"/>
			<Sample nodeCount="20" insertCount="1235" extractCount="1225" duration="103000"/>
			<Sample nodeCount="21" insertCount="1296" extractCount="1287" duration="109000"/>
			<Sample nodeCount="22" insertCount="1359" extractCount="1347" duration="115000"/>
			<Sample nodeCount="23" insertCount="1420" extractCount="1409" duration="122000"/>
			<Sample nodeCount="24" insertCount="1482" extractCount="1470" duration="127000"/>
			<Sample nodeCount="25" insertCount="1546" extractCount="1529" duration="131000"/>
			<Sample nodeCount="26" insertCount="1604" extractCount="1594" duration="138000"/>
			<Sample nodeCount="27" insertCount="1666" extractCount="1655" duration="145000"/>
			<Sample nodeCount="28" insertCount="1728" extractCount="1716" duration="151000"/>
			<Sample nodeCount="29" insertCount="1791" extractCount="1776" duration="156000"/>
			<Sample nodeCount="30" insertCount="1852" extractCount="1838" duration="161000"/>
			<Sample nodeCount="31" insertCount="1914" extractCount="1899" duration="170000"/>
			<Sample nodeCount="32" insertCount="1976" extractCount="1960" duration="173000"/>
			<Sample nodeCount="33" insertCount="2039" extractCount="2020" duration="181000"/>
			<Sample nodeCount="34" insertCount="2099" extractCount="2083" duration="185000"/>
			<Sample nodeCount="35" insertCount="2163" extractCount="2142" duration="193000"/>
			<Sample nodeCount="36" insertCount="2224" extractCount="2204" duration="201000"/>
			<Sample nodeCount="37" insertCount="2285" extractCount="2266" duration="205000"/>
			<Sample nodeCount="38" insertCount="2346" extractCount="2328" duration="211000"/>
			<Sample nodeCount="39" insertCount="2409" extractCount="2388" duration="217000"/>
			<Sample nodeCount="40" insertCount="2470" extractCount="2450" duration="223000"/>
			<Sample nodeCount="41" insertCount="2532" extractCount="2511" duration="229000"/>
			<Sample nodeCount="42" insertCount="2589" extractCount="2577" duration="235000"/>
			<Sample nodeCount="43" insertCount="2655" extractCount="2634" duration="262000"/>
			<Sample nodeCount="44" insertCount="2714" extractCount="2698" duration="247000"/>
			<Sample nodeCount="45" insertCount="2781" extractCount="2754" duration="255000"/>
			<Sample nodeCount="46" insertCount="2842" extractCount="2816" duration="280000"/>
			<Sample nodeCount="47" insertCount="2903" extractCount="2878" duration="287000"/>
			<Sample nodeCount="48" insertCount="2962" extractCount="2942" duration="333000"/>
			<Sample nodeCount="49" insertCount="3022" extractCount="3005" duration="277000"/>
			<Sample nodeCount="50" insertCount="3090" extractCount="3060" duration="284000"/>
			<Sample nodeCount="51" insertCount="3150" extractCount="3123" duration="291000"/>
			<Sample nodeCount="52" insertCount="3209" extractCount="3187" duration="296000"/>
			<Sample nodeCount="53" insertCount="3275" extractCount="3244" duration="304000"/>
			<Sample nodeCount="54" insertCount="3334" extractCount="3308" duration="310000"/>
			<Sample nodeCount="55" insertCount="3397" extractCount="3368" duration="315000"/>
			<Sample nodeCount="56" insertCount="3456" extractCount="3432" duration="325000"/>
			<Sample nodeCount="57" insertCount="3517" extractCount="3494" duration="330000"/>
			<Sample nodeCount="58" insertCount="3584" extractCount="3550" duration="333000"/>
			<Sample nodeCount="59" insertCount="3645" extractCount="3612" duration="363000"/>
			<Sample nodeCount="60" insertCount="3706" extractCount="3674" duration="346000"/>
			<Sample nodeCount="61" insertCount="3770" extractCount="3733" duration="353000"/>
			<Sample nodeCount="62" insertCount="3826" extractCount="3800" duration="361000"/>
			<Sample nodeCount="63" insertCount="3891" extractCount="3858" duration="366000"/>
			<Sample nodeCount="64" insertCount="3953" extractCount="3919" duration="374000"/>
			<Sample nodeCount="65" insertCount="4013" extractCount="3982" duration="377000"/>
			<Sample nodeCount="66" insertCount="4075" extractCount="4043" duration="385000"/>
			<Sample nodeCount="67" insertCount="4141" extractCount="4100" duration="389000"/>
			<Sample nodeCount="68" insertCount="4198" extractCount="4166" duration="395000"/>
			<Sample nodeCount="69" insertCount="4258" extractCount="4229" duration="400000"/>
			<Sample nodeCount="70" insertCount="4325" extractCount="4285" duration="410000"/>
			<Sample nodeCount="71" insertCount="4383" extractCount="4350" duration="415000"/>
			<Sample nodeCount="72" insertCount="4447" extractCount="4409" duration="422000"/>
			<Sample nodeCount="73" insertCount="4506" extractCount="4473" duration="429000"/>
			<Sample nodeCount="74" insertCount="4570" extractCount="4532" duration="434000"/>
			<Sample nodeCount="75" insertCount="4634" extractCount="4591" duration="442000"/>
			<Sample nodeCount="76" insertCount="4692" extractCount="4656" duration="449000"/>
			<Sample nodeCount="77" insertCount="4753" extractCount="4718" duration="454000"/>
			<Sample nodeCount="78" insertCount="4817" extractCount="4777" duration="461000"/>
			<Sample nodeCount="79" insertCount="4878" extractCount="4839" duration="511000"/>
			<Sample nodeCount="80" insertCount="4936" extractCount="4904" duration="474000"/>
			<Sample nodeCount="81" insertCount="5003" extractCount="4960" duration="478000"/>
			<Sample nodeCount="82" insertCount="5062" extractCount="5024" duration="484000"/>
			<Sample nodeCount="83" insertCount="5123" extractCount="5086" duration="492000"/>
			<Sample nodeCount="84" insertCount="5189" extractCount="5143" duration="501000"/>
			<Sample nodeCount="85" insertCount="5251" extractCount="5204" duration="509000"/>
			<Sample nodeCount="86" insertCount="5312" extractCount="5266" duration="512000"/>
			<Sample nodeCount="87" insertCount="5375" extractCount="5326" duration="540000"/>
			<Sample nodeCount="88" insertCount="5434" extractCount="5390" duration="524000"/>
			<Sample nodeCount="89" insertCount="5496" extractCount="5451" duration="532000"/>
			<Sample nodeCount="90" insertCount="5556" extractCount="5514" duration="541000"/>
			<Sample nodeCount="91" insertCount="5621" extractCount="5572" duration="564000"/>
			<Sample nodeCount="92" insertCount="5676" extractCount="5640" duration="554000"/>
			<Sample nodeCount="93" insertCount="5739" extractCount="5700" duration="556000"/>
			<Sample nodeCount="94" insertCount="5803" extractCount="5759" duration="588000"/>
			<Sample nodeCount="95" insertCount="5862" extractCount="5823" duration="573000"/>
			<Sample nodeCount="96" insertCount="5928" extractCount="5880" duration="579000"/>
			<Sample nodeCount="97" insertCount="5987" extractCount="5944" duration="585000"/>
			<Sample nodeCount="98" insertCount="6051" extractCount="6003" duration="589000"/>
			<Sample nodeCount="99" insertCount="6112" extractCount="6065" duration="594000"/>
			<Sample nodeCount="100" insertCount="6180" extractCount="6120" duration="605000"/>
			<Sample nodeCount="101" insertCount="6237" extractCount="6186" duration="634000"/>
			<Sample nodeCount="102" insertCount="6298" extractCount="6248" duration="617000"/>
			<Sample nodeCount="103" insertCount="6365" extractCount="6304" duration="623000"/>
			<Sample nodeCount="104" insertCount="6422" extractCount="6370" duration="625000"/>
			<Sample nodeCount="105" insertCount="6484" extractCount="6431" duration="635000"/>
			<Sample nodeCount="106" insertCount="6544" extractCount="6494" duration="642000"/>
			<Sample nodeCount="107" insertCount="6607" extractCount="6554" duration="651000"/>
			<Sample nodeCount="108" insertCount="6667" extractCount="6617" duration="655000"/>
			<Sample nodeCount="109" insertCount="6727" extractCount="6680" duration="662000"/>
			<Sample nodeCount="110" insertCount="6793" extractCount="6737" duration="671000"/>
			<Sample nodeCount="111" insertCount="6855" extractCount="6798" duration="672000"/>
			<Sample nodeCount="112" insertCount="6917" extractCount="6859" duration="682000"/>
			<Sample nodeCount="113" insertCount="6977" extractCount="6922" duration="688000"/>
			<Sample nodeCount="114" insertCount="7044" extractCount="6978" duration="698000"/>
			<Sample nodeCount="115" insertCount="7101" extractCount="7044" duration="701000"/>
			<Sample nodeCount="116" insertCount="7163" extractCount="7105" duration="714000"/>
			<Sample nodeCount="117" insertCount="7228" extractCount="7163" duration="716000"/>
			<Sample nodeCount="118" insertCount="7287" extractCount="7227" duration="726000"/>
			<Sample nodeCount="119" insertCount="7351" extractCount="7286" duration="735000"/>
			<Sample nodeCount="120" insertCount="7412" extractCount="7348" duration="737000"/>
			<Sample nodeCount="121" insertCount="7474" extractCount="7409" duration="741000"/>
			<Sample nodeCount="122" insertCount="7532" extractCount="7474" duration="748000"/>
			<Sample nodeCount="123" insertCount="7598" extractCount="7531" duration="757000"/>
			<Sample nodeCount="124" insertCount="7657" extractCount="7595" duration="763000"/>
			<Sample nodeCount="125" insertCount="7715" extractCount="7660" duration="800000"/>
			<Sample nodeCount="126" insertCount="7781" extractCount="7717" duration="784000"/>
			<Sample nodeCount="127" insertCount="7845" extractCount="7776" duration="782000"/>
			<Sample nodeCount="128" insertCount="7904" extractCount="7840" duration="789000"/>
			<Sample nodeCount="129" insertCount="7970" extractCount="7897" duration="797000"/>
			<Sample nodeCount="130" insertCount="8029" extractCount="7961" duration="803000"/>
			<Sample nodeCount="131" insertCount="8091" extractCount="8022" duration="810000"/>
			<Sample nodeCount="132" insertCount="8154" extractCount="8082" duration="816000"/>
			<Sample nodeCount="133" insertCount="8208" extractCount="8151" duration="822000"/>
			<Sample nodeCount="134" insertCount="8272" extractCount="8210" duration="830000"/>
			<Sample nodeCount="135" insertCount="8340" extractCount="8265" duration="839000"/>
			<Sample nodeCount="136" insertCount="8399" extractCount="8329" duration="845000"/>
			<Sample nodeCount="137" insertCount="8459" extractCount="8392" duration="849000"/>
			<Sample nodeCount="138" insertCount="8522" extractCount="8452" duration="860000"/>
			<Sample nodeCount="139" insertCount="8578" extractCount="8519" duration="864000"/>
			<Sample nodeCount="140" insertCount="8643" extractCount="8577" duration="872000"/>
			<Sample nodeCount="141" insertCount="8707" extractCount="8636" duration="877000"/>
			<Sample nodeCount="142" insertCount="8768" extractCount="8698" duration="902000"/>
			<Sample nodeCount="143" insertCount="8829" extractCount="8760" duration="914000"/>
			<Sample nodeCount="144" insertCount="8892" extractCount="8820" duration="897000"/>
			<Sample nodeCount="145" insertCount="8955" extractCount="8880" duration="904000"/>
			<Sample nodeCount="146" insertCount="9014" extractCount="8944" duration="912000"/>
			<Sample nodeCount="147" insertCount="9079" extractCount="9002" duration="914000"/>
			<Sample nodeCount="148" insertCount="9139" extractCount="9065" duration="962000"/>
			<Sample nodeCount="149" insertCount="9198" extractCount="9129" duration="952000"/>
			<Sample nodeCount="150" insertCount="9263" extractCount="9187" duration="950000"/>
			<Sample nodeCount="151" insertCount="9329" extractCount="9244" duration="979000"/>
			<Sample nodeCount="152" insertCount="9388" extractCount="9308" duration="979000"/>
			<Sample nodeCount="153" insertCount="9450" extractCount="9369" duration="955000"/>
			<Sample nodeCount="154" insertCount="9516" extractCount="9426" duration="965000"/>
			<Sample nodeCount="155" insertCount="9572" extractCount="9493" duration="977000"/>
			<Sample nodeCount="156" insertCount="9633" extractCount="9555" duration="1010000"/>
			<Sample nodeCount="157" insertCount="9693" extractCount="9618" duration="1005000"/>
			<Sample nodeCount="158" insertCount="9760" extractCount="9674" duration="991000"/>
			<Sample nodeCount="159" insertCount="9817" extractCount="9740" duration="998000"/>
			<Sample nodeCount="160" insertCount="9881" extractCount="9799" duration="1006000"/>
			<Sample nodeCount="161" insertCount="9941" extractCount="9862" duration="1007000"/>
			<Sample nodeCount="162" insertCount="10005" extractCount="9921" duration="1022000"/>
			<Sample nodeCount="163" insertCount="10066" extractCount="9983" duration="1025000"/>
			<Sample nodeCount="164" insertCount="10121" extractCount="10051" duration="1034000"/>
			<Sample nodeCount="165" insertCount="10187" extractCount="10108" duration="1040000"/>
			<Sample nodeCount="166" insertCount="10249" extractCount="10169" duration="1047000"/>
			<Sample nodeCount="167" insertCount="10314" extractCount="10227" duration="1051000"/>
			<Sample nodeCount="168" insertCount="10374" extractCount="10290" duration="1060000"/>
			<Sample nodeCount="169" insertCount="10435" extractCount="10352" duration="1064000"/>
			<Sample nodeCount="170" insertCount="10492" extractCount="10418" duration="1076000"/>
			<Sample nodeCount="171" insertCount="10561" extractCount="10472" duration="1080000"/>
			<Sample nodeCount="172" insertCount="10620" extractCount="10536" duration="1131000"/>
			<Sample nodeCount="173" insertCount="10679" extractCount="10600" duration="1100000"/>
			<Sample nodeCount="174" insertCount="10748" extractCount="10654" duration="1098000"/>
			<Sample nodeCount="175" insertCount="10806" extractCount="10719" duration="1109000"/>
			<Sample nodeCount="176" insertCount="10869" extractCount="10779" duration="1111000"/>
			<Sample nodeCount="177" insertCount="10930" extractCount="10841" duration="1122000"/>
			<Sample nodeCount="178" insertCount="10990" extractCount="10904" duration="1125000"/>
			<Sample nodeCount="179" insertCount="11054" extractCount="10963" duration="1141000"/>
			<Sample nodeCount="180" insertCount="11112" extractCount="11028" duration="1141000"/>
			<Sample nodeCount="181" insertCount="11178" extractCount="11085" duration="1147000"/>
			<Sample nodeCount="182" insertCount="11233" extractCount="11153" duration="1158000"/>
			<Sample nodeCount="183" insertCount="11299" extractCount="11210" duration="1161000"/>
			<Sample nodeCount="184" insertCount="11365" extractCount="11267" duration="1168000"/>
			<Sample nodeCount="185" insertCount="11419" extractCount="11336" duration="1175000"/>
			<Sample nodeCount="186" insertCount="11486" extractCount="11392" duration="1183000"/>
			<Sample nodeCount="187" insertCount="11546" extractCount="11455" duration="1210000"/>
			<Sample nodeCount="188" insertCount="11607" extractCount="11517" duration="1196000"/>
			<Sample nodeCount="189" insertCount="11670" extractCount="11577" duration="1205000"/>
			<Sample nodeCount="190" insertCount="11736" extractCount="11634" duration="1207000"/>
			<Sample nodeCount="191" insertCount="11799" extractCount="11694" duration="1215000"/>
			<Sample nodeCount="192" insertCount="11854" extractCount="11762" duration="1229000"/>
			<Sample nodeCount="193" insertCount="11918" extractCount="11821" duration="1230000"/>
			<Sample nodeCount="194" insertCount="11985" extractCount="11877" duration="1240000"/>
			<Sample nodeCount="195" insertCount="12041" extractCount="11944" duration="1467000"/>
			<Sample nodeCount="196" insertCount="12104" extractCount="12004" duration="1252000"/>
			<Sample nodeCount="197" insertCount="12165" extractCount="12066" duration="1258000"/>
			<Sample nodeCount="198" insertCount="12222" extractCount="12132" duration="1268000"/>
			<Sample nodeCount="199" insertCount="12280" extractCount="12197" duration="1271000"/>
			<Sample nodeCount="200" insertCount="12352" extractCount="12248" duration="1295000"/>
			<Sample nodeCount="201" insertCount="12410" extractCount="12313" duration="1283000"/>
			<Sample nodeCount="202" insertCount="12482" extractCount="12364" duration="1337000"/>
			<Sample nodeCount="203" insertCount="12530" extractCount="12439" duration="1298000"/>
			<Sample nodeCount="204" insertCount="12600" extractCount="12492" duration="1302000"/>
			<Sample nodeCount="205" insertCount="12658" extractCount="12557" duration="1342000"/>
			<Sample nodeCount="206" insertCount="12723" extractCount="12615" duration="1317000"/>
			<Sample nodeCount="207" insertCount="12785" extractCount="12676" duration="1328000"/>
			<Sample nodeCount="208" insertCount="12841" extractCount="12743" duration="1334000"/>
			<Sample nodeCount="209" insertCount="12904" extractCount="12803" duration="1341000"/>
			<Sample nodeCount="210" insertCount="12972" extractCount="12858" duration="1345000"/>
			<Sample nodeCount="211" insertCount="13027" extractCount="12926" duration="1355000"/>
			<Sample nodeCount="212" insertCount="13089" extractCount="12987" duration="1361000"/>
			<Sample nodeCount="213" insertCount="13150" extractCount="13049" duration="1371000"/>
			<Sample nodeCount="214" insertCount="13214" extractCount="13108" duration="1376000"/>
			<Sample nodeCount="215" insertCount="13274" extractCount="13171" duration="1381000"/>
			<Sample nodeCount="216" insertCount="13337" extractCount="13231" duration="1386000"/>
			<Sample nodeCount="217" insertCount="13402" extractCount="13289" duration="1396000"/>
			<Sample nodeCount="218" insertCount="13461" extractCount="13353" duration="1403000"/>
			<Sample nodeCount="219" insertCount="13527" extractCount="13410" duration="1408000"/>
			<Sample nodeCount="220" insertCount="13585" extractCount="13475" duration="1417000"/>
			<Sample nodeCount="221" insertCount="13648" extractCount="13535" duration="1423000"/>
			<Sample nodeCount="222" insertCount="13708" extractCount="13598" duration="1434000"/>
			<Sample nodeCount="223" insertCount="13768" extractCount="13661" duration="1437000"/>
			<Sample nodeCount="224" insertCount="13836" extractCount="13716" duration="1445000"/>
			<Sample nodeCount="225" insertCount="13896" extractCount="13779" duration="1858000"/>
			<Sample nodeCount="226" insertCount="13953" extractCount="13845" duration="1604000"/>
			<Sample nodeCount="227" insertCount="14015" extractCount="13906" duration="1594000"/>
			<Sample nodeCount="228" insertCount="14081" extractCount="13963" duration="1676000"/>
			<Sample nodeCount="229" insertCount="14139" extractCount="14028" duration="1677000"/>
			<Sample nodeCount="230" insertCount="14198" extractCount="14092" duration="1626000"/>
			<Sample nodeCount="231" insertCount="14256" extractCount="14157" duration="1582000"/>
			<Sample nodeCount="232" insertCount="14324" extractCount="14212" duration="1585000"/>
			<Sample nodeCount="233" insertCount="14388" extractCount="14271" duration="1581000"/>
			<Sample nodeCount="234" insertCount="14449" extractCount="14333" duration="1859000"/>
			<Sample nodeCount="235" insertCount="14513" extractCount="14392" duration="1704000"/>
			<Sample nodeCount="236" insertCount="14569" extractCount="14459" duration="1555000"/>
			<Sample nodeCount="237" insertCount="14634" extractCount="14517" duration="1583000"/>
			<Sample nodeCount="238" insertCount="14698" extractCount="14576" duration="1541000"/>
			<Sample nodeCount="239" insertCount="14756" extractCount="14641" duration="1593000"/>
			<Sample nodeCount="240" insertCount="14822" extractCount="14698" duration="1553000"/>
			<Sample nodeCount="241" insertCount="14883" extractCount="14760" duration="1562000"/>
			<Sample nodeCount="242" insertCount="14941" extractCount="14825" duration="1600000"/>
			<Sample nodeCount="243" insertCount="15009" extractCount="14880" duration="1577000"/>
			<Sample nodeCount="244" insertCount="15067" extractCount="14945" duration="2070000"/>
			<Sample nodeCount="245" insertCount="15129" extractCount="15006" duration="1680000"/>
			<Sample nodeCount="246" insertCount="15190" extractCount="15068" duration="1596000"/>
			<Sample nodeCount="247" insertCount="15255" extractCount="15126" duration="1625000"/>
			<Sample nodeCount="248" insertCount="15315" extractCount="15189" duration="1611000"/>
			<Sample nodeCount="249" insertCount="15379" extractCount="15248" duration="1641000"/>
			<Sample nodeCount="250" insertCount="15438" extractCount="15312" duration="1621000"/>
			<Sample nodeCount="251" insertCount="15500" extractCount="15373" duration="1667000"/>
			<Sample nodeCount="252" insertCount="15556" extractCount="15440" duration="1638000"/>
			<Sample nodeCount="253" insertCount="15618" extractCount="15501" duration="1700000"/>
			<Sample nodeCount="254" insertCount="15685" extractCount="15557" duration="1834000"/>
			<Sample nodeCount="255" insertCount="15747" extractCount="15618" duration="1656000"/>
		</SmallSetRandomOps>
		<LargeSetRandomOps>
		</LargeSetRandomOps>
		<SmallSetLinear>
			<Sample nodeCount="1" insertCount="10000" extractCount="10000" duration="52000"/>
			<Sample nodeCount="2" insertCount="10000" extractCount="10000" duration="131000"/>
			<Sample nodeCount="3" insertCount="10000" extractCount="10000" duration="262000"/>
			<Sample nodeCount="4" insertCount="10000" extractCount="10000" duration="444000"/>
			<Sample nodeCount="5" insertCount="10000" extractCount="10000" duration="545000"/>
			<Sample nodeCount="6" insertCount="10000" extractCount="10000" duration="669000"/>
			<Sample nodeCount="7" insertCount="10000" extractCount="10000" duration="813000"/>
			<Sample nodeCount="8" insertCount="10000" extractCount="10000" duration="975000"/>
			<Sample nodeCount="9" insertCount="10000" extractCount="10000" duration="1148000"/>
			<Sample nodeCount="10" insertCount="10000" extractCount="10000" duration="1479000"/>
			<Sample nodeCount="11" insertCount="10000" extractCount="10000" duration="1519000"/>
			<Sample nodeCount="12" insertCount="10000" extractCount="10000" duration="1748000"/>
			<Sample nodeCount="13" insertCount="10000" extractCount="10000" duration="2030000"/>
			<Sample nodeCount="14" insertCount="10000" extractCount="10000" duration="2156000"/>
			<Sample nodeCount="15" insertCount="10000" extractCount="10000" duration="2253000"/>
			<Sample nodeCount="16" insertCount="10000" extractCount="10000" duration="2462000"/>
			<Sample nodeCount="17" insertCount="10000" extractCount="10000" duration="2642000"/>
			<Sample nodeCount="18" insertCount="10000" extractCount="10000" duration="2901000"/>
			<Sample nodeCount="19" insertCount="10000" extractCount="10000" duration="3062000"/>
			<Sample nodeCount="20" insertCount="10000" extractCount="10000" duration="3364000"/>
			<Sample nodeCount="21" insertCount="10000" extractCount="10000" duration="3593000"/>
			<Sample nodeCount="22" insertCount="10000" extractCount="10000" duration="4068000"/>
			<Sample nodeCount="23" insertCount="10000" extractCount="10000" duration="4467000"/>
			<Sample nodeCount="24" insertCount="10000" extractCount="10000" duration="376000"/>
			<Sample nodeCount="25" insertCount="10000" extractCount="10000" duration="4573000"/>
			<Sample nodeCount="26" insertCount="10000" extractCount="10000" duration="4641000"/>
			<Sample nodeCount="27" insertCount="10000" extractCount="10000" duration="4822000"/>
			<Sample nodeCount="28" insertCount="10000" extractCount="10000" duration="5129000"/>
			<Sample nodeCount="29" insertCount="10000" extractCount="10000" duration="5310000"/>
			<Sample nodeCount="30" insertCount="10000" extractCount="10000" duration="5571000"/>
			<Sample nodeCount="31" insertCount="10000" extractCount="10000" duration="5727000"/>
			<Sample nodeCount="32" insertCount="10000" extractCount="10000" duration="6048000"/>
			<Sample nodeCount="33" insertCount="10000" extractCount="10000" duration="6169000"/>
			<Sample nodeCount="34" insertCount="10000" extractCount="10000" duration="6413000"/>
			<Sample nodeCount="35" insertCount="10000" extractCount="10000" duration="6597000"/>
			<Sample nodeCount="36" insertCount="10000" extractCount="10000" duration="6977000"/>
			<Sample nodeCount="37" insertCount="10000" extractCount="10000" duration="7182000"/>
			<Sample nodeCount="38" insertCount="10000" extractCount="10000" duration="8117000"/>
			<Sample nodeCount="39" insertCount="10000" extractCount="10000" duration="8315000"/>
			<Sample nodeCount="40" insertCount="10000" extractCount="10000" duration="8233000"/>
			<Sample nodeCount="41" insertCount="10000" extractCount="10000" duration="8883000"/>
			<Sample nodeCount="42" insertCount="10000" extractCount="10000" duration="8565000"/>
			<Sample nodeCount="43" insertCount="10000" extractCount="10000" duration="8543000"/>
			<Sample nodeCount="44" insertCount="10000" extractCount="10000" duration="8984000"/>
			<Sample nodeCount="45" insertCount="10000" extractCount="10000" duration="9178000"/>
			<Sample nodeCount="46" insertCount="10000" extractCount="10000" duration="9457000"/>
			<Sample nodeCount="47" insertCount="10000" extractCount="10000" duration="9681000"/>
			<Sample nodeCount="48" insertCount="10000" extractCount="10000" duration="10845000"/>
			<Sample nodeCount="49" insertCount="10000" extractCount="10000" duration="10284000"/>
			<Sample nodeCount="50" insertCount="10000" extractCount="10000" duration="10196000"/>
			<Sample nodeCount="51" insertCount="10000" extractCount="10000" duration="10589000"/>
			<Sample nodeCount="52" insertCount="10000" extractCount="10000" duration="10796000"/>
			<Sample nodeCount="53" insertCount="10000" extractCount="10000" duration="11071000"/>
			<Sample nodeCount="54" insertCount="10000" extractCount="10000" duration="11257000"/>
			<Sample nodeCount="55" insertCount="10000" extractCount="10000" duration="11527000"/>
			<Sample nodeCount="56" insertCount="10000" extractCount="10000" duration="11935000"/>
			<Sample nodeCount="57" insertCount="10000" extractCount="10000" duration="12384000"/>
			<Sample nodeCount="58" insertCount="10000" extractCount="10000" duration="12445000"/>
			<Sample nodeCount="59" insertCount="10000" extractCount="10000" duration="12583000"/>
			<Sample nodeCount="60" insertCount="10000" extractCount="10000" duration="12925000"/>
			<Sample nodeCount="61" insertCount="10000" extractCount="10000" duration="13203000"/>
			<Sample nodeCount="62" insertCount="10000" extractCount="10000" duration="13338000"/>
			<Sample nodeCount="63" insertCount="10000" extractCount="10000" duration="13394000"/>
			<Sample nodeCount="64" insertCount="10000" extractCount="10000" duration="13961000"/>
			<Sample nodeCount="65" insertCount="10000" extractCount="10000" duration="14137000"/>
			<Sample nodeCount="66" insertCount="10000" extractCount="10000" duration="14286000"/>
			<Sample nodeCount="67" insertCount="10000" extractCount="10000" duration="14519000"/>
			<Sample nodeCount="68" insertCount="10000" extractCount="10000" duration="14854000"/>
			<Sample nodeCount="69" insertCount="10000" extractCount="10000" duration="15070000"/>
			<Sample nodeCount="70" insertCount="10000" extractCount="10000" duration="15392000"/>
			<Sample nodeCount="71" insertCount="10000" extractCount="10000" duration="15548000"/>
			<Sample nodeCount="72" insertCount="10000" extractCount="10000" duration="15915000"/>
			<Sample nodeCount="73" insertCount="10000" extractCount="10000" duration="16111000"/>
			<Sample nodeCount="74" insertCount="10000" extractCount="10000" duration="16587000"/>
			<Sample nodeCount="75" insertCount="10000" extractCount="10000" duration="16664000"/>
			<Sample nodeCount="76" insertCount="10000" extractCount="10000" duration="17144000"/>
			<Sample nodeCount="77" insertCount="10000" extractCount="10000" duration="17282000"/>
			<Sample nodeCount="78" insertCount="10000" extractCount="10000" duration="17742000"/>
			<Sample nodeCount="79" insertCount="10000" extractCount="10000" duration="17774000"/>
			<Sample nodeCount="80" insertCount="10000" extractCount="10000" duration="19936000"/>
			<Sample nodeCount="81" insertCount="10000" extractCount="10000" duration="19344000"/>
			<Sample nodeCount="82" insertCount="10000" extractCount="10000" duration="19007000"/>
			<Sample nodeCount="83" insertCount="10000" extractCount="10000" duration="18981000"/>
			<Sample nodeCount="84" insertCount="10000" extractCount="10000" duration="19367000"/>
			<Sample nodeCount="85" insertCount="10000" extractCount="10000" duration="20144000"/>
			<Sample nodeCount="86" insertCount="10000" extractCount="10000" duration="20184000"/>
			<Sample nodeCount="87" insertCount="10000" extractCount="10000" duration="20078000"/>
			<Sample nodeCount="88" insertCount="10000" extractCount="10000" duration="20590000"/>
			<Sample nodeCount="89" insertCount="10000" extractCount="10000" duration="20658000"/>
			<Sample nodeCount="90" insertCount="10000" extractCount="10000" duration="21104000"/>
			<Sample nodeCount="91" insertCount="10000" extractCount="10000" duration="21118000"/>
			<Sample nodeCount="92" insertCount="10000" extractCount="10000" duration="21622000"/>
			<Sample nodeCount="93" insertCount="10000" extractCount="10000" duration="21840000"/>
			<Sample nodeCount="94" insertCount="10000" extractCount="10000" duration="21980000"/>
			<Sample nodeCount="95" insertCount="10000" extractCount="10000" duration="22380000"/>
			<Sample nodeCount="96" insertCount="10000" extractCount="10000" duration="22781000"/>
			<Sample nodeCount="97" insertCount="10000" extractCount="10000" duration="22843000"/>
			<Sample nodeCount="98" insertCount="10000" extractCount="10000" duration="23305000"/>
			<Sample nodeCount="99" insertCount="10000" extractCount="10000" duration="23359000"/>
			<Sample nodeCount="100" insertCount="10000" extractCount="10000" duration="23496000"/>
			<Sample nodeCount="101" insertCount="10000" extractCount="10000" duration="23861000"/>
			<Sample nodeCount="102" insertCount="10000" extractCount="10000" duration="24164000"/>
			<Sample nodeCount="103" insertCount="10000" extractCount="10000" duration="24318000"/>
			<Sample nodeCount="104" insertCount="10000" extractCount="10000" duration="25137000"/>
			<Sample nodeCount="105" insertCount="10000" extractCount="10000" duration="25686000"/>
			<Sample nodeCount="106" insertCount="10000" extractCount="10000" duration="25322000"/>
			<Sample nodeCount="107" insertCount="10000" extractCount="10000" duration="25388000"/>
			<Sample nodeCount="108" insertCount="10000" extractCount="10000" duration="25918000"/>
			<Sample nodeCount="109" insertCount="10000" extractCount="10000" duration="26133000"/>
			<Sample nodeCount="110" insertCount="10000" extractCount="10000" duration="26580000"/>
			<Sample nodeCount="111" insertCount="10000" extractCount="10000" duration="26419000"/>
			<Sample nodeCount="112" insertCount="10000" extractCount="10000" duration="26718000"/>
			<Sample nodeCount="113" insertCount="10000" extractCount="10000" duration="26902000"/>
			<Sample nodeCount="114" insertCount="10000" extractCount="10000" duration="27135000"/>
			<Sample nodeCount="115" insertCount="10000" extractCount="10000" duration="27526000"/>
			<Sample nodeCount="116" insertCount="10000" extractCount="10000" duration="27575000"/>
			<Sample nodeCount="117" insertCount="10000" extractCount="10000" duration="27911000"/>
			<Sample nodeCount="118" insertCount="10000" extractCount="10000" duration="28308000"/>
			<Sample nodeCount="119" insertCount="10000" extractCount="10000" duration="30633000"/>
			<Sample nodeCount="120" insertCount="10000" extractCount="10000" duration="29671000"/>
			<Sample nodeCount="121" insertCount="10000" extractCount="10000" duration="29000000"/>
			<Sample nodeCount="122" insertCount="10000" extractCount="10000" duration="30180000"/>
			<Sample nodeCount="123" insertCount="10000" extractCount="10000" duration="31469000"/>
			<Sample nodeCount="124" insertCount="10000" extractCount="10000" duration="31382000"/>
			<Sample nodeCount="125" insertCount="10000" extractCount="10000" duration="30196000"/>
			<Sample nodeCount="126" insertCount="10000" extractCount="10000" duration="31425000"/>
			<Sample nodeCount="127" insertCount="10000" extractCount="10000" duration="31285000"/>
			<Sample nodeCount="128" insertCount="10000" extractCount="10000" duration="33153000"/>
			<Sample nodeCount="129" insertCount="10000" extractCount="10000" duration="32402000"/>
			<Sample nodeCount="130" insertCount="10000" extractCount="10000" duration="31919000"/>
			<Sample nodeCount="131" insertCount="10000" extractCount="10000" duration="33485000"/>
			<Sample nodeCount="132" insertCount="10000" extractCount="10000" duration="33036000"/>
			<Sample nodeCount="133" insertCount="10000" extractCount="10000" duration="32416000"/>
			<Sample nodeCount="134" insertCount="10000" extractCount="10000" duration="32934000"/>
			<Sample nodeCount="135" insertCount="10000" extractCount="10000" duration="33125000"/>
			<Sample nodeCount="136" insertCount="10000" extractCount="10000" duration="33784000"/>
			<Sample nodeCount="137" insertCount="10000" extractCount="10000" duration="33807000"/>
			<Sample nodeCount="138" insertCount="10000" extractCount="10000" duration="34092000"/>
			<Sample nodeCount="139" insertCount="10000" extractCount="10000" duration="34379000"/>
			<Sample nodeCount="140" insertCount="10000" extractCount="10000" duration="34745000"/>
			<Sample nodeCount="141" insertCount="10000" extractCount="10000" duration="34945000"/>
			<Sample nodeCount="142" insertCount="10000" extractCount="10000" duration="35382000"/>
			<Sample nodeCount="143" insertCount="10000" extractCount="10000" duration="35237000"/>
			<Sample nodeCount="144" insertCount="10000" extractCount="10000" duration="37082000"/>
			<Sample nodeCount="145" insertCount="10000" extractCount="10000" duration="36834000"/>
			<Sample nodeCount="146" insertCount="10000" extractCount="10000" duration="36625000"/>
			<Sample nodeCount="147" insertCount="10000" extractCount="10000" duration="36525000"/>
			<Sample nodeCount="148" insertCount="10000" extractCount="10000" duration="36986000"/>
			<Sample nodeCount="149" insertCount="10000" extractCount="10000" duration="37140000"/>
			<Sample nodeCount="150" insertCount="10000" extractCount="10000" duration="37426000"/>
			<Sample nodeCount="151" insertCount="10000" extractCount="10000" duration="37546000"/>
			<Sample nodeCount="152" insertCount="10000" extractCount="10000" duration="38071000"/>
			<Sample nodeCount="153" insertCount="10000" extractCount="10000" duration="38743000"/>
			<Sample nodeCount="154" insertCount="10000" extractCount="10000" duration="39018000"/>
			<Sample nodeCount="155" insertCount="10000" extractCount="10000" duration="38872000"/>
			<Sample nodeCount="156" insertCount="10000" extractCount="10000" duration="39702000"/>
			<Sample nodeCount="157" insertCount="10000" extractCount="10000" duration="39736000"/>
			<Sample nodeCount="158" insertCount="10000" extractCount="10000" duration="41190000"/>
			<Sample nodeCount="159" insertCount="10000" extractCount="10000" duration="40487000"/>
			<Sample nodeCount="160" insertCount="10000" extractCount="10000" duration="41253000"/>
			<Sample nodeCount="161" insertCount="10000" extractCount="10000" duration="41920000"/>
			<Sample nodeCount="162" insertCount="10000" extractCount="10000" duration="41966000"/>
			<Sample nodeCount="163" insertCount="10000" extractCount="10000" duration="42430000"/>
			<Sample nodeCount="164" insertCount="10000" extractCount="10000" duration="42550000"/>
			<Sample nodeCount="165" insertCount="10000" extractCount="10000" duration="42372000"/>
			<Sample nodeCount="166" insertCount="10000" extractCount="10000" duration="42641000"/>
			<Sample nodeCount="167" insertCount="10000" extractCount="10000" duration="42997000"/>
			<Sample nodeCount="168" insertCount="10000" extractCount="10000" duration="43794000"/>
			<Sample nodeCount="169" insertCount="10000" extractCount="10000" duration="44106000"/>
			<Sample nodeCount="170" insertCount="10000" extractCount="10000" duration="44226000"/>
			<Sample nodeCount="171" insertCount="10000" extractCount="10000" duration="45926000"/>
			<Sample nodeCount="172" insertCount="10000" extractCount="10000" duration="45397000"/>
			<Sample nodeCount="173" insertCount="10000" extractCount="10000" duration="45024000"/>
			<Sample nodeCount="174" insertCount="10000" extractCount="10000" duration="45113000"/>
			<Sample nodeCount="175" insertCount="10000" extractCount="10000" duration="45401000"/>
			<Sample nodeCount="176" insertCount="10000" extractCount="10000" duration="45852000"/>
			<Sample nodeCount="177" insertCount="10000" extractCount="10000" duration="46270000"/>
			<Sample nodeCount="178" insertCount="10000" extractCount="10000" duration="49342000"/>
			<Sample nodeCount="179" insertCount="10000" extractCount="10000" duration="46271000"/>
			<Sample nodeCount="180" insertCount="10000" extractCount="10000" duration="48314000"/>
			<Sample nodeCount="181" insertCount="10000" extractCount="10000" duration="47210000"/>
			<Sample nodeCount="182" insertCount="10000" extractCount="10000" duration="48405000"/>
			<Sample nodeCount="183" insertCount="10000" extractCount="10000" duration="48191000"/>
			<Sample nodeCount="184" insertCount="10000" extractCount="10000" duration="47809000"/>
			<Sample nodeCount="185" insertCount="10000" extractCount="10000" duration="48286000"/>
			<Sample nodeCount="186" insertCount="10000" extractCount="10000" duration="48269000"/>
			<Sample nodeCount="187" insertCount="10000" extractCount="10000" duration="48558000"/>
			<Sample nodeCount="188" insertCount="10000" extractCount="10000" duration="48813000"/>
			<Sample nodeCount="189" insertCount="10000" extractCount="10000" duration="50690000"/>
			<Sample nodeCount="190" insertCount="10000" extractCount="10000" duration="50077000"/>
			<Sample nodeCount="191" insertCount="10000" extractCount="10000" duration="52271000"/>
			<Sample nodeCount="192" insertCount="10000" extractCount="10000" duration="51107000"/>
			<Sample nodeCount="193" insertCount="10000" extractCount="10000" duration="52075000"/>
			<Sample nodeCount="194" insertCount="10000" extractCount="10000" duration="51179000"/>
			<Sample nodeCount="195" insertCount="10000" extractCount="10000" duration="53775000"/>
			<Sample nodeCount="196" insertCount="10000" extractCount="10000" duration="54242000"/>
			<Sample nodeCount="197" insertCount="10000" extractCount="10000" duration="52855000"/>
			<Sample nodeCount="198" insertCount="10000" extractCount="10000" duration="52225000"/>
			<Sample nodeCount="199" insertCount="10000" extractCount="10000" duration="52123000"/>
			<Sample nodeCount="200" insertCount="10000" extractCount="10000" duration="52350000"/>
			<Sample nodeCount="201" insertCount="10000" extractCount="10000" duration="53242000"/>
			<Sample nodeCount="202" insertCount="10000" extractCount="10000" duration="53245000"/>
			<Sample nodeCount="203" insertCount="10000" extractCount="10000" duration="54096000"/>
			<Sample nodeCount="204" insertCount="10000" extractCount="10000" duration="54272000"/>
			<Sample nodeCount="205" insertCount="10000" extractCount="10000" duration="56817000"/>
			<Sample nodeCount="206" insertCount="10000" extractCount="10000" duration="55951000"/>
			<Sample nodeCount="207" insertCount="10000" extractCount="10000" duration="55095000"/>
			<Sample nodeCount="208" insertCount="10000" extractCount="10000" duration="56500000"/>
			<Sample nodeCount="209" insertCount="10000" extractCount="10000" duration="56561000"/>
			<Sample nodeCount="210" insertCount="10000" extractCount="10000" duration="57583000"/>
			<Sample nodeCount="211" insertCount="10000" extractCount="10000" duration="55517000"/>
			<Sample nodeCount="212" insertCount="10000" extractCount="10000" duration="55478000"/>
			<Sample nodeCount="213" insertCount="10000" extractCount="10000" duration="58423000"/>
			<Sample nodeCount="214" insertCount="10000" extractCount="10000" duration="58640000"/>
			<Sample nodeCount="215" insertCount="10000" extractCount="10000" duration="56985000"/>
			<Sample nodeCount="216" insertCount="10000" extractCount="10000" duration="56988000"/>
			<Sample nodeCount="217" insertCount="10000" extractCount="10000" duration="58202000"/>
			<Sample nodeCount="218" insertCount="10000" extractCount="10000" duration="57865000"/>
			<Sample nodeCount="219" insertCount="10000" extractCount="10000" duration="57518000"/>
			<Sample nodeCount="220" insertCount="10000" extractCount="10000" duration="58111000"/>
			<Sample nodeCount="221" insertCount="10000" extractCount="10000" duration="58366000"/>
			<Sample nodeCount="222" insertCount="10000" extractCount="10000" duration="59194000"/>
			<Sample nodeCount="223" insertCount="10000" extractCount="10000" duration="60487000"/>
			<Sample nodeCount="224" insertCount="10000" extractCount="10000" duration="60437000"/>
			<Sample nodeCount="225" insertCount="10000" extractCount="10000" duration="60455000"/>
			<Sample nodeCount="226" insertCount="10000" extractCount="10000" duration="60779000"/>
			<Sample nodeCount="227" insertCount="10000" extractCount="10000" duration="62030000"/>
			<Sample nodeCount="228" insertCount="10000" extractCount="10000" duration="61358000"/>
			<Sample nodeCount="229" insertCount="10000" extractCount="10000" duration="61346000"/>
			<Sample nodeCount="230" insertCount="10000" extractCount="10000" duration="62475000"/>
			<Sample nodeCount="231" insertCount="10000" extractCount="10000" duration="62987000"/>
			<Sample nodeCount="232" insertCount="10000" extractCount="10000" duration="64642000"/>
			<Sample nodeCount="233" insertCount="10000" extractCount="10000" duration="63976000"/>
			<Sample nodeCount="234" insertCount="10000" extractCount="10000" duration="64120000"/>
			<Sample nodeCount="235" insertCount="10000" extractCount="10000" duration="63991000"/>
			<Sample nodeCount="236" insertCount="10000" extractCount="10000" duration="62430000"/>
			<Sample nodeCount="237" insertCount="10000" extractCount="10000" duration="64205000"/>
			<Sample nodeCount="238" insertCount="10000" extractCount="10000" duration="63149000"/>
			<Sample nodeCount="239" insertCount="10000" extractCount="10000" duration="65425000"/>
			<Sample nodeCount="240" insertCount="10000" extractCount="10000" duration="64297000"/>
			<Sample nodeCount="241" insertCount="10000" extractCount="10000" duration="66727000"/>
			<Sample nodeCount="242" insertCount="10000" extractCount="10000" duration="65091000"/>
			<Sample nodeCount="243" insertCount="10000" extractCount="10000" duration="64492000"/>
			<Sample nodeCount="244" insertCount="10000" extractCount="10000" duration="64856000"/>
			<Sample nodeCount="245" insertCount="10000" extractCount="10000" duration="64964000"/>
			<Sample nodeCount="246" insertCount="10000" extractCount="10000" duration="65857000"/>
			<Sample nodeCount="247" insertCount="10000" extractCount="10000" duration="65372000"/>
			<Sample nodeCount="248" insertCount="10000" extractCount="10000" duration="66162000"/>
			<Sample nodeCount="249" insertCount="10000" extractCount="10000" duration="68025000"/>
			<Sample nodeCount="250" insertCount="10000" extractCount="10000" duration="66929000"/>
			<Sample nodeCount="251" insertCount="10000" extractCount="10000" duration="66920000"/>
			<Sample nodeCount="252" insertCount="10000" extractCount="10000" duration="67065000"/>
			<Sample nodeCount="253" insertCount="10000" extractCount="10000" duration="69134000"/>
			<Sample nodeCount="254" insertCount="10000" extractCount="10000" duration="68572000"/>
			<Sample nodeCount="255" insertCount="10000" extractCount="10000" duration="71909000"/>
		</SmallSetLinear>
		<LargeSetLinear>
		</LargeSetLinear>
	</RBTest>
	<RBTest implementation="Linux" nodeSize="24">
		<SmallSetRandomOps>
			<Sample nodeCount="1" insertCount="62" extractCount="61" duration="2000"/>
			<Sample nodeCount="2" insertCount="123" extractCount="123" duration="5000"/>
			<Sample nodeCount="3" insertCount="185" extractCount="184" duration="8000"/>
			<Sample nodeCount="4" insertCount="247" extractCount="245" duration="12000"/>
			<Sample nodeCount="5" insertCount="308" extractCount="307" duration="16000"/>
			<Sample nodeCount="6" insertCount="371" extractCount="367" duration="19000"/>
			<Sample nodeCount="7" insertCount="433" extractCount="428" duration="25000"/>
			<Sample nodeCount="8" insertCount="493" extractCount="491" duration="29000"/>
			<Sample nodeCount="9" insertCount="557" extractCount="550" duration="34000"/>
			<Sample nodeCount="10" insertCount="617" extractCount="613" duration="40000"/>
			<Sample nodeCount="11" insertCount="680" extractCount="673" duration="44000"/>
			<Sample nodeCount="12" insertCount="741" extractCount="735" duration="75000"/>
			<Sample nodeCount="13" insertCount="802" extractCount="797" duration="86000"/>
			<Sample nodeCount="14" insertCount="866" extractCount="856" duration="73000"/>
			<Sample nodeCount="15" insertCount="926" extractCount="919" duration="131000"/>
			<Sample nodeCount="16" insertCount="989" extractCount="979" duration="87000"/>
			<Sample nodeCount="17" insertCount="1049" extractCount="1042" duration="76000"/>
			<Sample nodeCount="18" insertCount="1112" extractCount="1102" duration="125000"/>
			<Sample nodeCount="19" insertCount="1171" extractCount="1166" duration="88000"/>
			<Sample nodeCount="20" insertCount="1235" extractCount="1225" duration="93000"/>
			<Sample nodeCount="21" insertCount="1296" extractCount="1287" duration="97000"/>
			<Sample nodeCount="22" insertCount="1359" extractCount="1347" duration="103000"/>
			<Sample nodeCount="23" insertCount="1420" extractCount="1409" duration="107000"/>
			<Sample nodeCount="24" insertCount="1482" extractCount="1470" duration="113000"/>
			<Sample nodeCount="25" insertCount="1546" extractCount="1529" duration="118000"/>
			<Sample nodeCount="26" insertCount="1604" extractCount="1594" duration="124000"/>
			<Sample nodeCount="27" insertCount="1666" extractCount="1655" duration="129000"/>
			<Sample nodeCount="28" insertCount="1728" extractCount="1716" duration="133000"/>
			<Sample nodeCount="29" insertCount="1791" extractCount="1776" duration="140000"/>
			<Sample nodeCount="30" insertCount="1852" extractCount="1838" duration="144000"/>
			<Sample nodeCount="31" insertCount="1914" extractCount="1899" duration="149000"/>
			<Sample nodeCount="32" insertCount="1976" extractCount="1960" duration="154000"/>
			<Sample nodeCount="33" insertCount="2039" extractCount="2020" duration="157000"/>
			<Sample nodeCount="34" insertCount="2099" extractCount="2083" duration="162000"/>
			<Sample nodeCount="35" insertCount="2163" extractCount="2142" duration="169000"/>
			<Sample nodeCount="36" insertCount="2224" extractCount="2204" duration="177000"/>
			<Sample nodeCount="37" insertCount="2285" extractCount="2266" duration="178000"/>
			<Sample nodeCount="38" insertCount="2346" extractCount="2328" duration="185000"/>
			<Sample nodeCount="39" insertCount="2409" extractCount="2388" duration="189000"/>
			<Sample nodeCount="40" insertCount="2470" extractCount="2450" duration="196000"/>
			<Sample nodeCount="41" insertCount="2532" extractCount="2511" duration="201000"/>
			<Sample nodeCount="42" insertCount="2589" extractCount="2577" duration="205000"/>
			<Sample nodeCount="43" insertCount="2655" extractCount="2634" duration="235000"/>
			<Sample nodeCount="44" insertCount="2714" extractCount="2698" duration="261000"/>
			<Sample nodeCount="45" insertCount="2781" extractCount="2754" duration="222000"/>
			<Sample nodeCount="46" insertCount="2842" extractCount="2816" duration="228000"/>
			<Sample nodeCount="47" insertCount="2903" extractCount="2878" duration="233000"/>
			<Sample nodeCount="48" insertCount="2962" extractCount="2942" duration="241000"/>
			<Sample nodeCount="49" insertCount="3022" extractCount="3005" duration="255000"/>
			<Sample nodeCount="50" insertCount="3090" extractCount="3060" duration="262000"/>
			<Sample nodeCount="51" insertCount="3150" extractCount="3123" duration="256000"/>
			<Sample nodeCount="52" insertCount="3209" extractCount="3187" duration="260000"/>
			<Sample nodeCount="53" insertCount="3275" extractCount="3244" duration="265000"/>
			<Sample nodeCount="54" insertCount="3334" extractCount="3308" duration="273000"/>
			<Sample nodeCount="55" insertCount="3397" extractCount="3368" duration="279000"/>
			<Sample nodeCount="56" insertCount="3456" extractCount="3432" duration="282000"/>
			<Sample nodeCount="57" insertCount="3517" extractCount="3494" duration="288000"/>
			<Sample nodeCount="58" insertCount="3584" extractCount="3550" duration="296000"/>
			<Sample nodeCount="59" insertCount="3645" extractCount="3612" duration="336000"/>
			<Sample nodeCount="60" insertCount="3706" extractCount="3674" duration="305000"/>
			<Sample nodeCount="61" insertCount="3770" extractCount="3733" duration="314000"/>
			<Sample nodeCount="62" insertCount="3826" extractCount="3800" duration="318000"/>
			<Sample nodeCount="63" insertCount="3891" extractCount="3858" duration="324000"/>
			<Sample nodeCount="64" insertCount="3953" extractCount="3919" duration="330000"/>
			<Sample nodeCount="65" insertCount="4013" extractCount="3982" duration="333000"/>
			<Sample nodeCount="66" insertCount="4075" extractCount="4043" duration="342000"/>
			<Sample nodeCount="67" insertCount="4141" extractCount="4100" duration="346000"/>
			<Sample nodeCount="68" insertCount="4198" extractCount="4166" duration="351000"/>
			<Sample nodeCount="69" insertCount="4258" extractCount="4229" duration="357000"/>
			<Sample nodeCount="70" insertCount="4325" extractCount="4285" duration="363000"/>
			<Sample nodeCount="71" insertCount="4383" extractCount="4350" duration="399000"/>
			<Sample nodeCount="72" insertCount="4447" extractCount="4409" duration="374000"/>
			<Sample nodeCount="73" insertCount="4506" extractCount="4473" duration="381000"/>
			<Sample nodeCount="74" insertCount="4570" extractCount="4532" duration="385000"/>
			<Sample nodeCount="75" insertCount="4634" extractCount="4591" duration="389000"/>
			<Sample nodeCount="76" insertCount="4692" extractCount="4656" duration="396000"/>
			<Sample nodeCount="77" insertCount="4753" extractCount="4718" duration="403000"/>
			<Sample nodeCount="78" insertCount="4817" extractCount="4777" duration="409000"/>
			<Sample nodeCount="79" insertCount="4878" extractCount="4839" duration="417000"/>
			<Sample nodeCount="80" insertCount="4936" extractCount="4904" duration="420000"/>
			<Sample nodeCount="81" insertCount="5003" extractCount="4960" duration="448000"/>
			<Sample nodeCount="82" insertCount="5062" extractCount="5024" duration="432000"/>
			<Sample nodeCount="83" insertCount="5123" extractCount="5086" duration="458000"/>
			<Sample nodeCount="84" insertCount="5189" extractCount="5143" duration="443000"/>
			<Sample nodeCount="85" insertCount="5251" extractCount="5204" duration="450000"/>
			<Sample nodeCount="86" insertCount="5312" extractCount="5266" duration="454000"/>
			<Sample nodeCount="87" insertCount="5375" extractCount="5326" duration="471000"/>
			<Sample nodeCount="88" insertCount="5434" extractCount="5390" duration="525000"/>
			<Sample nodeCount="89" insertCount="5496" extractCount="5451" duration="476000"/>
			<Sample nodeCount="90" insertCount="5556" extractCount="5514" duration="503000"/>
			<Sample nodeCount="91" insertCount="5621" extractCount="5572" duration="484000"/>
			<Sample nodeCount="92" insertCount="5676" extractCount="5640" duration="488000"/>
			<Sample nodeCount="93" insertCount="5739" extractCount="5700" duration="491000"/>
			<Sample nodeCount="94" insertCount="5803" extractCount="5759" duration="499000"/>
			<Sample nodeCount="95" insertCount="5862" extractCount="5823" duration="506000"/>
			<Sample nodeCount="96" insertCount="5928" extractCount="5880" duration="514000"/>
			<Sample nodeCount="97" insertCount="5987" extractCount="5944" duration="608000"/>
			<Sample nodeCount="98" insertCount="6051" extractCount="6003" duration="652000"/>
			<Sample nodeCount="99" insertCount="6112" extractCount="6065" duration="612000"/>
			<Sample nodeCount="100" insertCount="6180" extractCount="6120" duration="596000"/>
			<Sample nodeCount="101" insertCount="6237" extractCount="6186" duration="590000"/>
			<Sample nodeCount="102" insertCount="6298" extractCount="6248" duration="611000"/>
			<Sample nodeCount="103" insertCount="6365" extractCount="6304" duration="621000"/>
			<Sample nodeCount="104" insertCount="6422" extractCount="6370" duration="629000"/>
			<Sample nodeCount="105" insertCount="6484" extractCount="6431" duration="626000"/>
			<Sample nodeCount="106" insertCount="6544" extractCount="6494" duration="632000"/>
			<Sample nodeCount="107" insertCount="6607" extractCount="6554" duration="626000"/>
			<Sample nodeCount="108" insertCount="6667" extractCount="6617" duration="664000"/>
			<Sample nodeCount="109" insertCount="6727" extractCount="6680" duration="595000"/>
			<Sample nodeCount="110" insertCount="6793" extractCount="6737" duration="807000"/>
			<Sample nodeCount="111" insertCount="6855" extractCount="6798" duration="664000"/>
			<Sample nodeCount="112" insertCount="6917" extractCount="6859" duration="655000"/>
			<Sample nodeCount="113" insertCount="6977" extractCount="6922" duration="682000"/>
			<Sample nodeCount="114" insertCount="7044" extractCount="6978" duration="719000"/>
			<Sample nodeCount="115" insertCount="7101" extractCount="7044" duration="679000"/>
			<Sample nodeCount="116" insertCount="7163" extractCount="7105" duration="681000"/>
			<Sample nodeCount="117" insertCount="7228" extractCount="7163" duration="689000"/>
			<Sample nodeCount="118" insertCount="7287" extractCount="7227" duration="694000"/>
			<Sample nodeCount="119" insertCount="7351" extractCount="7286" duration="709000"/>
			<Sample nodeCount="120" insertCount="7412" extractCount="7348" duration="739000"/>
			<Sample nodeCount="121" insertCount="7474" extractCount="7409" duration="773000"/>
			<Sample nodeCount="122" insertCount="7532" extractCount="7474" duration="708000"/>
			<Sample nodeCount="123" insertCount="7598" extractCount="7531" duration="673000"/>
			<Sample nodeCount="124" insertCount="7657" extractCount="7595" duration="681000"/>
			<Sample nodeCount="125" insertCount="7715" extractCount="7660" duration="689000"/>
			<Sample nodeCount="126" insertCount="7781" extractCount="7717" duration="697000"/>
			<Sample nodeCount="127" insertCount="7845" extractCount="7776" duration="745000"/>
			<Sample nodeCount="128" insertCount="7904" extractCount="7840" duration="707000"/>
			<Sample nodeCount="129" insertCount="7970" extractCount="7897" duration="711000"/>
			<Sample nodeCount="130" insertCount="8029" extractCount="7961" duration="716000"/>
			<Sample nodeCount="131" insertCount="8091" extractCount="8022" duration="729000"/>
			<Sample nodeCount="132" insertCount="8154" extractCount="8082" duration="728000"/>
			<Sample nodeCount="133" insertCount="8208" extractCount="8151" duration="793000"/>
			<Sample nodeCount="134" insertCount="8272" extractCount="8210" duration="782000"/>
			<Sample nodeCount="135" insertCount="8340" extractCount="8265" duration="1079000"/>
			<Sample nodeCount="136" insertCount="8399" extractCount="8329" duration="820000"/>
			<Sample nodeCount="137" insertCount="8459" extractCount="8392" duration="837000"/>
			<Sample nodeCount="138" insertCount="8522" extractCount="8452" duration="818000"/>
			<Sample nodeCount="139" insertCount="8578" extractCount="8519" duration="792000"/>
			<Sample nodeCount="140" insertCount="8643" extractCount="8577" duration="781000"/>
			<Sample nodeCount="141" insertCount="8707" extractCount="8636" duration="782000"/>
			<Sample nodeCount="142" insertCount="8768" extractCount="8698" duration="833000"/>
			<Sample nodeCount="143" insertCount="8829" extractCount="8760" duration="852000"/>
			<Sample nodeCount="144" insertCount="8892" extractCount="8820" duration="796000"/>
			<Sample nodeCount="145" insertCount="8955" extractCount="8880" duration="884000"/>
			<Sample nodeCount="146" insertCount="9014" extractCount="8944" duration="809000"/>
			<Sample nodeCount="147" insertCount="9079" extractCount="9002" duration="844000"/>
			<Sample nodeCount="148" insertCount="9139" extractCount="9065" duration="824000"/>
			<Sample nodeCount="149" insertCount="9198" extractCount="9129" duration="826000"/>
			<Sample nodeCount="150" insertCount="9263" extractCount="9187" duration="836000"/>
			<Sample nodeCount="151" insertCount="9329" extractCount="9244" duration="842000"/>
			<Sample nodeCount="152" insertCount="9388" extractCount="9308" duration="894000"/>
			<Sample nodeCount="153" insertCount="9450" extractCount="9369" duration="949000"/>
			<Sample nodeCount="154" insertCount="9516" extractCount="9426" duration="911000"/>
			<Sample nodeCount="155" insertCount="9572" extractCount="9493" duration="866000"/>
			<Sample nodeCount="156" insertCount="9633" extractCount="9555" duration="892000"/>
			<Sample nodeCount="157" insertCount="9693" extractCount="9618" duration="875000"/>
			<Sample nodeCount="158" insertCount="9760" extractCount="9674" duration="880000"/>
			<Sample nodeCount="159" insertCount="9817" extractCount="9740" duration="889000"/>
			<Sample nodeCount="160" insertCount="9881" extractCount="9799" duration="894000"/>
			<Sample nodeCount="161" insertCount="9941" extractCount="9862" duration="925000"/>
			<Sample nodeCount="162" insertCount="10005" extractCount="9921" duration="907000"/>
			<Sample nodeCount="163" insertCount="10066" extractCount="9983" duration="911000"/>
			<Sample nodeCount="164" insertCount="10121" extractCount="10051" duration="921000"/>
			<Sample nodeCount="165" insertCount="10187" extractCount="10108" duration="967000"/>
			<Sample nodeCount="166" insertCount="10249" extractCount="10169" duration="930000"/>
			<Sample nodeCount="167" insertCount="10314" extractCount="10227" duration="938000"/>
			<Sample nodeCount="168" insertCount="10374" extractCount="10290" duration="945000"/>
			<Sample nodeCount="169" insertCount="10435" extractCount="10352" duration="973000"/>
			<Sample nodeCount="170" insertCount="10492" extractCount="10418" duration="954000"/>
			<Sample nodeCount="171" insertCount="10561" extractCount="10472" duration="1050000"/>
			<Sample nodeCount="172" insertCount="10620" extractCount="10536" duration="1049000"/>
			<Sample nodeCount="173" insertCount="10679" extractCount="10600" duration="1038000"/>
			<Sample nodeCount="174" insertCount="10748" extractCount="10654" duration="980000"/>
			<Sample nodeCount="175" insertCount="10806" extractCount="10719" duration="988000"/>
			<Sample nodeCount="176" insertCount="10869" extractCount="10779" duration="994000"/>
			<Sample nodeCount="177" insertCount="10930" extractCount="10841" duration="1041000"/>
			<Sample nodeCount="178" insertCount="10990" extractCount="10904" duration="1000000"/>
			<Sample nodeCount="179" insertCount="11054" extractCount="10963" duration="1011000"/>
			<Sample nodeCount="180" insertCount="11112" extractCount="11028" duration="1018000"/>
			<Sample nodeCount="181" insertCount="11178" extractCount="11085" duration="1076000"/>
			<Sample nodeCount="182" insertCount="11233" extractCount="11153" duration="1031000"/>
			<Sample nodeCount="183" insertCount="11299" extractCount="11210" duration="1032000"/>
			<Sample nodeCount="184" insertCount="11365" extractCount="11267" duration="1042000"/>
			<Sample nodeCount="185" insertCount="11419" extractCount="11336" duration="1047000"/>
			<Sample nodeCount="186" insertCount="11486" extractCount="11392" duration="1052000"/>
			<Sample nodeCount="187" insertCount="11546" extractCount="11455" duration="1065000"/>
			<Sample nodeCount="188" insertCount="11607" extractCount="11517" duration="1063000"/>
			<Sample nodeCount="189" insertCount="11670" extractCount="11577" duration="1073000"/>
			<Sample nodeCount="190" insertCount="11736" extractCount="11634" duration="1076000"/>
			<Sample nodeCount="191" insertCount="11799" extractCount="11694" duration="1088000"/>
			<Sample nodeCount="192" insertCount="11854" extractCount="11762" duration="1091000"/>
			<Sample nodeCount="193" insertCount="11918" extractCount="11821" duration="1094000"/>
			<Sample nodeCount="194" insertCount="11985" extractCount="11877" duration="1103000"/>
			<Sample nodeCount="195" insertCount="12041" extractCount="11944" duration="1109000"/>
			<Sample nodeCount="196" insertCount="12104" extractCount="12004" duration="1117000"/>
			<Sample nodeCount="197" insertCount="12165" extractCount="12066" duration="1119000"/>
			<Sample nodeCount="198" insertCount="12222" extractCount="12132" duration="1130000"/>
			<Sample nodeCount="199" insertCount="12280" extractCount="12197" duration="1134000"/>
			<Sample nodeCount="200" insertCount="12352" extractCount="12248" duration="1138000"/>
			<Sample nodeCount="201" insertCount="12410" extractCount="12313" duration="1143000"/>
			<Sample nodeCount="202" insertCount="12482" extractCount="12364" duration="1155000"/>
			<Sample nodeCount="203" insertCount="12530" extractCount="12439" duration="1158000"/>
			<Sample nodeCount="204" insertCount="12600" extractCount="12492" duration="1164000"/>
			<Sample nodeCount="205" insertCount="12658" extractCount="12557" duration="1169000"/>
			<Sample nodeCount="206" insertCount="12723" extractCount="12615" duration="1409000"/>
			<Sample nodeCount="207" insertCount="12785" extractCount="12676" duration="1336000"/>
			<Sample nodeCount="208" insertCount="12841" extractCount="12743" duration="1356000"/>
			<Sample nodeCount="209" insertCount="12904" extractCount="12803" duration="1291000"/>
			<Sample nodeCount="210" insertCount="12972" extractCount="12858" duration="1295000"/>
			<Sample nodeCount="211" insertCount="13027" extractCount="12926" duration="1298000"/>
			<Sample nodeCount="212" insertCount="13089" extractCount="12987" duration="1248000"/>
			<Sample nodeCount="213" insertCount="13150" extractCount="13049" duration="1224000"/>
			<Sample nodeCount="214" insertCount="13214" extractCount="13108" duration="1337000"/>
			<Sample nodeCount="215" insertCount="13274" extractCount="13171" duration="1320000"/>
			<Sample nodeCount="216" insertCount="13337" extractCount="13231" duration="1278000"/>
			<Sample nodeCount="217" insertCount="13402" extractCount="13289" duration="1249000"/>
			<Sample nodeCount="218" insertCount="13461" extractCount="13353" duration="1437000"/>
			<Sample nodeCount="219" insertCount="13527" extractCount="13410" duration="1453000"/>
			<Sample nodeCount="220" insertCount="13585" extractCount="13475" duration="1266000"/>
			<Sample nodeCount="221" insertCount="13648" extractCount="13535" duration="1329000"/>
			<Sample nodeCount="222" insertCount="13708" extractCount="13598" duration="1546000"/>
			<Sample nodeCount="223" insertCount="13768" extractCount="13661" duration="1288000"/>
			<Sample nodeCount="224" insertCount="13836" extractCount="13716" duration="1344000"/>
			<Sample nodeCount="225" insertCount="13896" extractCount="13779" duration="1345000"/>
			<Sample nodeCount="226" insertCount="13953" extractCount="13845" duration="1315000"/>
			<Sample nodeCount="227" insertCount="14015" extractCount="13906" duration="1355000"/>
			<Sample nodeCount="228" insertCount="14081" extractCount="13963" duration="1474000"/>
			<Sample nodeCount="229" insertCount="14139" extractCount="14028" duration="1323000"/>
			<Sample nodeCount="230" insertCount="14198" extractCount="14092" duration="1355000"/>
			<Sample nodeCount="231" insertCount="14256" extractCount="14157" duration="1332000"/>
			<Sample nodeCount="232" insertCount="14324" extractCount="14212" duration="1340000"/>
			<Sample nodeCount="233" insertCount="14388" extractCount="14271" duration="1393000"/>
			<Sample nodeCount="234" insertCount="14449" extractCount="14333" duration="1346000"/>
			<Sample nodeCount="235" insertCount="14513" extractCount="14392" duration="1361000"/>
			<Sample nodeCount="236" insertCount="14569" extractCount="14459" duration="1386000"/>
			<Sample nodeCount="237" insertCount="14634" extractCount="14517" duration="1367000"/>
			<Sample nodeCount="238" insertCount="14698" extractCount="14576" duration="1372000"/>
			<Sample nodeCount="239" insertCount="14756" extractCount="14641" duration="1408000"/>
			<Sample nodeCount="240" insertCount="14822" extractCount="14698" duration="1430000"/>
			<Sample nodeCount="241" insertCount="14883" extractCount="14760" duration="1438000"/>
			<Sample nodeCount="242" insertCount="14941" extractCount="14825" duration="1429000"/>
			<Sample nodeCount="243" insertCount="15009" extractCount="14880" duration="1409000"/>
			<Sample nodeCount="244" insertCount="15067" extractCount="14945" duration="1442000"/>
			<Sample nodeCount="245" insertCount="15129" extractCount="15006" duration="1415000"/>
			<Sample nodeCount="246" insertCount="15190" extractCount="15068" duration="1428000"/>
			<Sample nodeCount="247" insertCount="15255" extractCount="15126" duration="1467000"/>
			<Sample nodeCount="248" insertCount="15315" extractCount="15189" duration="1444000"/>
			<Sample nodeCount="249" insertCount="15379" extractCount="15248" duration="1441000"/>
			<Sample nodeCount="250" insertCount="15438" extractCount="15312" duration="1469000"/>
			<Sample nodeCount="251" insertCount="15500" extractCount="15373" duration="1470000"/>
			<Sample nodeCount="252" insertCount="15556" extractCount="15440" duration="1459000"/>
			<Sample nodeCount="253" insertCount="15618" extractCount="15501" duration="1503000"/>
			<Sample nodeCount="254" insertCount="15685" extractCount="15557" duration="1514000"/>
			<Sample nodeCount="255" insertCount="15747" extractCount="15618" duration="1516000"/>
		</SmallSetRandomOps>
		<LargeSetRandomOps>
		</LargeSetRandomOps>
		<SmallSetLinear>
			<Sample nodeCount="1" insertCount="10000" extractCount="10000" duration="38000"/>
			<Sample nodeCount="2" insertCount="10000" extractCount="10000" duration="96000"/>
			<Sample nodeCount="3" insertCount="10000" extractCount="10000" duration="186000"/>
			<Sample nodeCount="4" insertCount="10000" extractCount="10000" duration="310000"/>
			<Sample nodeCount="5" insertCount="10000" extractCount="10000" duration="403000"/>
			<Sample nodeCount="6" insertCount="10000" extractCount="10000" duration="551000"/>
			<Sample nodeCount="7" insertCount="10000" extractCount="10000" duration="705000"/>
			<Sample nodeCount="8" insertCount="10000" extractCount="10000" duration="929000"/>
			<Sample nodeCount="9" insertCount="10000" extractCount="10000" duration="1048000"/>
			<Sample nodeCount="10" insertCount="10000" extractCount="10000" duration="1219000"/>
			<Sample nodeCount="11" insertCount="10000" extractCount="10000" duration="1417000"/>
			<Sample nodeCount="12" insertCount="10000" extractCount="10000" duration="1637000"/>
			<Sample nodeCount="13" insertCount="10000" extractCount="10000" duration="1761000"/>
			<Sample nodeCount="14" insertCount="10000" extractCount="10000" duration="1993000"/>
			<Sample nodeCount="15" insertCount="10000" extractCount="10000" duration="2170000"/>
			<Sample nodeCount="16" insertCount="10000" extractCount="10000" duration="2385000"/>
			<Sample nodeCount="17" insertCount="10000" extractCount="10000" duration="2591000"/>
			<Sample nodeCount="18" insertCount="10000" extractCount="10000" duration="2849000"/>
			<Sample nodeCount="19" insertCount="10000" extractCount="10000" duration="3091000"/>
			<Sample nodeCount="20" insertCount="10000" extractCount="10000" duration="3293000"/>
			<Sample nodeCount="21" insertCount="10000" extractCount="10000" duration="3432000"/>
			<Sample nodeCount="22" insertCount="10000" extractCount="10000" duration="3798000"/>
			<Sample nodeCount="23" insertCount="10000" extractCount="10000" duration="3985000"/>
			<Sample nodeCount="24" insertCount="10000" extractCount="10000" duration="4348000"/>
			<Sample nodeCount="25" insertCount="10000" extractCount="10000" duration="4486000"/>
			<Sample nodeCount="26" insertCount="10000" extractCount="10000" duration="4760000"/>
			<Sample nodeCount="27" insertCount="10000" extractCount="10000" duration="5005000"/>
			<Sample nodeCount="28" insertCount="10000" extractCount="10000" duration="5198000"/>
			<Sample nodeCount="29" insertCount="10000" extractCount="10000" duration="5473000"/>
			<Sample nodeCount="30" insertCount="10000" extractCount="10000" duration="5779000"/>
			<Sample nodeCount="31" insertCount="10000" extractCount="10000" duration="6003000"/>
			<Sample nodeCount="32" insertCount="10000" extractCount="10000" duration="6240000"/>
			<Sample nodeCount="33" insertCount="10000" extractCount="10000" duration="6455000"/>
			<Sample nodeCount="34" insertCount="10000" extractCount="10000" duration="6788000"/>
			<Sample nodeCount="35" insertCount="10000" extractCount="10000" duration="7020000"/>
			<Sample nodeCount="36" insertCount="10000" extractCount="10000" duration="7234000"/>
			<Sample nodeCount="37" insertCount="10000" extractCount="10000" duration="7478000"/>
			<Sample nodeCount="38" insertCount="10000" extractCount="10000" duration="7763000"/>
			<Sample nodeCount="39" insertCount="10000" extractCount="10000" duration="8136000"/>
			<Sample nodeCount="40" insertCount="10000" extractCount="10000" duration="8376000"/>
			<Sample nodeCount="41" insertCount="10000" extractCount="10000" duration="8454000"/>
			<Sample nodeCount="42" insertCount="10000" extractCount="10000" duration="8802000"/>
			<Sample nodeCount="43" insertCount="10000" extractCount="10000" duration="9082000"/>
			<Sample nodeCount="44" insertCount="10000" extractCount="10000" duration="9367000"/>
			<Sample nodeCount="45" insertCount="10000" extractCount="10000" duration="9544000"/>
			<Sample nodeCount="46" insertCount="10000" extractCount="10000" duration="10035000"/>
			<Sample nodeCount="47" insertCount="10000" extractCount="10000" duration="10434000"/>
			<Sample nodeCount="48" insertCount="10000" extractCount="10000" duration="10519000"/>
			<Sample nodeCount="49" insertCount="10000" extractCount="10000" duration="10818000"/>
			<Sample nodeCount="50" insertCount="10000" extractCount="10000" duration="10940000"/>
			<Sample nodeCount="51" insertCount="10000" extractCount="10000" duration="11273000"/>
			<Sample nodeCount="52" insertCount="10000" extractCount="10000" duration="11651000"/>
			<Sample nodeCount="53" insertCount="10000" extractCount="10000" duration="11750000"/>
			<Sample nodeCount="54" insertCount="10000" extractCount="10000" duration="11957000"/>
			<Sample nodeCount="55" insertCount="10000" extractCount="10000" duration="12248000"/>
			<Sample nodeCount="56" insertCount="10000" extractCount="10000" duration="13056000"/>
			<Sample nodeCount="57" insertCount="10000" extractCount="10000" duration="13090000"/>
			<Sample nodeCount="58" insertCount="10000" extractCount="10000" duration="12817000"/>
			<Sample nodeCount="59" insertCount="10000" extractCount="10000" duration="12978000"/>
			<Sample nodeCount="60" insertCount="10000" extractCount="10000" duration="13510000"/>
			<Sample nodeCount="61" insertCount="10000" extractCount="10000" duration="14492000"/>
			<Sample nodeCount="62" insertCount="10000" extractCount="10000" duration="14711000"/>
			<Sample nodeCount="63" insertCount="10000" extractCount="10000" duration="14471000"/>
			<Sample nodeCount="64" insertCount="10000" extractCount="10000" duration="14647000"/>
			<Sample nodeCount="65" insertCount="10000" extractCount="10000" duration="14948000"/>
			<Sample nodeCount="66" insertCount="10000" extractCount="10000" duration="15462000"/>
			<Sample nodeCount="67" insertCount="10000" extractCount="10000" duration="15263000"/>
			<Sample nodeCount="68" insertCount="10000" extractCount="10000" duration="15682000"/>
			<Sample nodeCount="69" insertCount="10000" extractCount="10000" duration="16044000"/>
			<Sample nodeCount="70" insertCount="10000" extractCount="10000" duration="16786000"/>
			<Sample nodeCount="71" insertCount="10000" extractCount="10000" duration="16666000"/>
			<Sample nodeCount="72" insertCount="10000" extractCount="10000" duration="17228000"/>
			<Sample nodeCount="73" insertCount="10000" extractCount="10000" duration="17117000"/>
			<Sample nodeCount="74" insertCount="10000" extractCount="10000" duration="17603000"/>
			<Sample nodeCount="75" insertCount="10000" extractCount="10000" duration="18094000"/>
			<Sample nodeCount="76" insertCount="10000" extractCount="10000" duration="18063000"/>
			<Sample nodeCount="77" insertCount="10000" extractCount="10000" duration="18061000"/>
			<Sample nodeCount="78" insertCount="10000" extractCount="10000" duration="18423000"/>
			<Sample nodeCount="79" insertCount="10000" extractCount="10000" duration="18998000"/>
			<Sample nodeCount="80" insertCount="10000" extractCount="10000" duration="19096000"/>
			<Sample nodeCount="81" insertCount="10000" extractCount="10000" duration="19341000"/>
			<Sample nodeCount="82" insertCount="10000" extractCount="10000" duration="19681000"/>
			<Sample nodeCount="83" insertCount="10000" extractCount="10000" duration="20028000"/>
			<Sample nodeCount="84" insertCount="10000" extractCount="10000" duration="20228000"/>
			<Sample nodeCount="85" insertCount="10000" extractCount="10000" duration="20169000"/>
			<Sample nodeCount="86" insertCount="10000" extractCount="10000" duration="21143000"/>
			<Sample nodeCount="87" insertCount="10000" extractCount="10000" duration="22183000"/>
			<Sample nodeCount="88" insertCount="10000" extractCount="10000" duration="22300000"/>
			<Sample nodeCount="89" insertCount="10000" extractCount="10000" duration="22078000"/>
			<Sample nodeCount="90" insertCount="10000" extractCount="10000" duration="22257000"/>
			<Sample nodeCount="91" insertCount="10000" extractCount="10000" duration="22697000"/>
			<Sample nodeCount="92" insertCount="10000" extractCount="10000" duration="22437000"/>
			<Sample nodeCount="93" insertCount="10000" extractCount="10000" duration="22794000"/>
			<Sample nodeCount="94" insertCount="10000" extractCount="10000" duration="25818000"/>
			<Sample nodeCount="95" insertCount="10000" extractCount="10000" duration="25246000"/>
			<Sample nodeCount="96" insertCount="10000" extractCount="10000" duration="25319000"/>
			<Sample nodeCount="97" insertCount="10000" extractCount="10000" duration="25217000"/>
			<Sample nodeCount="98" insertCount="10000" extractCount="10000" duration="25676000"/>
			<Sample nodeCount="99" insertCount="10000" extractCount="10000" duration="24851000"/>
			<Sample nodeCount="100" insertCount="10000" extractCount="10000" duration="24944000"/>
			<Sample nodeCount="101" insertCount="10000" extractCount="10000" duration="25311000"/>
			<Sample nodeCount="102" insertCount="10000" extractCount="10000" duration="25672000"/>
			<Sample nodeCount="103" insertCount="10000" extractCount="10000" duration="26033000"/>
			<Sample nodeCount="104" insertCount="10000" extractCount="10000" duration="26544000"/>
			<Sample nodeCount="105" insertCount="10000" extractCount="10000" duration="26804000"/>
			<Sample nodeCount="106" insertCount="10000" extractCount="10000" duration="26598000"/>
			<Sample nodeCount="107" insertCount="10000" extractCount="10000" duration="27732000"/>
			<Sample nodeCount="108" insertCount="10000" extractCount="10000" duration="27287000"/>
			<Sample nodeCount="109" insertCount="10000" extractCount="10000" duration="27929000"/>
			<Sample nodeCount="110" insertCount="10000" extractCount="10000" duration="28465000"/>
			<Sample nodeCount="111" insertCount="10000" extractCount="10000" duration="29146000"/>
			<Sample nodeCount="112" insertCount="10000" extractCount="10000" duration="29429000"/>
			<Sample nodeCount="113" insertCount="10000" extractCount="10000" duration="29089000"/>
			<Sample nodeCount="114" insertCount="10000" extractCount="10000" duration="30261000"/>
			<Sample nodeCount="115" insertCount="10000" extractCount="10000" duration="29962000"/>
			<Sample nodeCount="116" insertCount="10000" extractCount="10000" duration="29633000"/>
			<Sample nodeCount="117" insertCount="10000" extractCount="10000" duration="30929000"/>
			<Sample nodeCount="118" insertCount="10000" extractCount="10000" duration="31377000"/>
			<Sample nodeCount="119" insertCount="10000" extractCount="10000" duration="30848000"/>
			<Sample nodeCount="120" insertCount="10000" extractCount="10000" duration="31086000"/>
			<Sample nodeCount="121" insertCount="10000" extractCount="10000" duration="31570000"/>
			<Sample nodeCount="122" insertCount="10000" extractCount="10000" duration="31561000"/>
			<Sample nodeCount="123" insertCount="10000" extractCount="10000" duration="33360000"/>
			<Sample nodeCount="124" insertCount="10000" extractCount="10000" duration="32618000"/>
			<Sample nodeCount="125" insertCount="10000" extractCount="10000" duration="32581000"/>
			<Sample nodeCount="126" insertCount="10000" extractCount="10000" duration="33279000"/>
			<Sample nodeCount="127" insertCount="10000" extractCount="10000" duration="34362000"/>
			<Sample nodeCount="128" insertCount="10000" extractCount="10000" duration="33563000"/>
			<Sample nodeCount="129" insertCount="10000" extractCount="10000" duration="33790000"/>
			<Sample nodeCount="130" insertCount="10000" extractCount="10000" duration="34713000"/>
			<Sample nodeCount="131" insertCount="10000" extractCount="10000" duration="35881000"/>
			<Sample nodeCount="132" insertCount="10000" extractCount="10000" duration="34690000"/>
			<Sample nodeCount="133" insertCount="10000" extractCount="10000" duration="35435000"/>
			<Sample nodeCount="134" insertCount="10000" extractCount="10000" duration="36247000"/>
			<Sample nodeCount="135" insertCount="10000" extractCount="10000" duration="36441000"/>
			<Sample nodeCount="136" insertCount="10000" extractCount="10000" duration="37208000"/>
			<Sample nodeCount="137" insertCount="10000" extractCount="10000" duration="37997000"/>
			<Sample nodeCount="138" insertCount="10000" extractCount="10000" duration="36955000"/>
			<Sample nodeCount="139" insertCount="10000" extractCount="10000" duration="38477000"/>
			<Sample nodeCount="140" insertCount="10000" extractCount="10000" duration="37464000"/>
			<Sample nodeCount="141" insertCount="10000" extractCount="10000" duration="38207000"/>
			<Sample nodeCount="142" insertCount="10000" extractCount="10000" duration="40240000"/>
			<Sample nodeCount="143" insertCount="10000" extractCount="10000" duration="38970000"/>
			<Sample nodeCount="144" insertCount="10000" extractCount="10000" duration="40360000"/>
			<Sample nodeCount="145" insertCount="10000" extractCount="10000" duration="39601000"/>
			<Sample nodeCount="146" insertCount="10000" extractCount="10000" duration="39669000"/>
			<Sample nodeCount="147" insertCount="10000" extractCount="10000" duration="39523000"/>
			<Sample nodeCount="148" insertCount="10000" extractCount="10000" duration="39529000"/>
			<Sample nodeCount="149" insertCount="10000" extractCount="10000" duration="40461000"/>
			<Sample nodeCount="150" insertCount="10000" extractCount="10000" duration="41582000"/>
			<Sample nodeCount="151" insertCount="10000" extractCount="10000" duration="41918000"/>
			<Sample nodeCount="152" insertCount="10000" extractCount="10000" duration="41732000"/>
			<Sample nodeCount="153" insertCount="10000" extractCount="10000" duration="42125000"/>
			<Sample nodeCount="154" insertCount="10000" extractCount="10000" duration="41401000"/>
			<Sample nodeCount="155" insertCount="10000" extractCount="10000" duration="41849000"/>
			<Sample nodeCount="156" insertCount="10000" extractCount="10000" duration="42414000"/>
			<Sample nodeCount="157" insertCount="10000" extractCount="10000" duration="42582000"/>
			<Sample nodeCount="158" insertCount="10000" extractCount="10000" duration="43672000"/>
			<Sample nodeCount="159" insertCount="10000" extractCount="10000" duration="44254000"/>
			<Sample nodeCount="160" insertCount="10000" extractCount="10000" duration="47373000"/>
			<Sample nodeCount="161" insertCount="10000" extractCount="10000" duration="45281000"/>
			<Sample nodeCount="162" insertCount="10000" extractCount="10000" duration="45150000"/>
			<Sample nodeCount="163" insertCount="10000" extractCount="10000" duration="45224000"/>
			<Sample nodeCount="164" insertCount="10000" extractCount="10000" duration="45022000"/>
			<Sample nodeCount="165" insertCount="10000" extractCount="10000" duration="45186000"/>
			<Sample nodeCount="166" insertCount="10000" extractCount="10000" duration="45904000"/>
			<Sample nodeCount="167" insertCount="10000" extractCount="10000" duration="47019000"/>
			<Sample nodeCount="168" insertCount="10000" extractCount="10000" duration="46528000"/>
			<Sample nodeCount="169" insertCount="10000" extractCount="10000" duration="46985000"/>
			<Sample nodeCount="170" insertCount="10000" extractCount="10000" duration="48032000"/>
			<Sample nodeCount="171" insertCount="10000" extractCount="10000" duration="47949000"/>
			<Sample nodeCount="172" insertCount="10000" extractCount="10000" duration="48266000"/>
			<Sample nodeCount="173" insertCount="10000" extractCount="10000" duration="48206000"/>
			<Sample nodeCount="174" insertCount="10000" extractCount="10000" duration="48876000"/>
			<Sample nodeCount="175" insertCount="10000" extractCount="10000" duration="48961000"/>
			<Sample nodeCount="176" insertCount="10000" extractCount="10000" duration="49040000"/>
			<Sample nodeCount="177" insertCount="10000" extractCount="10000" duration="49513000"/>
			<Sample nodeCount="178" insertCount="10000" extractCount="10000" duration="52531000"/>
			<Sample nodeCount="179" insertCount="10000" extractCount="10000" duration="50499000"/>
			<Sample nodeCount="180" insertCount="10000" extractCount="10000" duration="50467000"/>
			<Sample nodeCount="181" insertCount="10000" extractCount="10000" duration="50603000"/>
			<Sample nodeCount="182" insertCount="10000" extractCount="10000" duration="51094000"/>
			<Sample nodeCount="183" insertCount="10000" extractCount="10000" duration="51337000"/>
			<Sample nodeCount="184" insertCount="10000" extractCount="10000" duration="51842000"/>
			<Sample nodeCount="185" insertCount="10000" extractCount="10000" duration="52537000"/>
			<Sample nodeCount="186" insertCount="10000" extractCount="10000" duration="52471000"/>
			<Sample nodeCount="187" insertCount="10000" extractCount="10000" duration="52840000"/>
			<Sample nodeCount="188" insertCount="10000" extractCount="10000" duration="53806000"/>
			<Sample nodeCount="189" insertCount="10000" extractCount="10000" duration="50712000"/>
			<Sample nodeCount="190" insertCount="10000" extractCount="10000" duration="53999000"/>
			<Sample nodeCount="191" insertCount="10000" extractCount="10000" duration="54921000"/>
			<Sample nodeCount="192" insertCount="10000" extractCount="10000" duration="54272000"/>
			<Sample nodeCount="193" insertCount="10000" extractCount="10000" duration="54574000"/>
			<Sample nodeCount="194" insertCount="10000" extractCount="10000" duration="55230000"/>
			<Sample nodeCount="195" insertCount="10000" extractCount="10000" duration="55351000"/>
			<Sample nodeCount="196" insertCount="10000" extractCount="10000" duration="55447000"/>
			<Sample nodeCount="197" insertCount="10000" extractCount="10000" duration="55745000"/>
			<Sample nodeCount="198" insertCount="10000" extractCount="10000" duration="57923000"/>
			<Sample nodeCount="199" insertCount="10000" extractCount="10000" duration="56929000"/>
			<Sample nodeCount="200" insertCount="10000" extractCount="10000" duration="57812000"/>
			<Sample nodeCount="201" insertCount="10000" extractCount="10000" duration="58137000"/>
			<Sample nodeCount="202" insertCount="10000" extractCount="10000" duration="57373000"/>
			<Sample nodeCount="203" insertCount="10000" extractCount="10000" duration="57814000"/>
			<Sample nodeCount="204" insertCount="10000" extractCount="10000" duration="56775000"/>
			<Sample nodeCount="205" insertCount="10000" extractCount="10000" duration="59059000"/>
			<Sample nodeCount="206" insertCount="10000" extractCount="10000" duration="62883000"/>
			<Sample nodeCount="207" insertCount="10000" extractCount="10000" duration="62588000"/>
			<Sample nodeCount="208" insertCount="10000" extractCount="10000" duration="60977000"/>
			<Sample nodeCount="209" insertCount="10000" extractCount="10000" duration="60796000"/>
			<Sample nodeCount="210" insertCount="10000" extractCount="10000" duration="60311000"/>
			<Sample nodeCount="211" insertCount="10000" extractCount="10000" duration="60053000"/>
			<Sample nodeCount="212" insertCount="10000" extractCount="10000" duration="60414000"/>
			<Sample nodeCount="213" insertCount="10000" extractCount="10000" duration="62348000"/>
			<Sample nodeCount="214" insertCount="10000" extractCount="10000" duration="63414000"/>
			<Sample nodeCount="215" insertCount="10000" extractCount="10000" duration="62829000"/>
			<Sample nodeCount="216" insertCount="10000" extractCount="10000" duration="64554000"/>
			<Sample nodeCount="217" insertCount="10000" extractCount="10000" duration="64482000"/>
			<Sample nodeCount="218" insertCount="10000" extractCount="10000" duration="67045000"/>
			<Sample nodeCount="219" insertCount="10000" extractCount="10000" duration="60601000"/>
			<Sample nodeCount="220" insertCount="10000" extractCount="10000" duration="63360000"/>
			<Sample nodeCount="221" insertCount="10000" extractCount="10000" duration="63296000"/>
			<Sample nodeCount="222" insertCount="10000" extractCount="10000" duration="65186000"/>
			<Sample nodeCount="223" insertCount="10000" extractCount="10000" duration="66447000"/>
			<Sample nodeCount="224" insertCount="10000" extractCount="10000" duration="66211000"/>
			<Sample nodeCount="225" insertCount="10000" extractCount="10000" duration="65815000"/>
			<Sample nodeCount="226" insertCount="10000" extractCount="10000" duration="67350000"/>
			<Sample nodeCount="227" insertCount="10000" extractCount="10000" duration="68287000"/>
			<Sample nodeCount="228" insertCount="10000" extractCount="10000" duration="68867000"/>
			<Sample nodeCount="229" insertCount="10000" extractCount="10000" duration="68907000"/>
			<Sample nodeCount="230" insertCount="10000" extractCount="10000" duration="68227000"/>
			<Sample nodeCount="231" insertCount="10000" extractCount="10000" duration="68663000"/>
			<Sample nodeCount="232" insertCount="10000" extractCount="10000" duration="67431000"/>
			<Sample nodeCount="233" insertCount="10000" extractCount="10000" duration="67492000"/>
			<Sample nodeCount="234" insertCount="10000" extractCount="10000" duration="68180000"/>
			<Sample nodeCount="235" insertCount="10000" extractCount="10000" duration="68503000"/>
			<Sample nodeCount="236" insertCount="10000" extractCount="10000" duration="69236000"/>
			<Sample nodeCount="237" insertCount="10000" extractCount="10000" duration="70767000"/>
			<Sample nodeCount="238" insertCount="10000" extractCount="10000" duration="70453000"/>
			<Sample nodeCount="239" insertCount="10000" extractCount="10000" duration="70044000"/>
			<Sample nodeCount="240" insertCount="10000" extractCount="10000" duration="70534000"/>
			<Sample nodeCount="241" insertCount="10000" extractCount="10000" duration="71038000"/>
			<Sample nodeCount="242" insertCount="10000" extractCount="10000" duration="70339000"/>
			<Sample nodeCount="243" insertCount="10000" extractCount="10000" duration="72027000"/>
			<Sample nodeCount="244" insertCount="10000" extractCount="10000" duration="74658000"/>
			<Sample nodeCount="245" insertCount="10000" extractCount="10000" duration="72886000"/>
			<Sample nodeCount="246" insertCount="10000" extractCount="10000" duration="72783000"/>
			<Sample nodeCount="247" insertCount="10000" extractCount="10000" duration="72763000"/>
			<Sample nodeCount="248" insertCount="10000" extractCount="10000" duration="72532000"/>
			<Sample nodeCount="249" insertCount="10000" extractCount="10000" duration="73509000"/>
			<Sample nodeCount="250" insertCount="10000" extractCount="10000" duration="73663000"/>
			<Sample nodeCount="251" insertCount="10000" extractCount="10000" duration="75918000"/>
			<Sample nodeCount="252" insertCount="10000" extractCount="10000" duration="73846000"/>
			<Sample nodeCount="253" insertCount="10000" extractCount="10000" duration="74127000"/>
			<Sample nodeCount="254" insertCount="10000" extractCount="10000" duration="74875000"/>
			<Sample nodeCount="255" insertCount="10000" extractCount="10000" duration="75828000"/>
		</SmallSetLinear>
		<LargeSetLinear>
		</LargeSetLinear>
	</RBTest>
</RBTestCollection>
