<RBTestCollection platform="Linux" compiler="GCC 11.4.0" timeUnit="ns">
	<RBTest implementation="LLRB" nodeSize="32">
		<SmallSetRandomOps>
			<Sample nodeCount="1" insertCount="62" extractCount="61" duration="0"/>
			<Sample nodeCount="2" insertCount="123" extractCount="123" duration="0"/>
			<Sample nodeCount="3" insertCount="185" extractCount="184" duration="0"/>
			<Sample nodeCount="4" insertCount="247" extractCount="245" duration="0"/>
			<Sample nodeCount="5" insertCount="308" extractCount="307" duration="0"/>
			<Sample nodeCount="6" insertCount="371" extractCount="367" duration="0"/>
			<Sample nodeCount="7" insertCount="433" extractCount="428" duration="0"/>
			<Sample nodeCount="8" insertCount="493" extractCount="491" duration="0"/>
			<Sample nodeCount="9" insertCount="557" extractCount="550" duration="0"/>
			<Sample nodeCount="10" insertCount="617" extractCount="613" duration="0"/>
			<Sample nodeCount="11" insertCount="680" extractCount="673" duration="0"/>
			<Sample nodeCount="12" insertCount="741" extractCount="735" duration="0"/>
			<Sample nodeCount="13" insertCount="802" extractCount="797" duration="0"/>
			<Sample nodeCount="14" insertCount="866" extractCount="856" duration="0"/>
			<Sample nodeCount="15" insertCount="926" extractCount="919" duration="0"/>
			<Sample nodeCount="16" insertCount="989" extractCount="979" duration="0"/>
			<Sample nodeCount="17" insertCount="1049" extractCount="1042" duration="0"/>
			<Sample nodeCount="18" insertCount="1112" extractCount="1102" duration="0"/>
			<Sample nodeCount="19" insertCount="1171" extractCount="1166" duration="0"/>
			<Sample nodeCount="20" insertCount="1235" extractCount="1225" duration="0"/>
			<Sample nodeCount="21" insertCount="1296" extractCount="1287" duration="0"/>
			<Sample nodeCount="22" insertCount="1359" extractCount="1347" duration="0"/>
			<Sample nodeCount="23" insertCount="1420" extractCount="1409" duration="0"/>
			<Sample nodeCount="24" insertCount="1482" extractCount="1470" duration="0"/>
			<Sample nodeCount="25" insertCount="1546" extractCount="1529" duration="302000"/>
			<Sample nodeCount="26" insertCount="1604" extractCount="1594" duration="306000"/>
			<Sample nodeCount="27" insertCount="1666" extractCount="1655" duration="327000"/>
			<Sample nodeCount="28" insertCount="1728" extractCount="1716" duration="343000"/>
			<Sample nodeCount="29" insertCount="1791" extractCount="1776" duration="361000"/>
			<Sample nodeCount="30" insertCount="1852" extractCount="1838" duration="378000"/>
			<Sample nodeCount="31" insertCount="1914" extractCount="1899" duration="398000"/>
			<Sample nodeCount="32" insertCount="1976" extractCount="1960" duration="410000"/>
			<Sample nodeCount="33" insertCount="2039" extractCount="2020" duration="426000"/>
			<Sample nodeCount="34" insertCount="2099" extractCount="2083" duration="440000"/>
			<Sample nodeCount="35" insertCount="2163" extractCount="2142" duration="465000"/>
			<Sample nodeCount="36" insertCount="2224" extractCount="2204" duration="492000"/>
			<Sample nodeCount="37" insertCount="2285" extractCount="2266" duration="476000"/>
			<Sample nodeCount="38" insertCount="2346" extractCount="2328" duration="503000"/>
			<Sample nodeCount="39" insertCount="2409" extractCount="2388" duration="511000"/>
			<Sample nodeCount="40" insertCount="2470" extractCount="2450" duration="540000"/>
			<Sample nodeCount="41" insertCount="2532" extractCount="2511" duration="531000"/>
			<Sample nodeCount="42" insertCount="2589" extractCount="2577" duration="547000"/>
			<Sample nodeCount="43" insertCount="2655" extractCount="2634" duration="580000"/>
			<Sample nodeCount="44" insertCount="2714" extractCount="2698" duration="576000"/>
			<Sample nodeCount="45" insertCount="2781" extractCount="2754" duration="594000"/>
			<Sample nodeCount="46" insertCount="2842" extractCount="2816" duration="624000"/>
			<Sample nodeCount="47" insertCount="2903" extractCount="2878" duration="636000"/>
			<Sample nodeCount="48" insertCount="2962" extractCount="2942" duration="661000"/>
			<Sample nodeCount="49" insertCount="3022" extractCount="3005" duration="696000"/>
			<Sample nodeCount="50" insertCount="3090" extractCount="3060" duration="665000"/>
			<Sample nodeCount="51" insertCount="3150" extractCount="3123" duration="683000"/>
			<Sample nodeCount="52" insertCount="3209" extractCount="3187" duration="693000"/>
			<Sample nodeCount="53" insertCount="3275" extractCount="3244" duration="720000"/>
			<Sample nodeCount="54" insertCount="3334" extractCount="3308" duration="736000"/>
			<Sample nodeCount="55" insertCount="3397" extractCount="3368" duration="778000"/>
			<Sample nodeCount="56" insertCount="3456" extractCount="3432" duration="751000"/>
			<Sample nodeCount="57" insertCount="3517" extractCount="3494" duration="765000"/>
			<Sample nodeCount="58" insertCount="3584" extractCount="3550" duration="771000"/>
			<Sample nodeCount="59" insertCount="3645" extractCount="3612" duration="788000"/>
			<Sample nodeCount="60" insertCount="3706" extractCount="3674" duration="823000"/>
			<Sample nodeCount="61" insertCount="3770" extractCount="3733" duration="803000"/>
			<Sample nodeCount="62" insertCount="3826" extractCount="3800" duration="815000"/>
			<Sample nodeCount="63" insertCount="3891" extractCount="3858" duration="839000"/>
			<Sample nodeCount="64" insertCount="3953" extractCount="3919" duration="842000"/>
			<Sample nodeCount="65" insertCount="4013" extractCount="3982" duration="876000"/>
			<Sample nodeCount="66" insertCount="4075" extractCount="4043" duration="852000"/>
			<Sample nodeCount="67" insertCount="4141" extractCount="4100" duration="873000"/>
			<Sample nodeCount="68" insertCount="4198" extractCount="4166" duration="885000"/>
			<Sample nodeCount="69" insertCount="4258" extractCount="4229" duration="897000"/>
			<Sample nodeCount="70" insertCount="4325" extractCount="4285" duration="904000"/>
			<Sample nodeCount="71" insertCount="4383" extractCount="4350" duration="896000"/>
			<Sample nodeCount="72" insertCount="4447" extractCount="4409" duration="915000"/>
			<Sample nodeCount="73" insertCount="4506" extractCount="4473" duration="928000"/>
			<Sample nodeCount="74" insertCount="4570" extractCount="4532" duration="947000"/>
			<Sample nodeCount="75" insertCount="4634" extractCount="4591" duration="937000"/>
			<Sample nodeCount="76" insertCount="4692" extractCount="4656" duration="953000"/>
			<Sample nodeCount="77" insertCount="4753" extractCount="4718" duration="965000"/>
			<Sample nodeCount="78" insertCount="4817" extractCount="4777" duration="997000"/>
			<Sample nodeCount="79" insertCount="4878" extractCount="4839" duration="971000"/>
			<Sample nodeCount="80" insertCount="4936" extractCount="4904" duration="981000"/>
			<Sample nodeCount="81" insertCount="5003" extractCount="4960" duration="992000"/>
			<Sample nodeCount="82" insertCount="5062" extractCount="5024" duration="1022000"/>
			<Sample nodeCount="83" insertCount="5123" extractCount="5086" duration="1005000"/>
			<Sample nodeCount="84" insertCount="5189" extractCount="5143" duration="1018000"/>
			<Sample nodeCount="85" insertCount="5251" extractCount="5204" duration="1027000"/>
			<Sample nodeCount="86" insertCount="5312" extractCount="5266" duration="1054000"/>
			<Sample nodeCount="87" insertCount="5375" extractCount="5326" duration="1021000"/>
			<Sample nodeCount="88" insertCount="5434" extractCount="5390" duration="1066000"/>
			<Sample nodeCount="89" insertCount="5496" extractCount="5451" duration="1049000"/>
			<Sample nodeCount="90" insertCount="5556" extractCount="5514" duration="1078000"/>
			<Sample nodeCount="91" insertCount="5621" extractCount="5572" duration="1051000"/>
			<Sample nodeCount="92" insertCount="5676" extractCount="5640" duration="1071000"/>
			<Sample nodeCount="93" insertCount="5739" extractCount="5700" duration="1077000"/>
			<Sample nodeCount="94" insertCount="5803" extractCount="5759" duration="1133000"/>
			<Sample nodeCount="95" insertCount="5862" extractCount="5823" duration="1111000"/>
			<Sample nodeCount="96" insertCount="5928" extractCount="5880" duration="1116000"/>
			<Sample nodeCount="97" insertCount="5987" extractCount="5944" duration="1144000"/>
			<Sample nodeCount="98" insertCount="6051" extractCount="6003" duration="1158000"/>
			<Sample nodeCount="99" insertCount="6112" extractCount="6065" duration="1167000"/>
			<Sample nodeCount="100" insertCount="6180" extractCount="6120" duration="1189000"/>
			<Sample nodeCount="101" insertCount="6237" extractCount="6186" duration="1209000"/>
			<Sample nodeCount="102" insertCount="6298" extractCount="6248" duration="1231000"/>
			<Sample nodeCount="103" insertCount="6365" extractCount="6304" duration="1226000"/>
			<Sample nodeCount="104" insertCount="6422" extractCount="6370" duration="1266000"/>
			<Sample nodeCount="105" insertCount="6484" extractCount="6431" duration="1264000"/>
			<Sample nodeCount="106" insertCount="6544" extractCount="6494" duration="1285000"/>
			<Sample nodeCount="107" insertCount="6607" extractCount="6554" duration="1296000"/>
			<Sample nodeCount="108" insertCount="6667" extractCount="6617" duration="1307000"/>
			<Sample nodeCount="109" insertCount="6727" extractCount="6680" duration="1319000"/>
			<Sample nodeCount="110" insertCount="6793" extractCount="6737" duration="1348000"/>
			<Sample nodeCount="111" insertCount="6855" extractCount="6798" duration="1352000"/>
			<Sample nodeCount="112" insertCount="6917" extractCount="6859" duration="1381000"/>
			<Sample nodeCount="113" insertCount="6977" extractCount="6922" duration="1403000"/>
			<Sample nodeCount="114" insertCount="7044" extractCount="6978" duration="1406000"/>
			<Sample nodeCount="115" insertCount="7101" extractCount="7044" duration="1418000"/>
			<Sample nodeCount="116" insertCount="7163" extractCount="7105" duration="1463000"/>
			<Sample nodeCount="117" insertCount="7228" extractCount="7163" duration="1768000"/>
			<Sample nodeCount="118" insertCount="7287" extractCount="7227" duration="1646000"/>
			<Sample nodeCount="119" insertCount="7351" extractCount="7286" duration="1752000"/>
			<Sample nodeCount="120" insertCount="7412" extractCount="7348" duration="1582000"/>
			<Sample nodeCount="121" insertCount="7474" extractCount="7409" duration="1652000"/>
			<Sample nodeCount="122" insertCount="7532" extractCount="7474" duration="1533000"/>
			<Sample nodeCount="123" insertCount="7598" extractCount="7531" duration="1567000"/>
			<Sample nodeCount="124" insertCount="7657" extractCount="7595" duration="1561000"/>
			<Sample nodeCount="125" insertCount="7715" extractCount="7660" duration="1580000"/>
			<Sample nodeCount="126" insertCount="7781" extractCount="7717" duration="1643000"/>
			<Sample nodeCount="127" insertCount="7845" extractCount="7776" duration="1609000"/>
		</SmallSetRandomOps>
		<LargeSetRandomOps>
		</LargeSetRandomOps>
		<SmallSetLinear>
			<Sample nodeCount="1" insertCount="10000" extractCount="10000" duration="60000"/>
			<Sample nodeCount="2" insertCount="10000" extractCount="10000" duration="223000"/>
			<Sample nodeCount="3" insertCount="10000" extractCount="10000" duration="453000"/>
			<Sample nodeCount="4" insertCount="10000" extractCount="10000" duration="723000"/>
			<Sample nodeCount="5" insertCount="10000" extractCount="10000" duration="1062000"/>
			<Sample nodeCount="6" insertCount="10000" extractCount="10000" duration="1312000"/>
			<Sample nodeCount="7" insertCount="10000" extractCount="10000" duration="1774000"/>
			<Sample nodeCount="8" insertCount="10000" extractCount="10000" duration="1984000"/>
			<Sample nodeCount="9" insertCount="10000" extractCount="10000" duration="2646000"/>
			<Sample nodeCount="10" insertCount="10000" extractCount="10000" duration="2758000"/>
			<Sample nodeCount="11" insertCount="10000" extractCount="10000" duration="3271000"/>
			<Sample nodeCount="12" insertCount="10000" extractCount="10000" duration="3576000"/>
			<Sample nodeCount="13" insertCount="10000" extractCount="10000" duration="4093000"/>
			<Sample nodeCount="14" insertCount="10000" extractCount="10000" duration="4350000"/>
			<Sample nodeCount="15" insertCount="10000" extractCount="10000" duration="5141000"/>
			<Sample nodeCount="16" insertCount="10000" extractCount="10000" duration="5318000"/>
			<Sample nodeCount="17" insertCount="10000" extractCount="10000" duration="5898000"/>
			<Sample nodeCount="18" insertCount="10000" extractCount="10000" duration="6165000"/>
			<Sample nodeCount="19" insertCount="10000" extractCount="10000" duration="7106000"/>
			<Sample nodeCount="20" insertCount="10000" extractCount="10000" duration="7313000"/>
			<Sample nodeCount="21" insertCount="10000" extractCount="10000" duration="7948000"/>
			<Sample nodeCount="22" insertCount="10000" extractCount="10000" duration="8229000"/>
			<Sample nodeCount="23" insertCount="10000" extractCount="10000" duration="9315000"/>
			<Sample nodeCount="24" insertCount="10000" extractCount="10000" duration="9359000"/>
			<Sample nodeCount="25" insertCount="10000" extractCount="10000" duration="10015000"/>
			<Sample nodeCount="26" insertCount="10000" extractCount="10000" duration="10279000"/>
			<Sample nodeCount="27" insertCount="10000" extractCount="10000" duration="11629000"/>
			<Sample nodeCount="28" insertCount="10000" extractCount="10000" duration="11906000"/>
			<Sample nodeCount="29" insertCount="10000" extractCount="10000" duration="12295000"/>
			<Sample nodeCount="30" insertCount="10000" extractCount="10000" duration="12627000"/>
			<Sample nodeCount="31" insertCount="10000" extractCount="10000" duration="14189000"/>
			<Sample nodeCount="32" insertCount="10000" extractCount="10000" duration="14266000"/>
			<Sample nodeCount="33" insertCount="10000" extractCount="10000" duration="15038000"/>
			<Sample nodeCount="34" insertCount="10000" extractCount="10000" duration="15151000"/>
			<Sample nodeCount="35" insertCount="10000" extractCount="10000" duration="16237000"/>
			<Sample nodeCount="36" insertCount="10000" extractCount="10000" duration="16508000"/>
			<Sample nodeCount="37" insertCount="10000" extractCount="10000" duration="17095000"/>
			<Sample nodeCount="38" insertCount="10000" extractCount="10000" duration="17401000"/>
			<Sample nodeCount="39" insertCount="10000" extractCount="10000" duration="19032000"/>
			<Sample nodeCount="40" insertCount="10000" extractCount="10000" duration="19280000"/>
			<Sample nodeCount="41" insertCount="10000" extractCount="10000" duration="19821000"/>
			<Sample nodeCount="42" insertCount="10000" extractCount="10000" duration="20136000"/>
			<Sample nodeCount="43" insertCount="10000" extractCount="10000" duration="21242000"/>
			<Sample nodeCount="44" insertCount="10000" extractCount="10000" duration="21703000"/>
			<Sample nodeCount="45" insertCount="10000" extractCount="10000" duration="22304000"/>
			<Sample nodeCount="46" insertCount="10000" extractCount="10000" duration="22336000"/>
			<Sample nodeCount="47" insertCount="10000" extractCount="10000" duration="24292000"/>
			<Sample nodeCount="48" insertCount="10000" extractCount="10000" duration="24894000"/>
			<Sample nodeCount="49" insertCount="10000" extractCount="10000" duration="25991000"/>
			<Sample nodeCount="50" insertCount="10000" extractCount="10000" duration="26003000"/>
			<Sample nodeCount="51" insertCount="10000" extractCount="10000" duration="27066000"/>
			<Sample nodeCount="52" insertCount="10000" extractCount="10000" duration="27472000"/>
			<Sample nodeCount="53" insertCount="10000" extractCount="10000" duration="28105000"/>
			<Sample nodeCount="54" insertCount="10000" extractCount="10000" duration="28146000"/>
			<Sample nodeCount="55" insertCount="10000" extractCount="10000" duration="30248000"/>
			<Sample nodeCount="56" insertCount="10000" extractCount="10000" duration="30306000"/>
			<Sample nodeCount="57" insertCount="10000" extractCount="10000" duration="30790000"/>
			<Sample nodeCount="58" insertCount="10000" extractCount="10000" duration="31256000"/>
			<Sample nodeCount="59" insertCount="10000" extractCount="10000" duration="32452000"/>
			<Sample nodeCount="60" insertCount="10000" extractCount="10000" duration="34362000"/>
			<Sample nodeCount="61" insertCount="10000" extractCount="10000" duration="36140000"/>
			<Sample nodeCount="62" insertCount="10000" extractCount="10000" duration="35556000"/>
			<Sample nodeCount="63" insertCount="10000" extractCount="10000" duration="38234000"/>
			<Sample nodeCount="64" insertCount="10000" extractCount="10000" duration="39604000"/>
			<Sample nodeCount="65" insertCount="10000" extractCount="10000" duration="40524000"/>
			<Sample nodeCount="66" insertCount="10000" extractCount="10000" duration="40978000"/>
			<Sample nodeCount="67" insertCount="10000" extractCount="10000" duration="41783000"/>
			<Sample nodeCount="68" insertCount="10000" extractCount="10000" duration="39279000"/>
			<Sample nodeCount="69" insertCount="10000" extractCount="10000" duration="39504000"/>
			<Sample nodeCount="70" insertCount="10000" extractCount="10000" duration="39876000"/>
			<Sample nodeCount="71" insertCount="10000" extractCount="10000" duration="41866000"/>
			<Sample nodeCount="72" insertCount="10000" extractCount="10000" duration="45137000"/>
			<Sample nodeCount="73" insertCount="10000" extractCount="10000" duration="46275000"/>
			<Sample nodeCount="74" insertCount="10000" extractCount="10000" duration="46323000"/>
			<Sample nodeCount="75" insertCount="10000" extractCount="10000" duration="45662000"/>
			<Sample nodeCount="76" insertCount="10000" extractCount="10000" duration="44872000"/>
			<Sample nodeCount="77" insertCount="10000" extractCount="10000" duration="45345000"/>
			<Sample nodeCount="78" insertCount="10000" extractCount="10000" duration="45818000"/>
			<Sample nodeCount="79" insertCount="10000" extractCount="10000" duration="48428000"/>
			<Sample nodeCount="80" insertCount="10000" extractCount="10000" duration="48974000"/>
			<Sample nodeCount="81" insertCount="10000" extractCount="10000" duration="51984000"/>
			<Sample nodeCount="82" insertCount="10000" extractCount="10000" duration="53297000"/>
			<Sample nodeCount="83" insertCount="10000" extractCount="10000" duration="53691000"/>
			<Sample nodeCount="84" insertCount="10000" extractCount="10000" duration="53790000"/>
			<Sample nodeCount="85" insertCount="10000" extractCount="10000" duration="54396000"/>
			<Sample nodeCount="86" insertCount="10000" extractCount="10000" duration="55661000"/>
			<Sample nodeCount="87" insertCount="10000" extractCount="10000" duration="57258000"/>
			<Sample nodeCount="88" insertCount="10000" extractCount="10000" duration="57844000"/>
			<Sample nodeCount="89" insertCount="10000" extractCount="10000" duration="56868000"/>
			<Sample nodeCount="90" insertCount="10000" extractCount="10000" duration="55942000"/>
			<Sample nodeCount="91" insertCount="10000" extractCount="10000" duration="57551000"/>
			<Sample nodeCount="92" insertCount="10000" extractCount="10000" duration="56776000"/>
			<Sample nodeCount="93" insertCount="10000" extractCount="10000" duration="60985000"/>
			<Sample nodeCount="94" insertCount="10000" extractCount="10000" duration="61692000"/>
			<Sample nodeCount="95" insertCount="10000" extractCount="10000" duration="66355000"/>
			<Sample nodeCount="96" insertCount="10000" extractCount="10000" duration="66615000"/>
			<Sample nodeCount="97" insertCount="10000" extractCount="10000" duration="65190000"/>
			<Sample nodeCount="98" insertCount="10000" extractCount="10000" duration="65572000"/>
			<Sample nodeCount="99" insertCount="10000" extractCount="10000" duration="64659000"/>
			<Sample nodeCount="100" insertCount="10000" extractCount="10000" duration="67028000"/>
			<Sample nodeCount="101" insertCount="10000" extractCount="10000" duration="69334000"/>
			<Sample nodeCount="102" insertCount="10000" extractCount="10000" duration="70091000"/>
			<Sample nodeCount="103" insertCount="10000" extractCount="10000" duration="70424000"/>
			<Sample nodeCount="104" insertCount="10000" extractCount="10000" duration="70255000"/>
			<Sample nodeCount="105" insertCount="10000" extractCount="10000" duration="68549000"/>
			<Sample nodeCount="106" insertCount="10000" extractCount="10000" duration="68656000"/>
			<Sample nodeCount="107" insertCount="10000" extractCount="10000" duration="70785000"/>
			<Sample nodeCount="108" insertCount="10000" extractCount="10000" duration="70318000"/>
			<Sample nodeCount="109" insertCount="10000" extractCount="10000" duration="71677000"/>
			<Sample nodeCount="110" insertCount="10000" extractCount="10000" duration="71158000"/>
			<Sample nodeCount="111" insertCount="10000" extractCount="10000" duration="75294000"/>
			<Sample nodeCount="112" insertCount="10000" extractCount="10000" duration="75634000"/>
			<Sample nodeCount="113" insertCount="10000" extractCount="10000" duration="76198000"/>
			<Sample nodeCount="114" insertCount="10000" extractCount="10000" duration="76093000"/>
			<Sample nodeCount="115" insertCount="10000" extractCount="10000" duration="77763000"/>
			<Sample nodeCount="116" insertCount="10000" extractCount="10000" duration="78506000"/>
			<Sample nodeCount="117" insertCount="10000" extractCount="10000" duration="79560000"/>
			<Sample nodeCount="118" insertCount="10000" extractCount="10000" duration="83297000"/>
			<Sample nodeCount="119" insertCount="10000" extractCount="10000" duration="86056000"/>
			<Sample nodeCount="120" insertCount="10000" extractCount="10000" duration="84595000"/>
			<Sample nodeCount="121" insertCount="10000" extractCount="10000" duration="82881000"/>
			<Sample nodeCount="122" insertCount="10000" extractCount="10000" duration="82283000"/>
			<Sample nodeCount="123" insertCount="10000" extractCount="10000" duration="83511000"/>
			<Sample nodeCount="124" insertCount="10000" extractCount="10000" duration="84273000"/>
			<Sample nodeCount="125" insertCount="10000" extractCount="10000" duration="84049000"/>
			<Sample nodeCount="126" insertCount="10000" extractCount="10000" duration="84833000"/>
			<Sample nodeCount="127" insertCount="10000" extractCount="10000" duration="93677000"/>
		</SmallSetLinear>
		<LargeSetLinear>
		</LargeSetLinear>
	</RBTest>
	<RBTest implementation="Eternally Confuzzled" nodeSize="24">
		<SmallSetRandomOps>
			<Sample nodeCount="1" insertCount="62" extractCount="61" duration="2000"/>
			<Sample nodeCount="2" insertCount="123" extractCount="123" duration="6000"/>
			<Sample nodeCount="3" insertCount="186" extractCount="183" duration="9000"/>
			<Sample nodeCount="4" insertCount="247" extractCount="245" duration="13000"/>
			<Sample nodeCount="5" insertCount="309" extractCount="306" duration="19000"/>
			<Sample nodeCount="6" insertCount="371" extractCount="367" duration="22000"/>
			<Sample nodeCount="7" insertCount="432" extractCount="429" duration="27000"/>
			<Sample nodeCount="8" insertCount="493" extractCount="491" duration="34000"/>
			<Sample nodeCount="9" insertCount="556" extractCount="551" duration="40000"/>
			<Sample nodeCount="10" insertCount="618" extractCount="612" duration="44000"/>
			<Sample nodeCount="11" insertCount="679" extractCount="674" duration="51000"/>
			<Sample nodeCount="12" insertCount="741" extractCount="735" duration="55000"/>
			<Sample nodeCount="13" insertCount="804" extractCount="795" duration="63000"/>
			<Sample nodeCount="14" insertCount="865" extractCount="857" duration="69000"/>
			<Sample nodeCount="15" insertCount="926" extractCount="919" duration="77000"/>
			<Sample nodeCount="16" insertCount="989" extractCount="979" duration="81000"/>
			<Sample nodeCount="17" insertCount="1049" extractCount="1042" duration="87000"/>
			<Sample nodeCount="18" insertCount="1112" extractCount="1102" duration="98000"/>
			<Sample nodeCount="19" insertCount="1172" extractCount="1165" duration="99000"/>
			<Sample nodeCount="20" insertCount="1235" extractCount="1225" duration="108000"/>
			<Sample nodeCount="21" insertCount="1297" extractCount="1286" duration="113000"/>
			<Sample nodeCount="22" insertCount="1356" extractCount="1350" duration="120000"/>
			<Sample nodeCount="23" insertCount="1419" extractCount="1410" duration="127000"/>
			<Sample nodeCount="24" insertCount="1483" extractCount="1469" duration="136000"/>
			<Sample nodeCount="25" insertCount="1543" extractCount="1532" duration="142000"/>
			<Sample nodeCount="26" insertCount="1604" extractCount="1594" duration="151000"/>
			<Sample nodeCount="27" insertCount="1668" extractCount="1653" duration="158000"/>
			<Sample nodeCount="28" insertCount="1730" extractCount="1714" duration="186000"/>
			<Sample nodeCount="29" insertCount="1789" extractCount="1778" duration="176000"/>
			<Sample nodeCount="30" insertCount="1854" extractCount="1836" duration="181000"/>
			<Sample nodeCount="31" insertCount="1916" extractCount="1897" duration="189000"/>
			<Sample nodeCount="32" insertCount="1975" extractCount="1961" duration="194000"/>
			<Sample nodeCount="33" insertCount="2041" extractCount="2018" duration="217000"/>
			<Sample nodeCount="34" insertCount="2098" extractCount="2084" duration="227000"/>
			<Sample nodeCount="35" insertCount="2161" extractCount="2144" duration="232000"/>
			<Sample nodeCount="36" insertCount="2224" extractCount="2204" duration="243000"/>
			<Sample nodeCount="37" insertCount="2283" extractCount="2268" duration="250000"/>
			<Sample nodeCount="38" insertCount="2346" extractCount="2328" duration="255000"/>
			<Sample nodeCount="39" insertCount="2411" extractCount="2386" duration="265000"/>
			<Sample nodeCount="40" insertCount="2471" extractCount="2449" duration="272000"/>
			<Sample nodeCount="41" insertCount="2531" extractCount="2512" duration="282000"/>
			<Sample nodeCount="42" insertCount="2591" extractCount="2575" duration="289000"/>
			<Sample nodeCount="43" insertCount="2656" extractCount="2633" duration="296000"/>
			<Sample nodeCount="44" insertCount="2719" extractCount="2693" duration="303000"/>
			<Sample nodeCount="45" insertCount="2778" extractCount="2757" duration="311000"/>
			<Sample nodeCount="46" insertCount="2843" extractCount="2815" duration="315000"/>
			<Sample nodeCount="47" insertCount="2901" extractCount="2880" duration="325000"/>
			<Sample nodeCount="48" insertCount="2965" extractCount="2939" duration="337000"/>
			<Sample nodeCount="49" insertCount="3029" extractCount="2998" duration="341000"/>
			<Sample nodeCount="50" insertCount="3090" extractCount="3060" duration="352000"/>
			<Sample nodeCount="51" insertCount="3151" extractCount="3122" duration="355000"/>
			<Sample nodeCount="52" insertCount="3210" extractCount="3186" duration="363000"/>
			<Sample nodeCount="53" insertCount="3272" extractCount="3247" duration="369000"/>
			<Sample nodeCount="54" insertCount="3334" extractCount="3308" duration="381000"/>
			<Sample nodeCount="55" insertCount="3395" extractCount="3370" duration="388000"/>
			<Sample nodeCount="56" insertCount="3458" extractCount="3430" duration="397000"/>
			<Sample nodeCount="57" insertCount="3522" extractCount="3489" duration="402000"/>
			<Sample nodeCount="58" insertCount="3579" extractCount="3555" duration="412000"/>
			<Sample nodeCount="59" insertCount="3643" extractCount="3614" duration="427000"/>
			<Sample nodeCount="60" insertCount="3707" extractCount="3673" duration="432000"/>
			<Sample nodeCount="61" insertCount="3766" extractCount="3737" duration="442000"/>
			<Sample nodeCount="62" insertCount="3831" extractCount="3795" duration="449000"/>
			<Sample nodeCount="63" insertCount="3890" extractCount="3859" duration="460000"/>
			<Sample nodeCount="64" insertCount="3948" extractCount="3924" duration="474000"/>
			<Sample nodeCount="65" insertCount="4016" extractCount="3979" duration="476000"/>
			<Sample nodeCount="66" insertCount="4072" extractCount="4046" duration="485000"/>
			<Sample nodeCount="67" insertCount="4138" extractCount="4103" duration="499000"/>
			<Sample nodeCount="68" insertCount="4200" extractCount="4164" duration="506000"/>
			<Sample nodeCount="69" insertCount="4258" extractCount="4229" duration="513000"/>
			<Sample nodeCount="70" insertCount="4325" extractCount="4285" duration="525000"/>
			<Sample nodeCount="71" insertCount="4384" extractCount="4349" duration="534000"/>
			<Sample nodeCount="72" insertCount="4446" extractCount="4410" duration="544000"/>
			<Sample nodeCount="73" insertCount="4507" extractCount="4472" duration="555000"/>
			<Sample nodeCount="74" insertCount="4569" extractCount="4533" duration="562000"/>
			<Sample nodeCount="75" insertCount="4627" extractCount="4598" duration="574000"/>
			<Sample nodeCount="76" insertCount="4694" extractCount="4654" duration="602000"/>
			<Sample nodeCount="77" insertCount="4754" extractCount="4717" duration="589000"/>
			<Sample nodeCount="78" insertCount="4816" extractCount="4778" duration="598000"/>
			<Sample nodeCount="79" insertCount="4879" extractCount="4838" duration="606000"/>
			<Sample nodeCount="80" insertCount="4940" extractCount="4900" duration="620000"/>
			<Sample nodeCount="81" insertCount="5004" extractCount="4959" duration="623000"/>
			<Sample nodeCount="82" insertCount="5063" extractCount="5023" duration="660000"/>
			<Sample nodeCount="83" insertCount="5126" extractCount="5083" duration="647000"/>
			<Sample nodeCount="84" insertCount="5188" extractCount="5144" duration="659000"/>
			<Sample nodeCount="85" insertCount="5248" extractCount="5207" duration="669000"/>
			<Sample nodeCount="86" insertCount="5311" extractCount="5267" duration="679000"/>
			<Sample nodeCount="87" insertCount="5373" extractCount="5328" duration="687000"/>
			<Sample nodeCount="88" insertCount="5433" extractCount="5391" duration="691000"/>
			<Sample nodeCount="89" insertCount="5495" extractCount="5452" duration="714000"/>
			<Sample nodeCount="90" insertCount="5558" extractCount="5512" duration="715000"/>
			<Sample nodeCount="91" insertCount="5616" extractCount="5577" duration="732000"/>
			<Sample nodeCount="92" insertCount="5683" extractCount="5633" duration="738000"/>
			<Sample nodeCount="93" insertCount="5742" extractCount="5697" duration="757000"/>
			<Sample nodeCount="94" insertCount="5805" extractCount="5757" duration="920000"/>
			<Sample nodeCount="95" insertCount="5868" extractCount="5817" duration="776000"/>
			<Sample nodeCount="96" insertCount="5926" extractCount="5882" duration="793000"/>
			<Sample nodeCount="97" insertCount="5988" extractCount="5943" duration="799000"/>
			<Sample nodeCount="98" insertCount="6053" extractCount="6001" duration="810000"/>
			<Sample nodeCount="99" insertCount="6112" extractCount="6065" duration="818000"/>
			<Sample nodeCount="100" insertCount="6177" extractCount="6123" duration="833000"/>
			<Sample nodeCount="101" insertCount="6238" extractCount="6185" duration="846000"/>
			<Sample nodeCount="102" insertCount="6297" extractCount="6249" duration="858000"/>
			<Sample nodeCount="103" insertCount="6360" extractCount="6309" duration="865000"/>
			<Sample nodeCount="104" insertCount="6424" extractCount="6368" duration="871000"/>
			<Sample nodeCount="105" insertCount="6484" extractCount="6431" duration="882000"/>
			<Sample nodeCount="106" insertCount="6545" extractCount="6493" duration="896000"/>
			<Sample nodeCount="107" insertCount="6603" extractCount="6558" duration="909000"/>
			<Sample nodeCount="108" insertCount="6670" extractCount="6614" duration="959000"/>
			<Sample nodeCount="109" insertCount="6729" extractCount="6678" duration="927000"/>
			<Sample nodeCount="110" insertCount="6794" extractCount="6736" duration="931000"/>
			<Sample nodeCount="111" insertCount="6852" extractCount="6801" duration="943000"/>
			<Sample nodeCount="112" insertCount="6918" extractCount="6858" duration="980000"/>
			<Sample nodeCount="113" insertCount="6978" extractCount="6921" duration="963000"/>
			<Sample nodeCount="114" insertCount="7041" extractCount="6981" duration="976000"/>
			<Sample nodeCount="115" insertCount="7098" extractCount="7047" duration="983000"/>
			<Sample nodeCount="116" insertCount="7167" extractCount="7101" duration="1029000"/>
			<Sample nodeCount="117" insertCount="7227" extractCount="7164" duration="1005000"/>
			<Sample nodeCount="118" insertCount="7286" extractCount="7228" duration="1016000"/>
			<Sample nodeCount="119" insertCount="7347" extractCount="7290" duration="1023000"/>
			<Sample nodeCount="120" insertCount="7412" extractCount="7348" duration="1043000"/>
			<Sample nodeCount="121" insertCount="7469" extractCount="7414" duration="1038000"/>
			<Sample nodeCount="122" insertCount="7534" extractCount="7472" duration="1050000"/>
			<Sample nodeCount="123" insertCount="7595" extractCount="7534" duration="1111000"/>
			<Sample nodeCount="124" insertCount="7657" extractCount="7595" duration="1063000"/>
			<Sample nodeCount="125" insertCount="7718" extractCount="7657" duration="1074000"/>
			<Sample nodeCount="126" insertCount="7781" extractCount="7717" duration="1085000"/>
			<Sample nodeCount="127" insertCount="7838" extractCount="7783" duration="1153000"/>
		</SmallSetRandomOps>
		<LargeSetRandomOps>
		</LargeSetRandomOps>
		<SmallSetLinear>
			<Sample nodeCount="1" insertCount="10000" extractCount="10000" duration="101000"/>
			<Sample nodeCount="2" insertCount="10000" extractCount="10000" duration="247000"/>
			<Sample nodeCount="3" insertCount="10000" extractCount="10000" duration="621000"/>
			<Sample nodeCount="4" insertCount="10000" extractCount="10000" duration="1090000"/>
			<Sample nodeCount="5" insertCount="10000" extractCount="10000" duration="1067000"/>
			<Sample nodeCount="6" insertCount="10000" extractCount="10000" duration="1155000"/>
			<Sample nodeCount="7" insertCount="10000" extractCount="10000" duration="1464000"/>
			<Sample nodeCount="8" insertCount="10000" extractCount="10000" duration="1745000"/>
			<Sample nodeCount="9" insertCount="10000" extractCount="10000" duration="2283000"/>
			<Sample nodeCount="10" insertCount="10000" extractCount="10000" duration="2623000"/>
			<Sample nodeCount="11" insertCount="10000" extractCount="10000" duration="2997000"/>
			<Sample nodeCount="12" insertCount="10000" extractCount="10000" duration="3460000"/>
			<Sample nodeCount="13" insertCount="10000" extractCount="10000" duration="3321000"/>
			<Sample nodeCount="14" insertCount="10000" extractCount="10000" duration="4324000"/>
			<Sample nodeCount="15" insertCount="10000" extractCount="10000" duration="6266000"/>
			<Sample nodeCount="16" insertCount="10000" extractCount="10000" duration="6026000"/>
			<Sample nodeCount="17" insertCount="10000" extractCount="10000" duration="6637000"/>
			<Sample nodeCount="18" insertCount="10000" extractCount="10000" duration="7378000"/>
			<Sample nodeCount="19" insertCount="10000" extractCount="10000" duration="6577000"/>
			<Sample nodeCount="20" insertCount="10000" extractCount="10000" duration="7269000"/>
			<Sample nodeCount="21" insertCount="10000" extractCount="10000" duration="8174000"/>
			<Sample nodeCount="22" insertCount="10000" extractCount="10000" duration="8919000"/>
			<Sample nodeCount="23" insertCount="10000" extractCount="10000" duration="9574000"/>
			<Sample nodeCount="24" insertCount="10000" extractCount="10000" duration="9312000"/>
			<Sample nodeCount="25" insertCount="10000" extractCount="10000" duration="12055000"/>
			<Sample nodeCount="26" insertCount="10000" extractCount="10000" duration="11869000"/>
			<Sample nodeCount="27" insertCount="10000" extractCount="10000" duration="13841000"/>
			<Sample nodeCount="28" insertCount="10000" extractCount="10000" duration="14011000"/>
			<Sample nodeCount="29" insertCount="10000" extractCount="10000" duration="15061000"/>
			<Sample nodeCount="30" insertCount="10000" extractCount="10000" duration="19691000"/>
			<Sample nodeCount="31" insertCount="10000" extractCount="10000" duration="20921000"/>
			<Sample nodeCount="32" insertCount="10000" extractCount="10000" duration="22493000"/>
			<Sample nodeCount="33" insertCount="10000" extractCount="10000" duration="23331000"/>
			<Sample nodeCount="34" insertCount="10000" extractCount="10000" duration="25382000"/>
			<Sample nodeCount="35" insertCount="10000" extractCount="10000" duration="26218000"/>
			<Sample nodeCount="36" insertCount="10000" extractCount="10000" duration="26952000"/>
			<Sample nodeCount="37" insertCount="10000" extractCount="10000" duration="27976000"/>
			<Sample nodeCount="38" insertCount="10000" extractCount="10000" duration="27343000"/>
			<Sample nodeCount="39" insertCount="10000" extractCount="10000" duration="27834000"/>
			<Sample nodeCount="40" insertCount="10000" extractCount="10000" duration="29018000"/>
			<Sample nodeCount="41" insertCount="10000" extractCount="10000" duration="31170000"/>
			<Sample nodeCount="42" insertCount="10000" extractCount="10000" duration="32063000"/>
			<Sample nodeCount="43" insertCount="10000" extractCount="10000" duration="33318000"/>
			<Sample nodeCount="44" insertCount="10000" extractCount="10000" duration="34079000"/>
			<Sample nodeCount="45" insertCount="10000" extractCount="10000" duration="34910000"/>
			<Sample nodeCount="46" insertCount="10000" extractCount="10000" duration="36674000"/>
			<Sample nodeCount="47" insertCount="10000" extractCount="10000" duration="36540000"/>
			<Sample nodeCount="48" insertCount="10000" extractCount="10000" duration="38203000"/>
			<Sample nodeCount="49" insertCount="10000" extractCount="10000" duration="40032000"/>
			<Sample nodeCount="50" insertCount="10000" extractCount="10000" duration="40633000"/>
			<Sample nodeCount="51" insertCount="10000" extractCount="10000" duration="40624000"/>
			<Sample nodeCount="52" insertCount="10000" extractCount="10000" duration="42790000"/>
			<Sample nodeCount="53" insertCount="10000" extractCount="10000" duration="44043000"/>
			<Sample nodeCount="54" insertCount="10000" extractCount="10000" duration="45342000"/>
			<Sample nodeCount="55" insertCount="10000" extractCount="10000" duration="45619000"/>
			<Sample nodeCount="56" insertCount="10000" extractCount="10000" duration="46864000"/>
			<Sample nodeCount="57" insertCount="10000" extractCount="10000" duration="48617000"/>
			<Sample nodeCount="58" insertCount="10000" extractCount="10000" duration="49640000"/>
			<Sample nodeCount="59" insertCount="10000" extractCount="10000" duration="50369000"/>
			<Sample nodeCount="60" insertCount="10000" extractCount="10000" duration="52287000"/>
			<Sample nodeCount="61" insertCount="10000" extractCount="10000" duration="53371000"/>
			<Sample nodeCount="62" insertCount="10000" extractCount="10000" duration="53656000"/>
			<Sample nodeCount="63" insertCount="10000" extractCount="10000" duration="55072000"/>
			<Sample nodeCount="64" insertCount="10000" extractCount="10000" duration="56214000"/>
			<Sample nodeCount="65" insertCount="10000" extractCount="10000" duration="57994000"/>
			<Sample nodeCount="66" insertCount="10000" extractCount="10000" duration="58197000"/>
			<Sample nodeCount="67" insertCount="10000" extractCount="10000" duration="59822000"/>
			<Sample nodeCount="68" insertCount="10000" extractCount="10000" duration="61797000"/>
			<Sample nodeCount="69" insertCount="10000" extractCount="10000" duration="63095000"/>
			<Sample nodeCount="70" insertCount="10000" extractCount="10000" duration="64013000"/>
			<Sample nodeCount="71" insertCount="10000" extractCount="10000" duration="64210000"/>
			<Sample nodeCount="72" insertCount="10000" extractCount="10000" duration="65861000"/>
			<Sample nodeCount="73" insertCount="10000" extractCount="10000" duration="66972000"/>
			<Sample nodeCount="74" insertCount="10000" extractCount="10000" duration="68878000"/>
			<Sample nodeCount="75" insertCount="10000" extractCount="10000" duration="69832000"/>
			<Sample nodeCount="76" insertCount="10000" extractCount="10000" duration="70566000"/>
			<Sample nodeCount="77" insertCount="10000" extractCount="10000" duration="72197000"/>
			<Sample nodeCount="78" insertCount="10000" extractCount="10000" duration="73263000"/>
			<Sample nodeCount="79" insertCount="10000" extractCount="10000" duration="74140000"/>
			<Sample nodeCount="80" insertCount="10000" extractCount="10000" duration="75118000"/>
			<Sample nodeCount="81" insertCount="10000" extractCount="10000" duration="79130000"/>
			<Sample nodeCount="82" insertCount="10000" extractCount="10000" duration="82800000"/>
			<Sample nodeCount="83" insertCount="10000" extractCount="10000" duration="82528000"/>
			<Sample nodeCount="84" insertCount="10000" extractCount="10000" duration="85914000"/>
			<Sample nodeCount="85" insertCount="10000" extractCount="10000" duration="85096000"/>
			<Sample nodeCount="86" insertCount="10000" extractCount="10000" duration="85228000"/>
			<Sample nodeCount="87" insertCount="10000" extractCount="10000" duration="83948000"/>
			<Sample nodeCount="88" insertCount="10000" extractCount="10000" duration="84708000"/>
			<Sample nodeCount="89" insertCount="10000" extractCount="10000" duration="86413000"/>
			<Sample nodeCount="90" insertCount="10000" extractCount="10000" duration="87775000"/>
			<Sample nodeCount="91" insertCount="10000" extractCount="10000" duration="88416000"/>
			<Sample nodeCount="92" insertCount="10000" extractCount="10000" duration="89975000"/>
			<Sample nodeCount="93" insertCount="10000" extractCount="10000" duration="90879000"/>
			<Sample nodeCount="94" insertCount="10000" extractCount="10000" duration="92219000"/>
			<Sample nodeCount="95" insertCount="10000" extractCount="10000" duration="93235000"/>
			<Sample nodeCount="96" insertCount="10000" extractCount="10000" duration="94629000"/>
			<Sample nodeCount="97" insertCount="10000" extractCount="10000" duration="95628000"/>
			<Sample nodeCount="98" insertCount="10000" extractCount="10000" duration="97107000"/>
			<Sample nodeCount="99" insertCount="10000" extractCount="10000" duration="97668000"/>
			<Sample nodeCount="100" insertCount="10000" extractCount="10000" duration="99262000"/>
			<Sample nodeCount="101" insertCount="10000" extractCount="10000" duration="100725000"/>
			<Sample nodeCount="102" insertCount="10000" extractCount="10000" duration="103830000"/>
			<Sample nodeCount="103" insertCount="10000" extractCount="10000" duration="108825000"/>
			<Sample nodeCount="104" insertCount="10000" extractCount="10000" duration="111116000"/>
			<Sample nodeCount="105" insertCount="10000" extractCount="10000" duration="107821000"/>
			<Sample nodeCount="106" insertCount="10000" extractCount="10000" duration="107972000"/>
			<Sample nodeCount="107" insertCount="10000" extractCount="10000" duration="108906000"/>
			<Sample nodeCount="108" insertCount="10000" extractCount="10000" duration="113683000"/>
			<Sample nodeCount="109" insertCount="10000" extractCount="10000" duration="114495000"/>
			<Sample nodeCount="110" insertCount="10000" extractCount="10000" duration="119467000"/>
			<Sample nodeCount="111" insertCount="10000" extractCount="10000" duration="118554000"/>
			<Sample nodeCount="112" insertCount="10000" extractCount="10000" duration="119129000"/>
			<Sample nodeCount="113" insertCount="10000" extractCount="10000" duration="117623000"/>
			<Sample nodeCount="114" insertCount="10000" extractCount="10000" duration="126514000"/>
			<Sample nodeCount="115" insertCount="10000" extractCount="10000" duration="127253000"/>
			<Sample nodeCount="116" insertCount="10000" extractCount="10000" duration="125894000"/>
			<Sample nodeCount="117" insertCount="10000" extractCount="10000" duration="124343000"/>
			<Sample nodeCount="118" insertCount="10000" extractCount="10000" duration="123200000"/>
			<Sample nodeCount="119" insertCount="10000" extractCount="10000" duration="123737000"/>
			<Sample nodeCount="120" insertCount="10000" extractCount="10000" duration="126274000"/>
			<Sample nodeCount="121" insertCount="10000" extractCount="10000" duration="133089000"/>
			<Sample nodeCount="122" insertCount="10000" extractCount="10000" duration="133181000"/>
			<Sample nodeCount="123" insertCount="10000" extractCount="10000" duration="130363000"/>
			<Sample nodeCount="124" insertCount="10000" extractCount="10000" duration="139363000"/>
			<Sample nodeCount="125" insertCount="10000" extractCount="10000" duration="144908000"/>
			<Sample nodeCount="126" insertCount="10000" extractCount="10000" duration="144260000"/>
			<Sample nodeCount="127" insertCount="10000" extractCount="10000" duration="143621000"/>
		</SmallSetLinear>
		<LargeSetLinear>
		</LargeSetLinear>
	</RBTest>
	<RBTest implementation="jemalloc" nodeSize="16">
		<SmallSetRandomOps>
			<Sample nodeCount="1" insertCount="62" extractCount="61" duration="3000"/>
			<Sample nodeCount="2" insertCount="123" extractCount="123" duration="6000"/>
			<Sample nodeCount="3" insertCount="185" extractCount="184" duration="10000"/>
			<Sample nodeCount="4" insertCount="247" extractCount="245" duration="14000"/>
			<Sample nodeCount="5" insertCount="308" extractCount="307" duration="19000"/>
			<Sample nodeCount="6" insertCount="371" extractCount="367" duration="24000"/>
			<Sample nodeCount="7" insertCount="433" extractCount="428" duration="45000"/>
			<Sample nodeCount="8" insertCount="493" extractCount="491" duration="51000"/>
			<Sample nodeCount="9" insertCount="557" extractCount="550" duration="42000"/>
			<Sample nodeCount="10" insertCount="617" extractCount="613" duration="48000"/>
			<Sample nodeCount="11" insertCount="680" extractCount="673" duration="53000"/>
			<Sample nodeCount="12" insertCount="741" extractCount="735" duration="61000"/>
			<Sample nodeCount="13" insertCount="802" extractCount="797" duration="66000"/>
			<Sample nodeCount="14" insertCount="866" extractCount="856" duration="74000"/>
			<Sample nodeCount="15" insertCount="926" extractCount="919" duration="79000"/>
			<Sample nodeCount="16" insertCount="989" extractCount="979" duration="86000"/>
			<Sample nodeCount="17" insertCount="1049" extractCount="1042" duration="94000"/>
			<Sample nodeCount="18" insertCount="1112" extractCount="1102" duration="101000"/>
			<Sample nodeCount="19" insertCount="1171" extractCount="1166" duration="109000"/>
			<Sample nodeCount="20" insertCount="1235" extractCount="1225" duration="116000"/>
			<Sample nodeCount="21" insertCount="1296" extractCount="1287" duration="218000"/>
			<Sample nodeCount="22" insertCount="1359" extractCount="1347" duration="191000"/>
			<Sample nodeCount="23" insertCount="1420" extractCount="1409" duration="151000"/>
			<Sample nodeCount="24" insertCount="1482" extractCount="1470" duration="142000"/>
			<Sample nodeCount="25" insertCount="1546" extractCount="1529" duration="150000"/>
			<Sample nodeCount="26" insertCount="1604" extractCount="1594" duration="156000"/>
			<Sample nodeCount="27" insertCount="1666" extractCount="1655" duration="162000"/>
			<Sample nodeCount="28" insertCount="1728" extractCount="1716" duration="171000"/>
			<Sample nodeCount="29" insertCount="1791" extractCount="1776" duration="176000"/>
			<Sample nodeCount="30" insertCount="1852" extractCount="1838" duration="252000"/>
			<Sample nodeCount="31" insertCount="1914" extractCount="1899" duration="272000"/>
			<Sample nodeCount="32" insertCount="1976" extractCount="1960" duration="282000"/>
			<Sample nodeCount="33" insertCount="2039" extractCount="2020" duration="266000"/>
			<Sample nodeCount="34" insertCount="2099" extractCount="2083" duration="222000"/>
			<Sample nodeCount="35" insertCount="2163" extractCount="2142" duration="231000"/>
			<Sample nodeCount="36" insertCount="2224" extractCount="2204" duration="238000"/>
			<Sample nodeCount="37" insertCount="2285" extractCount="2266" duration="256000"/>
			<Sample nodeCount="38" insertCount="2346" extractCount="2328" duration="277000"/>
			<Sample nodeCount="39" insertCount="2409" extractCount="2388" duration="295000"/>
			<Sample nodeCount="40" insertCount="2470" extractCount="2450" duration="314000"/>
			<Sample nodeCount="41" insertCount="2532" extractCount="2511" duration="269000"/>
			<Sample nodeCount="42" insertCount="2589" extractCount="2577" duration="277000"/>
			<Sample nodeCount="43" insertCount="2655" extractCount="2634" duration="340000"/>
			<Sample nodeCount="44" insertCount="2714" extractCount="2698" duration="368000"/>
			<Sample nodeCount="45" insertCount="2781" extractCount="2754" duration="332000"/>
			<Sample nodeCount="46" insertCount="2842" extractCount="2816" duration="392000"/>
			<Sample nodeCount="47" insertCount="2903" extractCount="2878" duration="311000"/>
			<Sample nodeCount="48" insertCount="2962" extractCount="2942" duration="320000"/>
			<Sample nodeCount="49" insertCount="3022" extractCount="3005" duration="354000"/>
			<Sample nodeCount="50" insertCount="3090" extractCount="3060" duration="334000"/>
			<Sample nodeCount="51" insertCount="3150" extractCount="3123" duration="414000"/>
			<Sample nodeCount="52" insertCount="3209" extractCount="3187" duration="423000"/>
			<Sample nodeCount="53" insertCount="3275" extractCount="3244" duration="356000"/>
			<Sample nodeCount="54" insertCount="3334" extractCount="3308" duration="362000"/>
			<Sample nodeCount="55" insertCount="3397" extractCount="3368" duration="403000"/>
			<Sample nodeCount="56" insertCount="3456" extractCount="3432" duration="473000"/>
			<Sample nodeCount="57" insertCount="3517" extractCount="3494" duration="446000"/>
			<Sample nodeCount="58" insertCount="3584" extractCount="3550" duration="394000"/>
			<Sample nodeCount="59" insertCount="3645" extractCount="3612" duration="401000"/>
			<Sample nodeCount="60" insertCount="3706" extractCount="3674" duration="408000"/>
			<Sample nodeCount="61" insertCount="3770" extractCount="3733" duration="545000"/>
			<Sample nodeCount="62" insertCount="3826" extractCount="3800" duration="452000"/>
			<Sample nodeCount="63" insertCount="3891" extractCount="3858" duration="467000"/>
			<Sample nodeCount="64" insertCount="3953" extractCount="3919" duration="471000"/>
			<Sample nodeCount="65" insertCount="4013" extractCount="3982" duration="521000"/>
			<Sample nodeCount="66" insertCount="4075" extractCount="4043" duration="515000"/>
			<Sample nodeCount="67" insertCount="4141" extractCount="4100" duration="515000"/>
			<Sample nodeCount="68" insertCount="4198" extractCount="4166" duration="579000"/>
			<Sample nodeCount="69" insertCount="4258" extractCount="4229" duration="527000"/>
			<Sample nodeCount="70" insertCount="4325" extractCount="4285" duration="573000"/>
			<Sample nodeCount="71" insertCount="4383" extractCount="4350" duration="620000"/>
			<Sample nodeCount="72" insertCount="4447" extractCount="4409" duration="539000"/>
			<Sample nodeCount="73" insertCount="4506" extractCount="4473" duration="546000"/>
			<Sample nodeCount="74" insertCount="4570" extractCount="4532" duration="551000"/>
			<Sample nodeCount="75" insertCount="4634" extractCount="4591" duration="589000"/>
			<Sample nodeCount="76" insertCount="4692" extractCount="4656" duration="616000"/>
			<Sample nodeCount="77" insertCount="4753" extractCount="4718" duration="563000"/>
			<Sample nodeCount="78" insertCount="4817" extractCount="4777" duration="557000"/>
			<Sample nodeCount="79" insertCount="4878" extractCount="4839" duration="648000"/>
			<Sample nodeCount="80" insertCount="4936" extractCount="4904" duration="695000"/>
			<Sample nodeCount="81" insertCount="5003" extractCount="4960" duration="663000"/>
			<Sample nodeCount="82" insertCount="5062" extractCount="5024" duration="621000"/>
			<Sample nodeCount="83" insertCount="5123" extractCount="5086" duration="638000"/>
			<Sample nodeCount="84" insertCount="5189" extractCount="5143" duration="645000"/>
			<Sample nodeCount="85" insertCount="5251" extractCount="5204" duration="673000"/>
			<Sample nodeCount="86" insertCount="5312" extractCount="5266" duration="688000"/>
			<Sample nodeCount="87" insertCount="5375" extractCount="5326" duration="692000"/>
			<Sample nodeCount="88" insertCount="5434" extractCount="5390" duration="698000"/>
			<Sample nodeCount="89" insertCount="5496" extractCount="5451" duration="756000"/>
			<Sample nodeCount="90" insertCount="5556" extractCount="5514" duration="840000"/>
			<Sample nodeCount="91" insertCount="5621" extractCount="5572" duration="731000"/>
			<Sample nodeCount="92" insertCount="5676" extractCount="5640" duration="732000"/>
			<Sample nodeCount="93" insertCount="5739" extractCount="5700" duration="774000"/>
			<Sample nodeCount="94" insertCount="5803" extractCount="5759" duration="763000"/>
			<Sample nodeCount="95" insertCount="5862" extractCount="5823" duration="766000"/>
			<Sample nodeCount="96" insertCount="5928" extractCount="5880" duration="769000"/>
			<Sample nodeCount="97" insertCount="5987" extractCount="5944" duration="762000"/>
			<Sample nodeCount="98" insertCount="6051" extractCount="6003" duration="764000"/>
			<Sample nodeCount="99" insertCount="6112" extractCount="6065" duration="780000"/>
			<Sample nodeCount="100" insertCount="6180" extractCount="6120" duration="784000"/>
			<Sample nodeCount="101" insertCount="6237" extractCount="6186" duration="814000"/>
			<Sample nodeCount="102" insertCount="6298" extractCount="6248" duration="817000"/>
			<Sample nodeCount="103" insertCount="6365" extractCount="6304" duration="832000"/>
			<Sample nodeCount="104" insertCount="6422" extractCount="6370" duration="876000"/>
			<Sample nodeCount="105" insertCount="6484" extractCount="6431" duration="878000"/>
			<Sample nodeCount="106" insertCount="6544" extractCount="6494" duration="915000"/>
			<Sample nodeCount="107" insertCount="6607" extractCount="6554" duration="874000"/>
			<Sample nodeCount="108" insertCount="6667" extractCount="6617" duration="865000"/>
			<Sample nodeCount="109" insertCount="6727" extractCount="6680" duration="891000"/>
			<Sample nodeCount="110" insertCount="6793" extractCount="6737" duration="876000"/>
			<Sample nodeCount="111" insertCount="6855" extractCount="6798" duration="878000"/>
			<Sample nodeCount="112" insertCount="6917" extractCount="6859" duration="914000"/>
			<Sample nodeCount="113" insertCount="6977" extractCount="6922" duration="902000"/>
			<Sample nodeCount="114" insertCount="7044" extractCount="6978" duration="908000"/>
			<Sample nodeCount="115" insertCount="7101" extractCount="7044" duration="911000"/>
			<Sample nodeCount="116" insertCount="7163" extractCount="7105" duration="963000"/>
			<Sample nodeCount="117" insertCount="7228" extractCount="7163" duration="940000"/>
			<Sample nodeCount="118" insertCount="7287" extractCount="7227" duration="1014000"/>
			<Sample nodeCount="119" insertCount="7351" extractCount="7286" duration="983000"/>
			<Sample nodeCount="120" insertCount="7412" extractCount="7348" duration="961000"/>
			<Sample nodeCount="121" insertCount="7474" extractCount="7409" duration="981000"/>
			<Sample nodeCount="122" insertCount="7532" extractCount="7474" duration="1005000"/>
			<Sample nodeCount="123" insertCount="7598" extractCount="7531" duration="1070000"/>
			<Sample nodeCount="124" insertCount="7657" extractCount="7595" duration="1003000"/>
			<Sample nodeCount="125" insertCount="7715" extractCount="7660" duration="1029000"/>
			<Sample nodeCount="126" insertCount="7781" extractCount="7717" duration="1091000"/>
			<Sample nodeCount="127" insertCount="7845" extractCount="7776" duration="1030000"/>
		</SmallSetRandomOps>
		<LargeSetRandomOps>
		</LargeSetRandomOps>
		<SmallSetLinear>
			<Sample nodeCount="1" insertCount="10000" extractCount="10000" duration="76000"/>
			<Sample nodeCount="2" insertCount="10000" extractCount="10000" duration="219000"/>
			<Sample nodeCount="3" insertCount="10000" extractCount="10000" duration="376000"/>
			<Sample nodeCount="4" insertCount="10000" extractCount="10000" duration="566000"/>
			<Sample nodeCount="5" insertCount="10000" extractCount="10000" duration="765000"/>
			<Sample nodeCount="6" insertCount="10000" extractCount="10000" duration="920000"/>
			<Sample nodeCount="7" insertCount="10000" extractCount="10000" duration="1151000"/>
			<Sample nodeCount="8" insertCount="10000" extractCount="10000" duration="1351000"/>
			<Sample nodeCount="9" insertCount="10000" extractCount="10000" duration="1665000"/>
			<Sample nodeCount="10" insertCount="10000" extractCount="10000" duration="1739000"/>
			<Sample nodeCount="11" insertCount="10000" extractCount="10000" duration="2134000"/>
			<Sample nodeCount="12" insertCount="10000" extractCount="10000" duration="2167000"/>
			<Sample nodeCount="13" insertCount="10000" extractCount="10000" duration="2491000"/>
			<Sample nodeCount="14" insertCount="10000" extractCount="10000" duration="2642000"/>
			<Sample nodeCount="15" insertCount="10000" extractCount="10000" duration="3043000"/>
			<Sample nodeCount="16" insertCount="10000" extractCount="10000" duration="3530000"/>
			<Sample nodeCount="17" insertCount="10000" extractCount="10000" duration="3653000"/>
			<Sample nodeCount="18" insertCount="10000" extractCount="10000" duration="3840000"/>
			<Sample nodeCount="19" insertCount="10000" extractCount="10000" duration="4171000"/>
			<Sample nodeCount="20" insertCount="10000" extractCount="10000" duration="4821000"/>
			<Sample nodeCount="21" insertCount="10000" extractCount="10000" duration="4750000"/>
			<Sample nodeCount="22" insertCount="10000" extractCount="10000" duration="4685000"/>
			<Sample nodeCount="23" insertCount="10000" extractCount="10000" duration="5460000"/>
			<Sample nodeCount="24" insertCount="10000" extractCount="10000" duration="5605000"/>
			<Sample nodeCount="25" insertCount="10000" extractCount="10000" duration="5503000"/>
			<Sample nodeCount="26" insertCount="10000" extractCount="10000" duration="5885000"/>
			<Sample nodeCount="27" insertCount="10000" extractCount="10000" duration="6383000"/>
			<Sample nodeCount="28" insertCount="10000" extractCount="10000" duration="6401000"/>
			<Sample nodeCount="29" insertCount="10000" extractCount="10000" duration="7117000"/>
			<Sample nodeCount="30" insertCount="10000" extractCount="10000" duration="7408000"/>
			<Sample nodeCount="31" insertCount="10000" extractCount="10000" duration="7359000"/>
			<Sample nodeCount="32" insertCount="10000" extractCount="10000" duration="7852000"/>
			<Sample nodeCount="33" insertCount="10000" extractCount="10000" duration="7962000"/>
			<Sample nodeCount="34" insertCount="10000" extractCount="10000" duration="8271000"/>
			<Sample nodeCount="35" insertCount="10000" extractCount="10000" duration="8994000"/>
			<Sample nodeCount="36" insertCount="10000" extractCount="10000" duration="9318000"/>
			<Sample nodeCount="37" insertCount="10000" extractCount="10000" duration="9387000"/>
			<Sample nodeCount="38" insertCount="10000" extractCount="10000" duration="9416000"/>
			<Sample nodeCount="39" insertCount="10000" extractCount="10000" duration="10017000"/>
			<Sample nodeCount="40" insertCount="10000" extractCount="10000" duration="10216000"/>
			<Sample nodeCount="41" insertCount="10000" extractCount="10000" duration="10392000"/>
			<Sample nodeCount="42" insertCount="10000" extractCount="10000" duration="10547000"/>
			<Sample nodeCount="43" insertCount="10000" extractCount="10000" duration="10966000"/>
			<Sample nodeCount="44" insertCount="10000" extractCount="10000" duration="11290000"/>
			<Sample nodeCount="45" insertCount="10000" extractCount="10000" duration="11798000"/>
			<Sample nodeCount="46" insertCount="10000" extractCount="10000" duration="11974000"/>
			<Sample nodeCount="47" insertCount="10000" extractCount="10000" duration="12596000"/>
			<Sample nodeCount="48" insertCount="10000" extractCount="10000" duration="13137000"/>
			<Sample nodeCount="49" insertCount="10000" extractCount="10000" duration="13245000"/>
			<Sample nodeCount="50" insertCount="10000" extractCount="10000" duration="13547000"/>
			<Sample nodeCount="51" insertCount="10000" extractCount="10000" duration="13743000"/>
			<Sample nodeCount="52" insertCount="10000" extractCount="10000" duration="13865000"/>
			<Sample nodeCount="53" insertCount="10000" extractCount="10000" duration="14122000"/>
			<Sample nodeCount="54" insertCount="10000" extractCount="10000" duration="14490000"/>
			<Sample nodeCount="55" insertCount="10000" extractCount="10000" duration="14929000"/>
			<Sample nodeCount="56" insertCount="10000" extractCount="10000" duration="15253000"/>
			<Sample nodeCount="57" insertCount="10000" extractCount="10000" duration="15487000"/>
			<Sample nodeCount="58" insertCount="10000" extractCount="10000" duration="16431000"/>
			<Sample nodeCount="59" insertCount="10000" extractCount="10000" duration="16720000"/>
			<Sample nodeCount="60" insertCount="10000" extractCount="10000" duration="17322000"/>
			<Sample nodeCount="61" insertCount="10000" extractCount="10000" duration="16614000"/>
			<Sample nodeCount="62" insertCount="10000" extractCount="10000" duration="17480000"/>
			<Sample nodeCount="63" insertCount="10000" extractCount="10000" duration="18184000"/>
			<Sample nodeCount="64" insertCount="10000" extractCount="10000" duration="18130000"/>
			<Sample nodeCount="65" insertCount="10000" extractCount="10000" duration="18251000"/>
			<Sample nodeCount="66" insertCount="10000" extractCount="10000" duration="18100000"/>
			<Sample nodeCount="67" insertCount="10000" extractCount="10000" duration="18798000"/>
			<Sample nodeCount="68" insertCount="10000" extractCount="10000" duration="20463000"/>
			<Sample nodeCount="69" insertCount="10000" extractCount="10000" duration="19530000"/>
			<Sample nodeCount="70" insertCount="10000" extractCount="10000" duration="19234000"/>
			<Sample nodeCount="71" insertCount="10000" extractCount="10000" duration="20152000"/>
			<Sample nodeCount="72" insertCount="10000" extractCount="10000" duration="19943000"/>
			<Sample nodeCount="73" insertCount="10000" extractCount="10000" duration="19901000"/>
			<Sample nodeCount="74" insertCount="10000" extractCount="10000" duration="20036000"/>
			<Sample nodeCount="75" insertCount="10000" extractCount="10000" duration="20440000"/>
			<Sample nodeCount="76" insertCount="10000" extractCount="10000" duration="20786000"/>
			<Sample nodeCount="77" insertCount="10000" extractCount="10000" duration="20968000"/>
			<Sample nodeCount="78" insertCount="10000" extractCount="10000" duration="21331000"/>
			<Sample nodeCount="79" insertCount="10000" extractCount="10000" duration="21973000"/>
			<Sample nodeCount="80" insertCount="10000" extractCount="10000" duration="23638000"/>
			<Sample nodeCount="81" insertCount="10000" extractCount="10000" duration="23091000"/>
			<Sample nodeCount="82" insertCount="10000" extractCount="10000" duration="23849000"/>
			<Sample nodeCount="83" insertCount="10000" extractCount="10000" duration="23917000"/>
			<Sample nodeCount="84" insertCount="10000" extractCount="10000" duration="26023000"/>
			<Sample nodeCount="85" insertCount="10000" extractCount="10000" duration="25910000"/>
			<Sample nodeCount="86" insertCount="10000" extractCount="10000" duration="25164000"/>
			<Sample nodeCount="87" insertCount="10000" extractCount="10000" duration="25923000"/>
			<Sample nodeCount="88" insertCount="10000" extractCount="10000" duration="26118000"/>
			<Sample nodeCount="89" insertCount="10000" extractCount="10000" duration="26767000"/>
			<Sample nodeCount="90" insertCount="10000" extractCount="10000" duration="26600000"/>
			<Sample nodeCount="91" insertCount="10000" extractCount="10000" duration="26620000"/>
			<Sample nodeCount="92" insertCount="10000" extractCount="10000" duration="27786000"/>
			<Sample nodeCount="93" insertCount="10000" extractCount="10000" duration="27415000"/>
			<Sample nodeCount="94" insertCount="10000" extractCount="10000" duration="27174000"/>
			<Sample nodeCount="95" insertCount="10000" extractCount="10000" duration="28707000"/>
			<Sample nodeCount="96" insertCount="10000" extractCount="10000" duration="28812000"/>
			<Sample nodeCount="97" insertCount="10000" extractCount="10000" duration="28470000"/>
			<Sample nodeCount="98" insertCount="10000" extractCount="10000" duration="28824000"/>
			<Sample nodeCount="99" insertCount="10000" extractCount="10000" duration="28954000"/>
			<Sample nodeCount="100" insertCount="10000" extractCount="10000" duration="29871000"/>
			<Sample nodeCount="101" insertCount="10000" extractCount="10000" duration="29281000"/>
			<Sample nodeCount="102" insertCount="10000" extractCount="10000" duration="29609000"/>
			<Sample nodeCount="103" insertCount="10000" extractCount="10000" duration="31535000"/>
			<Sample nodeCount="104" insertCount="10000" extractCount="10000" duration="32379000"/>
			<Sample nodeCount="105" insertCount="10000" extractCount="10000" duration="32125000"/>
			<Sample nodeCount="106" insertCount="10000" extractCount="10000" duration="32877000"/>
			<Sample nodeCount="107" insertCount="10000" extractCount="10000" duration="32866000"/>
			<Sample nodeCount="108" insertCount="10000" extractCount="10000" duration="33472000"/>
			<Sample nodeCount="109" insertCount="10000" extractCount="10000" duration="34295000"/>
			<Sample nodeCount="110" insertCount="10000" extractCount="10000" duration="33458000"/>
			<Sample nodeCount="111" insertCount="10000" extractCount="10000" duration="35096000"/>
			<Sample nodeCount="112" insertCount="10000" extractCount="10000" duration="35702000"/>
			<Sample nodeCount="113" insertCount="10000" extractCount="10000" duration="35662000"/>
			<Sample nodeCount="114" insertCount="10000" extractCount="10000" duration="36178000"/>
			<Sample nodeCount="115" insertCount="10000" extractCount="10000" duration="36275000"/>
			<Sample nodeCount="116" insertCount="10000" extractCount="10000" duration="36002000"/>
			<Sample nodeCount="117" insertCount="10000" extractCount="10000" duration="38182000"/>
			<Sample nodeCount="118" insertCount="10000" extractCount="10000" duration="37714000"/>
			<Sample nodeCount="119" insertCount="10000" extractCount="10000" duration="38472000"/>
			<Sample nodeCount="120" insertCount="10000" extractCount="10000" duration="38456000"/>
			<Sample nodeCount="121" insertCount="10000" extractCount="10000" duration="38609000"/>
			<Sample nodeCount="122" insertCount="10000" extractCount="10000" duration="39106000"/>
			<Sample nodeCount="123" insertCount="10000" extractCount="10000" duration="39175000"/>
			<Sample nodeCount="124" insertCount="10000" extractCount="10000" duration="39952000"/>
			<Sample nodeCount="125" insertCount="10000" extractCount="10000" duration="40431000"/>
			<Sample nodeCount="126" insertCount="10000" extractCount="10000" duration="39294000"/>
			<Sample nodeCount="127" insertCount="10000" extractCount="10000" duration="42893000"/>
		</SmallSetLinear>
		<LargeSetLinear>
		</LargeSetLinear>
	</RBTest>
	<RBTest implementation="bheap" nodeSize="24">
		<SmallSetRandomOps>
			<Sample nodeCount="1" insertCount="62" extractCount="61" duration="3000"/>
			<Sample nodeCount="2" insertCount="123" extractCount="123" duration="5000"/>
			<Sample nodeCount="3" insertCount="185" extractCount="184" duration="8000"/>
			<Sample nodeCount="4" insertCount="247" extractCount="245" duration="11000"/>
			<Sample nodeCount="5" insertCount="308" extractCount="307" duration="14000"/>
			<Sample nodeCount="6" insertCount="371" extractCount="367" duration="19000"/>
			<Sample nodeCount="7" insertCount="433" extractCount="428" duration="22000"/>
			<Sample nodeCount="8" insertCount="493" extractCount="491" duration="26000"/>
			<Sample nodeCount="9" insertCount="557" extractCount="550" duration="29000"/>
			<Sample nodeCount="10" insertCount="617" extractCount="613" duration="33000"/>
			<Sample nodeCount="11" insertCount="680" extractCount="673" duration="37000"/>
			<Sample nodeCount="12" insertCount="741" extractCount="735" duration="41000"/>
			<Sample nodeCount="13" insertCount="802" extractCount="797" duration="45000"/>
			<Sample nodeCount="14" insertCount="866" extractCount="856" duration="49000"/>
			<Sample nodeCount="15" insertCount="926" extractCount="919" duration="53000"/>
			<Sample nodeCount="16" insertCount="989" extractCount="979" duration="57000"/>
			<Sample nodeCount="17" insertCount="1049" extractCount="1042" duration="60000"/>
			<Sample nodeCount="18" insertCount="1112" extractCount="1102" duration="64000"/>
			<Sample nodeCount="19" insertCount="1171" extractCount="1166" duration="100000"/>
			<Sample nodeCount="20" insertCount="1235" extractCount="1225" duration="72000"/>
			<Sample nodeCount="21" insertCount="1296" extractCount="1287" duration="75000"/>
			<Sample nodeCount="22" insertCount="1359" extractCount="1347" duration="79000"/>
			<Sample nodeCount="23" insertCount="1420" extractCount="1409" duration="84000"/>
			<Sample nodeCount="24" insertCount="1482" extractCount="1470" duration="87000"/>
			<Sample nodeCount="25" insertCount="1546" extractCount="1529" duration="91000"/>
			<Sample nodeCount="26" insertCount="1604" extractCount="1594" duration="96000"/>
			<Sample nodeCount="27" insertCount="1666" extractCount="1655" duration="100000"/>
			<Sample nodeCount="28" insertCount="1728" extractCount="1716" duration="106000"/>
			<Sample nodeCount="29" insertCount="1791" extractCount="1776" duration="140000"/>
			<Sample nodeCount="30" insertCount="1852" extractCount="1838" duration="135000"/>
			<Sample nodeCount="31" insertCount="1914" extractCount="1899" duration="139000"/>
			<Sample nodeCount="32" insertCount="1976" extractCount="1960" duration="121000"/>
			<Sample nodeCount="33" insertCount="2039" extractCount="2020" duration="128000"/>
			<Sample nodeCount="34" insertCount="2099" extractCount="2083" duration="178000"/>
			<Sample nodeCount="35" insertCount="2163" extractCount="2142" duration="161000"/>
			<Sample nodeCount="36" insertCount="2224" extractCount="2204" duration="138000"/>
			<Sample nodeCount="37" insertCount="2285" extractCount="2266" duration="142000"/>
			<Sample nodeCount="38" insertCount="2346" extractCount="2328" duration="145000"/>
			<Sample nodeCount="39" insertCount="2409" extractCount="2388" duration="162000"/>
			<Sample nodeCount="40" insertCount="2470" extractCount="2450" duration="186000"/>
			<Sample nodeCount="41" insertCount="2532" extractCount="2511" duration="158000"/>
			<Sample nodeCount="42" insertCount="2589" extractCount="2577" duration="161000"/>
			<Sample nodeCount="43" insertCount="2655" extractCount="2634" duration="164000"/>
			<Sample nodeCount="44" insertCount="2714" extractCount="2698" duration="170000"/>
			<Sample nodeCount="45" insertCount="2781" extractCount="2754" duration="172000"/>
			<Sample nodeCount="46" insertCount="2842" extractCount="2816" duration="191000"/>
			<Sample nodeCount="47" insertCount="2903" extractCount="2878" duration="187000"/>
			<Sample nodeCount="48" insertCount="2962" extractCount="2942" duration="205000"/>
			<Sample nodeCount="49" insertCount="3022" extractCount="3005" duration="189000"/>
			<Sample nodeCount="50" insertCount="3090" extractCount="3060" duration="195000"/>
			<Sample nodeCount="51" insertCount="3150" extractCount="3123" duration="197000"/>
			<Sample nodeCount="52" insertCount="3209" extractCount="3187" duration="201000"/>
			<Sample nodeCount="53" insertCount="3275" extractCount="3244" duration="209000"/>
			<Sample nodeCount="54" insertCount="3334" extractCount="3308" duration="213000"/>
			<Sample nodeCount="55" insertCount="3397" extractCount="3368" duration="216000"/>
			<Sample nodeCount="56" insertCount="3456" extractCount="3432" duration="298000"/>
			<Sample nodeCount="57" insertCount="3517" extractCount="3494" duration="279000"/>
			<Sample nodeCount="58" insertCount="3584" extractCount="3550" duration="227000"/>
			<Sample nodeCount="59" insertCount="3645" extractCount="3612" duration="238000"/>
			<Sample nodeCount="60" insertCount="3706" extractCount="3674" duration="244000"/>
			<Sample nodeCount="61" insertCount="3770" extractCount="3733" duration="243000"/>
			<Sample nodeCount="62" insertCount="3826" extractCount="3800" duration="247000"/>
			<Sample nodeCount="63" insertCount="3891" extractCount="3858" duration="257000"/>
			<Sample nodeCount="64" insertCount="3953" extractCount="3919" duration="252000"/>
			<Sample nodeCount="65" insertCount="4013" extractCount="3982" duration="307000"/>
			<Sample nodeCount="66" insertCount="4075" extractCount="4043" duration="265000"/>
			<Sample nodeCount="67" insertCount="4141" extractCount="4100" duration="261000"/>
			<Sample nodeCount="68" insertCount="4198" extractCount="4166" duration="270000"/>
			<Sample nodeCount="69" insertCount="4258" extractCount="4229" duration="273000"/>
			<Sample nodeCount="70" insertCount="4325" extractCount="4285" duration="272000"/>
			<Sample nodeCount="71" insertCount="4383" extractCount="4350" duration="389000"/>
			<Sample nodeCount="72" insertCount="4447" extractCount="4409" duration="310000"/>
			<Sample nodeCount="73" insertCount="4506" extractCount="4473" duration="290000"/>
			<Sample nodeCount="74" insertCount="4570" extractCount="4532" duration="303000"/>
			<Sample nodeCount="75" insertCount="4634" extractCount="4591" duration="310000"/>
			<Sample nodeCount="76" insertCount="4692" extractCount="4656" duration="375000"/>
			<Sample nodeCount="77" insertCount="4753" extractCount="4718" duration="369000"/>
			<Sample nodeCount="78" insertCount="4817" extractCount="4777" duration="360000"/>
			<Sample nodeCount="79" insertCount="4878" extractCount="4839" duration="360000"/>
			<Sample nodeCount="80" insertCount="4936" extractCount="4904" duration="324000"/>
			<Sample nodeCount="81" insertCount="5003" extractCount="4960" duration="412000"/>
			<Sample nodeCount="82" insertCount="5062" extractCount="5024" duration="388000"/>
			<Sample nodeCount="83" insertCount="5123" extractCount="5086" duration="368000"/>
			<Sample nodeCount="84" insertCount="5189" extractCount="5143" duration="425000"/>
			<Sample nodeCount="85" insertCount="5251" extractCount="5204" duration="539000"/>
			<Sample nodeCount="86" insertCount="5312" extractCount="5266" duration="348000"/>
			<Sample nodeCount="87" insertCount="5375" extractCount="5326" duration="370000"/>
			<Sample nodeCount="88" insertCount="5434" extractCount="5390" duration="372000"/>
			<Sample nodeCount="89" insertCount="5496" extractCount="5451" duration="377000"/>
			<Sample nodeCount="90" insertCount="5556" extractCount="5514" duration="389000"/>
			<Sample nodeCount="91" insertCount="5621" extractCount="5572" duration="426000"/>
			<Sample nodeCount="92" insertCount="5676" extractCount="5640" duration="543000"/>
			<Sample nodeCount="93" insertCount="5739" extractCount="5700" duration="370000"/>
			<Sample nodeCount="94" insertCount="5803" extractCount="5759" duration="377000"/>
			<Sample nodeCount="95" insertCount="5862" extractCount="5823" duration="379000"/>
			<Sample nodeCount="96" insertCount="5928" extractCount="5880" duration="385000"/>
			<Sample nodeCount="97" insertCount="5987" extractCount="5944" duration="414000"/>
			<Sample nodeCount="98" insertCount="6051" extractCount="6003" duration="418000"/>
			<Sample nodeCount="99" insertCount="6112" extractCount="6065" duration="398000"/>
			<Sample nodeCount="100" insertCount="6180" extractCount="6120" duration="402000"/>
			<Sample nodeCount="101" insertCount="6237" extractCount="6186" duration="406000"/>
			<Sample nodeCount="102" insertCount="6298" extractCount="6248" duration="405000"/>
			<Sample nodeCount="103" insertCount="6365" extractCount="6304" duration="409000"/>
			<Sample nodeCount="104" insertCount="6422" extractCount="6370" duration="416000"/>
			<Sample nodeCount="105" insertCount="6484" extractCount="6431" duration="419000"/>
			<Sample nodeCount="106" insertCount="6544" extractCount="6494" duration="421000"/>
			<Sample nodeCount="107" insertCount="6607" extractCount="6554" duration="521000"/>
			<Sample nodeCount="108" insertCount="6667" extractCount="6617" duration="457000"/>
			<Sample nodeCount="109" insertCount="6727" extractCount="6680" duration="434000"/>
			<Sample nodeCount="110" insertCount="6793" extractCount="6737" duration="437000"/>
			<Sample nodeCount="111" insertCount="6855" extractCount="6798" duration="491000"/>
			<Sample nodeCount="112" insertCount="6917" extractCount="6859" duration="449000"/>
			<Sample nodeCount="113" insertCount="6977" extractCount="6922" duration="455000"/>
			<Sample nodeCount="114" insertCount="7044" extractCount="6978" duration="459000"/>
			<Sample nodeCount="115" insertCount="7101" extractCount="7044" duration="477000"/>
			<Sample nodeCount="116" insertCount="7163" extractCount="7105" duration="506000"/>
			<Sample nodeCount="117" insertCount="7228" extractCount="7163" duration="477000"/>
			<Sample nodeCount="118" insertCount="7287" extractCount="7227" duration="600000"/>
			<Sample nodeCount="119" insertCount="7351" extractCount="7286" duration="509000"/>
			<Sample nodeCount="120" insertCount="7412" extractCount="7348" duration="492000"/>
			<Sample nodeCount="121" insertCount="7474" extractCount="7409" duration="514000"/>
			<Sample nodeCount="122" insertCount="7532" extractCount="7474" duration="502000"/>
			<Sample nodeCount="123" insertCount="7598" extractCount="7531" duration="506000"/>
			<Sample nodeCount="124" insertCount="7657" extractCount="7595" duration="520000"/>
			<Sample nodeCount="125" insertCount="7715" extractCount="7660" duration="534000"/>
			<Sample nodeCount="126" insertCount="7781" extractCount="7717" duration="540000"/>
			<Sample nodeCount="127" insertCount="7845" extractCount="7776" duration="600000"/>
		</SmallSetRandomOps>
		<LargeSetRandomOps>
		</LargeSetRandomOps>
		<SmallSetLinear>
			<Sample nodeCount="1" insertCount="10000" extractCount="10000" duration="41000"/>
			<Sample nodeCount="2" insertCount="10000" extractCount="10000" duration="187000"/>
			<Sample nodeCount="3" insertCount="10000" extractCount="10000" duration="268000"/>
			<Sample nodeCount="4" insertCount="10000" extractCount="10000" duration="292000"/>
			<Sample nodeCount="5" insertCount="10000" extractCount="10000" duration="483000"/>
			<Sample nodeCount="6" insertCount="10000" extractCount="10000" duration="728000"/>
			<Sample nodeCount="7" insertCount="10000" extractCount="10000" duration="881000"/>
			<Sample nodeCount="8" insertCount="10000" extractCount="10000" duration="1236000"/>
			<Sample nodeCount="9" insertCount="10000" extractCount="10000" duration="1541000"/>
			<Sample nodeCount="10" insertCount="10000" extractCount="10000" duration="1654000"/>
			<Sample nodeCount="11" insertCount="10000" extractCount="10000" duration="1859000"/>
			<Sample nodeCount="12" insertCount="10000" extractCount="10000" duration="2286000"/>
			<Sample nodeCount="13" insertCount="10000" extractCount="10000" duration="2712000"/>
			<Sample nodeCount="14" insertCount="10000" extractCount="10000" duration="3015000"/>
			<Sample nodeCount="15" insertCount="10000" extractCount="10000" duration="3338000"/>
			<Sample nodeCount="16" insertCount="10000" extractCount="10000" duration="3375000"/>
			<Sample nodeCount="17" insertCount="10000" extractCount="10000" duration="3822000"/>
			<Sample nodeCount="18" insertCount="10000" extractCount="10000" duration="4568000"/>
			<Sample nodeCount="19" insertCount="10000" extractCount="10000" duration="4729000"/>
			<Sample nodeCount="20" insertCount="10000" extractCount="10000" duration="5305000"/>
			<Sample nodeCount="21" insertCount="10000" extractCount="10000" duration="5867000"/>
			<Sample nodeCount="22" insertCount="10000" extractCount="10000" duration="5984000"/>
			<Sample nodeCount="23" insertCount="10000" extractCount="10000" duration="6286000"/>
			<Sample nodeCount="24" insertCount="10000" extractCount="10000" duration="7321000"/>
			<Sample nodeCount="25" insertCount="10000" extractCount="10000" duration="6823000"/>
			<Sample nodeCount="26" insertCount="10000" extractCount="10000" duration="7869000"/>
			<Sample nodeCount="27" insertCount="10000" extractCount="10000" duration="8561000"/>
			<Sample nodeCount="28" insertCount="10000" extractCount="10000" duration="9102000"/>
			<Sample nodeCount="29" insertCount="10000" extractCount="10000" duration="8930000"/>
			<Sample nodeCount="30" insertCount="10000" extractCount="10000" duration="10118000"/>
			<Sample nodeCount="31" insertCount="10000" extractCount="10000" duration="10056000"/>
			<Sample nodeCount="32" insertCount="10000" extractCount="10000" duration="9954000"/>
			<Sample nodeCount="33" insertCount="10000" extractCount="10000" duration="10904000"/>
			<Sample nodeCount="34" insertCount="10000" extractCount="10000" duration="11475000"/>
			<Sample nodeCount="35" insertCount="10000" extractCount="10000" duration="11572000"/>
			<Sample nodeCount="36" insertCount="10000" extractCount="10000" duration="12164000"/>
			<Sample nodeCount="37" insertCount="10000" extractCount="10000" duration="12573000"/>
			<Sample nodeCount="38" insertCount="10000" extractCount="10000" duration="13095000"/>
			<Sample nodeCount="39" insertCount="10000" extractCount="10000" duration="13708000"/>
			<Sample nodeCount="40" insertCount="10000" extractCount="10000" duration="13666000"/>
			<Sample nodeCount="41" insertCount="10000" extractCount="10000" duration="14093000"/>
			<Sample nodeCount="42" insertCount="10000" extractCount="10000" duration="14890000"/>
			<Sample nodeCount="43" insertCount="10000" extractCount="10000" duration="15811000"/>
			<Sample nodeCount="44" insertCount="10000" extractCount="10000" duration="16909000"/>
			<Sample nodeCount="45" insertCount="10000" extractCount="10000" duration="16882000"/>
			<Sample nodeCount="46" insertCount="10000" extractCount="10000" duration="16592000"/>
			<Sample nodeCount="47" insertCount="10000" extractCount="10000" duration="17686000"/>
			<Sample nodeCount="48" insertCount="10000" extractCount="10000" duration="17907000"/>
			<Sample nodeCount="49" insertCount="10000" extractCount="10000" duration="19112000"/>
			<Sample nodeCount="50" insertCount="10000" extractCount="10000" duration="18984000"/>
			<Sample nodeCount="51" insertCount="10000" extractCount="10000" duration="19844000"/>
			<Sample nodeCount="52" insertCount="10000" extractCount="10000" duration="20356000"/>
			<Sample nodeCount="53" insertCount="10000" extractCount="10000" duration="20660000"/>
			<Sample nodeCount="54" insertCount="10000" extractCount="10000" duration="21236000"/>
			<Sample nodeCount="55" insertCount="10000" extractCount="10000" duration="21399000"/>
			<Sample nodeCount="56" insertCount="10000" extractCount="10000" duration="21942000"/>
			<Sample nodeCount="57" insertCount="10000" extractCount="10000" duration="22313000"/>
			<Sample nodeCount="58" insertCount="10000" extractCount="10000" duration="23864000"/>
			<Sample nodeCount="59" insertCount="10000" extractCount="10000" duration="24280000"/>
			<Sample nodeCount="60" insertCount="10000" extractCount="10000" duration="23300000"/>
			<Sample nodeCount="61" insertCount="10000" extractCount="10000" duration="24638000"/>
			<Sample nodeCount="62" insertCount="10000" extractCount="10000" duration="24282000"/>
			<Sample nodeCount="63" insertCount="10000" extractCount="10000" duration="25934000"/>
			<Sample nodeCount="64" insertCount="10000" extractCount="10000" duration="25160000"/>
			<Sample nodeCount="65" insertCount="10000" extractCount="10000" duration="26492000"/>
			<Sample nodeCount="66" insertCount="10000" extractCount="10000" duration="26654000"/>
			<Sample nodeCount="67" insertCount="10000" extractCount="10000" duration="26690000"/>
			<Sample nodeCount="68" insertCount="10000" extractCount="10000" duration="27340000"/>
			<Sample nodeCount="69" insertCount="10000" extractCount="10000" duration="29871000"/>
			<Sample nodeCount="70" insertCount="10000" extractCount="10000" duration="29432000"/>
			<Sample nodeCount="71" insertCount="10000" extractCount="10000" duration="29624000"/>
			<Sample nodeCount="72" insertCount="10000" extractCount="10000" duration="29986000"/>
			<Sample nodeCount="73" insertCount="10000" extractCount="10000" duration="30877000"/>
			<Sample nodeCount="74" insertCount="10000" extractCount="10000" duration="31290000"/>
			<Sample nodeCount="75" insertCount="10000" extractCount="10000" duration="31757000"/>
			<Sample nodeCount="76" insertCount="10000" extractCount="10000" duration="32847000"/>
			<Sample nodeCount="77" insertCount="10000" extractCount="10000" duration="33388000"/>
			<Sample nodeCount="78" insertCount="10000" extractCount="10000" duration="34909000"/>
			<Sample nodeCount="79" insertCount="10000" extractCount="10000" duration="35322000"/>
			<Sample nodeCount="80" insertCount="10000" extractCount="10000" duration="36825000"/>
			<Sample nodeCount="81" insertCount="10000" extractCount="10000" duration="36533000"/>
			<Sample nodeCount="82" insertCount="10000" extractCount="10000" duration="37701000"/>
			<Sample nodeCount="83" insertCount="10000" extractCount="10000" duration="38050000"/>
			<Sample nodeCount="84" insertCount="10000" extractCount="10000" duration="38768000"/>
			<Sample nodeCount="85" insertCount="10000" extractCount="10000" duration="38463000"/>
			<Sample nodeCount="86" insertCount="10000" extractCount="10000" duration="38549000"/>
			<Sample nodeCount="87" insertCount="10000" extractCount="10000" duration="38961000"/>
			<Sample nodeCount="88" insertCount="10000" extractCount="10000" duration="41078000"/>
			<Sample nodeCount="89" insertCount="10000" extractCount="10000" duration="42221000"/>
			<Sample nodeCount="90" insertCount="10000" extractCount="10000" duration="42388000"/>
			<Sample nodeCount="91" insertCount="10000" extractCount="10000" duration="42896000"/>
			<Sample nodeCount="92" insertCount="10000" extractCount="10000" duration="44087000"/>
			<Sample nodeCount="93" insertCount="10000" extractCount="10000" duration="43555000"/>
			<Sample nodeCount="94" insertCount="10000" extractCount="10000" duration="44561000"/>
			<Sample nodeCount="95" insertCount="10000" extractCount="10000" duration="45356000"/>
			<Sample nodeCount="96" insertCount="10000" extractCount="10000" duration="45481000"/>
			<Sample nodeCount="97" insertCount="10000" extractCount="10000" duration="45486000"/>
			<Sample nodeCount="98" insertCount="10000" extractCount="10000" duration="46554000"/>
			<Sample nodeCount="99" insertCount="10000" extractCount="10000" duration="46621000"/>
			<Sample nodeCount="100" insertCount="10000" extractCount="10000" duration="47404000"/>
			<Sample nodeCount="101" insertCount="10000" extractCount="10000" duration="48154000"/>
			<Sample nodeCount="102" insertCount="10000" extractCount="10000" duration="48478000"/>
			<Sample nodeCount="103" insertCount="10000" extractCount="10000" duration="46802000"/>
			<Sample nodeCount="104" insertCount="10000" extractCount="10000" duration="51119000"/>
			<Sample nodeCount="105" insertCount="10000" extractCount="10000" duration="52252000"/>
			<Sample nodeCount="106" insertCount="10000" extractCount="10000" duration="52318000"/>
			<Sample nodeCount="107" insertCount="10000" extractCount="10000" duration="50871000"/>
			<Sample nodeCount="108" insertCount="10000" extractCount="10000" duration="52274000"/>
			<Sample nodeCount="109" insertCount="10000" extractCount="10000" duration="50290000"/>
			<Sample nodeCount="110" insertCount="10000" extractCount="10000" duration="49964000"/>
			<Sample nodeCount="111" insertCount="10000" extractCount="10000" duration="50872000"/>
			<Sample nodeCount="112" insertCount="10000" extractCount="10000" duration="52785000"/>
			<Sample nodeCount="113" insertCount="10000" extractCount="10000" duration="53246000"/>
			<Sample nodeCount="114" insertCount="10000" extractCount="10000" duration="52812000"/>
			<Sample nodeCount="115" insertCount="10000" extractCount="10000" duration="53168000"/>
			<Sample nodeCount="116" insertCount="10000" extractCount="10000" duration="56384000"/>
			<Sample nodeCount="117" insertCount="10000" extractCount="10000" duration="57281000"/>
			<Sample nodeCount="118" insertCount="10000" extractCount="10000" duration="56766000"/>
			<Sample nodeCount="119" insertCount="10000" extractCount="10000" duration="57940000"/>
			<Sample nodeCount="120" insertCount="10000" extractCount="10000" duration="58544000"/>
			<Sample nodeCount="121" insertCount="10000" extractCount="10000" duration="56691000"/>
			<Sample nodeCount="122" insertCount="10000" extractCount="10000" duration="56534000"/>
			<Sample nodeCount="123" insertCount="10000" extractCount="10000" duration="57354000"/>
			<Sample nodeCount="124" insertCount="10000" extractCount="10000" duration="58529000"/>
			<Sample nodeCount="125" insertCount="10000" extractCount="10000" duration="58891000"/>
			<Sample nodeCount="126" insertCount="10000" extractCount="10000" duration="59419000"/>
			<Sample nodeCount="127" insertCount="10000" extractCount="10000" duration="59233000"/>
		</SmallSetLinear>
		<LargeSetLinear>
		</LargeSetLinear>
	</RBTest>
	<RBTest implementation="FreeBSD" nodeSize="24">
		<SmallSetRandomOps>
			<Sample nodeCount="1" insertCount="62" extractCount="61" duration="3000"/>
			<Sample nodeCount="2" insertCount="123" extractCount="123" duration="5000"/>
			<Sample nodeCount="3" insertCount="185" extractCount="184" duration="8000"/>
			<Sample nodeCount="4" insertCount="247" extractCount="245" duration="14000"/>
			<Sample nodeCount="5" insertCount="308" extractCount="307" duration="17000"/>
			<Sample nodeCount="6" insertCount="371" extractCount="367" duration="21000"/>
			<Sample nodeCount="7" insertCount="433" extractCount="428" duration="29000"/>
			<Sample nodeCount="8" insertCount="493" extractCount="491" duration="33000"/>
			<Sample nodeCount="9" insertCount="557" extractCount="550" duration="39000"/>
			<Sample nodeCount="10" insertCount="617" extractCount="613" duration="43000"/>
			<Sample nodeCount="11" insertCount="680" extractCount="673" duration="51000"/>
			<Sample nodeCount="12" insertCount="741" extractCount="735" duration="67000"/>
			<Sample nodeCount="13" insertCount="802" extractCount="797" duration="70000"/>
			<Sample nodeCount="14" insertCount="866" extractCount="856" duration="68000"/>
			<Sample nodeCount="15" insertCount="926" extractCount="919" duration="74000"/>
			<Sample nodeCount="16" insertCount="989" extractCount="979" duration="79000"/>
			<Sample nodeCount="17" insertCount="1049" extractCount="1042" duration="86000"/>
			<Sample nodeCount="18" insertCount="1112" extractCount="1102" duration="92000"/>
			<Sample nodeCount="19" insertCount="1171" extractCount="1166" duration="97000"/>
			<Sample nodeCount="20" insertCount="1235" extractCount="1225" duration="103000"/>
			<Sample nodeCount="21" insertCount="1296" extractCount="1287" duration="110000"/>
			<Sample nodeCount="22" insertCount="1359" extractCount="1347" duration="116000"/>
			<Sample nodeCount="23" insertCount="1420" extractCount="1409" duration="122000"/>
			<Sample nodeCount="24" insertCount="1482" extractCount="1470" duration="128000"/>
			<Sample nodeCount="25" insertCount="1546" extractCount="1529" duration="132000"/>
			<Sample nodeCount="26" insertCount="1604" extractCount="1594" duration="168000"/>
			<Sample nodeCount="27" insertCount="1666" extractCount="1655" duration="143000"/>
			<Sample nodeCount="28" insertCount="1728" extractCount="1716" duration="150000"/>
			<Sample nodeCount="29" insertCount="1791" extractCount="1776" duration="155000"/>
			<Sample nodeCount="30" insertCount="1852" extractCount="1838" duration="162000"/>
			<Sample nodeCount="31" insertCount="1914" extractCount="1899" duration="169000"/>
			<Sample nodeCount="32" insertCount="1976" extractCount="1960" duration="173000"/>
			<Sample nodeCount="33" insertCount="2039" extractCount="2020" duration="180000"/>
			<Sample nodeCount="34" insertCount="2099" extractCount="2083" duration="184000"/>
			<Sample nodeCount="35" insertCount="2163" extractCount="2142" duration="192000"/>
			<Sample nodeCount="36" insertCount="2224" extractCount="2204" duration="200000"/>
			<Sample nodeCount="37" insertCount="2285" extractCount="2266" duration="203000"/>
			<Sample nodeCount="38" insertCount="2346" extractCount="2328" duration="210000"/>
			<Sample nodeCount="39" insertCount="2409" extractCount="2388" duration="214000"/>
			<Sample nodeCount="40" insertCount="2470" extractCount="2450" duration="223000"/>
			<Sample nodeCount="41" insertCount="2532" extractCount="2511" duration="227000"/>
			<Sample nodeCount="42" insertCount="2589" extractCount="2577" duration="234000"/>
			<Sample nodeCount="43" insertCount="2655" extractCount="2634" duration="240000"/>
			<Sample nodeCount="44" insertCount="2714" extractCount="2698" duration="247000"/>
			<Sample nodeCount="45" insertCount="2781" extractCount="2754" duration="253000"/>
			<Sample nodeCount="46" insertCount="2842" extractCount="2816" duration="280000"/>
			<Sample nodeCount="47" insertCount="2903" extractCount="2878" duration="267000"/>
			<Sample nodeCount="48" insertCount="2962" extractCount="2942" duration="273000"/>
			<Sample nodeCount="49" insertCount="3022" extractCount="3005" duration="275000"/>
			<Sample nodeCount="50" insertCount="3090" extractCount="3060" duration="282000"/>
			<Sample nodeCount="51" insertCount="3150" extractCount="3123" duration="289000"/>
			<Sample nodeCount="52" insertCount="3209" extractCount="3187" duration="294000"/>
			<Sample nodeCount="53" insertCount="3275" extractCount="3244" duration="303000"/>
			<Sample nodeCount="54" insertCount="3334" extractCount="3308" duration="307000"/>
			<Sample nodeCount="55" insertCount="3397" extractCount="3368" duration="313000"/>
			<Sample nodeCount="56" insertCount="3456" extractCount="3432" duration="321000"/>
			<Sample nodeCount="57" insertCount="3517" extractCount="3494" duration="326000"/>
			<Sample nodeCount="58" insertCount="3584" extractCount="3550" duration="333000"/>
			<Sample nodeCount="59" insertCount="3645" extractCount="3612" duration="342000"/>
			<Sample nodeCount="60" insertCount="3706" extractCount="3674" duration="344000"/>
			<Sample nodeCount="61" insertCount="3770" extractCount="3733" duration="371000"/>
			<Sample nodeCount="62" insertCount="3826" extractCount="3800" duration="359000"/>
			<Sample nodeCount="63" insertCount="3891" extractCount="3858" duration="365000"/>
			<Sample nodeCount="64" insertCount="3953" extractCount="3919" duration="373000"/>
			<Sample nodeCount="65" insertCount="4013" extractCount="3982" duration="375000"/>
			<Sample nodeCount="66" insertCount="4075" extractCount="4043" duration="384000"/>
			<Sample nodeCount="67" insertCount="4141" extractCount="4100" duration="389000"/>
			<Sample nodeCount="68" insertCount="4198" extractCount="4166" duration="393000"/>
			<Sample nodeCount="69" insertCount="4258" extractCount="4229" duration="402000"/>
			<Sample nodeCount="70" insertCount="4325" extractCount="4285" duration="409000"/>
			<Sample nodeCount="71" insertCount="4383" extractCount="4350" duration="416000"/>
			<Sample nodeCount="72" insertCount="4447" extractCount="4409" duration="419000"/>
			<Sample nodeCount="73" insertCount="4506" extractCount="4473" duration="428000"/>
			<Sample nodeCount="74" insertCount="4570" extractCount="4532" duration="432000"/>
			<Sample nodeCount="75" insertCount="4634" extractCount="4591" duration="441000"/>
			<Sample nodeCount="76" insertCount="4692" extractCount="4656" duration="447000"/>
			<Sample nodeCount="77" insertCount="4753" extractCount="4718" duration="454000"/>
			<Sample nodeCount="78" insertCount="4817" extractCount="4777" duration="460000"/>
			<Sample nodeCount="79" insertCount="4878" extractCount="4839" duration="469000"/>
			<Sample nodeCount="80" insertCount="4936" extractCount="4904" duration="473000"/>
			<Sample nodeCount="81" insertCount="5003" extractCount="4960" duration="493000"/>
			<Sample nodeCount="82" insertCount="5062" extractCount="5024" duration="496000"/>
			<Sample nodeCount="83" insertCount="5123" extractCount="5086" duration="504000"/>
			<Sample nodeCount="84" insertCount="5189" extractCount="5143" duration="502000"/>
			<Sample nodeCount="85" insertCount="5251" extractCount="5204" duration="505000"/>
			<Sample nodeCount="86" insertCount="5312" extractCount="5266" duration="511000"/>
			<Sample nodeCount="87" insertCount="5375" extractCount="5326" duration="519000"/>
			<Sample nodeCount="88" insertCount="5434" extractCount="5390" duration="523000"/>
			<Sample nodeCount="89" insertCount="5496" extractCount="5451" duration="531000"/>
			<Sample nodeCount="90" insertCount="5556" extractCount="5514" duration="537000"/>
			<Sample nodeCount="91" insertCount="5621" extractCount="5572" duration="545000"/>
			<Sample nodeCount="92" insertCount="5676" extractCount="5640" duration="549000"/>
			<Sample nodeCount="93" insertCount="5739" extractCount="5700" duration="554000"/>
			<Sample nodeCount="94" insertCount="5803" extractCount="5759" duration="565000"/>
			<Sample nodeCount="95" insertCount="5862" extractCount="5823" duration="573000"/>
			<Sample nodeCount="96" insertCount="5928" extractCount="5880" duration="576000"/>
			<Sample nodeCount="97" insertCount="5987" extractCount="5944" duration="581000"/>
			<Sample nodeCount="98" insertCount="6051" extractCount="6003" duration="590000"/>
			<Sample nodeCount="99" insertCount="6112" extractCount="6065" duration="594000"/>
			<Sample nodeCount="100" insertCount="6180" extractCount="6120" duration="604000"/>
			<Sample nodeCount="101" insertCount="6237" extractCount="6186" duration="657000"/>
			<Sample nodeCount="102" insertCount="6298" extractCount="6248" duration="741000"/>
			<Sample nodeCount="103" insertCount="6365" extractCount="6304" duration="765000"/>
			<Sample nodeCount="104" insertCount="6422" extractCount="6370" duration="628000"/>
			<Sample nodeCount="105" insertCount="6484" extractCount="6431" duration="633000"/>
			<Sample nodeCount="106" insertCount="6544" extractCount="6494" duration="662000"/>
			<Sample nodeCount="107" insertCount="6607" extractCount="6554" duration="770000"/>
			<Sample nodeCount="108" insertCount="6667" extractCount="6617" duration="694000"/>
			<Sample nodeCount="109" insertCount="6727" extractCount="6680" duration="793000"/>
			<Sample nodeCount="110" insertCount="6793" extractCount="6737" duration="715000"/>
			<Sample nodeCount="111" insertCount="6855" extractCount="6798" duration="707000"/>
			<Sample nodeCount="112" insertCount="6917" extractCount="6859" duration="783000"/>
			<Sample nodeCount="113" insertCount="6977" extractCount="6922" duration="792000"/>
			<Sample nodeCount="114" insertCount="7044" extractCount="6978" duration="883000"/>
			<Sample nodeCount="115" insertCount="7101" extractCount="7044" duration="744000"/>
			<Sample nodeCount="116" insertCount="7163" extractCount="7105" duration="774000"/>
			<Sample nodeCount="117" insertCount="7228" extractCount="7163" duration="822000"/>
			<Sample nodeCount="118" insertCount="7287" extractCount="7227" duration="771000"/>
			<Sample nodeCount="119" insertCount="7351" extractCount="7286" duration="755000"/>
			<Sample nodeCount="120" insertCount="7412" extractCount="7348" duration="738000"/>
			<Sample nodeCount="121" insertCount="7474" extractCount="7409" duration="793000"/>
			<Sample nodeCount="122" insertCount="7532" extractCount="7474" duration="793000"/>
			<Sample nodeCount="123" insertCount="7598" extractCount="7531" duration="850000"/>
			<Sample nodeCount="124" insertCount="7657" extractCount="7595" duration="775000"/>
			<Sample nodeCount="125" insertCount="7715" extractCount="7660" duration="772000"/>
			<Sample nodeCount="126" insertCount="7781" extractCount="7717" duration="779000"/>
			<Sample nodeCount="127" insertCount="7845" extractCount="7776" duration="920000"/>
		</SmallSetRandomOps>
		<LargeSetRandomOps>
		</LargeSetRandomOps>
		<SmallSetLinear>
			<Sample nodeCount="1" insertCount="10000" extractCount="10000" duration="55000"/>
			<Sample nodeCount="2" insertCount="10000" extractCount="10000" duration="165000"/>
			<Sample nodeCount="3" insertCount="10000" extractCount="10000" duration="263000"/>
			<Sample nodeCount="4" insertCount="10000" extractCount="10000" duration="391000"/>
			<Sample nodeCount="5" insertCount="10000" extractCount="10000" duration="528000"/>
			<Sample nodeCount="6" insertCount="10000" extractCount="10000" duration="686000"/>
			<Sample nodeCount="7" insertCount="10000" extractCount="10000" duration="845000"/>
			<Sample nodeCount="8" insertCount="10000" extractCount="10000" duration="1011000"/>
			<Sample nodeCount="9" insertCount="10000" extractCount="10000" duration="1184000"/>
			<Sample nodeCount="10" insertCount="10000" extractCount="10000" duration="1594000"/>
			<Sample nodeCount="11" insertCount="10000" extractCount="10000" duration="1734000"/>
			<Sample nodeCount="12" insertCount="10000" extractCount="10000" duration="1763000"/>
			<Sample nodeCount="13" insertCount="10000" extractCount="10000" duration="1886000"/>
			<Sample nodeCount="14" insertCount="10000" extractCount="10000" duration="2141000"/>
			<Sample nodeCount="15" insertCount="10000" extractCount="10000" duration="2390000"/>
			<Sample nodeCount="16" insertCount="10000" extractCount="10000" duration="2458000"/>
			<Sample nodeCount="17" insertCount="10000" extractCount="10000" duration="2888000"/>
			<Sample nodeCount="18" insertCount="10000" extractCount="10000" duration="3510000"/>
			<Sample nodeCount="19" insertCount="10000" extractCount="10000" duration="3156000"/>
			<Sample nodeCount="20" insertCount="10000" extractCount="10000" duration="3613000"/>
			<Sample nodeCount="21" insertCount="10000" extractCount="10000" duration="3531000"/>
			<Sample nodeCount="22" insertCount="10000" extractCount="10000" duration="4176000"/>
			<Sample nodeCount="23" insertCount="10000" extractCount="10000" duration="4383000"/>
			<Sample nodeCount="24" insertCount="10000" extractCount="10000" duration="4563000"/>
			<Sample nodeCount="25" insertCount="10000" extractCount="10000" duration="4423000"/>
			<Sample nodeCount="26" insertCount="10000" extractCount="10000" duration="5224000"/>
			<Sample nodeCount="27" insertCount="10000" extractCount="10000" duration="4824000"/>
			<Sample nodeCount="28" insertCount="10000" extractCount="10000" duration="5102000"/>
			<Sample nodeCount="29" insertCount="10000" extractCount="10000" duration="5680000"/>
			<Sample nodeCount="30" insertCount="10000" extractCount="10000" duration="5987000"/>
			<Sample nodeCount="31" insertCount="10000" extractCount="10000" duration="6161000"/>
			<Sample nodeCount="32" insertCount="10000" extractCount="10000" duration="6503000"/>
			<Sample nodeCount="33" insertCount="10000" extractCount="10000" duration="6583000"/>
			<Sample nodeCount="34" insertCount="10000" extractCount="10000" duration="7393000"/>
			<Sample nodeCount="35" insertCount="10000" extractCount="10000" duration="7158000"/>
			<Sample nodeCount="36" insertCount="10000" extractCount="10000" duration="7165000"/>
			<Sample nodeCount="37" insertCount="10000" extractCount="10000" duration="7857000"/>
			<Sample nodeCount="38" insertCount="10000" extractCount="10000" duration="7587000"/>
			<Sample nodeCount="39" insertCount="10000" extractCount="10000" duration="8169000"/>
			<Sample nodeCount="40" insertCount="10000" extractCount="10000" duration="8070000"/>
			<Sample nodeCount="41" insertCount="10000" extractCount="10000" duration="8810000"/>
			<Sample nodeCount="42" insertCount="10000" extractCount="10000" duration="8507000"/>
			<Sample nodeCount="43" insertCount="10000" extractCount="10000" duration="9155000"/>
			<Sample nodeCount="44" insertCount="10000" extractCount="10000" duration="9045000"/>
			<Sample nodeCount="45" insertCount="10000" extractCount="10000" duration="9557000"/>
			<Sample nodeCount="46" insertCount="10000" extractCount="10000" duration="9639000"/>
			<Sample nodeCount="47" insertCount="10000" extractCount="10000" duration="10178000"/>
			<Sample nodeCount="48" insertCount="10000" extractCount="10000" duration="10449000"/>
			<Sample nodeCount="49" insertCount="10000" extractCount="10000" duration="10692000"/>
			<Sample nodeCount="50" insertCount="10000" extractCount="10000" duration="10623000"/>
			<Sample nodeCount="51" insertCount="10000" extractCount="10000" duration="10701000"/>
			<Sample nodeCount="52" insertCount="10000" extractCount="10000" duration="10829000"/>
			<Sample nodeCount="53" insertCount="10000" extractCount="10000" duration="11118000"/>
			<Sample nodeCount="54" insertCount="10000" extractCount="10000" duration="11398000"/>
			<Sample nodeCount="55" insertCount="10000" extractCount="10000" duration="12323000"/>
			<Sample nodeCount="56" insertCount="10000" extractCount="10000" duration="12181000"/>
			<Sample nodeCount="57" insertCount="10000" extractCount="10000" duration="12067000"/>
			<Sample nodeCount="58" insertCount="10000" extractCount="10000" duration="12536000"/>
			<Sample nodeCount="59" insertCount="10000" extractCount="10000" duration="12643000"/>
			<Sample nodeCount="60" insertCount="10000" extractCount="10000" duration="13052000"/>
			<Sample nodeCount="61" insertCount="10000" extractCount="10000" duration="12952000"/>
			<Sample nodeCount="62" insertCount="10000" extractCount="10000" duration="13454000"/>
			<Sample nodeCount="63" insertCount="10000" extractCount="10000" duration="13546000"/>
			<Sample nodeCount="64" insertCount="10000" extractCount="10000" duration="13964000"/>
			<Sample nodeCount="65" insertCount="10000" extractCount="10000" duration="14145000"/>
			<Sample nodeCount="66" insertCount="10000" extractCount="10000" duration="14352000"/>
			<Sample nodeCount="67" insertCount="10000" extractCount="10000" duration="14643000"/>
			<Sample nodeCount="68" insertCount="10000" extractCount="10000" duration="14840000"/>
			<Sample nodeCount="69" insertCount="10000" extractCount="10000" duration="15244000"/>
			<Sample nodeCount="70" insertCount="10000" extractCount="10000" duration="15439000"/>
			<Sample nodeCount="71" insertCount="10000" extractCount="10000" duration="15652000"/>
			<Sample nodeCount="72" insertCount="10000" extractCount="10000" duration="16030000"/>
			<Sample nodeCount="73" insertCount="10000" extractCount="10000" duration="16612000"/>
			<Sample nodeCount="74" insertCount="10000" extractCount="10000" duration="16927000"/>
			<Sample nodeCount="75" insertCount="10000" extractCount="10000" duration="16864000"/>
			<Sample nodeCount="76" insertCount="10000" extractCount="10000" duration="17214000"/>
			<Sample nodeCount="77" insertCount="10000" extractCount="10000" duration="17322000"/>
			<Sample nodeCount="78" insertCount="10000" extractCount="10000" duration="17774000"/>
			<Sample nodeCount="79" insertCount="10000" extractCount="10000" duration="17859000"/>
			<Sample nodeCount="80" insertCount="10000" extractCount="10000" duration="18103000"/>
			<Sample nodeCount="81" insertCount="10000" extractCount="10000" duration="18555000"/>
			<Sample nodeCount="82" insertCount="10000" extractCount="10000" duration="19158000"/>
			<Sample nodeCount="83" insertCount="10000" extractCount="10000" duration="21043000"/>
			<Sample nodeCount="84" insertCount="10000" extractCount="10000" duration="20193000"/>
			<Sample nodeCount="85" insertCount="10000" extractCount="10000" duration="20666000"/>
			<Sample nodeCount="86" insertCount="10000" extractCount="10000" duration="20980000"/>
			<Sample nodeCount="87" insertCount="10000" extractCount="10000" duration="21774000"/>
			<Sample nodeCount="88" insertCount="10000" extractCount="10000" duration="21668000"/>
			<Sample nodeCount="89" insertCount="10000" extractCount="10000" duration="21584000"/>
			<Sample nodeCount="90" insertCount="10000" extractCount="10000" duration="21538000"/>
			<Sample nodeCount="91" insertCount="10000" extractCount="10000" duration="21689000"/>
			<Sample nodeCount="92" insertCount="10000" extractCount="10000" duration="23153000"/>
			<Sample nodeCount="93" insertCount="10000" extractCount="10000" duration="23394000"/>
			<Sample nodeCount="94" insertCount="10000" extractCount="10000" duration="23521000"/>
			<Sample nodeCount="95" insertCount="10000" extractCount="10000" duration="23795000"/>
			<Sample nodeCount="96" insertCount="10000" extractCount="10000" duration="23885000"/>
			<Sample nodeCount="97" insertCount="10000" extractCount="10000" duration="23724000"/>
			<Sample nodeCount="98" insertCount="10000" extractCount="10000" duration="23917000"/>
			<Sample nodeCount="99" insertCount="10000" extractCount="10000" duration="24770000"/>
			<Sample nodeCount="100" insertCount="10000" extractCount="10000" duration="25282000"/>
			<Sample nodeCount="101" insertCount="10000" extractCount="10000" duration="25248000"/>
			<Sample nodeCount="102" insertCount="10000" extractCount="10000" duration="24947000"/>
			<Sample nodeCount="103" insertCount="10000" extractCount="10000" duration="25745000"/>
			<Sample nodeCount="104" insertCount="10000" extractCount="10000" duration="25284000"/>
			<Sample nodeCount="105" insertCount="10000" extractCount="10000" duration="25572000"/>
			<Sample nodeCount="106" insertCount="10000" extractCount="10000" duration="25573000"/>
			<Sample nodeCount="107" insertCount="10000" extractCount="10000" duration="26134000"/>
			<Sample nodeCount="108" insertCount="10000" extractCount="10000" duration="27183000"/>
			<Sample nodeCount="109" insertCount="10000" extractCount="10000" duration="27619000"/>
			<Sample nodeCount="110" insertCount="10000" extractCount="10000" duration="27660000"/>
			<Sample nodeCount="111" insertCount="10000" extractCount="10000" duration="27962000"/>
			<Sample nodeCount="112" insertCount="10000" extractCount="10000" duration="28035000"/>
			<Sample nodeCount="113" insertCount="10000" extractCount="10000" duration="27539000"/>
			<Sample nodeCount="114" insertCount="10000" extractCount="10000" duration="28406000"/>
			<Sample nodeCount="115" insertCount="10000" extractCount="10000" duration="28332000"/>
			<Sample nodeCount="116" insertCount="10000" extractCount="10000" duration="29023000"/>
			<Sample nodeCount="117" insertCount="10000" extractCount="10000" duration="30917000"/>
			<Sample nodeCount="118" insertCount="10000" extractCount="10000" duration="30513000"/>
			<Sample nodeCount="119" insertCount="10000" extractCount="10000" duration="30284000"/>
			<Sample nodeCount="120" insertCount="10000" extractCount="10000" duration="30729000"/>
			<Sample nodeCount="121" insertCount="10000" extractCount="10000" duration="30949000"/>
			<Sample nodeCount="122" insertCount="10000" extractCount="10000" duration="32062000"/>
			<Sample nodeCount="123" insertCount="10000" extractCount="10000" duration="31748000"/>
			<Sample nodeCount="124" insertCount="10000" extractCount="10000" duration="31006000"/>
			<Sample nodeCount="125" insertCount="10000" extractCount="10000" duration="30730000"/>
			<Sample nodeCount="126" insertCount="10000" extractCount="10000" duration="32529000"/>
			<Sample nodeCount="127" insertCount="10000" extractCount="10000" duration="31550000"/>
		</SmallSetLinear>
		<LargeSetLinear>
		</LargeSetLinear>
	</RBTest>
	<RBTest implementation="Linux" nodeSize="24">
		<SmallSetRandomOps>
			<Sample nodeCount="1" insertCount="62" extractCount="61" duration="2000"/>
			<Sample nodeCount="2" insertCount="123" extractCount="123" duration="5000"/>
			<Sample nodeCount="3" insertCount="185" extractCount="184" duration="8000"/>
			<Sample nodeCount="4" insertCount="247" extractCount="245" duration="12000"/>
			<Sample nodeCount="5" insertCount="308" extractCount="307" duration="15000"/>
			<Sample nodeCount="6" insertCount="371" extractCount="367" duration="20000"/>
			<Sample nodeCount="7" insertCount="433" extractCount="428" duration="24000"/>
			<Sample nodeCount="8" insertCount="493" extractCount="491" duration="30000"/>
			<Sample nodeCount="9" insertCount="557" extractCount="550" duration="35000"/>
			<Sample nodeCount="10" insertCount="617" extractCount="613" duration="40000"/>
			<Sample nodeCount="11" insertCount="680" extractCount="673" duration="46000"/>
			<Sample nodeCount="12" insertCount="741" extractCount="735" duration="51000"/>
			<Sample nodeCount="13" insertCount="802" extractCount="797" duration="56000"/>
			<Sample nodeCount="14" insertCount="866" extractCount="856" duration="62000"/>
			<Sample nodeCount="15" insertCount="926" extractCount="919" duration="66000"/>
			<Sample nodeCount="16" insertCount="989" extractCount="979" duration="70000"/>
			<Sample nodeCount="17" insertCount="1049" extractCount="1042" duration="77000"/>
			<Sample nodeCount="18" insertCount="1112" extractCount="1102" duration="82000"/>
			<Sample nodeCount="19" insertCount="1171" extractCount="1166" duration="88000"/>
			<Sample nodeCount="20" insertCount="1235" extractCount="1225" duration="94000"/>
			<Sample nodeCount="21" insertCount="1296" extractCount="1287" duration="97000"/>
			<Sample nodeCount="22" insertCount="1359" extractCount="1347" duration="103000"/>
			<Sample nodeCount="23" insertCount="1420" extractCount="1409" duration="108000"/>
			<Sample nodeCount="24" insertCount="1482" extractCount="1470" duration="115000"/>
			<Sample nodeCount="25" insertCount="1546" extractCount="1529" duration="119000"/>
			<Sample nodeCount="26" insertCount="1604" extractCount="1594" duration="124000"/>
			<Sample nodeCount="27" insertCount="1666" extractCount="1655" duration="129000"/>
			<Sample nodeCount="28" insertCount="1728" extractCount="1716" duration="133000"/>
			<Sample nodeCount="29" insertCount="1791" extractCount="1776" duration="140000"/>
			<Sample nodeCount="30" insertCount="1852" extractCount="1838" duration="144000"/>
			<Sample nodeCount="31" insertCount="1914" extractCount="1899" duration="150000"/>
			<Sample nodeCount="32" insertCount="1976" extractCount="1960" duration="153000"/>
			<Sample nodeCount="33" insertCount="2039" extractCount="2020" duration="157000"/>
			<Sample nodeCount="34" insertCount="2099" extractCount="2083" duration="163000"/>
			<Sample nodeCount="35" insertCount="2163" extractCount="2142" duration="169000"/>
			<Sample nodeCount="36" insertCount="2224" extractCount="2204" duration="199000"/>
			<Sample nodeCount="37" insertCount="2285" extractCount="2266" duration="179000"/>
			<Sample nodeCount="38" insertCount="2346" extractCount="2328" duration="186000"/>
			<Sample nodeCount="39" insertCount="2409" extractCount="2388" duration="189000"/>
			<Sample nodeCount="40" insertCount="2470" extractCount="2450" duration="215000"/>
			<Sample nodeCount="41" insertCount="2532" extractCount="2511" duration="201000"/>
			<Sample nodeCount="42" insertCount="2589" extractCount="2577" duration="206000"/>
			<Sample nodeCount="43" insertCount="2655" extractCount="2634" duration="212000"/>
			<Sample nodeCount="44" insertCount="2714" extractCount="2698" duration="239000"/>
			<Sample nodeCount="45" insertCount="2781" extractCount="2754" duration="244000"/>
			<Sample nodeCount="46" insertCount="2842" extractCount="2816" duration="229000"/>
			<Sample nodeCount="47" insertCount="2903" extractCount="2878" duration="256000"/>
			<Sample nodeCount="48" insertCount="2962" extractCount="2942" duration="242000"/>
			<Sample nodeCount="49" insertCount="3022" extractCount="3005" duration="246000"/>
			<Sample nodeCount="50" insertCount="3090" extractCount="3060" duration="251000"/>
			<Sample nodeCount="51" insertCount="3150" extractCount="3123" duration="256000"/>
			<Sample nodeCount="52" insertCount="3209" extractCount="3187" duration="261000"/>
			<Sample nodeCount="53" insertCount="3275" extractCount="3244" duration="314000"/>
			<Sample nodeCount="54" insertCount="3334" extractCount="3308" duration="274000"/>
			<Sample nodeCount="55" insertCount="3397" extractCount="3368" duration="281000"/>
			<Sample nodeCount="56" insertCount="3456" extractCount="3432" duration="284000"/>
			<Sample nodeCount="57" insertCount="3517" extractCount="3494" duration="290000"/>
			<Sample nodeCount="58" insertCount="3584" extractCount="3550" duration="298000"/>
			<Sample nodeCount="59" insertCount="3645" extractCount="3612" duration="304000"/>
			<Sample nodeCount="60" insertCount="3706" extractCount="3674" duration="306000"/>
			<Sample nodeCount="61" insertCount="3770" extractCount="3733" duration="316000"/>
			<Sample nodeCount="62" insertCount="3826" extractCount="3800" duration="320000"/>
			<Sample nodeCount="63" insertCount="3891" extractCount="3858" duration="324000"/>
			<Sample nodeCount="64" insertCount="3953" extractCount="3919" duration="331000"/>
			<Sample nodeCount="65" insertCount="4013" extractCount="3982" duration="337000"/>
			<Sample nodeCount="66" insertCount="4075" extractCount="4043" duration="365000"/>
			<Sample nodeCount="67" insertCount="4141" extractCount="4100" duration="348000"/>
			<Sample nodeCount="68" insertCount="4198" extractCount="4166" duration="353000"/>
			<Sample nodeCount="69" insertCount="4258" extractCount="4229" duration="358000"/>
			<Sample nodeCount="70" insertCount="4325" extractCount="4285" duration="366000"/>
			<Sample nodeCount="71" insertCount="4383" extractCount="4350" duration="369000"/>
			<Sample nodeCount="72" insertCount="4447" extractCount="4409" duration="378000"/>
			<Sample nodeCount="73" insertCount="4506" extractCount="4473" duration="383000"/>
			<Sample nodeCount="74" insertCount="4570" extractCount="4532" duration="388000"/>
			<Sample nodeCount="75" insertCount="4634" extractCount="4591" duration="391000"/>
			<Sample nodeCount="76" insertCount="4692" extractCount="4656" duration="399000"/>
			<Sample nodeCount="77" insertCount="4753" extractCount="4718" duration="442000"/>
			<Sample nodeCount="78" insertCount="4817" extractCount="4777" duration="413000"/>
			<Sample nodeCount="79" insertCount="4878" extractCount="4839" duration="416000"/>
			<Sample nodeCount="80" insertCount="4936" extractCount="4904" duration="427000"/>
			<Sample nodeCount="81" insertCount="5003" extractCount="4960" duration="434000"/>
			<Sample nodeCount="82" insertCount="5062" extractCount="5024" duration="439000"/>
			<Sample nodeCount="83" insertCount="5123" extractCount="5086" duration="446000"/>
			<Sample nodeCount="84" insertCount="5189" extractCount="5143" duration="450000"/>
			<Sample nodeCount="85" insertCount="5251" extractCount="5204" duration="454000"/>
			<Sample nodeCount="86" insertCount="5312" extractCount="5266" duration="506000"/>
			<Sample nodeCount="87" insertCount="5375" extractCount="5326" duration="467000"/>
			<Sample nodeCount="88" insertCount="5434" extractCount="5390" duration="495000"/>
			<Sample nodeCount="89" insertCount="5496" extractCount="5451" duration="496000"/>
			<Sample nodeCount="90" insertCount="5556" extractCount="5514" duration="496000"/>
			<Sample nodeCount="91" insertCount="5621" extractCount="5572" duration="498000"/>
			<Sample nodeCount="92" insertCount="5676" extractCount="5640" duration="491000"/>
			<Sample nodeCount="93" insertCount="5739" extractCount="5700" duration="495000"/>
			<Sample nodeCount="94" insertCount="5803" extractCount="5759" duration="530000"/>
			<Sample nodeCount="95" insertCount="5862" extractCount="5823" duration="512000"/>
			<Sample nodeCount="96" insertCount="5928" extractCount="5880" duration="518000"/>
			<Sample nodeCount="97" insertCount="5987" extractCount="5944" duration="524000"/>
			<Sample nodeCount="98" insertCount="6051" extractCount="6003" duration="532000"/>
			<Sample nodeCount="99" insertCount="6112" extractCount="6065" duration="534000"/>
			<Sample nodeCount="100" insertCount="6180" extractCount="6120" duration="542000"/>
			<Sample nodeCount="101" insertCount="6237" extractCount="6186" duration="570000"/>
			<Sample nodeCount="102" insertCount="6298" extractCount="6248" duration="553000"/>
			<Sample nodeCount="103" insertCount="6365" extractCount="6304" duration="561000"/>
			<Sample nodeCount="104" insertCount="6422" extractCount="6370" duration="564000"/>
			<Sample nodeCount="105" insertCount="6484" extractCount="6431" duration="571000"/>
			<Sample nodeCount="106" insertCount="6544" extractCount="6494" duration="579000"/>
			<Sample nodeCount="107" insertCount="6607" extractCount="6554" duration="588000"/>
			<Sample nodeCount="108" insertCount="6667" extractCount="6617" duration="593000"/>
			<Sample nodeCount="109" insertCount="6727" extractCount="6680" duration="595000"/>
			<Sample nodeCount="110" insertCount="6793" extractCount="6737" duration="601000"/>
			<Sample nodeCount="111" insertCount="6855" extractCount="6798" duration="604000"/>
			<Sample nodeCount="112" insertCount="6917" extractCount="6859" duration="613000"/>
			<Sample nodeCount="113" insertCount="6977" extractCount="6922" duration="616000"/>
			<Sample nodeCount="114" insertCount="7044" extractCount="6978" duration="627000"/>
			<Sample nodeCount="115" insertCount="7101" extractCount="7044" duration="635000"/>
			<Sample nodeCount="116" insertCount="7163" extractCount="7105" duration="636000"/>
			<Sample nodeCount="117" insertCount="7228" extractCount="7163" duration="642000"/>
			<Sample nodeCount="118" insertCount="7287" extractCount="7227" duration="648000"/>
			<Sample nodeCount="119" insertCount="7351" extractCount="7286" duration="677000"/>
			<Sample nodeCount="120" insertCount="7412" extractCount="7348" duration="683000"/>
			<Sample nodeCount="121" insertCount="7474" extractCount="7409" duration="667000"/>
			<Sample nodeCount="122" insertCount="7532" extractCount="7474" duration="728000"/>
			<Sample nodeCount="123" insertCount="7598" extractCount="7531" duration="678000"/>
			<Sample nodeCount="124" insertCount="7657" extractCount="7595" duration="682000"/>
			<Sample nodeCount="125" insertCount="7715" extractCount="7660" duration="691000"/>
			<Sample nodeCount="126" insertCount="7781" extractCount="7717" duration="695000"/>
			<Sample nodeCount="127" insertCount="7845" extractCount="7776" duration="701000"/>
		</SmallSetRandomOps>
		<LargeSetRandomOps>
		</LargeSetRandomOps>
		<SmallSetLinear>
			<Sample nodeCount="1" insertCount="10000" extractCount="10000" duration="38000"/>
			<Sample nodeCount="2" insertCount="10000" extractCount="10000" duration="90000"/>
			<Sample nodeCount="3" insertCount="10000" extractCount="10000" duration="189000"/>
			<Sample nodeCount="4" insertCount="10000" extractCount="10000" duration="309000"/>
			<Sample nodeCount="5" insertCount="10000" extractCount="10000" duration="400000"/>
			<Sample nodeCount="6" insertCount="10000" extractCount="10000" duration="575000"/>
			<Sample nodeCount="7" insertCount="10000" extractCount="10000" duration="739000"/>
			<Sample nodeCount="8" insertCount="10000" extractCount="10000" duration="950000"/>
			<Sample nodeCount="9" insertCount="10000" extractCount="10000" duration="1098000"/>
			<Sample nodeCount="10" insertCount="10000" extractCount="10000" duration="1295000"/>
			<Sample nodeCount="11" insertCount="10000" extractCount="10000" duration="1513000"/>
			<Sample nodeCount="12" insertCount="10000" extractCount="10000" duration="1681000"/>
			<Sample nodeCount="13" insertCount="10000" extractCount="10000" duration="1906000"/>
			<Sample nodeCount="14" insertCount="10000" extractCount="10000" duration="2113000"/>
			<Sample nodeCount="15" insertCount="10000" extractCount="10000" duration="2248000"/>
			<Sample nodeCount="16" insertCount="10000" extractCount="10000" duration="2462000"/>
			<Sample nodeCount="17" insertCount="10000" extractCount="10000" duration="2642000"/>
			<Sample nodeCount="18" insertCount="10000" extractCount="10000" duration="2878000"/>
			<Sample nodeCount="19" insertCount="10000" extractCount="10000" duration="3204000"/>
			<Sample nodeCount="20" insertCount="10000" extractCount="10000" duration="3437000"/>
			<Sample nodeCount="21" insertCount="10000" extractCount="10000" duration="3504000"/>
			<Sample nodeCount="22" insertCount="10000" extractCount="10000" duration="3978000"/>
			<Sample nodeCount="23" insertCount="10000" extractCount="10000" duration="4259000"/>
			<Sample nodeCount="24" insertCount="10000" extractCount="10000" duration="4674000"/>
			<Sample nodeCount="25" insertCount="10000" extractCount="10000" duration="4783000"/>
			<Sample nodeCount="26" insertCount="10000" extractCount="10000" duration="5157000"/>
			<Sample nodeCount="27" insertCount="10000" extractCount="10000" duration="5268000"/>
			<Sample nodeCount="28" insertCount="10000" extractCount="10000" duration="5575000"/>
			<Sample nodeCount="29" insertCount="10000" extractCount="10000" duration="5773000"/>
			<Sample nodeCount="30" insertCount="10000" extractCount="10000" duration="6076000"/>
			<Sample nodeCount="31" insertCount="10000" extractCount="10000" duration="6074000"/>
			<Sample nodeCount="32" insertCount="10000" extractCount="10000" duration="6247000"/>
			<Sample nodeCount="33" insertCount="10000" extractCount="10000" duration="6554000"/>
			<Sample nodeCount="34" insertCount="10000" extractCount="10000" duration="6945000"/>
			<Sample nodeCount="35" insertCount="10000" extractCount="10000" duration="7323000"/>
			<Sample nodeCount="36" insertCount="10000" extractCount="10000" duration="7488000"/>
			<Sample nodeCount="37" insertCount="10000" extractCount="10000" duration="7515000"/>
			<Sample nodeCount="38" insertCount="10000" extractCount="10000" duration="7882000"/>
			<Sample nodeCount="39" insertCount="10000" extractCount="10000" duration="8105000"/>
			<Sample nodeCount="40" insertCount="10000" extractCount="10000" duration="8462000"/>
			<Sample nodeCount="41" insertCount="10000" extractCount="10000" duration="8857000"/>
			<Sample nodeCount="42" insertCount="10000" extractCount="10000" duration="9068000"/>
			<Sample nodeCount="43" insertCount="10000" extractCount="10000" duration="9281000"/>
			<Sample nodeCount="44" insertCount="10000" extractCount="10000" duration="10056000"/>
			<Sample nodeCount="45" insertCount="10000" extractCount="10000" duration="9883000"/>
			<Sample nodeCount="46" insertCount="10000" extractCount="10000" duration="10263000"/>
			<Sample nodeCount="47" insertCount="10000" extractCount="10000" duration="10840000"/>
			<Sample nodeCount="48" insertCount="10000" extractCount="10000" duration="10556000"/>
			<Sample nodeCount="49" insertCount="10000" extractCount="10000" duration="10773000"/>
			<Sample nodeCount="50" insertCount="10000" extractCount="10000" duration="11007000"/>
			<Sample nodeCount="51" insertCount="10000" extractCount="10000" duration="11243000"/>
			<Sample nodeCount="52" insertCount="10000" extractCount="10000" duration="11454000"/>
			<Sample nodeCount="53" insertCount="10000" extractCount="10000" duration="11587000"/>
			<Sample nodeCount="54" insertCount="10000" extractCount="10000" duration="12098000"/>
			<Sample nodeCount="55" insertCount="10000" extractCount="10000" duration="12359000"/>
			<Sample nodeCount="56" insertCount="10000" extractCount="10000" duration="12698000"/>
			<Sample nodeCount="57" insertCount="10000" extractCount="10000" duration="12889000"/>
			<Sample nodeCount="58" insertCount="10000" extractCount="10000" duration="13075000"/>
			<Sample nodeCount="59" insertCount="10000" extractCount="10000" duration="13195000"/>
			<Sample nodeCount="60" insertCount="10000" extractCount="10000" duration="13207000"/>
			<Sample nodeCount="61" insertCount="10000" extractCount="10000" duration="13630000"/>
			<Sample nodeCount="62" insertCount="10000" extractCount="10000" duration="14149000"/>
			<Sample nodeCount="63" insertCount="10000" extractCount="10000" duration="14555000"/>
			<Sample nodeCount="64" insertCount="10000" extractCount="10000" duration="14795000"/>
			<Sample nodeCount="65" insertCount="10000" extractCount="10000" duration="14986000"/>
			<Sample nodeCount="66" insertCount="10000" extractCount="10000" duration="15530000"/>
			<Sample nodeCount="67" insertCount="10000" extractCount="10000" duration="15422000"/>
			<Sample nodeCount="68" insertCount="10000" extractCount="10000" duration="15816000"/>
			<Sample nodeCount="69" insertCount="10000" extractCount="10000" duration="16178000"/>
			<Sample nodeCount="70" insertCount="10000" extractCount="10000" duration="16667000"/>
			<Sample nodeCount="71" insertCount="10000" extractCount="10000" duration="16922000"/>
			<Sample nodeCount="72" insertCount="10000" extractCount="10000" duration="17278000"/>
			<Sample nodeCount="73" insertCount="10000" extractCount="10000" duration="17380000"/>
			<Sample nodeCount="74" insertCount="10000" extractCount="10000" duration="17689000"/>
			<Sample nodeCount="75" insertCount="10000" extractCount="10000" duration="17811000"/>
			<Sample nodeCount="76" insertCount="10000" extractCount="10000" duration="18063000"/>
			<Sample nodeCount="77" insertCount="10000" extractCount="10000" duration="18278000"/>
			<Sample nodeCount="78" insertCount="10000" extractCount="10000" duration="18837000"/>
			<Sample nodeCount="79" insertCount="10000" extractCount="10000" duration="19024000"/>
			<Sample nodeCount="80" insertCount="10000" extractCount="10000" duration="19093000"/>
			<Sample nodeCount="81" insertCount="10000" extractCount="10000" duration="19511000"/>
			<Sample nodeCount="82" insertCount="10000" extractCount="10000" duration="19928000"/>
			<Sample nodeCount="83" insertCount="10000" extractCount="10000" duration="19715000"/>
			<Sample nodeCount="84" insertCount="10000" extractCount="10000" duration="20217000"/>
			<Sample nodeCount="85" insertCount="10000" extractCount="10000" duration="20685000"/>
			<Sample nodeCount="86" insertCount="10000" extractCount="10000" duration="21683000"/>
			<Sample nodeCount="87" insertCount="10000" extractCount="10000" duration="21456000"/>
			<Sample nodeCount="88" insertCount="10000" extractCount="10000" duration="21754000"/>
			<Sample nodeCount="89" insertCount="10000" extractCount="10000" duration="21720000"/>
			<Sample nodeCount="90" insertCount="10000" extractCount="10000" duration="21865000"/>
			<Sample nodeCount="91" insertCount="10000" extractCount="10000" duration="22000000"/>
			<Sample nodeCount="92" insertCount="10000" extractCount="10000" duration="22408000"/>
			<Sample nodeCount="93" insertCount="10000" extractCount="10000" duration="22472000"/>
			<Sample nodeCount="94" insertCount="10000" extractCount="10000" duration="23479000"/>
			<Sample nodeCount="95" insertCount="10000" extractCount="10000" duration="23986000"/>
			<Sample nodeCount="96" insertCount="10000" extractCount="10000" duration="24120000"/>
			<Sample nodeCount="97" insertCount="10000" extractCount="10000" duration="24146000"/>
			<Sample nodeCount="98" insertCount="10000" extractCount="10000" duration="24515000"/>
			<Sample nodeCount="99" insertCount="10000" extractCount="10000" duration="24986000"/>
			<Sample nodeCount="100" insertCount="10000" extractCount="10000" duration="25165000"/>
			<Sample nodeCount="101" insertCount="10000" extractCount="10000" duration="25394000"/>
			<Sample nodeCount="102" insertCount="10000" extractCount="10000" duration="26738000"/>
			<Sample nodeCount="103" insertCount="10000" extractCount="10000" duration="26884000"/>
			<Sample nodeCount="104" insertCount="10000" extractCount="10000" duration="26538000"/>
			<Sample nodeCount="105" insertCount="10000" extractCount="10000" duration="26610000"/>
			<Sample nodeCount="106" insertCount="10000" extractCount="10000" duration="27131000"/>
			<Sample nodeCount="107" insertCount="10000" extractCount="10000" duration="27517000"/>
			<Sample nodeCount="108" insertCount="10000" extractCount="10000" duration="27631000"/>
			<Sample nodeCount="109" insertCount="10000" extractCount="10000" duration="27787000"/>
			<Sample nodeCount="110" insertCount="10000" extractCount="10000" duration="28496000"/>
			<Sample nodeCount="111" insertCount="10000" extractCount="10000" duration="28751000"/>
			<Sample nodeCount="112" insertCount="10000" extractCount="10000" duration="29158000"/>
			<Sample nodeCount="113" insertCount="10000" extractCount="10000" duration="29268000"/>
			<Sample nodeCount="114" insertCount="10000" extractCount="10000" duration="29386000"/>
			<Sample nodeCount="115" insertCount="10000" extractCount="10000" duration="29992000"/>
			<Sample nodeCount="116" insertCount="10000" extractCount="10000" duration="30174000"/>
			<Sample nodeCount="117" insertCount="10000" extractCount="10000" duration="30468000"/>
			<Sample nodeCount="118" insertCount="10000" extractCount="10000" duration="30984000"/>
			<Sample nodeCount="119" insertCount="10000" extractCount="10000" duration="31306000"/>
			<Sample nodeCount="120" insertCount="10000" extractCount="10000" duration="31265000"/>
			<Sample nodeCount="121" insertCount="10000" extractCount="10000" duration="31452000"/>
			<Sample nodeCount="122" insertCount="10000" extractCount="10000" duration="31753000"/>
			<Sample nodeCount="123" insertCount="10000" extractCount="10000" duration="31890000"/>
			<Sample nodeCount="124" insertCount="10000" extractCount="10000" duration="32345000"/>
			<Sample nodeCount="125" insertCount="10000" extractCount="10000" duration="32480000"/>
			<Sample nodeCount="126" insertCount="10000" extractCount="10000" duration="33201000"/>
			<Sample nodeCount="127" insertCount="10000" extractCount="10000" duration="33440000"/>
		</SmallSetLinear>
		<LargeSetLinear>
		</LargeSetLinear>
	</RBTest>
</RBTestCollection>
